<?xml version="1.0" encoding="UTF-8"?>
<testsuites name="jest tests" tests="280" failures="0" errors="0" time="2.871">
  <testsuite name="RewardsRepository" errors="0" failures="0" skipped="0" timestamp="2025-11-08T20:52:46" time="0.996" tests="38">
    <testcase classname="RewardsRepository insertMany should insert multiple rewards in batches" name="RewardsRepository insertMany should insert multiple rewards in batches" time="0.013">
    </testcase>
    <testcase classname="RewardsRepository insertMany should handle empty array by returning early" name="RewardsRepository insertMany should handle empty array by returning early" time="0.001">
    </testcase>
    <testcase classname="RewardsRepository insertMany should handle null rewards array" name="RewardsRepository insertMany should handle null rewards array" time="0">
    </testcase>
    <testcase classname="RewardsRepository insertMany should process rewards in batches of 100" name="RewardsRepository insertMany should process rewards in batches of 100" time="0.001">
    </testcase>
    <testcase classname="RewardsRepository insertMany should handle rewards with empty optional fields" name="RewardsRepository insertMany should handle rewards with empty optional fields" time="0.001">
    </testcase>
    <testcase classname="RewardsRepository insertMany should use placeholders for each reward" name="RewardsRepository insertMany should use placeholders for each reward" time="0">
    </testcase>
    <testcase classname="RewardsRepository insertMany should throw error on database failure" name="RewardsRepository insertMany should throw error on database failure" time="0.02">
    </testcase>
    <testcase classname="RewardsRepository insertMany should log success message after populating" name="RewardsRepository insertMany should log success message after populating" time="0">
    </testcase>
    <testcase classname="RewardsRepository insertMany should handle missing reward_id by using empty string" name="RewardsRepository insertMany should handle missing reward_id by using empty string" time="0">
    </testcase>
    <testcase classname="RewardsRepository insertMany should clear table before inserting" name="RewardsRepository insertMany should clear table before inserting" time="0">
    </testcase>
    <testcase classname="RewardsRepository getAll should return all rewards ordered by reward_id" name="RewardsRepository getAll should return all rewards ordered by reward_id" time="0.001">
    </testcase>
    <testcase classname="RewardsRepository getAll should return empty array when no rewards exist" name="RewardsRepository getAll should return empty array when no rewards exist" time="0">
    </testcase>
    <testcase classname="RewardsRepository getAll should return empty array on database error" name="RewardsRepository getAll should return empty array on database error" time="0">
    </testcase>
    <testcase classname="RewardsRepository getAll should handle database returning null" name="RewardsRepository getAll should handle database returning null" time="0.001">
    </testcase>
    <testcase classname="RewardsRepository getById should return reward when found" name="RewardsRepository getById should return reward when found" time="0">
    </testcase>
    <testcase classname="RewardsRepository getById should return null when reward not found" name="RewardsRepository getById should return null when reward not found" time="0">
    </testcase>
    <testcase classname="RewardsRepository getById should handle empty reward_id string" name="RewardsRepository getById should handle empty reward_id string" time="0.001">
    </testcase>
    <testcase classname="RewardsRepository getById should throw error on database failure" name="RewardsRepository getById should throw error on database failure" time="0">
    </testcase>
    <testcase classname="RewardsRepository getByType should return rewards matching the type" name="RewardsRepository getByType should return rewards matching the type" time="0.001">
    </testcase>
    <testcase classname="RewardsRepository getByType should return empty array when no rewards match type" name="RewardsRepository getByType should return empty array when no rewards match type" time="0">
    </testcase>
    <testcase classname="RewardsRepository getByType should handle empty type string" name="RewardsRepository getByType should handle empty type string" time="0">
    </testcase>
    <testcase classname="RewardsRepository getByType should throw error on database failure" name="RewardsRepository getByType should throw error on database failure" time="0">
    </testcase>
    <testcase classname="RewardsRepository getRedeemed should return rewards that have been redeemed" name="RewardsRepository getRedeemed should return rewards that have been redeemed" time="0">
    </testcase>
    <testcase classname="RewardsRepository getRedeemed should return empty array when no redeemed rewards exist" name="RewardsRepository getRedeemed should return empty array when no redeemed rewards exist" time="0.001">
    </testcase>
    <testcase classname="RewardsRepository getRedeemed should throw error on database failure" name="RewardsRepository getRedeemed should throw error on database failure" time="0">
    </testcase>
    <testcase classname="RewardsRepository getUnredeemed should return rewards that have not been redeemed" name="RewardsRepository getUnredeemed should return rewards that have not been redeemed" time="0">
    </testcase>
    <testcase classname="RewardsRepository getUnredeemed should return empty array when all rewards are redeemed" name="RewardsRepository getUnredeemed should return empty array when all rewards are redeemed" time="0.001">
    </testcase>
    <testcase classname="RewardsRepository getUnredeemed should handle redeemed stored as &quot;0&quot; (alternative false)" name="RewardsRepository getUnredeemed should handle redeemed stored as &quot;0&quot; (alternative false)" time="0">
    </testcase>
    <testcase classname="RewardsRepository getUnredeemed should throw error on database failure" name="RewardsRepository getUnredeemed should throw error on database failure" time="0">
    </testcase>
    <testcase classname="RewardsRepository clear should clear all rewards from the table" name="RewardsRepository clear should clear all rewards from the table" time="0.001">
    </testcase>
    <testcase classname="RewardsRepository clear should log clearing message" name="RewardsRepository clear should log clearing message" time="0">
    </testcase>
    <testcase classname="RewardsRepository clear should throw error on database failure" name="RewardsRepository clear should throw error on database failure" time="0">
    </testcase>
    <testcase classname="RewardsRepository getCount should return count of rewards" name="RewardsRepository getCount should return count of rewards" time="0">
    </testcase>
    <testcase classname="RewardsRepository getCount should return 0 when no rewards exist" name="RewardsRepository getCount should return 0 when no rewards exist" time="0">
    </testcase>
    <testcase classname="RewardsRepository getCount should handle null count result" name="RewardsRepository getCount should handle null count result" time="0">
    </testcase>
    <testcase classname="RewardsRepository getCount should throw error on database failure" name="RewardsRepository getCount should throw error on database failure" time="0">
    </testcase>
    <testcase classname="RewardsRepository error handling should log error when populate fails" name="RewardsRepository error handling should log error when populate fails" time="0.001">
    </testcase>
    <testcase classname="RewardsRepository error handling should use transaction for atomic operations" name="RewardsRepository error handling should use transaction for atomic operations" time="0">
    </testcase>
  </testsuite>
  <testsuite name="MyBeers Import - Idempotency and Concurrency" errors="0" failures="0" skipped="0" timestamp="2025-11-08T20:52:46" time="1.054" tests="17">
    <testcase classname="MyBeers Import - Idempotency and Concurrency Idempotency should handle multiple sequential calls safely" name="MyBeers Import - Idempotency and Concurrency Idempotency should handle multiple sequential calls safely" time="0.007">
    </testcase>
    <testcase classname="MyBeers Import - Idempotency and Concurrency Idempotency should be safe to call multiple times (idempotent data clearing)" name="MyBeers Import - Idempotency and Concurrency Idempotency should be safe to call multiple times (idempotent data clearing)" time="0.001">
    </testcase>
    <testcase classname="MyBeers Import - Idempotency and Concurrency Idempotency should queue concurrent calls via lock manager" name="MyBeers Import - Idempotency and Concurrency Idempotency should queue concurrent calls via lock manager" time="0.001">
    </testcase>
    <testcase classname="MyBeers Import - Idempotency and Concurrency Concurrent Access Safety should acquire lock before importing" name="MyBeers Import - Idempotency and Concurrency Concurrent Access Safety should acquire lock before importing" time="0.001">
    </testcase>
    <testcase classname="MyBeers Import - Idempotency and Concurrency Concurrent Access Safety should release lock even if API call fails" name="MyBeers Import - Idempotency and Concurrency Concurrent Access Safety should release lock even if API call fails" time="0.017">
    </testcase>
    <testcase classname="MyBeers Import - Idempotency and Concurrency Concurrent Access Safety should release lock even if database insert fails" name="MyBeers Import - Idempotency and Concurrency Concurrent Access Safety should release lock even if database insert fails" time="0.001">
    </testcase>
    <testcase classname="MyBeers Import - Idempotency and Concurrency Concurrent Access Safety should throw error if lock acquisition fails" name="MyBeers Import - Idempotency and Concurrency Concurrent Access Safety should throw error if lock acquisition fails" time="0.017">
    </testcase>
    <testcase classname="MyBeers Import - Idempotency and Concurrency Concurrent Access Safety should handle concurrent calls by queueing" name="MyBeers Import - Idempotency and Concurrency Concurrent Access Safety should handle concurrent calls by queueing" time="0.001">
    </testcase>
    <testcase classname="MyBeers Import - Idempotency and Concurrency Visitor Mode Handling should skip import in visitor mode without acquiring lock" name="MyBeers Import - Idempotency and Concurrency Visitor Mode Handling should skip import in visitor mode without acquiring lock" time="0.001">
    </testcase>
    <testcase classname="MyBeers Import - Idempotency and Concurrency Visitor Mode Handling should consistently skip in visitor mode on multiple calls" name="MyBeers Import - Idempotency and Concurrency Visitor Mode Handling should consistently skip in visitor mode on multiple calls" time="0">
    </testcase>
    <testcase classname="MyBeers Import - Idempotency and Concurrency Data Integrity should insert fetched beers using unsafe method" name="MyBeers Import - Idempotency and Concurrency Data Integrity should insert fetched beers using unsafe method" time="0.001">
    </testcase>
    <testcase classname="MyBeers Import - Idempotency and Concurrency Data Integrity should handle empty beer list" name="MyBeers Import - Idempotency and Concurrency Data Integrity should handle empty beer list" time="0">
    </testcase>
    <testcase classname="MyBeers Import - Idempotency and Concurrency Data Integrity should successfully complete import operation" name="MyBeers Import - Idempotency and Concurrency Data Integrity should successfully complete import operation" time="0">
    </testcase>
    <testcase classname="MyBeers Import - Idempotency and Concurrency Data Integrity should allow retry after failed insert" name="MyBeers Import - Idempotency and Concurrency Data Integrity should allow retry after failed insert" time="0.001">
    </testcase>
    <testcase classname="MyBeers Import - Idempotency and Concurrency Error Recovery should allow retry after network error" name="MyBeers Import - Idempotency and Concurrency Error Recovery should allow retry after network error" time="0">
    </testcase>
    <testcase classname="MyBeers Import - Idempotency and Concurrency Error Recovery should handle lock acquisition failure gracefully" name="MyBeers Import - Idempotency and Concurrency Error Recovery should handle lock acquisition failure gracefully" time="0">
    </testcase>
    <testcase classname="MyBeers Import - Idempotency and Concurrency Error Recovery should release lock in finally block on any error" name="MyBeers Import - Idempotency and Concurrency Error Recovery should release lock in finally block on any error" time="0.001">
    </testcase>
  </testsuite>
  <testsuite name="Preference Functions" errors="0" failures="0" skipped="0" timestamp="2025-11-08T20:52:47" time="0.18" tests="21">
    <testcase classname="Preference Functions getPreference should return preference value when it exists" name="Preference Functions getPreference should return preference value when it exists" time="0.001">
    </testcase>
    <testcase classname="Preference Functions getPreference should return null when preference does not exist" name="Preference Functions getPreference should return null when preference does not exist" time="0.001">
    </testcase>
    <testcase classname="Preference Functions getPreference should return null on database error" name="Preference Functions getPreference should return null on database error" time="0">
    </testcase>
    <testcase classname="Preference Functions getPreference should handle empty string key" name="Preference Functions getPreference should handle empty string key" time="0">
    </testcase>
    <testcase classname="Preference Functions getPreference should handle special characters in key" name="Preference Functions getPreference should handle special characters in key" time="0.001">
    </testcase>
    <testcase classname="Preference Functions setPreference should insert new preference with description" name="Preference Functions setPreference should insert new preference with description" time="0">
    </testcase>
    <testcase classname="Preference Functions setPreference should update existing preference value and preserve description" name="Preference Functions setPreference should update existing preference value and preserve description" time="0">
    </testcase>
    <testcase classname="Preference Functions setPreference should set empty description when updating non-existent preference without description" name="Preference Functions setPreference should set empty description when updating non-existent preference without description" time="0">
    </testcase>
    <testcase classname="Preference Functions setPreference should handle empty string value" name="Preference Functions setPreference should handle empty string value" time="0.001">
    </testcase>
    <testcase classname="Preference Functions setPreference should handle special characters in value" name="Preference Functions setPreference should handle special characters in value" time="0">
    </testcase>
    <testcase classname="Preference Functions setPreference should throw error when database operation fails" name="Preference Functions setPreference should throw error when database operation fails" time="0.013">
    </testcase>
    <testcase classname="Preference Functions setPreference should handle description update when providing new description" name="Preference Functions setPreference should handle description update when providing new description" time="0.001">
    </testcase>
    <testcase classname="Preference Functions setPreference should handle undefined description parameter" name="Preference Functions setPreference should handle undefined description parameter" time="0">
    </testcase>
    <testcase classname="Preference Functions getAllPreferences should return all preferences ordered by key" name="Preference Functions getAllPreferences should return all preferences ordered by key" time="0.001">
    </testcase>
    <testcase classname="Preference Functions getAllPreferences should return empty array when no preferences exist" name="Preference Functions getAllPreferences should return empty array when no preferences exist" time="0">
    </testcase>
    <testcase classname="Preference Functions getAllPreferences should return empty array on database error" name="Preference Functions getAllPreferences should return empty array on database error" time="0">
    </testcase>
    <testcase classname="Preference Functions getAllPreferences should handle null return from database" name="Preference Functions getAllPreferences should handle null return from database" time="0">
    </testcase>
    <testcase classname="Preference Functions getAllPreferences should return preferences with empty descriptions" name="Preference Functions getAllPreferences should return preferences with empty descriptions" time="0.001">
    </testcase>
    <testcase classname="Preference Functions getAllPreferences should preserve preference ordering by key" name="Preference Functions getAllPreferences should preserve preference ordering by key" time="0">
    </testcase>
    <testcase classname="Preference Functions Integration scenarios should handle set and get preference workflow" name="Preference Functions Integration scenarios should handle set and get preference workflow" time="0">
    </testcase>
    <testcase classname="Preference Functions Integration scenarios should handle multiple preference updates" name="Preference Functions Integration scenarios should handle multiple preference updates" time="0">
    </testcase>
  </testsuite>
  <testsuite name="Database Operations" errors="0" failures="0" skipped="8" timestamp="2025-11-08T20:52:47" time="0.18" tests="37">
    <testcase classname="Database Operations initDatabase should initialize the database" name="Database Operations initDatabase should initialize the database" time="0.001">
    </testcase>
    <testcase classname="Database Operations initDatabase should return existing database instance if already initialized" name="Database Operations initDatabase should return existing database instance if already initialized" time="0">
      <skipped/>
    </testcase>
    <testcase classname="Database Operations initDatabase should handle errors when opening the database" name="Database Operations initDatabase should handle errors when opening the database" time="0">
      <skipped/>
    </testcase>
    <testcase classname="Database Operations setupDatabase should create tables if they do not exist" name="Database Operations setupDatabase should create tables if they do not exist" time="0.001">
    </testcase>
    <testcase classname="Database Operations setupDatabase should initialize default preferences if preferences table is empty" name="Database Operations setupDatabase should initialize default preferences if preferences table is empty" time="0.001">
    </testcase>
    <testcase classname="Database Operations setupDatabase should not initialize preferences if they already exist" name="Database Operations setupDatabase should not initialize preferences if they already exist" time="0">
    </testcase>
    <testcase classname="Database Operations setupDatabase should handle errors during setup" name="Database Operations setupDatabase should handle errors during setup" time="0.016">
    </testcase>
    <testcase classname="Database Operations getAllBeers should return all beers from the database" name="Database Operations getAllBeers should return all beers from the database" time="0">
    </testcase>
    <testcase classname="Database Operations getAllBeers should handle errors when getting beers" name="Database Operations getAllBeers should handle errors when getting beers" time="0.001">
    </testcase>
    <testcase classname="Database Operations getMyBeers should return all tasted beers from the database" name="Database Operations getMyBeers should return all tasted beers from the database" time="0">
    </testcase>
    <testcase classname="Database Operations getMyBeers should handle errors when getting tasted beers" name="Database Operations getMyBeers should handle errors when getting tasted beers" time="0.001">
    </testcase>
    <testcase classname="Database Operations getBeerById should return a beer by ID" name="Database Operations getBeerById should return a beer by ID" time="0">
    </testcase>
    <testcase classname="Database Operations getBeerById should return null if beer not found" name="Database Operations getBeerById should return null if beer not found" time="0">
    </testcase>
    <testcase classname="Database Operations getBeerById should handle errors when getting beer by ID" name="Database Operations getBeerById should handle errors when getting beer by ID" time="0.001">
    </testcase>
    <testcase classname="Database Operations searchBeers should search beers by query" name="Database Operations searchBeers should search beers by query" time="0">
    </testcase>
    <testcase classname="Database Operations searchBeers should return all beers if query is empty" name="Database Operations searchBeers should return all beers if query is empty" time="0.001">
    </testcase>
    <testcase classname="Database Operations searchBeers should handle errors when searching beers" name="Database Operations searchBeers should handle errors when searching beers" time="0">
    </testcase>
    <testcase classname="Database Operations getBeersNotInMyBeers should return beers not in my beers" name="Database Operations getBeersNotInMyBeers should return beers not in my beers" time="0">
    </testcase>
    <testcase classname="Database Operations getBeersNotInMyBeers should handle errors when getting beers not in my beers" name="Database Operations getBeersNotInMyBeers should handle errors when getting beers not in my beers" time="0.001">
    </testcase>
    <testcase classname="Database Operations populateBeersTable should populate the beers table with provided beers" name="Database Operations populateBeersTable should populate the beers table with provided beers" time="0">
      <skipped/>
    </testcase>
    <testcase classname="Database Operations populateBeersTable should handle empty beer array" name="Database Operations populateBeersTable should handle empty beer array" time="0">
      <skipped/>
    </testcase>
    <testcase classname="Database Operations populateBeersTable should handle errors when populating beers table" name="Database Operations populateBeersTable should handle errors when populating beers table" time="0">
      <skipped/>
    </testcase>
    <testcase classname="Database Operations populateMyBeersTable should populate the my beers table with provided beers" name="Database Operations populateMyBeersTable should populate the my beers table with provided beers" time="0">
      <skipped/>
    </testcase>
    <testcase classname="Database Operations populateMyBeersTable should handle empty beer array" name="Database Operations populateMyBeersTable should handle empty beer array" time="0">
      <skipped/>
    </testcase>
    <testcase classname="Database Operations populateMyBeersTable should handle errors when populating my beers table" name="Database Operations populateMyBeersTable should handle errors when populating my beers table" time="0">
      <skipped/>
    </testcase>
    <testcase classname="Database Operations getPreference should return preference value by key" name="Database Operations getPreference should return preference value by key" time="0">
    </testcase>
    <testcase classname="Database Operations getPreference should return null if preference not found" name="Database Operations getPreference should return null if preference not found" time="0">
    </testcase>
    <testcase classname="Database Operations getPreference should handle errors when getting preference" name="Database Operations getPreference should handle errors when getting preference" time="0">
    </testcase>
    <testcase classname="Database Operations setPreference should set preference value by key" name="Database Operations setPreference should set preference value by key" time="0.001">
    </testcase>
    <testcase classname="Database Operations setPreference should use empty string for description if not provided" name="Database Operations setPreference should use empty string for description if not provided" time="0">
    </testcase>
    <testcase classname="Database Operations setPreference should handle errors when setting preference" name="Database Operations setPreference should handle errors when setting preference" time="0">
    </testcase>
    <testcase classname="Database Operations getUntappdCookie should return untappd cookie value by key" name="Database Operations getUntappdCookie should return untappd cookie value by key" time="0.001">
    </testcase>
    <testcase classname="Database Operations getUntappdCookie should return null if untappd cookie not found" name="Database Operations getUntappdCookie should return null if untappd cookie not found" time="0">
    </testcase>
    <testcase classname="Database Operations getUntappdCookie should handle errors when getting untappd cookie" name="Database Operations getUntappdCookie should handle errors when getting untappd cookie" time="0">
    </testcase>
    <testcase classname="Database Operations setUntappdCookie should set untappd cookie value by key" name="Database Operations setUntappdCookie should set untappd cookie value by key" time="0">
    </testcase>
    <testcase classname="Database Operations setUntappdCookie should use empty string for description if not provided" name="Database Operations setUntappdCookie should use empty string for description if not provided" time="0">
    </testcase>
    <testcase classname="Database Operations setUntappdCookie should handle errors when setting untappd cookie" name="Database Operations setUntappdCookie should handle errors when setting untappd cookie" time="0.001">
    </testcase>
  </testsuite>
  <testsuite name="BeerRepository" errors="0" failures="0" skipped="0" timestamp="2025-11-08T20:52:47" time="0.199" tests="34">
    <testcase classname="BeerRepository insertMany should insert multiple beers in batches" name="BeerRepository insertMany should insert multiple beers in batches" time="0.002">
    </testcase>
    <testcase classname="BeerRepository insertMany should skip beers without IDs" name="BeerRepository insertMany should skip beers without IDs" time="0">
    </testcase>
    <testcase classname="BeerRepository insertMany should process beers in batches of 50" name="BeerRepository insertMany should process beers in batches of 50" time="0.001">
    </testcase>
    <testcase classname="BeerRepository insertMany should handle empty beer array" name="BeerRepository insertMany should handle empty beer array" time="0">
    </testcase>
    <testcase classname="BeerRepository insertMany should handle beers with optional fields missing" name="BeerRepository insertMany should handle beers with optional fields missing" time="0.001">
    </testcase>
    <testcase classname="BeerRepository insertMany should throw error on database failure" name="BeerRepository insertMany should throw error on database failure" time="0.016">
    </testcase>
    <testcase classname="BeerRepository insertMany should log progress during import" name="BeerRepository insertMany should log progress during import" time="0">
    </testcase>
    <testcase classname="BeerRepository getAll should return all beers ordered by added_date DESC" name="BeerRepository getAll should return all beers ordered by added_date DESC" time="0.001">
    </testcase>
    <testcase classname="BeerRepository getAll should return empty array when no beers exist" name="BeerRepository getAll should return empty array when no beers exist" time="0">
    </testcase>
    <testcase classname="BeerRepository getAll should filter out beers with null or empty brew_name" name="BeerRepository getAll should filter out beers with null or empty brew_name" time="0">
    </testcase>
    <testcase classname="BeerRepository getAll should throw error on database failure" name="BeerRepository getAll should throw error on database failure" time="0.001">
    </testcase>
    <testcase classname="BeerRepository getById should return beer when found" name="BeerRepository getById should return beer when found" time="0">
    </testcase>
    <testcase classname="BeerRepository getById should return null when beer not found" name="BeerRepository getById should return null when beer not found" time="0">
    </testcase>
    <testcase classname="BeerRepository getById should handle empty ID string" name="BeerRepository getById should handle empty ID string" time="0">
    </testcase>
    <testcase classname="BeerRepository getById should throw error on database failure" name="BeerRepository getById should throw error on database failure" time="0.001">
    </testcase>
    <testcase classname="BeerRepository search should search beers by name, brewer, style, and description" name="BeerRepository search should search beers by name, brewer, style, and description" time="0">
    </testcase>
    <testcase classname="BeerRepository search should return all beers when query is empty" name="BeerRepository search should return all beers when query is empty" time="0.004">
    </testcase>
    <testcase classname="BeerRepository search should trim whitespace from query" name="BeerRepository search should trim whitespace from query" time="0">
    </testcase>
    <testcase classname="BeerRepository search should handle special characters in search query" name="BeerRepository search should handle special characters in search query" time="0">
    </testcase>
    <testcase classname="BeerRepository search should search across all text fields" name="BeerRepository search should search across all text fields" time="0.001">
    </testcase>
    <testcase classname="BeerRepository search should throw error on database failure" name="BeerRepository search should throw error on database failure" time="0">
    </testcase>
    <testcase classname="BeerRepository getByStyle should return beers matching the style" name="BeerRepository getByStyle should return beers matching the style" time="0">
    </testcase>
    <testcase classname="BeerRepository getByStyle should return empty array when no beers match style" name="BeerRepository getByStyle should return empty array when no beers match style" time="0.001">
    </testcase>
    <testcase classname="BeerRepository getByStyle should handle empty style string" name="BeerRepository getByStyle should handle empty style string" time="0">
    </testcase>
    <testcase classname="BeerRepository getByStyle should throw error on database failure" name="BeerRepository getByStyle should throw error on database failure" time="0">
    </testcase>
    <testcase classname="BeerRepository getByBrewer should return beers from the specified brewer" name="BeerRepository getByBrewer should return beers from the specified brewer" time="0.001">
    </testcase>
    <testcase classname="BeerRepository getByBrewer should return empty array when no beers match brewer" name="BeerRepository getByBrewer should return empty array when no beers match brewer" time="0">
    </testcase>
    <testcase classname="BeerRepository getByBrewer should handle empty brewer string" name="BeerRepository getByBrewer should handle empty brewer string" time="0">
    </testcase>
    <testcase classname="BeerRepository getByBrewer should throw error on database failure" name="BeerRepository getByBrewer should throw error on database failure" time="0">
    </testcase>
    <testcase classname="BeerRepository getUntasted should return beers not in tasted_brew_current_round table" name="BeerRepository getUntasted should return beers not in tasted_brew_current_round table" time="0.001">
    </testcase>
    <testcase classname="BeerRepository getUntasted should return empty array when all beers are tasted" name="BeerRepository getUntasted should return empty array when all beers are tasted" time="0">
    </testcase>
    <testcase classname="BeerRepository getUntasted should filter out beers with null or empty brew_name" name="BeerRepository getUntasted should filter out beers with null or empty brew_name" time="0">
    </testcase>
    <testcase classname="BeerRepository getUntasted should order results by added_date DESC" name="BeerRepository getUntasted should order results by added_date DESC" time="0.001">
    </testcase>
    <testcase classname="BeerRepository getUntasted should throw error on database failure" name="BeerRepository getUntasted should throw error on database failure" time="0">
    </testcase>
  </testsuite>
  <testsuite name="DatabaseInitializer" errors="0" failures="0" skipped="0" timestamp="2025-11-08T20:52:47" time="0.19" tests="21">
    <testcase classname="DatabaseInitializer Initial state should start in UNINITIALIZED state" name="DatabaseInitializer Initial state should start in UNINITIALIZED state" time="0">
    </testcase>
    <testcase classname="DatabaseInitializer Initial state should not be ready initially" name="DatabaseInitializer Initial state should not be ready initially" time="0">
    </testcase>
    <testcase classname="DatabaseInitializer Initial state should not be initializing initially" name="DatabaseInitializer Initial state should not be initializing initially" time="0">
    </testcase>
    <testcase classname="DatabaseInitializer Initial state should not be in error state initially" name="DatabaseInitializer Initial state should not be in error state initially" time="0">
    </testcase>
    <testcase classname="DatabaseInitializer State transitions should transition from UNINITIALIZED to INITIALIZING" name="DatabaseInitializer State transitions should transition from UNINITIALIZED to INITIALIZING" time="0">
    </testcase>
    <testcase classname="DatabaseInitializer State transitions should transition from INITIALIZING to READY" name="DatabaseInitializer State transitions should transition from INITIALIZING to READY" time="0">
    </testcase>
    <testcase classname="DatabaseInitializer State transitions should transition from UNINITIALIZED to ERROR" name="DatabaseInitializer State transitions should transition from UNINITIALIZED to ERROR" time="0.001">
    </testcase>
    <testcase classname="DatabaseInitializer State transitions should transition from INITIALIZING to ERROR" name="DatabaseInitializer State transitions should transition from INITIALIZING to ERROR" time="0">
    </testcase>
    <testcase classname="DatabaseInitializer State transitions should allow re-initialization from ERROR state" name="DatabaseInitializer State transitions should allow re-initialization from ERROR state" time="0">
    </testcase>
    <testcase classname="DatabaseInitializer State transitions should transition from ERROR to READY on successful retry" name="DatabaseInitializer State transitions should transition from ERROR to READY on successful retry" time="0">
    </testcase>
    <testcase classname="DatabaseInitializer Invalid state transitions should not allow setting READY without INITIALIZING first" name="DatabaseInitializer Invalid state transitions should not allow setting READY without INITIALIZING first" time="0.012">
    </testcase>
    <testcase classname="DatabaseInitializer Invalid state transitions should not allow re-initializing when already READY" name="DatabaseInitializer Invalid state transitions should not allow re-initializing when already READY" time="0.001">
    </testcase>
    <testcase classname="DatabaseInitializer Invalid state transitions should not allow setting READY when in ERROR state" name="DatabaseInitializer Invalid state transitions should not allow setting READY when in ERROR state" time="0">
    </testcase>
    <testcase classname="DatabaseInitializer Error messages should store error message when transitioning to ERROR" name="DatabaseInitializer Error messages should store error message when transitioning to ERROR" time="0.001">
    </testcase>
    <testcase classname="DatabaseInitializer Error messages should clear error message when successfully initializing" name="DatabaseInitializer Error messages should clear error message when successfully initializing" time="0">
    </testcase>
    <testcase classname="DatabaseInitializer Error messages should return null for error message when not in ERROR state" name="DatabaseInitializer Error messages should return null for error message when not in ERROR state" time="0">
    </testcase>
    <testcase classname="DatabaseInitializer State queries should correctly report INITIALIZING state" name="DatabaseInitializer State queries should correctly report INITIALIZING state" time="0.001">
    </testcase>
    <testcase classname="DatabaseInitializer State queries should correctly report READY state" name="DatabaseInitializer State queries should correctly report READY state" time="0">
    </testcase>
    <testcase classname="DatabaseInitializer State queries should correctly report ERROR state" name="DatabaseInitializer State queries should correctly report ERROR state" time="0">
    </testcase>
    <testcase classname="DatabaseInitializer State transitions logging should log state transitions" name="DatabaseInitializer State transitions logging should log state transitions" time="0.001">
    </testcase>
    <testcase classname="DatabaseInitializer State transitions logging should log errors when transitioning to ERROR state" name="DatabaseInitializer State transitions logging should log errors when transitioning to ERROR state" time="0">
    </testcase>
  </testsuite>
  <testsuite name="Database Schema" errors="0" failures="0" skipped="0" timestamp="2025-11-08T20:52:47" time="0.241" tests="17">
    <testcase classname="Database Schema setupDatabase should create all required tables" name="Database Schema setupDatabase should create all required tables" time="0.002">
    </testcase>
    <testcase classname="Database Schema setupDatabase should create allbeers table with correct columns" name="Database Schema setupDatabase should create allbeers table with correct columns" time="0.001">
    </testcase>
    <testcase classname="Database Schema setupDatabase should create tasted_brew_current_round table with correct columns" name="Database Schema setupDatabase should create tasted_brew_current_round table with correct columns" time="0.001">
    </testcase>
    <testcase classname="Database Schema setupDatabase should create rewards table with correct columns" name="Database Schema setupDatabase should create rewards table with correct columns" time="0">
    </testcase>
    <testcase classname="Database Schema setupDatabase should create preferences table with correct columns" name="Database Schema setupDatabase should create preferences table with correct columns" time="0.001">
    </testcase>
    <testcase classname="Database Schema setupDatabase should create untappd table with correct columns" name="Database Schema setupDatabase should create untappd table with correct columns" time="0">
    </testcase>
    <testcase classname="Database Schema setupDatabase should initialize default preferences if table is empty" name="Database Schema setupDatabase should initialize default preferences if table is empty" time="0.004">
    </testcase>
    <testcase classname="Database Schema setupDatabase should not reinitialize preferences if table already has data" name="Database Schema setupDatabase should not reinitialize preferences if table already has data" time="0">
    </testcase>
    <testcase classname="Database Schema setupDatabase should handle errors gracefully" name="Database Schema setupDatabase should handle errors gracefully" time="0.019">
    </testcase>
    <testcase classname="Database Schema setupDatabase should use a transaction for table creation" name="Database Schema setupDatabase should use a transaction for table creation" time="0.001">
    </testcase>
    <testcase classname="Database Schema setupDatabase should log setup completion" name="Database Schema setupDatabase should log setup completion" time="0">
    </testcase>
    <testcase classname="Database Schema initDatabase should call getDatabase from connection module" name="Database Schema initDatabase should call getDatabase from connection module" time="0">
    </testcase>
    <testcase classname="Database Schema initDatabase should return the same database instance" name="Database Schema initDatabase should return the same database instance" time="0">
    </testcase>
    <testcase classname="Database Schema Table Schema Verification should have 5 tables total" name="Database Schema Table Schema Verification should have 5 tables total" time="0">
    </testcase>
    <testcase classname="Database Schema Table Schema Verification should use TEXT type for all columns" name="Database Schema Table Schema Verification should use TEXT type for all columns" time="0">
    </testcase>
    <testcase classname="Database Schema Table Schema Verification should use PRIMARY KEY for id columns" name="Database Schema Table Schema Verification should use PRIMARY KEY for id columns" time="0">
    </testcase>
    <testcase classname="Database Schema Table Schema Verification should use IF NOT EXISTS for all tables" name="Database Schema Table Schema Verification should use IF NOT EXISTS for all tables" time="0.001">
    </testcase>
  </testsuite>
  <testsuite name="DatabaseLockManager" errors="0" failures="0" skipped="0" timestamp="2025-11-08T20:52:47" time="0.202" tests="19">
    <testcase classname="DatabaseLockManager Basic lock acquisition should acquire lock when available" name="DatabaseLockManager Basic lock acquisition should acquire lock when available" time="0.008">
    </testcase>
    <testcase classname="DatabaseLockManager Basic lock acquisition should release lock successfully" name="DatabaseLockManager Basic lock acquisition should release lock successfully" time="0">
    </testcase>
    <testcase classname="DatabaseLockManager Basic lock acquisition should check lock status correctly" name="DatabaseLockManager Basic lock acquisition should check lock status correctly" time="0">
    </testcase>
    <testcase classname="DatabaseLockManager Queue mechanism (FIFO) should queue lock requests and process in FIFO order" name="DatabaseLockManager Queue mechanism (FIFO) should queue lock requests and process in FIFO order" time="0.001">
    </testcase>
    <testcase classname="DatabaseLockManager Queue mechanism (FIFO) should handle multiple simultaneous lock requests" name="DatabaseLockManager Queue mechanism (FIFO) should handle multiple simultaneous lock requests" time="0.001">
    </testcase>
    <testcase classname="DatabaseLockManager Queue mechanism (FIFO) should propagate lock to next waiter on release" name="DatabaseLockManager Queue mechanism (FIFO) should propagate lock to next waiter on release" time="0">
    </testcase>
    <testcase classname="DatabaseLockManager Queue mechanism (FIFO) should track queue length correctly" name="DatabaseLockManager Queue mechanism (FIFO) should track queue length correctly" time="0.001">
    </testcase>
    <testcase classname="DatabaseLockManager Timeout handling with fake timers should auto-release lock after timeout" name="DatabaseLockManager Timeout handling with fake timers should auto-release lock after timeout" time="0">
    </testcase>
    <testcase classname="DatabaseLockManager Timeout handling with fake timers should log warning when lock is forcibly released" name="DatabaseLockManager Timeout handling with fake timers should log warning when lock is forcibly released" time="0">
    </testcase>
    <testcase classname="DatabaseLockManager Timeout handling with fake timers should clear timeout when lock is released normally" name="DatabaseLockManager Timeout handling with fake timers should clear timeout when lock is released normally" time="0.003">
    </testcase>
    <testcase classname="DatabaseLockManager Concurrent operations should prevent concurrent database operations" name="DatabaseLockManager Concurrent operations should prevent concurrent database operations" time="0">
    </testcase>
    <testcase classname="DatabaseLockManager Concurrent operations should handle rapid lock requests without race conditions" name="DatabaseLockManager Concurrent operations should handle rapid lock requests without race conditions" time="0.001">
    </testcase>
    <testcase classname="DatabaseLockManager Error recovery should allow new operations after failed operation" name="DatabaseLockManager Error recovery should allow new operations after failed operation" time="0">
    </testcase>
    <testcase classname="DatabaseLockManager Error recovery should handle multiple releases gracefully" name="DatabaseLockManager Error recovery should handle multiple releases gracefully" time="0">
    </testcase>
    <testcase classname="DatabaseLockManager Operation tracking should track current operation name" name="DatabaseLockManager Operation tracking should track current operation name" time="0.001">
    </testcase>
    <testcase classname="DatabaseLockManager Operation tracking should update current operation as queue processes" name="DatabaseLockManager Operation tracking should update current operation as queue processes" time="0.001">
    </testcase>
    <testcase classname="DatabaseLockManager Logging should log lock acquisition" name="DatabaseLockManager Logging should log lock acquisition" time="0.001">
    </testcase>
    <testcase classname="DatabaseLockManager Logging should log lock release" name="DatabaseLockManager Logging should log lock release" time="0">
    </testcase>
    <testcase classname="DatabaseLockManager Logging should log when waiting for lock" name="DatabaseLockManager Logging should log when waiting for lock" time="0">
    </testcase>
  </testsuite>
  <testsuite name="MyBeersRepository" errors="0" failures="0" skipped="0" timestamp="2025-11-08T20:52:46" time="1.85" tests="36">
    <testcase classname="MyBeersRepository insertMany should insert multiple tasted beers in batches" name="MyBeersRepository insertMany should insert multiple tasted beers in batches" time="0.008">
    </testcase>
    <testcase classname="MyBeersRepository insertMany should handle empty array by clearing the table" name="MyBeersRepository insertMany should handle empty array by clearing the table" time="0.002">
    </testcase>
    <testcase classname="MyBeersRepository insertMany should filter out beers without IDs" name="MyBeersRepository insertMany should filter out beers without IDs" time="0.001">
    </testcase>
    <testcase classname="MyBeersRepository insertMany should clear table when all beers are invalid" name="MyBeersRepository insertMany should clear table when all beers are invalid" time="0.001">
    </testcase>
    <testcase classname="MyBeersRepository insertMany should process beers in batches of 20" name="MyBeersRepository insertMany should process beers in batches of 20" time="0.001">
    </testcase>
    <testcase classname="MyBeersRepository insertMany should handle beers with optional fields missing" name="MyBeersRepository insertMany should handle beers with optional fields missing" time="0.001">
    </testcase>
    <testcase classname="MyBeersRepository insertMany should throw error on database failure during insert" name="MyBeersRepository insertMany should throw error on database failure during insert" time="0.02">
    </testcase>
    <testcase classname="MyBeersRepository insertMany should log progress during import" name="MyBeersRepository insertMany should log progress during import" time="0.001">
    </testcase>
    <testcase classname="MyBeersRepository insertMany should include all Beerfinder-specific fields in insert" name="MyBeersRepository insertMany should include all Beerfinder-specific fields in insert" time="0.001">
    </testcase>
    <testcase classname="MyBeersRepository getAll should return all tasted beers ordered by id" name="MyBeersRepository getAll should return all tasted beers ordered by id" time="0">
    </testcase>
    <testcase classname="MyBeersRepository getAll should return empty array when no tasted beers exist" name="MyBeersRepository getAll should return empty array when no tasted beers exist" time="0.001">
    </testcase>
    <testcase classname="MyBeersRepository getAll should throw error on database failure" name="MyBeersRepository getAll should throw error on database failure" time="0.001">
    </testcase>
    <testcase classname="MyBeersRepository getAll should log retrieval of tasted beers" name="MyBeersRepository getAll should log retrieval of tasted beers" time="0.001">
    </testcase>
    <testcase classname="MyBeersRepository getAll should log when no tasted beers found and check table structure" name="MyBeersRepository getAll should log when no tasted beers found and check table structure" time="0">
    </testcase>
    <testcase classname="MyBeersRepository getById should return tasted beer when found" name="MyBeersRepository getById should return tasted beer when found" time="0.001">
    </testcase>
    <testcase classname="MyBeersRepository getById should return null when beer not found" name="MyBeersRepository getById should return null when beer not found" time="0">
    </testcase>
    <testcase classname="MyBeersRepository getById should handle empty ID string" name="MyBeersRepository getById should handle empty ID string" time="0">
    </testcase>
    <testcase classname="MyBeersRepository getById should throw error on database failure" name="MyBeersRepository getById should throw error on database failure" time="0.001">
    </testcase>
    <testcase classname="MyBeersRepository clear should clear all tasted beers from the table" name="MyBeersRepository clear should clear all tasted beers from the table" time="0.001">
    </testcase>
    <testcase classname="MyBeersRepository clear should log the number of rows removed" name="MyBeersRepository clear should log the number of rows removed" time="0.001">
    </testcase>
    <testcase classname="MyBeersRepository clear should handle clearing empty table" name="MyBeersRepository clear should handle clearing empty table" time="0">
    </testcase>
    <testcase classname="MyBeersRepository clear should throw error on database failure" name="MyBeersRepository clear should throw error on database failure" time="0.001">
    </testcase>
    <testcase classname="MyBeersRepository getCount should return count of tasted beers" name="MyBeersRepository getCount should return count of tasted beers" time="0">
    </testcase>
    <testcase classname="MyBeersRepository getCount should return 0 when no beers exist" name="MyBeersRepository getCount should return 0 when no beers exist" time="0">
    </testcase>
    <testcase classname="MyBeersRepository getCount should handle null count result" name="MyBeersRepository getCount should handle null count result" time="0">
    </testcase>
    <testcase classname="MyBeersRepository getCount should throw error on database failure" name="MyBeersRepository getCount should throw error on database failure" time="0.001">
    </testcase>
    <testcase classname="MyBeersRepository error handling should handle individual beer insert errors gracefully" name="MyBeersRepository error handling should handle individual beer insert errors gracefully" time="0.001">
    </testcase>
    <testcase classname="MyBeersRepository error handling should throw error on transaction failure" name="MyBeersRepository error handling should throw error on transaction failure" time="0">
    </testcase>
    <testcase classname="MyBeersRepository insertManyUnsafe should insert beers without acquiring lock" name="MyBeersRepository insertManyUnsafe should insert beers without acquiring lock" time="0.001">
    </testcase>
    <testcase classname="MyBeersRepository insertManyUnsafe should handle empty array by clearing table" name="MyBeersRepository insertManyUnsafe should handle empty array by clearing table" time="0">
    </testcase>
    <testcase classname="MyBeersRepository insertManyUnsafe should clear table when all beers invalid" name="MyBeersRepository insertManyUnsafe should clear table when all beers invalid" time="0.001">
    </testcase>
    <testcase classname="MyBeersRepository insertManyUnsafe should process beers in batches of 20" name="MyBeersRepository insertManyUnsafe should process beers in batches of 20" time="0.001">
    </testcase>
    <testcase classname="MyBeersRepository insertManyUnsafe should skip beers without IDs during insert" name="MyBeersRepository insertManyUnsafe should skip beers without IDs during insert" time="0">
    </testcase>
    <testcase classname="MyBeersRepository insertManyUnsafe should handle insert errors gracefully" name="MyBeersRepository insertManyUnsafe should handle insert errors gracefully" time="0.003">
    </testcase>
    <testcase classname="MyBeersRepository insertManyUnsafe should log final row count" name="MyBeersRepository insertManyUnsafe should log final row count" time="0.001">
    </testcase>
    <testcase classname="MyBeersRepository insertManyUnsafe should throw error on transaction failure" name="MyBeersRepository insertManyUnsafe should throw error on transaction failure" time="0.001">
    </testcase>
  </testsuite>
  <testsuite name="Database Operations" errors="0" failures="0" skipped="0" timestamp="2025-11-08T20:52:47" time="0.194" tests="12">
    <testcase classname="Database Operations getAllBeers should return all beers from the database" name="Database Operations getAllBeers should return all beers from the database" time="0">
    </testcase>
    <testcase classname="Database Operations getAllBeers should handle errors when getting all beers" name="Database Operations getAllBeers should handle errors when getting all beers" time="0.009">
    </testcase>
    <testcase classname="Database Operations getMyBeers should return all tasted beers from the database" name="Database Operations getMyBeers should return all tasted beers from the database" time="0.001">
    </testcase>
    <testcase classname="Database Operations getMyBeers should handle errors when getting tasted beers" name="Database Operations getMyBeers should handle errors when getting tasted beers" time="0">
    </testcase>
    <testcase classname="Database Operations getBeerById should return a beer by ID" name="Database Operations getBeerById should return a beer by ID" time="0">
    </testcase>
    <testcase classname="Database Operations getBeerById should return null if beer is not found" name="Database Operations getBeerById should return null if beer is not found" time="0.001">
    </testcase>
    <testcase classname="Database Operations getBeerById should handle errors when getting beer by ID" name="Database Operations getBeerById should handle errors when getting beer by ID" time="0">
    </testcase>
    <testcase classname="Database Operations searchBeers should search beers by query" name="Database Operations searchBeers should search beers by query" time="0">
    </testcase>
    <testcase classname="Database Operations searchBeers should return all beers if query is empty" name="Database Operations searchBeers should return all beers if query is empty" time="0.001">
    </testcase>
    <testcase classname="Database Operations searchBeers should handle errors when searching beers" name="Database Operations searchBeers should handle errors when searching beers" time="0">
    </testcase>
    <testcase classname="Database Operations getBeersNotInMyBeers should return beers not in My Beers" name="Database Operations getBeersNotInMyBeers should return beers not in My Beers" time="0">
    </testcase>
    <testcase classname="Database Operations getBeersNotInMyBeers should handle errors when getting beers not in My Beers" name="Database Operations getBeersNotInMyBeers should handle errors when getting beers not in My Beers" time="0.003">
    </testcase>
  </testsuite>
  <testsuite name="db.ts Compatibility Layer" errors="0" failures="0" skipped="0" timestamp="2025-11-08T20:52:47" time="0.195" tests="18">
    <testcase classname="db.ts Compatibility Layer populateBeersTable should delegate to beerRepository.insertMany" name="db.ts Compatibility Layer populateBeersTable should delegate to beerRepository.insertMany" time="0.015">
    </testcase>
    <testcase classname="db.ts Compatibility Layer populateBeersTable should not contain duplicate INSERT logic (delegates to repository)" name="db.ts Compatibility Layer populateBeersTable should not contain duplicate INSERT logic (delegates to repository)" time="0.001">
    </testcase>
    <testcase classname="db.ts Compatibility Layer populateMyBeersTable should delegate to myBeersRepository.insertMany" name="db.ts Compatibility Layer populateMyBeersTable should delegate to myBeersRepository.insertMany" time="0">
    </testcase>
    <testcase classname="db.ts Compatibility Layer populateMyBeersTable should not contain duplicate INSERT logic (delegates to repository)" name="db.ts Compatibility Layer populateMyBeersTable should not contain duplicate INSERT logic (delegates to repository)" time="0">
    </testcase>
    <testcase classname="db.ts Compatibility Layer populateRewardsTable should delegate to rewardsRepository.insertMany" name="db.ts Compatibility Layer populateRewardsTable should delegate to rewardsRepository.insertMany" time="0.001">
    </testcase>
    <testcase classname="db.ts Compatibility Layer populateRewardsTable should not contain duplicate INSERT logic (delegates to repository)" name="db.ts Compatibility Layer populateRewardsTable should not contain duplicate INSERT logic (delegates to repository)" time="0">
    </testcase>
    <testcase classname="db.ts Compatibility Layer getAllBeers should delegate to beerRepository.getAll" name="db.ts Compatibility Layer getAllBeers should delegate to beerRepository.getAll" time="0.001">
    </testcase>
    <testcase classname="db.ts Compatibility Layer getMyBeers should delegate to myBeersRepository.getAll" name="db.ts Compatibility Layer getMyBeers should delegate to myBeersRepository.getAll" time="0">
    </testcase>
    <testcase classname="db.ts Compatibility Layer getAllRewards should delegate to rewardsRepository.getAll" name="db.ts Compatibility Layer getAllRewards should delegate to rewardsRepository.getAll" time="0">
    </testcase>
    <testcase classname="db.ts Compatibility Layer refreshBeersFromAPI should use beerRepository.insertMany for database operations" name="db.ts Compatibility Layer refreshBeersFromAPI should use beerRepository.insertMany for database operations" time="0.001">
    </testcase>
    <testcase classname="db.ts Compatibility Layer refreshBeersFromAPI should not contain duplicate INSERT logic" name="db.ts Compatibility Layer refreshBeersFromAPI should not contain duplicate INSERT logic" time="0">
    </testcase>
    <testcase classname="db.ts Compatibility Layer Code Size Validation should have db.ts file size under 450 lines (thin wrapper)" name="db.ts Compatibility Layer Code Size Validation should have db.ts file size under 450 lines (thin wrapper)" time="0.001">
    </testcase>
    <testcase classname="db.ts Compatibility Layer Code Size Validation should not contain duplicate INSERT logic patterns" name="db.ts Compatibility Layer Code Size Validation should not contain duplicate INSERT logic patterns" time="0.002">
    </testcase>
    <testcase classname="db.ts Compatibility Layer Delegation Pattern Verification should delegate getBeerById to beerRepository.getById" name="db.ts Compatibility Layer Delegation Pattern Verification should delegate getBeerById to beerRepository.getById" time="0.001">
    </testcase>
    <testcase classname="db.ts Compatibility Layer Delegation Pattern Verification should delegate searchBeers to beerRepository.search" name="db.ts Compatibility Layer Delegation Pattern Verification should delegate searchBeers to beerRepository.search" time="0">
    </testcase>
    <testcase classname="db.ts Compatibility Layer Delegation Pattern Verification should delegate getBeersByStyle to beerRepository.getByStyle" name="db.ts Compatibility Layer Delegation Pattern Verification should delegate getBeersByStyle to beerRepository.getByStyle" time="0.001">
    </testcase>
    <testcase classname="db.ts Compatibility Layer Delegation Pattern Verification should delegate getBeersByBrewer to beerRepository.getByBrewer" name="db.ts Compatibility Layer Delegation Pattern Verification should delegate getBeersByBrewer to beerRepository.getByBrewer" time="0">
    </testcase>
    <testcase classname="db.ts Compatibility Layer Delegation Pattern Verification should delegate getBeersNotInMyBeers to beerRepository.getUntasted" name="db.ts Compatibility Layer Delegation Pattern Verification should delegate getBeersNotInMyBeers to beerRepository.getUntasted" time="0.001">
    </testcase>
  </testsuite>
  <testsuite name="DatabaseLockManager" errors="0" failures="0" skipped="0" timestamp="2025-11-08T20:52:48" time="0.131" tests="10">
    <testcase classname="DatabaseLockManager acquireLock should successfully acquire lock when available" name="DatabaseLockManager acquireLock should successfully acquire lock when available" time="0.001">
    </testcase>
    <testcase classname="DatabaseLockManager acquireLock should log lock acquisition" name="DatabaseLockManager acquireLock should log lock acquisition" time="0">
    </testcase>
    <testcase classname="DatabaseLockManager releaseLock should release the lock" name="DatabaseLockManager releaseLock should release the lock" time="0.001">
    </testcase>
    <testcase classname="DatabaseLockManager releaseLock should log lock release" name="DatabaseLockManager releaseLock should log lock release" time="0">
    </testcase>
    <testcase classname="DatabaseLockManager releaseLock should handle releasing lock when not held" name="DatabaseLockManager releaseLock should handle releasing lock when not held" time="0">
    </testcase>
    <testcase classname="DatabaseLockManager concurrent operations should handle rapid acquire/release cycles" name="DatabaseLockManager concurrent operations should handle rapid acquire/release cycles" time="0">
    </testcase>
    <testcase classname="DatabaseLockManager error scenarios should handle errors without leaving lock in bad state" name="DatabaseLockManager error scenarios should handle errors without leaving lock in bad state" time="0.001">
    </testcase>
    <testcase classname="DatabaseLockManager isLocked should return false when no lock is held" name="DatabaseLockManager isLocked should return false when no lock is held" time="0">
    </testcase>
    <testcase classname="DatabaseLockManager isLocked should return true when lock is held" name="DatabaseLockManager isLocked should return true when lock is held" time="0">
    </testcase>
    <testcase classname="DatabaseLockManager isLocked should return false after lock is released" name="DatabaseLockManager isLocked should return false after lock is released" time="0">
    </testcase>
  </testsuite>
</testsuites>