<?xml version="1.0" encoding="UTF-8"?>
<testsuites name="jest tests" tests="49" failures="0" errors="0" time="1.438">
  <testsuite name="enrichmentService" errors="0" failures="0" skipped="0" timestamp="2025-12-11T17:52:36" time="0.878" tests="49">
    <testcase classname="enrichmentService Metrics getEnrichmentMetrics should return initial metrics with all zeros" name="enrichmentService Metrics getEnrichmentMetrics should return initial metrics with all zeros" time="0.003">
    </testcase>
    <testcase classname="enrichmentService Metrics getEnrichmentMetrics should return a copy of metrics (not reference)" name="enrichmentService Metrics getEnrichmentMetrics should return a copy of metrics (not reference)" time="0">
    </testcase>
    <testcase classname="enrichmentService Metrics resetEnrichmentMetrics should reset all metrics to zero" name="enrichmentService Metrics resetEnrichmentMetrics should reset all metrics to zero" time="0.001">
    </testcase>
    <testcase classname="enrichmentService Metrics resetEnrichmentMetrics should update lastReset timestamp" name="enrichmentService Metrics resetEnrichmentMetrics should update lastReset timestamp" time="0">
    </testcase>
    <testcase classname="enrichmentService Metrics recordFallback should increment fallback count" name="enrichmentService Metrics recordFallback should increment fallback count" time="0.001">
    </testcase>
    <testcase classname="enrichmentService Rate Limiting getTimeUntilNextRequest should return 0 when under rate limit" name="enrichmentService Rate Limiting getTimeUntilNextRequest should return 0 when under rate limit" time="0">
    </testcase>
    <testcase classname="enrichmentService mergeEnrichmentData should return original array when enrichment data is empty" name="enrichmentService mergeEnrichmentData should return original array when enrichment data is empty" time="0">
    </testcase>
    <testcase classname="enrichmentService mergeEnrichmentData should merge enrichment data into matching beers" name="enrichmentService mergeEnrichmentData should merge enrichment data into matching beers" time="0.002">
    </testcase>
    <testcase classname="enrichmentService mergeEnrichmentData should preserve existing ABV if enriched_abv is null" name="enrichmentService mergeEnrichmentData should preserve existing ABV if enriched_abv is null" time="0.001">
    </testcase>
    <testcase classname="enrichmentService mergeEnrichmentData should work with BeerfinderWithContainerType" name="enrichmentService mergeEnrichmentData should work with BeerfinderWithContainerType" time="0">
    </testcase>
    <testcase classname="enrichmentService mergeEnrichmentData should not mutate original array" name="enrichmentService mergeEnrichmentData should not mutate original array" time="0.001">
    </testcase>
    <testcase classname="enrichmentService mergeEnrichmentData should handle empty beer array" name="enrichmentService mergeEnrichmentData should handle empty beer array" time="0">
    </testcase>
    <testcase classname="enrichmentService Rate Limiting - Extended Tests __resetRateLimitStateForTests should clear rate limit state" name="enrichmentService Rate Limiting - Extended Tests __resetRateLimitStateForTests should clear rate limit state" time="0.001">
    </testcase>
    <testcase classname="enrichmentService Rate Limiting - Extended Tests isRequestAllowed and getTimeUntilNextRequest interaction should return 0 wait time when rate limit not reached" name="enrichmentService Rate Limiting - Extended Tests isRequestAllowed and getTimeUntilNextRequest interaction should return 0 wait time when rate limit not reached" time="0">
    </testcase>
    <testcase classname="enrichmentService Rate Limiting - Extended Tests isRequestAllowed and getTimeUntilNextRequest interaction should handle timestamp expiry correctly" name="enrichmentService Rate Limiting - Extended Tests isRequestAllowed and getTimeUntilNextRequest interaction should handle timestamp expiry correctly" time="0">
    </testcase>
    <testcase classname="enrichmentService Health Functions checkEnrichmentHealth should return true when health endpoint returns ok status" name="enrichmentService Health Functions checkEnrichmentHealth should return true when health endpoint returns ok status" time="0.001">
    </testcase>
    <testcase classname="enrichmentService Health Functions checkEnrichmentHealth should return false when health endpoint returns error status" name="enrichmentService Health Functions checkEnrichmentHealth should return false when health endpoint returns error status" time="0">
    </testcase>
    <testcase classname="enrichmentService Health Functions checkEnrichmentHealth should return false when response is not ok" name="enrichmentService Health Functions checkEnrichmentHealth should return false when response is not ok" time="0">
    </testcase>
    <testcase classname="enrichmentService Health Functions checkEnrichmentHealth should return false when fetch throws" name="enrichmentService Health Functions checkEnrichmentHealth should return false when fetch throws" time="0">
    </testcase>
    <testcase classname="enrichmentService Health Functions checkEnrichmentHealth should return false when apiUrl is not configured" name="enrichmentService Health Functions checkEnrichmentHealth should return false when apiUrl is not configured" time="0">
    </testcase>
    <testcase classname="enrichmentService Health Functions getEnrichmentHealthDetails should return health details with enrichment quotas" name="enrichmentService Health Functions getEnrichmentHealthDetails should return health details with enrichment quotas" time="0.001">
    </testcase>
    <testcase classname="enrichmentService Health Functions getEnrichmentHealthDetails should return null when response is not ok" name="enrichmentService Health Functions getEnrichmentHealthDetails should return null when response is not ok" time="0">
    </testcase>
    <testcase classname="enrichmentService Health Functions getEnrichmentHealthDetails should return null when fetch throws" name="enrichmentService Health Functions getEnrichmentHealthDetails should return null when fetch throws" time="0">
    </testcase>
    <testcase classname="enrichmentService Health Functions getEnrichmentHealthDetails should return null when apiUrl is not configured" name="enrichmentService Health Functions getEnrichmentHealthDetails should return null when apiUrl is not configured" time="0">
    </testcase>
    <testcase classname="enrichmentService API Functions getClientId should return cached client ID when available" name="enrichmentService API Functions getClientId should return cached client ID when available" time="0">
    </testcase>
    <testcase classname="enrichmentService API Functions getClientId should return existing client ID from preferences" name="enrichmentService API Functions getClientId should return existing client ID from preferences" time="0">
    </testcase>
    <testcase classname="enrichmentService API Functions fetchBeersFromProxy should throw when enrichment is not configured" name="enrichmentService API Functions fetchBeersFromProxy should throw when enrichment is not configured" time="0.039">
    </testcase>
    <testcase classname="enrichmentService API Functions fetchBeersFromProxy should throw when rate limited" name="enrichmentService API Functions fetchBeersFromProxy should throw when rate limited" time="0.002">
    </testcase>
    <testcase classname="enrichmentService API Functions fetchBeersFromProxy should return beer data on successful response" name="enrichmentService API Functions fetchBeersFromProxy should return beer data on successful response" time="0">
    </testcase>
    <testcase classname="enrichmentService API Functions fetchBeersFromProxy should track cache hits in metrics" name="enrichmentService API Functions fetchBeersFromProxy should track cache hits in metrics" time="0.001">
    </testcase>
    <testcase classname="enrichmentService API Functions fetchBeersFromProxy should handle 429 rate limit response from server" name="enrichmentService API Functions fetchBeersFromProxy should handle 429 rate limit response from server" time="0">
    </testcase>
    <testcase classname="enrichmentService API Functions fetchBeersFromProxy should handle 401 unauthorized response" name="enrichmentService API Functions fetchBeersFromProxy should handle 401 unauthorized response" time="0.001">
    </testcase>
    <testcase classname="enrichmentService API Functions fetchBeersFromProxy should handle other error responses" name="enrichmentService API Functions fetchBeersFromProxy should handle other error responses" time="0">
    </testcase>
    <testcase classname="enrichmentService API Functions fetchBeersFromProxy should handle network timeout" name="enrichmentService API Functions fetchBeersFromProxy should handle network timeout" time="0.001">
    </testcase>
    <testcase classname="enrichmentService API Functions fetchEnrichmentBatch should return empty object when not configured" name="enrichmentService API Functions fetchEnrichmentBatch should return empty object when not configured" time="0">
    </testcase>
    <testcase classname="enrichmentService API Functions fetchEnrichmentBatch should return empty object for empty beer IDs array" name="enrichmentService API Functions fetchEnrichmentBatch should return empty object for empty beer IDs array" time="0">
    </testcase>
    <testcase classname="enrichmentService API Functions fetchEnrichmentBatch should return enrichment data for valid beer IDs" name="enrichmentService API Functions fetchEnrichmentBatch should return enrichment data for valid beer IDs" time="0.001">
    </testcase>
    <testcase classname="enrichmentService API Functions fetchEnrichmentBatch should chunk large requests based on batchSize config" name="enrichmentService API Functions fetchEnrichmentBatch should chunk large requests based on batchSize config" time="0.003">
    </testcase>
    <testcase classname="enrichmentService API Functions fetchEnrichmentBatch should handle 429 rate limit and return partial results" name="enrichmentService API Functions fetchEnrichmentBatch should handle 429 rate limit and return partial results" time="0.001">
    </testcase>
    <testcase classname="enrichmentService API Functions fetchEnrichmentBatch should handle non-429 errors and continue with next chunk" name="enrichmentService API Functions fetchEnrichmentBatch should handle non-429 errors and continue with next chunk" time="0">
    </testcase>
    <testcase classname="enrichmentService API Functions fetchEnrichmentBatch should handle timeout and continue with next chunk" name="enrichmentService API Functions fetchEnrichmentBatch should handle timeout and continue with next chunk" time="0">
    </testcase>
    <testcase classname="enrichmentService API Functions fetchEnrichmentBatch should track metrics per chunk processed" name="enrichmentService API Functions fetchEnrichmentBatch should track metrics per chunk processed" time="0.001">
    </testcase>
    <testcase classname="enrichmentService API Functions fetchEnrichmentBatch should rate limit when too many chunks requested" name="enrichmentService API Functions fetchEnrichmentBatch should rate limit when too many chunks requested" time="0.001">
    </testcase>
    <testcase classname="enrichmentService API Functions fetchEnrichmentBatch should handle network errors and stop processing" name="enrichmentService API Functions fetchEnrichmentBatch should handle network errors and stop processing" time="0">
    </testcase>
    <testcase classname="enrichmentService Cache Functions bustTaplistCache should return true when cache is successfully cleared" name="enrichmentService Cache Functions bustTaplistCache should return true when cache is successfully cleared" time="0.001">
    </testcase>
    <testcase classname="enrichmentService Cache Functions bustTaplistCache should return false when cache was not cleared" name="enrichmentService Cache Functions bustTaplistCache should return false when cache was not cleared" time="0">
    </testcase>
    <testcase classname="enrichmentService Cache Functions bustTaplistCache should return false when response is not ok" name="enrichmentService Cache Functions bustTaplistCache should return false when response is not ok" time="0">
    </testcase>
    <testcase classname="enrichmentService Cache Functions bustTaplistCache should return false when fetch throws" name="enrichmentService Cache Functions bustTaplistCache should return false when fetch throws" time="0">
    </testcase>
    <testcase classname="enrichmentService Cache Functions bustTaplistCache should return false when enrichment is not configured" name="enrichmentService Cache Functions bustTaplistCache should return false when enrichment is not configured" time="0.001">
    </testcase>
  </testsuite>
</testsuites>