<?xml version="1.0" encoding="UTF-8"?>
<testsuites name="jest tests" tests="38" failures="0" errors="0" time="2.223">
  <testsuite name="RewardsRepository" errors="0" failures="0" skipped="0" timestamp="2025-11-08T19:14:14" time="1.664" tests="38">
    <testcase classname="RewardsRepository insertMany should insert multiple rewards in batches" name="RewardsRepository insertMany should insert multiple rewards in batches" time="0.004">
    </testcase>
    <testcase classname="RewardsRepository insertMany should handle empty array by returning early" name="RewardsRepository insertMany should handle empty array by returning early" time="0.001">
    </testcase>
    <testcase classname="RewardsRepository insertMany should handle null rewards array" name="RewardsRepository insertMany should handle null rewards array" time="0.001">
    </testcase>
    <testcase classname="RewardsRepository insertMany should process rewards in batches of 100" name="RewardsRepository insertMany should process rewards in batches of 100" time="0">
    </testcase>
    <testcase classname="RewardsRepository insertMany should handle rewards with empty optional fields" name="RewardsRepository insertMany should handle rewards with empty optional fields" time="0">
    </testcase>
    <testcase classname="RewardsRepository insertMany should use placeholders for each reward" name="RewardsRepository insertMany should use placeholders for each reward" time="0">
    </testcase>
    <testcase classname="RewardsRepository insertMany should throw error on database failure" name="RewardsRepository insertMany should throw error on database failure" time="0.013">
    </testcase>
    <testcase classname="RewardsRepository insertMany should log success message after populating" name="RewardsRepository insertMany should log success message after populating" time="0">
    </testcase>
    <testcase classname="RewardsRepository insertMany should handle missing reward_id by using empty string" name="RewardsRepository insertMany should handle missing reward_id by using empty string" time="0.001">
    </testcase>
    <testcase classname="RewardsRepository insertMany should clear table before inserting" name="RewardsRepository insertMany should clear table before inserting" time="0">
    </testcase>
    <testcase classname="RewardsRepository getAll should return all rewards ordered by reward_id" name="RewardsRepository getAll should return all rewards ordered by reward_id" time="0.001">
    </testcase>
    <testcase classname="RewardsRepository getAll should return empty array when no rewards exist" name="RewardsRepository getAll should return empty array when no rewards exist" time="0">
    </testcase>
    <testcase classname="RewardsRepository getAll should return empty array on database error" name="RewardsRepository getAll should return empty array on database error" time="0">
    </testcase>
    <testcase classname="RewardsRepository getAll should handle database returning null" name="RewardsRepository getAll should handle database returning null" time="0.001">
    </testcase>
    <testcase classname="RewardsRepository getById should return reward when found" name="RewardsRepository getById should return reward when found" time="0">
    </testcase>
    <testcase classname="RewardsRepository getById should return null when reward not found" name="RewardsRepository getById should return null when reward not found" time="0">
    </testcase>
    <testcase classname="RewardsRepository getById should handle empty reward_id string" name="RewardsRepository getById should handle empty reward_id string" time="0">
    </testcase>
    <testcase classname="RewardsRepository getById should throw error on database failure" name="RewardsRepository getById should throw error on database failure" time="0">
    </testcase>
    <testcase classname="RewardsRepository getByType should return rewards matching the type" name="RewardsRepository getByType should return rewards matching the type" time="0.001">
    </testcase>
    <testcase classname="RewardsRepository getByType should return empty array when no rewards match type" name="RewardsRepository getByType should return empty array when no rewards match type" time="0">
    </testcase>
    <testcase classname="RewardsRepository getByType should handle empty type string" name="RewardsRepository getByType should handle empty type string" time="0">
    </testcase>
    <testcase classname="RewardsRepository getByType should throw error on database failure" name="RewardsRepository getByType should throw error on database failure" time="0.001">
    </testcase>
    <testcase classname="RewardsRepository getRedeemed should return rewards that have been redeemed" name="RewardsRepository getRedeemed should return rewards that have been redeemed" time="0">
    </testcase>
    <testcase classname="RewardsRepository getRedeemed should return empty array when no redeemed rewards exist" name="RewardsRepository getRedeemed should return empty array when no redeemed rewards exist" time="0">
    </testcase>
    <testcase classname="RewardsRepository getRedeemed should throw error on database failure" name="RewardsRepository getRedeemed should throw error on database failure" time="0.001">
    </testcase>
    <testcase classname="RewardsRepository getUnredeemed should return rewards that have not been redeemed" name="RewardsRepository getUnredeemed should return rewards that have not been redeemed" time="0">
    </testcase>
    <testcase classname="RewardsRepository getUnredeemed should return empty array when all rewards are redeemed" name="RewardsRepository getUnredeemed should return empty array when all rewards are redeemed" time="0.001">
    </testcase>
    <testcase classname="RewardsRepository getUnredeemed should handle redeemed stored as &quot;0&quot; (alternative false)" name="RewardsRepository getUnredeemed should handle redeemed stored as &quot;0&quot; (alternative false)" time="0">
    </testcase>
    <testcase classname="RewardsRepository getUnredeemed should throw error on database failure" name="RewardsRepository getUnredeemed should throw error on database failure" time="0">
    </testcase>
    <testcase classname="RewardsRepository clear should clear all rewards from the table" name="RewardsRepository clear should clear all rewards from the table" time="0.001">
    </testcase>
    <testcase classname="RewardsRepository clear should log clearing message" name="RewardsRepository clear should log clearing message" time="0">
    </testcase>
    <testcase classname="RewardsRepository clear should throw error on database failure" name="RewardsRepository clear should throw error on database failure" time="0.001">
    </testcase>
    <testcase classname="RewardsRepository getCount should return count of rewards" name="RewardsRepository getCount should return count of rewards" time="0">
    </testcase>
    <testcase classname="RewardsRepository getCount should return 0 when no rewards exist" name="RewardsRepository getCount should return 0 when no rewards exist" time="0">
    </testcase>
    <testcase classname="RewardsRepository getCount should handle null count result" name="RewardsRepository getCount should handle null count result" time="0">
    </testcase>
    <testcase classname="RewardsRepository getCount should throw error on database failure" name="RewardsRepository getCount should throw error on database failure" time="0.001">
    </testcase>
    <testcase classname="RewardsRepository error handling should log error when populate fails" name="RewardsRepository error handling should log error when populate fails" time="0">
    </testcase>
    <testcase classname="RewardsRepository error handling should use transaction for atomic operations" name="RewardsRepository error handling should use transaction for atomic operations" time="0.003">
    </testcase>
  </testsuite>
</testsuites>