<?xml version="1.0" encoding="UTF-8"?>
<testsuites name="jest tests" tests="2" failures="1" errors="0" time="1.942">
  <testsuite name="manualRefreshAllData" errors="0" failures="1" skipped="0" timestamp="2025-11-08T18:25:41" time="1.413" tests="2">
    <testcase classname="manualRefreshAllData refreshes core endpoints and returns no errors when both succeed" name="manualRefreshAllData refreshes core endpoints and returns no errors when both succeed" time="0.004">
      <failure>Error: expect(received).toBe(expected) // Object.is equality

Expected: false
Received: true
    at Object.toBe (/workspace/BeerSelector/src/services/__tests__/dataUpdateService.manualRefresh.test.ts:35:30)
    at Generator.next (&lt;anonymous&gt;)
    at asyncGeneratorStep (/workspace/BeerSelector/node_modules/@babel/runtime/helpers/asyncToGenerator.js:3:17)
    at _next (/workspace/BeerSelector/node_modules/@babel/runtime/helpers/asyncToGenerator.js:17:9)
    at processTicksAndRejections (node:internal/process/task_queues:95:5)</failure>
    </testcase>
    <testcase classname="manualRefreshAllData handles partial failure and sets hasErrors" name="manualRefreshAllData handles partial failure and sets hasErrors" time="0.001">
    </testcase>
  </testsuite>
</testsuites>