<?xml version="1.0" encoding="UTF-8"?>
<testsuites name="jest tests" tests="1668" failures="0" errors="0" time="17.79">
  <testsuite name="DatabaseLockManager" errors="0" failures="0" skipped="0" timestamp="2025-12-05T17:21:29" time="4.025" tests="37">
    <testcase classname="DatabaseLockManager Basic lock acquisition should acquire lock when available" name="DatabaseLockManager Basic lock acquisition should acquire lock when available" time="0.009">
    </testcase>
    <testcase classname="DatabaseLockManager Basic lock acquisition should release lock successfully" name="DatabaseLockManager Basic lock acquisition should release lock successfully" time="0">
    </testcase>
    <testcase classname="DatabaseLockManager Basic lock acquisition should check lock status correctly" name="DatabaseLockManager Basic lock acquisition should check lock status correctly" time="0">
    </testcase>
    <testcase classname="DatabaseLockManager Queue mechanism (FIFO) should queue lock requests and process in FIFO order" name="DatabaseLockManager Queue mechanism (FIFO) should queue lock requests and process in FIFO order" time="0.001">
    </testcase>
    <testcase classname="DatabaseLockManager Queue mechanism (FIFO) should handle multiple simultaneous lock requests" name="DatabaseLockManager Queue mechanism (FIFO) should handle multiple simultaneous lock requests" time="0.001">
    </testcase>
    <testcase classname="DatabaseLockManager Queue mechanism (FIFO) should propagate lock to next waiter on release" name="DatabaseLockManager Queue mechanism (FIFO) should propagate lock to next waiter on release" time="0">
    </testcase>
    <testcase classname="DatabaseLockManager Queue mechanism (FIFO) should track queue length correctly" name="DatabaseLockManager Queue mechanism (FIFO) should track queue length correctly" time="0.001">
    </testcase>
    <testcase classname="DatabaseLockManager Timeout handling with fake timers should auto-release lock after timeout" name="DatabaseLockManager Timeout handling with fake timers should auto-release lock after timeout" time="0.001">
    </testcase>
    <testcase classname="DatabaseLockManager Timeout handling with fake timers should log warning when lock is forcibly released" name="DatabaseLockManager Timeout handling with fake timers should log warning when lock is forcibly released" time="0.001">
    </testcase>
    <testcase classname="DatabaseLockManager Timeout handling with fake timers should clear timeout when lock is released normally" name="DatabaseLockManager Timeout handling with fake timers should clear timeout when lock is released normally" time="0.001">
    </testcase>
    <testcase classname="DatabaseLockManager Concurrent operations should prevent concurrent database operations" name="DatabaseLockManager Concurrent operations should prevent concurrent database operations" time="0">
    </testcase>
    <testcase classname="DatabaseLockManager Concurrent operations should handle rapid lock requests without race conditions" name="DatabaseLockManager Concurrent operations should handle rapid lock requests without race conditions" time="0.001">
    </testcase>
    <testcase classname="DatabaseLockManager Error recovery should allow new operations after failed operation" name="DatabaseLockManager Error recovery should allow new operations after failed operation" time="0">
    </testcase>
    <testcase classname="DatabaseLockManager Error recovery should handle multiple releases gracefully" name="DatabaseLockManager Error recovery should handle multiple releases gracefully" time="0.001">
    </testcase>
    <testcase classname="DatabaseLockManager Operation tracking should track current operation name" name="DatabaseLockManager Operation tracking should track current operation name" time="0">
    </testcase>
    <testcase classname="DatabaseLockManager Operation tracking should update current operation as queue processes" name="DatabaseLockManager Operation tracking should update current operation as queue processes" time="0.001">
    </testcase>
    <testcase classname="DatabaseLockManager Logging should log lock acquisition" name="DatabaseLockManager Logging should log lock acquisition" time="0.001">
    </testcase>
    <testcase classname="DatabaseLockManager Logging should log lock release" name="DatabaseLockManager Logging should log lock release" time="0">
    </testcase>
    <testcase classname="DatabaseLockManager Logging should log when waiting for lock" name="DatabaseLockManager Logging should log when waiting for lock" time="0">
    </testcase>
    <testcase classname="DatabaseLockManager Lock acquisition timeout (Step 5d) should reject promise if lock not acquired within custom timeout" name="DatabaseLockManager Lock acquisition timeout (Step 5d) should reject promise if lock not acquired within custom timeout" time="0.028">
    </testcase>
    <testcase classname="DatabaseLockManager Lock acquisition timeout (Step 5d) should use default 30-second timeout if not specified" name="DatabaseLockManager Lock acquisition timeout (Step 5d) should use default 30-second timeout if not specified" time="0.002">
    </testcase>
    <testcase classname="DatabaseLockManager Lock acquisition timeout (Step 5d) should have separate acquisition timeout (30s) and hold timeout (15s)" name="DatabaseLockManager Lock acquisition timeout (Step 5d) should have separate acquisition timeout (30s) and hold timeout (15s)" time="0.001">
    </testcase>
    <testcase classname="DatabaseLockManager Lock acquisition timeout (Step 5d) should clear acquisition timeout if lock is granted before timeout" name="DatabaseLockManager Lock acquisition timeout (Step 5d) should clear acquisition timeout if lock is granted before timeout" time="0.001">
    </testcase>
    <testcase classname="DatabaseLockManager Lock acquisition timeout (Step 5d) should remove timed-out operation from queue" name="DatabaseLockManager Lock acquisition timeout (Step 5d) should remove timed-out operation from queue" time="0.006">
    </testcase>
    <testcase classname="DatabaseLockManager Lock acquisition timeout (Step 5d) should handle multiple queued operations with different timeouts" name="DatabaseLockManager Lock acquisition timeout (Step 5d) should handle multiple queued operations with different timeouts" time="0.002">
    </testcase>
    <testcase classname="DatabaseLockManager Lock acquisition timeout (Step 5d) should log warning when acquisition timeout occurs" name="DatabaseLockManager Lock acquisition timeout (Step 5d) should log warning when acquisition timeout occurs" time="0.001">
    </testcase>
    <testcase classname="DatabaseLockManager Graceful Shutdown should prepare for shutdown successfully when lock is free" name="DatabaseLockManager Graceful Shutdown should prepare for shutdown successfully when lock is free" time="0">
    </testcase>
    <testcase classname="DatabaseLockManager Graceful Shutdown should wait for active operation to complete before shutdown" name="DatabaseLockManager Graceful Shutdown should wait for active operation to complete before shutdown" time="0.102">
    </testcase>
    <testcase classname="DatabaseLockManager Graceful Shutdown should timeout if operation takes too long during shutdown" name="DatabaseLockManager Graceful Shutdown should timeout if operation takes too long during shutdown" time="1.01">
    </testcase>
    <testcase classname="DatabaseLockManager Graceful Shutdown should prevent new lock acquisitions after shutdown initiated" name="DatabaseLockManager Graceful Shutdown should prevent new lock acquisitions after shutdown initiated" time="0.002">
    </testcase>
    <testcase classname="DatabaseLockManager Graceful Shutdown should warn when forcing shutdown with lock held" name="DatabaseLockManager Graceful Shutdown should warn when forcing shutdown with lock held" time="0.512">
    </testcase>
    <testcase classname="DatabaseLockManager Graceful Shutdown should warn when shutting down with non-empty queue" name="DatabaseLockManager Graceful Shutdown should warn when shutting down with non-empty queue" time="0.504">
    </testcase>
    <testcase classname="DatabaseLockManager Graceful Shutdown should log when entering shutdown state" name="DatabaseLockManager Graceful Shutdown should log when entering shutdown state" time="0.001">
    </testcase>
    <testcase classname="DatabaseLockManager Graceful Shutdown should handle shutdown when already in shutdown state" name="DatabaseLockManager Graceful Shutdown should handle shutdown when already in shutdown state" time="0">
    </testcase>
    <testcase classname="DatabaseLockManager Graceful Shutdown should poll lock status during shutdown" name="DatabaseLockManager Graceful Shutdown should poll lock status during shutdown" time="0.1">
    </testcase>
    <testcase classname="DatabaseLockManager Graceful Shutdown should use custom timeout when provided" name="DatabaseLockManager Graceful Shutdown should use custom timeout when provided" time="0.208">
    </testcase>
    <testcase classname="DatabaseLockManager Graceful Shutdown should use default timeout (5 seconds) when not specified" name="DatabaseLockManager Graceful Shutdown should use default timeout (5 seconds) when not specified" time="0.102">
    </testcase>
  </testsuite>
  <testsuite name="Database State Machine Integration" errors="0" failures="0" skipped="0" timestamp="2025-12-05T17:21:33" time="1.542" tests="15">
    <testcase classname="Database State Machine Integration setupDatabase with state machine should transition from UNINITIALIZED to INITIALIZING to READY" name="Database State Machine Integration setupDatabase with state machine should transition from UNINITIALIZED to INITIALIZING to READY" time="0.001">
    </testcase>
    <testcase classname="Database State Machine Integration setupDatabase with state machine should return immediately if already READY" name="Database State Machine Integration setupDatabase with state machine should return immediately if already READY" time="0.001">
    </testcase>
    <testcase classname="Database State Machine Integration setupDatabase with state machine should use state machine for initialization tracking" name="Database State Machine Integration setupDatabase with state machine should use state machine for initialization tracking" time="0">
    </testcase>
    <testcase classname="Database State Machine Integration setupDatabase with state machine should transition to ERROR state on setup failure" name="Database State Machine Integration setupDatabase with state machine should transition to ERROR state on setup failure" time="0.016">
    </testcase>
    <testcase classname="Database State Machine Integration setupDatabase with state machine should allow retry after ERROR state" name="Database State Machine Integration setupDatabase with state machine should allow retry after ERROR state" time="0.001">
    </testcase>
    <testcase classname="Database State Machine Integration setupDatabase with state machine should throw error message if setup is in ERROR state during wait" name="Database State Machine Integration setupDatabase with state machine should throw error message if setup is in ERROR state during wait" time="0.007">
    </testcase>
    <testcase classname="Database State Machine Integration resetDatabaseState should reset state machine to UNINITIALIZED" name="Database State Machine Integration resetDatabaseState should reset state machine to UNINITIALIZED" time="0.001">
    </testcase>
    <testcase classname="Database State Machine Integration resetDatabaseState should allow setup after reset" name="Database State Machine Integration resetDatabaseState should allow setup after reset" time="0.001">
    </testcase>
    <testcase classname="Database State Machine Integration No module-level flags should not use databaseInitialized flag (should use state machine)" name="Database State Machine Integration No module-level flags should not use databaseInitialized flag (should use state machine)" time="0.001">
    </testcase>
    <testcase classname="Database State Machine Integration Event-based waiting (CI-6 fix) should resolve waiter when setReady is called" name="Database State Machine Integration Event-based waiting (CI-6 fix) should resolve waiter when setReady is called" time="0.101">
    </testcase>
    <testcase classname="Database State Machine Integration Event-based waiting (CI-6 fix) should wait for concurrent initialization without polling" name="Database State Machine Integration Event-based waiting (CI-6 fix) should wait for concurrent initialization without polling" time="0.5">
    </testcase>
    <testcase classname="Database State Machine Integration Event-based waiting (CI-6 fix) should resolve immediately if already ready" name="Database State Machine Integration Event-based waiting (CI-6 fix) should resolve immediately if already ready" time="0.001">
    </testcase>
    <testcase classname="Database State Machine Integration Event-based waiting (CI-6 fix) should timeout after 30 seconds if initialization never completes" name="Database State Machine Integration Event-based waiting (CI-6 fix) should timeout after 30 seconds if initialization never completes" time="0.153">
    </testcase>
    <testcase classname="Database State Machine Integration Event-based waiting (CI-6 fix) should handle multiple concurrent waiters" name="Database State Machine Integration Event-based waiting (CI-6 fix) should handle multiple concurrent waiters" time="0.301">
    </testcase>
    <testcase classname="Database State Machine Integration Event-based waiting (CI-6 fix) should reject all waiters if initialization fails" name="Database State Machine Integration Event-based waiting (CI-6 fix) should reject all waiters if initialization fails" time="0.052">
    </testcase>
  </testsuite>
  <testsuite name="beerService" errors="0" failures="0" skipped="4" timestamp="2025-12-05T17:21:35" time="0.332" tests="7">
    <testcase classname="beerService checkInBeer should successfully check in a beer" name="beerService checkInBeer should successfully check in a beer" time="0">
      <skipped/>
    </testcase>
    <testcase classname="beerService checkInBeer should attempt auto-login if session data is missing" name="beerService checkInBeer should attempt auto-login if session data is missing" time="0.033">
    </testcase>
    <testcase classname="beerService checkInBeer should handle API errors gracefully" name="beerService checkInBeer should handle API errors gracefully" time="0">
      <skipped/>
    </testcase>
    <testcase classname="beerService getBeerDetails should return beer details for a valid ID" name="beerService getBeerDetails should return beer details for a valid ID" time="0">
      <skipped/>
    </testcase>
    <testcase classname="beerService getBeerDetails should handle empty beer ID" name="beerService getBeerDetails should handle empty beer ID" time="0">
    </testcase>
    <testcase classname="beerService searchBeers should search beers with a valid query" name="beerService searchBeers should search beers with a valid query" time="0">
      <skipped/>
    </testcase>
    <testcase classname="beerService searchBeers should handle empty search query" name="beerService searchBeers should handle empty search query" time="0">
    </testcase>
  </testsuite>
  <testsuite name="FilterBar" errors="0" failures="0" skipped="0" timestamp="2025-12-05T17:21:35" time="0.853" tests="16">
    <testcase classname="FilterBar renders all filter buttons" name="FilterBar renders all filter buttons" time="0.279">
    </testcase>
    <testcase classname="FilterBar calls onToggleFilter when Draft button pressed" name="FilterBar calls onToggleFilter when Draft button pressed" time="0.006">
    </testcase>
    <testcase classname="FilterBar calls onToggleFilter when Heavies button pressed" name="FilterBar calls onToggleFilter when Heavies button pressed" time="0.004">
    </testcase>
    <testcase classname="FilterBar calls onToggleFilter when IPA button pressed" name="FilterBar calls onToggleFilter when IPA button pressed" time="0.003">
    </testcase>
    <testcase classname="FilterBar calls onToggleSort when sort button pressed" name="FilterBar calls onToggleSort when sort button pressed" time="0.003">
    </testcase>
    <testcase classname="FilterBar hides Heavies and IPA when showHeaviesAndIpa is false" name="FilterBar hides Heavies and IPA when showHeaviesAndIpa is false" time="0.003">
    </testcase>
    <testcase classname="FilterBar shows correct sort label for name sorting" name="FilterBar shows correct sort label for name sorting" time="0.002">
    </testcase>
    <testcase classname="FilterBar shows correct sort label for date sorting" name="FilterBar shows correct sort label for date sorting" time="0.003">
    </testcase>
    <testcase classname="FilterBar displays Draft filter as active when enabled" name="FilterBar displays Draft filter as active when enabled" time="0.004">
    </testcase>
    <testcase classname="FilterBar displays Heavies filter as active when enabled" name="FilterBar displays Heavies filter as active when enabled" time="0.005">
    </testcase>
    <testcase classname="FilterBar displays IPA filter as active when enabled" name="FilterBar displays IPA filter as active when enabled" time="0.005">
    </testcase>
    <testcase classname="FilterBar handles multiple active filters" name="FilterBar handles multiple active filters" time="0.005">
    </testcase>
    <testcase classname="FilterBar renders calendar icon when sorting by date" name="FilterBar renders calendar icon when sorting by date" time="0.005">
    </testcase>
    <testcase classname="FilterBar renders textformat icon when sorting by name" name="FilterBar renders textformat icon when sorting by name" time="0.003">
    </testcase>
    <testcase classname="FilterBar shows Heavies and IPA by default when showHeaviesAndIpa prop omitted" name="FilterBar shows Heavies and IPA by default when showHeaviesAndIpa prop omitted" time="0.004">
    </testcase>
    <testcase classname="FilterBar filter buttons work independently" name="FilterBar filter buttons work independently" time="0.004">
    </testcase>
  </testsuite>
  <testsuite name="BeerList" errors="0" failures="0" skipped="0" timestamp="2025-12-05T17:21:36" time="0.496" tests="15">
    <testcase classname="BeerList renders empty message when no beers and not loading" name="BeerList renders empty message when no beers and not loading" time="0.012">
    </testcase>
    <testcase classname="BeerList uses default empty message when not provided" name="BeerList uses default empty message when not provided" time="0.006">
    </testcase>
    <testcase classname="BeerList does not render empty message when loading" name="BeerList does not render empty message when loading" time="0.191">
    </testcase>
    <testcase classname="BeerList handles empty beers with custom empty message" name="BeerList handles empty beers with custom empty message" time="0">
    </testcase>
    <testcase classname="BeerList shows appropriate empty message for visitor mode" name="BeerList shows appropriate empty message for visitor mode" time="0.001">
    </testcase>
    <testcase classname="BeerList handles null/undefined gracefully" name="BeerList handles null/undefined gracefully" time="0.001">
    </testcase>
    <testcase classname="BeerList accepts all required props without error" name="BeerList accepts all required props without error" time="0.003">
    </testcase>
    <testcase classname="BeerList accepts optional props without error" name="BeerList accepts optional props without error" time="0.002">
    </testcase>
    <testcase classname="BeerList renders component in loading state" name="BeerList renders component in loading state" time="0.001">
    </testcase>
    <testcase classname="BeerList handles refreshing state" name="BeerList handles refreshing state" time="0.001">
    </testcase>
    <testcase classname="BeerList applies correct empty state styling" name="BeerList applies correct empty state styling" time="0.001">
    </testcase>
    <testcase classname="BeerList provides callback functions without error" name="BeerList provides callback functions without error" time="0">
    </testcase>
    <testcase classname="BeerList handles various empty message formats" name="BeerList handles various empty message formats" time="0.002">
    </testcase>
    <testcase classname="BeerList accepts valid Beer objects" name="BeerList accepts valid Beer objects" time="0.003">
    </testcase>
    <testcase classname="BeerList handles boolean props correctly" name="BeerList handles boolean props correctly" time="0.007">
    </testcase>
  </testsuite>
  <testsuite name="MockServer" errors="0" failures="0" skipped="0" timestamp="2025-12-05T17:21:37" time="0.552" tests="62">
    <testcase classname="MockServer server lifecycle should start and stop the server" name="MockServer server lifecycle should start and stop the server" time="0.003">
    </testcase>
    <testcase classname="MockServer server lifecycle should start on a specific port" name="MockServer server lifecycle should start on a specific port" time="0">
    </testcase>
    <testcase classname="MockServer server lifecycle should handle port conflicts gracefully" name="MockServer server lifecycle should handle port conflicts gracefully" time="0.011">
    </testcase>
    <testcase classname="MockServer server lifecycle should throw error if trying to start already running server" name="MockServer server lifecycle should throw error if trying to start already running server" time="0.045">
    </testcase>
    <testcase classname="MockServer server lifecycle should handle multiple stop calls gracefully" name="MockServer server lifecycle should handle multiple stop calls gracefully" time="0.001">
    </testcase>
    <testcase classname="MockServer response configuration should set and serve static responses" name="MockServer response configuration should set and serve static responses" time="0.015">
    </testcase>
    <testcase classname="MockServer response configuration should set multiple responses at once" name="MockServer response configuration should set multiple responses at once" time="0.004">
    </testcase>
    <testcase classname="MockServer response configuration should return default 404 for unmatched paths" name="MockServer response configuration should return default 404 for unmatched paths" time="0.002">
    </testcase>
    <testcase classname="MockServer response configuration should allow setting custom default response" name="MockServer response configuration should allow setting custom default response" time="0.002">
    </testcase>
    <testcase classname="MockServer response configuration should support custom headers" name="MockServer response configuration should support custom headers" time="0.002">
    </testcase>
    <testcase classname="MockServer response configuration should support wildcard patterns" name="MockServer response configuration should support wildcard patterns" time="0.002">
    </testcase>
    <testcase classname="MockServer response configuration should clear specific responses" name="MockServer response configuration should clear specific responses" time="0.002">
    </testcase>
    <testcase classname="MockServer response configuration should clear all responses" name="MockServer response configuration should clear all responses" time="0.004">
    </testcase>
    <testcase classname="MockServer request tracking should track GET requests" name="MockServer request tracking should track GET requests" time="0.002">
    </testcase>
    <testcase classname="MockServer request tracking should track POST requests with body" name="MockServer request tracking should track POST requests with body" time="0.003">
    </testcase>
    <testcase classname="MockServer request tracking should track request headers" name="MockServer request tracking should track request headers" time="0.001">
    </testcase>
    <testcase classname="MockServer request tracking should filter requests by path" name="MockServer request tracking should filter requests by path" time="0.003">
    </testcase>
    <testcase classname="MockServer request tracking should get last request" name="MockServer request tracking should get last request" time="0.002">
    </testcase>
    <testcase classname="MockServer request tracking should clear request history" name="MockServer request tracking should clear request history" time="0.001">
    </testcase>
    <testcase classname="MockServer delay simulation should simulate response delay" name="MockServer delay simulation should simulate response delay" time="0.102">
    </testcase>
    <testcase classname="MockServer delay simulation should handle timeout responses for timeout testing" name="MockServer delay simulation should handle timeout responses for timeout testing" time="0.055">
    </testcase>
    <testcase classname="MockServer dynamic responses should support dynamic response handlers" name="MockServer dynamic responses should support dynamic response handlers" time="0.005">
    </testcase>
    <testcase classname="MockServer dynamic responses should support sequential responses helper" name="MockServer dynamic responses should support sequential responses helper" time="0.003">
    </testcase>
    <testcase classname="MockServer dynamic responses should support conditional responses helper" name="MockServer dynamic responses should support conditional responses helper" time="0.007">
    </testcase>
    <testcase classname="MockServer error scenarios should handle malformed JSON in request body gracefully" name="MockServer error scenarios should handle malformed JSON in request body gracefully" time="0.001">
    </testcase>
    <testcase classname="MockServer error scenarios should simulate network errors" name="MockServer error scenarios should simulate network errors" time="0.002">
    </testcase>
    <testcase classname="MockServer error scenarios should simulate network errors" name="MockServer error scenarios should simulate network errors" time="0.001">
    </testcase>
    <testcase classname="MockServer error scenarios should simulate network errors" name="MockServer error scenarios should simulate network errors" time="0.001">
    </testcase>
    <testcase classname="MockServer error scenarios should simulate network errors" name="MockServer error scenarios should simulate network errors" time="0.001">
    </testcase>
    <testcase classname="MockServer error scenarios should simulate network errors" name="MockServer error scenarios should simulate network errors" time="0.001">
    </testcase>
    <testcase classname="MockServer error scenarios should simulate network errors" name="MockServer error scenarios should simulate network errors" time="0.001">
    </testcase>
    <testcase classname="MockServer error scenarios should handle server errors during request processing" name="MockServer error scenarios should handle server errors during request processing" time="0.001">
    </testcase>
    <testcase classname="MockServer integration with config module should work with config.setCustomApiUrl()" name="MockServer integration with config module should work with config.setCustomApiUrl()" time="0.002">
    </testcase>
    <testcase classname="MockServer integration with config module should handle referer headers from config" name="MockServer integration with config module should handle referer headers from config" time="0.001">
    </testcase>
    <testcase classname="MockServer integration with config module should handle query parameters with config URLs" name="MockServer integration with config module should handle query parameters with config URLs" time="0.001">
    </testcase>
    <testcase classname="MockServer helpers networkErrorResponse should create network error response" name="MockServer helpers networkErrorResponse should create network error response" time="0.001">
    </testcase>
    <testcase classname="MockServer helpers timeoutResponse should create timeout response with default delay" name="MockServer helpers timeoutResponse should create timeout response with default delay" time="0">
    </testcase>
    <testcase classname="MockServer helpers timeoutResponse should create timeout response with custom delay" name="MockServer helpers timeoutResponse should create timeout response with custom delay" time="0">
    </testcase>
    <testcase classname="setupMockServer helper should start server and configure API URL" name="setupMockServer helper should start server and configure API URL" time="0.001">
    </testcase>
    <testcase classname="setupMockServer helper should start on specific port when provided" name="setupMockServer helper should start on specific port when provided" time="0">
    </testcase>
    <testcase classname="setupMockServer helper should restore environment on cleanup" name="setupMockServer helper should restore environment on cleanup" time="0.001">
    </testcase>
    <testcase classname="setupMockServer helper should work with setResponse and fetch" name="setupMockServer helper should work with setResponse and fetch" time="0.001">
    </testcase>
    <testcase classname="FlyingSaucerResponses presets beers() should create proper Flying Saucer beers response" name="FlyingSaucerResponses presets beers() should create proper Flying Saucer beers response" time="0.001">
    </testcase>
    <testcase classname="FlyingSaucerResponses presets beers() should handle empty beers array" name="FlyingSaucerResponses presets beers() should handle empty beers array" time="0.001">
    </testcase>
    <testcase classname="FlyingSaucerResponses presets myBeers() should create proper tasted beers response" name="FlyingSaucerResponses presets myBeers() should create proper tasted beers response" time="0.001">
    </testcase>
    <testcase classname="FlyingSaucerResponses presets rewards() should create proper rewards response" name="FlyingSaucerResponses presets rewards() should create proper rewards response" time="0.001">
    </testcase>
    <testcase classname="FlyingSaucerResponses presets empty() should create empty brewInStock response" name="FlyingSaucerResponses presets empty() should create empty brewInStock response" time="0.001">
    </testcase>
    <testcase classname="FlyingSaucerResponses presets error responses should create 500 server error response" name="FlyingSaucerResponses presets error responses should create 500 server error response" time="0.001">
    </testcase>
    <testcase classname="FlyingSaucerResponses presets error responses should create 401 not authenticated response" name="FlyingSaucerResponses presets error responses should create 401 not authenticated response" time="0.001">
    </testcase>
    <testcase classname="FlyingSaucerResponses presets error responses should create 404 not found response" name="FlyingSaucerResponses presets error responses should create 404 not found response" time="0.002">
    </testcase>
    <testcase classname="FlyingSaucerResponses presets error responses should create 429 rate limited response" name="FlyingSaucerResponses presets error responses should create 429 rate limited response" time="0.001">
    </testcase>
    <testcase classname="RequestMatcher toHaveBeenCalled should pass when endpoint was called" name="RequestMatcher toHaveBeenCalled should pass when endpoint was called" time="0.002">
    </testcase>
    <testcase classname="RequestMatcher toHaveBeenCalled should fail when endpoint was not called" name="RequestMatcher toHaveBeenCalled should fail when endpoint was not called" time="0.002">
    </testcase>
    <testcase classname="RequestMatcher toHaveBeenCalledTimes should pass when call count matches" name="RequestMatcher toHaveBeenCalledTimes should pass when call count matches" time="0.002">
    </testcase>
    <testcase classname="RequestMatcher toHaveBeenCalledTimes should fail when call count does not match" name="RequestMatcher toHaveBeenCalledTimes should fail when call count does not match" time="0.001">
    </testcase>
    <testcase classname="RequestMatcher toHaveBeenCalledWith should match query parameters" name="RequestMatcher toHaveBeenCalledWith should match query parameters" time="0.002">
    </testcase>
    <testcase classname="RequestMatcher toHaveBeenCalledWith should match request method" name="RequestMatcher toHaveBeenCalledWith should match request method" time="0.001">
    </testcase>
    <testcase classname="RequestMatcher toHaveBeenCalledWith should match request body" name="RequestMatcher toHaveBeenCalledWith should match request body" time="0.001">
    </testcase>
    <testcase classname="RequestMatcher toHaveBeenCalledWith should match request headers" name="RequestMatcher toHaveBeenCalledWith should match request headers" time="0">
    </testcase>
    <testcase classname="RequestMatcher toHaveBeenCalledWith should fail when parameters do not match" name="RequestMatcher toHaveBeenCalledWith should fail when parameters do not match" time="0.001">
    </testcase>
    <testcase classname="RequestMatcher not.toHaveBeenCalled should pass when endpoint was not called" name="RequestMatcher not.toHaveBeenCalled should pass when endpoint was not called" time="0.001">
    </testcase>
    <testcase classname="RequestMatcher not.toHaveBeenCalled should fail when endpoint was called" name="RequestMatcher not.toHaveBeenCalled should fail when endpoint was called" time="0.001">
    </testcase>
  </testsuite>
  <testsuite name="Config Validation Error Tests" errors="0" failures="0" skipped="0" timestamp="2025-12-05T17:21:37" time="0.569" tests="111">
    <testcase classname="Config Validation Error Tests Invalid URL Formats Protocol Validation should reject URL without protocol" name="Config Validation Error Tests Invalid URL Formats Protocol Validation should reject URL without protocol" time="0.034">
    </testcase>
    <testcase classname="Config Validation Error Tests Invalid URL Formats Protocol Validation should reject URL with FTP protocol" name="Config Validation Error Tests Invalid URL Formats Protocol Validation should reject URL with FTP protocol" time="0.001">
    </testcase>
    <testcase classname="Config Validation Error Tests Invalid URL Formats Protocol Validation should reject URL with file:// protocol" name="Config Validation Error Tests Invalid URL Formats Protocol Validation should reject URL with file:// protocol" time="0.001">
    </testcase>
    <testcase classname="Config Validation Error Tests Invalid URL Formats Protocol Validation should reject URL with custom protocol" name="Config Validation Error Tests Invalid URL Formats Protocol Validation should reject URL with custom protocol" time="0">
    </testcase>
    <testcase classname="Config Validation Error Tests Invalid URL Formats Protocol Validation should reject URL with javascript: protocol" name="Config Validation Error Tests Invalid URL Formats Protocol Validation should reject URL with javascript: protocol" time="0.001">
    </testcase>
    <testcase classname="Config Validation Error Tests Invalid URL Formats Protocol Validation should reject protocol-relative URLs" name="Config Validation Error Tests Invalid URL Formats Protocol Validation should reject protocol-relative URLs" time="0">
    </testcase>
    <testcase classname="Config Validation Error Tests Invalid URL Formats Empty and Minimal URLs should reject empty URL string" name="Config Validation Error Tests Invalid URL Formats Empty and Minimal URLs should reject empty URL string" time="0.001">
    </testcase>
    <testcase classname="Config Validation Error Tests Invalid URL Formats Empty and Minimal URLs should reject whitespace-only URL" name="Config Validation Error Tests Invalid URL Formats Empty and Minimal URLs should reject whitespace-only URL" time="0">
    </testcase>
    <testcase classname="Config Validation Error Tests Invalid URL Formats Empty and Minimal URLs should reject URL with only HTTP protocol" name="Config Validation Error Tests Invalid URL Formats Empty and Minimal URLs should reject URL with only HTTP protocol" time="0.001">
    </testcase>
    <testcase classname="Config Validation Error Tests Invalid URL Formats Empty and Minimal URLs should reject URL with only HTTPS protocol" name="Config Validation Error Tests Invalid URL Formats Empty and Minimal URLs should reject URL with only HTTPS protocol" time="0">
    </testcase>
    <testcase classname="Config Validation Error Tests Invalid URL Formats Empty and Minimal URLs should reject URL with protocol and single slash" name="Config Validation Error Tests Invalid URL Formats Empty and Minimal URLs should reject URL with protocol and single slash" time="0.001">
    </testcase>
    <testcase classname="Config Validation Error Tests Invalid URL Formats Empty and Minimal URLs should reject URL with protocol but no domain" name="Config Validation Error Tests Invalid URL Formats Empty and Minimal URLs should reject URL with protocol but no domain" time="0.001">
    </testcase>
    <testcase classname="Config Validation Error Tests Invalid URL Formats URLs with Spaces and Special Characters should reject URL with space in domain" name="Config Validation Error Tests Invalid URL Formats URLs with Spaces and Special Characters should reject URL with space in domain" time="0">
    </testcase>
    <testcase classname="Config Validation Error Tests Invalid URL Formats URLs with Spaces and Special Characters should reject URL with space in path" name="Config Validation Error Tests Invalid URL Formats URLs with Spaces and Special Characters should reject URL with space in path" time="0.001">
    </testcase>
    <testcase classname="Config Validation Error Tests Invalid URL Formats URLs with Spaces and Special Characters should reject URL with leading space" name="Config Validation Error Tests Invalid URL Formats URLs with Spaces and Special Characters should reject URL with leading space" time="0">
    </testcase>
    <testcase classname="Config Validation Error Tests Invalid URL Formats URLs with Spaces and Special Characters should reject URL with trailing space" name="Config Validation Error Tests Invalid URL Formats URLs with Spaces and Special Characters should reject URL with trailing space" time="0">
    </testcase>
    <testcase classname="Config Validation Error Tests Invalid URL Formats URLs with Spaces and Special Characters should reject URL with tab character" name="Config Validation Error Tests Invalid URL Formats URLs with Spaces and Special Characters should reject URL with tab character" time="0">
    </testcase>
    <testcase classname="Config Validation Error Tests Invalid URL Formats URLs with Spaces and Special Characters should reject URL with newline character" name="Config Validation Error Tests Invalid URL Formats URLs with Spaces and Special Characters should reject URL with newline character" time="0">
    </testcase>
    <testcase classname="Config Validation Error Tests Invalid URL Formats Malformed URLs should accept URL with double slashes in path (valid URL)" name="Config Validation Error Tests Invalid URL Formats Malformed URLs should accept URL with double slashes in path (valid URL)" time="0.001">
    </testcase>
    <testcase classname="Config Validation Error Tests Invalid URL Formats Malformed URLs should accept localhost without dots (valid localhost)" name="Config Validation Error Tests Invalid URL Formats Malformed URLs should accept localhost without dots (valid localhost)" time="0.004">
    </testcase>
    <testcase classname="Config Validation Error Tests Invalid URL Formats Malformed URLs should reject URL with only dots" name="Config Validation Error Tests Invalid URL Formats Malformed URLs should reject URL with only dots" time="0.001">
    </testcase>
    <testcase classname="Config Validation Error Tests Invalid URL Formats Malformed URLs should accept URL with # (fragment identifier)" name="Config Validation Error Tests Invalid URL Formats Malformed URLs should accept URL with # (fragment identifier)" time="0">
    </testcase>
    <testcase classname="Config Validation Error Tests Invalid URL Formats Malformed URLs should accept URL with @ for authentication" name="Config Validation Error Tests Invalid URL Formats Malformed URLs should accept URL with @ for authentication" time="0">
    </testcase>
    <testcase classname="Config Validation Error Tests URL Edge Cases Query Parameters should accept URLs with query parameters" name="Config Validation Error Tests URL Edge Cases Query Parameters should accept URLs with query parameters" time="0.001">
    </testcase>
    <testcase classname="Config Validation Error Tests URL Edge Cases Query Parameters should accept URLs with multiple query parameters" name="Config Validation Error Tests URL Edge Cases Query Parameters should accept URLs with multiple query parameters" time="0">
    </testcase>
    <testcase classname="Config Validation Error Tests URL Edge Cases Query Parameters should accept URLs with encoded query parameters" name="Config Validation Error Tests URL Edge Cases Query Parameters should accept URLs with encoded query parameters" time="0">
    </testcase>
    <testcase classname="Config Validation Error Tests URL Edge Cases Ports should accept URLs with standard HTTP port" name="Config Validation Error Tests URL Edge Cases Ports should accept URLs with standard HTTP port" time="0.001">
    </testcase>
    <testcase classname="Config Validation Error Tests URL Edge Cases Ports should accept URLs with standard HTTPS port" name="Config Validation Error Tests URL Edge Cases Ports should accept URLs with standard HTTPS port" time="0">
    </testcase>
    <testcase classname="Config Validation Error Tests URL Edge Cases Ports should accept URLs with custom port" name="Config Validation Error Tests URL Edge Cases Ports should accept URLs with custom port" time="0">
    </testcase>
    <testcase classname="Config Validation Error Tests URL Edge Cases Ports should accept URLs with high port number" name="Config Validation Error Tests URL Edge Cases Ports should accept URLs with high port number" time="0.001">
    </testcase>
    <testcase classname="Config Validation Error Tests URL Edge Cases localhost and IP addresses should accept localhost with HTTP" name="Config Validation Error Tests URL Edge Cases localhost and IP addresses should accept localhost with HTTP" time="0">
    </testcase>
    <testcase classname="Config Validation Error Tests URL Edge Cases localhost and IP addresses should accept localhost with port" name="Config Validation Error Tests URL Edge Cases localhost and IP addresses should accept localhost with port" time="0">
    </testcase>
    <testcase classname="Config Validation Error Tests URL Edge Cases localhost and IP addresses should accept IPv4 address" name="Config Validation Error Tests URL Edge Cases localhost and IP addresses should accept IPv4 address" time="0">
    </testcase>
    <testcase classname="Config Validation Error Tests URL Edge Cases localhost and IP addresses should accept IPv4 address with port" name="Config Validation Error Tests URL Edge Cases localhost and IP addresses should accept IPv4 address with port" time="0">
    </testcase>
    <testcase classname="Config Validation Error Tests URL Edge Cases localhost and IP addresses should accept 127.0.0.1 loopback" name="Config Validation Error Tests URL Edge Cases localhost and IP addresses should accept 127.0.0.1 loopback" time="0">
    </testcase>
    <testcase classname="Config Validation Error Tests URL Edge Cases localhost and IP addresses should accept 0.0.0.0 all interfaces" name="Config Validation Error Tests URL Edge Cases localhost and IP addresses should accept 0.0.0.0 all interfaces" time="0.001">
    </testcase>
    <testcase classname="Config Validation Error Tests URL Edge Cases URL Normalization should remove single trailing slash" name="Config Validation Error Tests URL Edge Cases URL Normalization should remove single trailing slash" time="0">
    </testcase>
    <testcase classname="Config Validation Error Tests URL Edge Cases URL Normalization should remove multiple trailing slashes" name="Config Validation Error Tests URL Edge Cases URL Normalization should remove multiple trailing slashes" time="0.001">
    </testcase>
    <testcase classname="Config Validation Error Tests URL Edge Cases URL Normalization should remove trailing slash from path" name="Config Validation Error Tests URL Edge Cases URL Normalization should remove trailing slash from path" time="0">
    </testcase>
    <testcase classname="Config Validation Error Tests URL Edge Cases URL Normalization should preserve path without trailing slash" name="Config Validation Error Tests URL Edge Cases URL Normalization should preserve path without trailing slash" time="0">
    </testcase>
    <testcase classname="Config Validation Error Tests URL Edge Cases URL Normalization should normalize mixed trailing slashes" name="Config Validation Error Tests URL Edge Cases URL Normalization should normalize mixed trailing slashes" time="0.001">
    </testcase>
    <testcase classname="Config Validation Error Tests Invalid Timeout Values should reject negative timeout" name="Config Validation Error Tests Invalid Timeout Values should reject negative timeout" time="0.007">
    </testcase>
    <testcase classname="Config Validation Error Tests Invalid Timeout Values should reject zero timeout" name="Config Validation Error Tests Invalid Timeout Values should reject zero timeout" time="0.008">
    </testcase>
    <testcase classname="Config Validation Error Tests Invalid Timeout Values should reject timeout exactly at upper limit + 1" name="Config Validation Error Tests Invalid Timeout Values should reject timeout exactly at upper limit + 1" time="0.008">
    </testcase>
    <testcase classname="Config Validation Error Tests Invalid Timeout Values should reject extremely large timeout" name="Config Validation Error Tests Invalid Timeout Values should reject extremely large timeout" time="0.007">
    </testcase>
    <testcase classname="Config Validation Error Tests Invalid Timeout Values should accept timeout at lower boundary (1ms)" name="Config Validation Error Tests Invalid Timeout Values should accept timeout at lower boundary (1ms)" time="0.008">
    </testcase>
    <testcase classname="Config Validation Error Tests Invalid Timeout Values should accept timeout at upper boundary (60000ms)" name="Config Validation Error Tests Invalid Timeout Values should accept timeout at upper boundary (60000ms)" time="0.007">
    </testcase>
    <testcase classname="Config Validation Error Tests Invalid Timeout Values should handle non-numeric timeout gracefully (fallback to default)" name="Config Validation Error Tests Invalid Timeout Values should handle non-numeric timeout gracefully (fallback to default)" time="0.007">
    </testcase>
    <testcase classname="Config Validation Error Tests Invalid Timeout Values should handle empty string timeout gracefully (fallback to default)" name="Config Validation Error Tests Invalid Timeout Values should handle empty string timeout gracefully (fallback to default)" time="0.007">
    </testcase>
    <testcase classname="Config Validation Error Tests Invalid Timeout Values should handle decimal timeout values (parses to integer)" name="Config Validation Error Tests Invalid Timeout Values should handle decimal timeout values (parses to integer)" time="0.008">
    </testcase>
    <testcase classname="Config Validation Error Tests Invalid Retry Counts should reject negative retry count" name="Config Validation Error Tests Invalid Retry Counts should reject negative retry count" time="0.01">
    </testcase>
    <testcase classname="Config Validation Error Tests Invalid Retry Counts should reject retry count exactly at upper limit + 1" name="Config Validation Error Tests Invalid Retry Counts should reject retry count exactly at upper limit + 1" time="0.007">
    </testcase>
    <testcase classname="Config Validation Error Tests Invalid Retry Counts should reject extremely large retry count" name="Config Validation Error Tests Invalid Retry Counts should reject extremely large retry count" time="0.007">
    </testcase>
    <testcase classname="Config Validation Error Tests Invalid Retry Counts should accept zero retries (no retry)" name="Config Validation Error Tests Invalid Retry Counts should accept zero retries (no retry)" time="0.006">
    </testcase>
    <testcase classname="Config Validation Error Tests Invalid Retry Counts should accept retry count at upper boundary (5)" name="Config Validation Error Tests Invalid Retry Counts should accept retry count at upper boundary (5)" time="0.006">
    </testcase>
    <testcase classname="Config Validation Error Tests Invalid Retry Counts should handle non-numeric retries gracefully (fallback to default)" name="Config Validation Error Tests Invalid Retry Counts should handle non-numeric retries gracefully (fallback to default)" time="0.007">
    </testcase>
    <testcase classname="Config Validation Error Tests Invalid Retry Counts should handle decimal retry values (parses to integer)" name="Config Validation Error Tests Invalid Retry Counts should handle decimal retry values (parses to integer)" time="0.006">
    </testcase>
    <testcase classname="Config Validation Error Tests Invalid Retry Delay Values should reject negative retry delay" name="Config Validation Error Tests Invalid Retry Delay Values should reject negative retry delay" time="0.008">
    </testcase>
    <testcase classname="Config Validation Error Tests Invalid Retry Delay Values should reject zero retry delay" name="Config Validation Error Tests Invalid Retry Delay Values should reject zero retry delay" time="0.008">
    </testcase>
    <testcase classname="Config Validation Error Tests Invalid Retry Delay Values should reject retry delay exactly at upper limit + 1" name="Config Validation Error Tests Invalid Retry Delay Values should reject retry delay exactly at upper limit + 1" time="0.009">
    </testcase>
    <testcase classname="Config Validation Error Tests Invalid Retry Delay Values should reject extremely large retry delay" name="Config Validation Error Tests Invalid Retry Delay Values should reject extremely large retry delay" time="0.009">
    </testcase>
    <testcase classname="Config Validation Error Tests Invalid Retry Delay Values should accept retry delay at lower boundary (1ms)" name="Config Validation Error Tests Invalid Retry Delay Values should accept retry delay at lower boundary (1ms)" time="0.012">
    </testcase>
    <testcase classname="Config Validation Error Tests Invalid Retry Delay Values should accept retry delay at upper boundary (10000ms)" name="Config Validation Error Tests Invalid Retry Delay Values should accept retry delay at upper boundary (10000ms)" time="0.014">
    </testcase>
    <testcase classname="Config Validation Error Tests Invalid Retry Delay Values should handle non-numeric retry delay gracefully (fallback to default)" name="Config Validation Error Tests Invalid Retry Delay Values should handle non-numeric retry delay gracefully (fallback to default)" time="0.009">
    </testcase>
    <testcase classname="Config Validation Error Tests Invalid Environments should reject invalid environment name" name="Config Validation Error Tests Invalid Environments should reject invalid environment name" time="0.001">
    </testcase>
    <testcase classname="Config Validation Error Tests Invalid Environments should reject empty environment name" name="Config Validation Error Tests Invalid Environments should reject empty environment name" time="0">
    </testcase>
    <testcase classname="Config Validation Error Tests Invalid Environments should reject null environment" name="Config Validation Error Tests Invalid Environments should reject null environment" time="0.001">
    </testcase>
    <testcase classname="Config Validation Error Tests Invalid Environments should reject undefined environment" name="Config Validation Error Tests Invalid Environments should reject undefined environment" time="0">
    </testcase>
    <testcase classname="Config Validation Error Tests Invalid Environments should reject uppercase environment name (case-sensitive)" name="Config Validation Error Tests Invalid Environments should reject uppercase environment name (case-sensitive)" time="0.001">
    </testcase>
    <testcase classname="Config Validation Error Tests Invalid Environments should reject mixed-case environment name" name="Config Validation Error Tests Invalid Environments should reject mixed-case environment name" time="0">
    </testcase>
    <testcase classname="Config Validation Error Tests Invalid Environments should reject environment with extra whitespace" name="Config Validation Error Tests Invalid Environments should reject environment with extra whitespace" time="0.001">
    </testcase>
    <testcase classname="Config Validation Error Tests Invalid Environments should reject common but invalid environment names" name="Config Validation Error Tests Invalid Environments should reject common but invalid environment names" time="0.004">
    </testcase>
    <testcase classname="Config Validation Error Tests Error Message Quality URL Error Messages should include invalid URL value in error message" name="Config Validation Error Tests Error Message Quality URL Error Messages should include invalid URL value in error message" time="0.001">
    </testcase>
    <testcase classname="Config Validation Error Tests Error Message Quality URL Error Messages should suggest http:// or https:// for URL without protocol" name="Config Validation Error Tests Error Message Quality URL Error Messages should suggest http:// or https:// for URL without protocol" time="0">
    </testcase>
    <testcase classname="Config Validation Error Tests Error Message Quality URL Error Messages should provide example URL in error message" name="Config Validation Error Tests Error Message Quality URL Error Messages should provide example URL in error message" time="0">
    </testcase>
    <testcase classname="Config Validation Error Tests Error Message Quality URL Error Messages should mention URL encoding for space errors" name="Config Validation Error Tests Error Message Quality URL Error Messages should mention URL encoding for space errors" time="0.001">
    </testcase>
    <testcase classname="Config Validation Error Tests Error Message Quality URL Error Messages should provide context about what URL is for" name="Config Validation Error Tests Error Message Quality URL Error Messages should provide context about what URL is for" time="0">
    </testcase>
    <testcase classname="Config Validation Error Tests Error Message Quality Network Config Error Messages should include invalid timeout value in error message" name="Config Validation Error Tests Error Message Quality Network Config Error Messages should include invalid timeout value in error message" time="0.01">
    </testcase>
    <testcase classname="Config Validation Error Tests Error Message Quality Network Config Error Messages should include valid range in timeout error message" name="Config Validation Error Tests Error Message Quality Network Config Error Messages should include valid range in timeout error message" time="0.011">
    </testcase>
    <testcase classname="Config Validation Error Tests Error Message Quality Network Config Error Messages should mention environment variable name in network config errors" name="Config Validation Error Tests Error Message Quality Network Config Error Messages should mention environment variable name in network config errors" time="0.008">
    </testcase>
    <testcase classname="Config Validation Error Tests Error Message Quality Network Config Error Messages should include invalid retry count in error message" name="Config Validation Error Tests Error Message Quality Network Config Error Messages should include invalid retry count in error message" time="0.007">
    </testcase>
    <testcase classname="Config Validation Error Tests Error Message Quality Network Config Error Messages should include invalid retry delay in error message" name="Config Validation Error Tests Error Message Quality Network Config Error Messages should include invalid retry delay in error message" time="0.01">
    </testcase>
    <testcase classname="Config Validation Error Tests Error Message Quality Environment Error Messages should include invalid environment name in error message" name="Config Validation Error Tests Error Message Quality Environment Error Messages should include invalid environment name in error message" time="0">
    </testcase>
    <testcase classname="Config Validation Error Tests Error Message Quality Environment Error Messages should list all valid environments in error message" name="Config Validation Error Tests Error Message Quality Environment Error Messages should list all valid environments in error message" time="0">
    </testcase>
    <testcase classname="Config Validation Error Tests Error Message Quality Environment Error Messages should mention how to set environment correctly" name="Config Validation Error Tests Error Message Quality Environment Error Messages should mention how to set environment correctly" time="0.001">
    </testcase>
    <testcase classname="Config Validation Error Tests Error Types should throw InvalidUrlError for URL validation failures" name="Config Validation Error Tests Error Types should throw InvalidUrlError for URL validation failures" time="0">
    </testcase>
    <testcase classname="Config Validation Error Tests Error Types should throw InvalidNetworkConfigError for timeout validation failures" name="Config Validation Error Tests Error Types should throw InvalidNetworkConfigError for timeout validation failures" time="0.009">
    </testcase>
    <testcase classname="Config Validation Error Tests Error Types should throw InvalidNetworkConfigError for retry validation failures" name="Config Validation Error Tests Error Types should throw InvalidNetworkConfigError for retry validation failures" time="0.011">
    </testcase>
    <testcase classname="Config Validation Error Tests Error Types should throw InvalidEnvironmentError for environment validation failures" name="Config Validation Error Tests Error Types should throw InvalidEnvironmentError for environment validation failures" time="0.001">
    </testcase>
    <testcase classname="Config Validation Error Tests Error Types should have correct error name for InvalidUrlError" name="Config Validation Error Tests Error Types should have correct error name for InvalidUrlError" time="0">
    </testcase>
    <testcase classname="Config Validation Error Tests Error Types should have correct error name for InvalidNetworkConfigError" name="Config Validation Error Tests Error Types should have correct error name for InvalidNetworkConfigError" time="0.012">
    </testcase>
    <testcase classname="Config Validation Error Tests Error Types should have correct error name for InvalidEnvironmentError" name="Config Validation Error Tests Error Types should have correct error name for InvalidEnvironmentError" time="0.001">
    </testcase>
    <testcase classname="Config Validation Error Tests Endpoint Validation Edge Cases should handle undefined endpoint gracefully" name="Config Validation Error Tests Endpoint Validation Edge Cases should handle undefined endpoint gracefully" time="0">
    </testcase>
    <testcase classname="Config Validation Error Tests Endpoint Validation Edge Cases should construct valid URLs for all defined endpoints" name="Config Validation Error Tests Endpoint Validation Edge Cases should construct valid URLs for all defined endpoints" time="0.001">
    </testcase>
    <testcase classname="Config Validation Error Tests Endpoint Validation Edge Cases should handle query parameters with special characters" name="Config Validation Error Tests Endpoint Validation Edge Cases should handle query parameters with special characters" time="0.01">
    </testcase>
    <testcase classname="Config Validation Error Tests Endpoint Validation Edge Cases should handle empty query parameters object" name="Config Validation Error Tests Endpoint Validation Edge Cases should handle empty query parameters object" time="0.002">
    </testcase>
    <testcase classname="Config Validation Error Tests Combined Error Scenarios should reject multiple invalid configurations at once" name="Config Validation Error Tests Combined Error Scenarios should reject multiple invalid configurations at once" time="0.008">
    </testcase>
    <testcase classname="Config Validation Error Tests Combined Error Scenarios should validate environment before applying custom URL" name="Config Validation Error Tests Combined Error Scenarios should validate environment before applying custom URL" time="0">
    </testcase>
    <testcase classname="Config Validation Error Tests Combined Error Scenarios should clear custom URL when switching to invalid environment" name="Config Validation Error Tests Combined Error Scenarios should clear custom URL when switching to invalid environment" time="0.001">
    </testcase>
    <testcase classname="Config Validation Error Tests Combined Error Scenarios should clear custom URL when switching to valid environment" name="Config Validation Error Tests Combined Error Scenarios should clear custom URL when switching to valid environment" time="0">
    </testcase>
    <testcase classname="Config Validation Error Tests Combined Error Scenarios should clear custom URL when switching environments multiple times" name="Config Validation Error Tests Combined Error Scenarios should clear custom URL when switching environments multiple times" time="0">
    </testcase>
    <testcase classname="Config Validation Error Tests Boundary Value Testing should accept timeout exactly at 1ms (minimum)" name="Config Validation Error Tests Boundary Value Testing should accept timeout exactly at 1ms (minimum)" time="0.009">
    </testcase>
    <testcase classname="Config Validation Error Tests Boundary Value Testing should accept timeout exactly at 60000ms (maximum)" name="Config Validation Error Tests Boundary Value Testing should accept timeout exactly at 60000ms (maximum)" time="0.008">
    </testcase>
    <testcase classname="Config Validation Error Tests Boundary Value Testing should accept retries exactly at 0 (minimum)" name="Config Validation Error Tests Boundary Value Testing should accept retries exactly at 0 (minimum)" time="0.007">
    </testcase>
    <testcase classname="Config Validation Error Tests Boundary Value Testing should accept retries exactly at 5 (maximum)" name="Config Validation Error Tests Boundary Value Testing should accept retries exactly at 5 (maximum)" time="0.008">
    </testcase>
    <testcase classname="Config Validation Error Tests Boundary Value Testing should accept retry delay exactly at 1ms (minimum)" name="Config Validation Error Tests Boundary Value Testing should accept retry delay exactly at 1ms (minimum)" time="0.006">
    </testcase>
    <testcase classname="Config Validation Error Tests Boundary Value Testing should accept retry delay exactly at 10000ms (maximum)" name="Config Validation Error Tests Boundary Value Testing should accept retry delay exactly at 10000ms (maximum)" time="0.007">
    </testcase>
    <testcase classname="Config Validation Error Tests Error Class Hierarchy InvalidUrlError should inherit from Error" name="Config Validation Error Tests Error Class Hierarchy InvalidUrlError should inherit from Error" time="0.001">
    </testcase>
    <testcase classname="Config Validation Error Tests Error Class Hierarchy InvalidNetworkConfigError should inherit from Error" name="Config Validation Error Tests Error Class Hierarchy InvalidNetworkConfigError should inherit from Error" time="0.01">
    </testcase>
    <testcase classname="Config Validation Error Tests Error Class Hierarchy InvalidEnvironmentError should inherit from Error" name="Config Validation Error Tests Error Class Hierarchy InvalidEnvironmentError should inherit from Error" time="0.001">
    </testcase>
    <testcase classname="Config Validation Error Tests Error Class Hierarchy all custom errors should have Error.captureStackTrace behavior" name="Config Validation Error Tests Error Class Hierarchy all custom errors should have Error.captureStackTrace behavior" time="0">
    </testcase>
  </testsuite>
  <testsuite name="Repository Validation Integration" errors="0" failures="0" skipped="0" timestamp="2025-12-05T17:21:38" time="0.619" tests="30">
    <testcase classname="Repository Validation Integration BeerRepository - Malformed Database Data should filter out beers with missing required fields from database" name="Repository Validation Integration BeerRepository - Malformed Database Data should filter out beers with missing required fields from database" time="0.003">
    </testcase>
    <testcase classname="Repository Validation Integration BeerRepository - Malformed Database Data should throw error when database returns null (current implementation)" name="Repository Validation Integration BeerRepository - Malformed Database Data should throw error when database returns null (current implementation)" time="0.02">
    </testcase>
    <testcase classname="Repository Validation Integration BeerRepository - Malformed Database Data should throw error when database returns undefined (current implementation)" name="Repository Validation Integration BeerRepository - Malformed Database Data should throw error when database returns undefined (current implementation)" time="0">
    </testcase>
    <testcase classname="Repository Validation Integration BeerRepository - Malformed Database Data should throw error when database returns non-array (current implementation)" name="Repository Validation Integration BeerRepository - Malformed Database Data should throw error when database returns non-array (current implementation)" time="0">
    </testcase>
    <testcase classname="Repository Validation Integration BeerRepository - Malformed Database Data should accept numeric IDs and convert to string (schema allows union)" name="Repository Validation Integration BeerRepository - Malformed Database Data should accept numeric IDs and convert to string (schema allows union)" time="0.001">
    </testcase>
    <testcase classname="Repository Validation Integration BeerRepository - Malformed Database Data should filter out beers with null values in required fields" name="Repository Validation Integration BeerRepository - Malformed Database Data should filter out beers with null values in required fields" time="0">
    </testcase>
    <testcase classname="Repository Validation Integration BeerRepository - Malformed Database Data should convert numeric IDs to strings" name="Repository Validation Integration BeerRepository - Malformed Database Data should convert numeric IDs to strings" time="0.001">
    </testcase>
    <testcase classname="Repository Validation Integration BeerRepository - Malformed Database Data should handle empty array from database" name="Repository Validation Integration BeerRepository - Malformed Database Data should handle empty array from database" time="0.003">
    </testcase>
    <testcase classname="Repository Validation Integration BeerRepository - Malformed Database Data should handle getById with malformed data" name="Repository Validation Integration BeerRepository - Malformed Database Data should handle getById with malformed data" time="0.001">
    </testcase>
    <testcase classname="Repository Validation Integration BeerRepository - Malformed Database Data should handle getById with null from database" name="Repository Validation Integration BeerRepository - Malformed Database Data should handle getById with null from database" time="0">
    </testcase>
    <testcase classname="Repository Validation Integration BeerRepository - Malformed Database Data should handle getById with wrong type values" name="Repository Validation Integration BeerRepository - Malformed Database Data should handle getById with wrong type values" time="0.001">
    </testcase>
    <testcase classname="Repository Validation Integration BeerRepository - Malformed Database Data should handle search with malformed results" name="Repository Validation Integration BeerRepository - Malformed Database Data should handle search with malformed results" time="0">
    </testcase>
    <testcase classname="Repository Validation Integration MyBeersRepository - Malformed Database Data should filter out tasted brews with missing required fields" name="Repository Validation Integration MyBeersRepository - Malformed Database Data should filter out tasted brews with missing required fields" time="0.002">
    </testcase>
    <testcase classname="Repository Validation Integration MyBeersRepository - Malformed Database Data should throw error when database returns null (current implementation)" name="Repository Validation Integration MyBeersRepository - Malformed Database Data should throw error when database returns null (current implementation)" time="0.011">
    </testcase>
    <testcase classname="Repository Validation Integration MyBeersRepository - Malformed Database Data should filter out brews with wrong type values" name="Repository Validation Integration MyBeersRepository - Malformed Database Data should filter out brews with wrong type values" time="0.001">
    </testcase>
    <testcase classname="Repository Validation Integration MyBeersRepository - Malformed Database Data should handle getById with malformed data" name="Repository Validation Integration MyBeersRepository - Malformed Database Data should handle getById with malformed data" time="0">
    </testcase>
    <testcase classname="Repository Validation Integration MyBeersRepository - Malformed Database Data should handle getCount with invalid data" name="Repository Validation Integration MyBeersRepository - Malformed Database Data should handle getCount with invalid data" time="0.001">
    </testcase>
    <testcase classname="Repository Validation Integration RewardsRepository - Malformed Database Data should filter out rewards with missing required fields" name="Repository Validation Integration RewardsRepository - Malformed Database Data should filter out rewards with missing required fields" time="0">
    </testcase>
    <testcase classname="Repository Validation Integration RewardsRepository - Malformed Database Data should return empty array when database returns null" name="Repository Validation Integration RewardsRepository - Malformed Database Data should return empty array when database returns null" time="0.001">
    </testcase>
    <testcase classname="Repository Validation Integration RewardsRepository - Malformed Database Data should filter out rewards with wrong type values" name="Repository Validation Integration RewardsRepository - Malformed Database Data should filter out rewards with wrong type values" time="0">
    </testcase>
    <testcase classname="Repository Validation Integration RewardsRepository - Malformed Database Data should handle getById with malformed data" name="Repository Validation Integration RewardsRepository - Malformed Database Data should handle getById with malformed data" time="0.001">
    </testcase>
    <testcase classname="Repository Validation Integration RewardsRepository - Malformed Database Data should handle getByType with malformed data" name="Repository Validation Integration RewardsRepository - Malformed Database Data should handle getByType with malformed data" time="0.001">
    </testcase>
    <testcase classname="Repository Validation Integration RewardsRepository - Malformed Database Data should handle getRedeemed with malformed data" name="Repository Validation Integration RewardsRepository - Malformed Database Data should handle getRedeemed with malformed data" time="0.001">
    </testcase>
    <testcase classname="Repository Validation Integration RewardsRepository - Malformed Database Data should handle getUnredeemed with malformed data" name="Repository Validation Integration RewardsRepository - Malformed Database Data should handle getUnredeemed with malformed data" time="0">
    </testcase>
    <testcase classname="Repository Validation Integration RewardsRepository - Malformed Database Data should handle getCount with invalid data" name="Repository Validation Integration RewardsRepository - Malformed Database Data should handle getCount with invalid data" time="0">
    </testcase>
    <testcase classname="Repository Validation Integration Database Error Scenarios should handle database query throwing error" name="Repository Validation Integration Database Error Scenarios should handle database query throwing error" time="0.006">
    </testcase>
    <testcase classname="Repository Validation Integration Database Error Scenarios should throw error on corrupted data (current implementation)" name="Repository Validation Integration Database Error Scenarios should throw error on corrupted data (current implementation)" time="0.001">
    </testcase>
    <testcase classname="Repository Validation Integration Database Error Scenarios should handle database returning circular reference objects" name="Repository Validation Integration Database Error Scenarios should handle database returning circular reference objects" time="0">
    </testcase>
    <testcase classname="Repository Validation Integration Performance with Large Invalid Datasets should efficiently filter 10,000 mixed valid/invalid beers" name="Repository Validation Integration Performance with Large Invalid Datasets should efficiently filter 10,000 mixed valid/invalid beers" time="0.155">
    </testcase>
    <testcase classname="Repository Validation Integration Performance with Large Invalid Datasets should efficiently handle 10,000 completely invalid beers" name="Repository Validation Integration Performance with Large Invalid Datasets should efficiently handle 10,000 completely invalid beers" time="0.21">
    </testcase>
  </testsuite>
  <testsuite name="Beer API" errors="0" failures="0" skipped="0" timestamp="2025-12-05T17:21:29" time="9.184" tests="36">
    <testcase classname="Beer API fetchWithRetry should return data on successful fetch" name="Beer API fetchWithRetry should return data on successful fetch" time="0.008">
    </testcase>
    <testcase classname="Beer API fetchWithRetry should handle none:// protocol URLs by returning empty data" name="Beer API fetchWithRetry should handle none:// protocol URLs by returning empty data" time="0.001">
    </testcase>
    <testcase classname="Beer API fetchWithRetry should retry on fetch failure" name="Beer API fetchWithRetry should retry on fetch failure" time="0.002">
    </testcase>
    <testcase classname="Beer API fetchWithRetry should retry with config network settings" name="Beer API fetchWithRetry should retry with config network settings" time="0.001">
    </testcase>
    <testcase classname="Beer API fetchWithRetry should throw error after exhausting retries" name="Beer API fetchWithRetry should throw error after exhausting retries" time="0.025">
    </testcase>
    <testcase classname="Beer API fetchWithRetry should throw error on non-ok HTTP status" name="Beer API fetchWithRetry should throw error on non-ok HTTP status" time="0.015">
    </testcase>
    <testcase classname="Beer API fetchBeersFromAPI should return empty array when API URL is not configured" name="Beer API fetchBeersFromAPI should return empty array when API URL is not configured" time="0.001">
    </testcase>
    <testcase classname="Beer API fetchBeersFromAPI should fetch and return beers in standard brewInStock format" name="Beer API fetchBeersFromAPI should fetch and return beers in standard brewInStock format" time="0">
    </testcase>
    <testcase classname="Beer API fetchBeersFromAPI should find beers in nested object structure" name="Beer API fetchBeersFromAPI should find beers in nested object structure" time="0.001">
    </testcase>
    <testcase classname="Beer API fetchBeersFromAPI should throw error when no beer data found in response" name="Beer API fetchBeersFromAPI should throw error when no beer data found in response" time="0">
    </testcase>
    <testcase classname="Beer API fetchBeersFromAPI should propagate fetch errors" name="Beer API fetchBeersFromAPI should propagate fetch errors" time="2.504">
    </testcase>
    <testcase classname="Beer API fetchMyBeersFromAPI should return empty array in visitor mode" name="Beer API fetchMyBeersFromAPI should return empty array in visitor mode" time="0.001">
    </testcase>
    <testcase classname="Beer API fetchMyBeersFromAPI should return empty array when API URL is not configured" name="Beer API fetchMyBeersFromAPI should return empty array when API URL is not configured" time="0">
    </testcase>
    <testcase classname="Beer API fetchMyBeersFromAPI should return empty array for none:// protocol URLs" name="Beer API fetchMyBeersFromAPI should return empty array for none:// protocol URLs" time="0">
    </testcase>
    <testcase classname="Beer API fetchMyBeersFromAPI should fetch and return tasted beers" name="Beer API fetchMyBeersFromAPI should fetch and return tasted beers" time="0.002">
    </testcase>
    <testcase classname="Beer API fetchMyBeersFromAPI should handle empty tasted beers array as valid state" name="Beer API fetchMyBeersFromAPI should handle empty tasted beers array as valid state" time="0.001">
    </testcase>
    <testcase classname="Beer API fetchMyBeersFromAPI should filter out beers without IDs" name="Beer API fetchMyBeersFromAPI should filter out beers without IDs" time="0">
    </testcase>
    <testcase classname="Beer API fetchMyBeersFromAPI should throw error on invalid response format" name="Beer API fetchMyBeersFromAPI should throw error on invalid response format" time="0.001">
    </testcase>
    <testcase classname="Beer API fetchMyBeersFromAPI should propagate fetch errors" name="Beer API fetchMyBeersFromAPI should propagate fetch errors" time="2.506">
    </testcase>
    <testcase classname="Beer API fetchRewardsFromAPI should return empty array in visitor mode" name="Beer API fetchRewardsFromAPI should return empty array in visitor mode" time="0">
    </testcase>
    <testcase classname="Beer API fetchRewardsFromAPI should return empty array when API URL is not configured" name="Beer API fetchRewardsFromAPI should return empty array when API URL is not configured" time="0.001">
    </testcase>
    <testcase classname="Beer API fetchRewardsFromAPI should fetch and return rewards" name="Beer API fetchRewardsFromAPI should fetch and return rewards" time="0">
    </testcase>
    <testcase classname="Beer API fetchRewardsFromAPI should throw error on invalid response format" name="Beer API fetchRewardsFromAPI should throw error on invalid response format" time="0.001">
    </testcase>
    <testcase classname="Beer API fetchRewardsFromAPI should propagate fetch errors" name="Beer API fetchRewardsFromAPI should propagate fetch errors" time="2.503">
    </testcase>
    <testcase classname="Beer API Config Integration URL Construction should use config base URL when available" name="Beer API Config Integration URL Construction should use config base URL when available" time="0">
    </testcase>
    <testcase classname="Beer API Config Integration URL Construction should use config endpoint URLs for different API calls" name="Beer API Config Integration URL Construction should use config endpoint URLs for different API calls" time="0">
    </testcase>
[...]
    </testcase>
    <testcase classname="getGlassType beer style keyword fallback should return pint for &quot;pilsner&quot; in style when no ABV found" name="getGlassType beer style keyword fallback should return pint for &quot;pilsner&quot; in style when no ABV found" time="0">
    </testcase>
    <testcase classname="getGlassType beer style keyword fallback should return pint for &quot;lager&quot; in style when no ABV found" name="getGlassType beer style keyword fallback should return pint for &quot;lager&quot; in style when no ABV found" time="0.001">
    </testcase>
    <testcase classname="getGlassType beer style keyword fallback should return tulip for &quot;imperial&quot; in style when no ABV found" name="getGlassType beer style keyword fallback should return tulip for &quot;imperial&quot; in style when no ABV found" time="0">
    </testcase>
    <testcase classname="getGlassType beer style keyword fallback should return tulip for &quot;tripel&quot; in style when no ABV found" name="getGlassType beer style keyword fallback should return tulip for &quot;tripel&quot; in style when no ABV found" time="0">
    </testcase>
    <testcase classname="getGlassType beer style keyword fallback should return tulip for &quot;quad&quot; in style when no ABV found" name="getGlassType beer style keyword fallback should return tulip for &quot;quad&quot; in style when no ABV found" time="0">
    </testcase>
    <testcase classname="getGlassType beer style keyword fallback should return tulip for &quot;barleywine&quot; in style when no ABV found" name="getGlassType beer style keyword fallback should return tulip for &quot;barleywine&quot; in style when no ABV found" time="0.001">
    </testcase>
    <testcase classname="getGlassType beer style keyword fallback should prioritize ABV detection over style keywords" name="getGlassType beer style keyword fallback should prioritize ABV detection over style keywords" time="0">
    </testcase>
    <testcase classname="getGlassType beer style keyword fallback should work for non-draft beers with style keywords" name="getGlassType beer style keyword fallback should work for non-draft beers with style keywords" time="0">
    </testcase>
    <testcase classname="getGlassType real-world patterns should handle typical beer description with ABV keyword below threshold" name="getGlassType real-world patterns should handle typical beer description with ABV keyword below threshold" time="0">
    </testcase>
    <testcase classname="getGlassType real-world patterns should handle typical beer description at threshold" name="getGlassType real-world patterns should handle typical beer description at threshold" time="0">
    </testcase>
    <testcase classname="getGlassType real-world patterns should handle typical beer description with percentage above threshold" name="getGlassType real-world patterns should handle typical beer description with percentage above threshold" time="0.001">
    </testcase>
    <testcase classname="getGlassType real-world patterns should be case insensitive for container type" name="getGlassType real-world patterns should be case insensitive for container type" time="0">
    </testcase>
  </testsuite>
  <testsuite name="LiveActivityModule types" errors="0" failures="0" skipped="0" timestamp="2025-12-05T17:21:45" time="0.225" tests="12">
    <testcase classname="LiveActivityModule types should export the correct function signatures" name="LiveActivityModule types should export the correct function signatures" time="0.001">
    </testcase>
    <testcase classname="LiveActivityModule types should have areActivitiesEnabled return a Promise&lt;boolean&gt;" name="LiveActivityModule types should have areActivitiesEnabled return a Promise&lt;boolean&gt;" time="0.001">
    </testcase>
    <testcase classname="LiveActivityModule types should have startActivity accept StartActivityData and return Promise&lt;string&gt;" name="LiveActivityModule types should have startActivity accept StartActivityData and return Promise&lt;string&gt;" time="0">
    </testcase>
    <testcase classname="LiveActivityModule types should have updateActivity accept activityId and UpdateActivityData and return Promise&lt;boolean&gt;" name="LiveActivityModule types should have updateActivity accept activityId and UpdateActivityData and return Promise&lt;boolean&gt;" time="0">
    </testcase>
    <testcase classname="LiveActivityModule types should have endActivity accept activityId and return Promise&lt;boolean&gt;" name="LiveActivityModule types should have endActivity accept activityId and return Promise&lt;boolean&gt;" time="0">
    </testcase>
    <testcase classname="LiveActivityModule types should have endAllActivities return Promise&lt;boolean&gt;" name="LiveActivityModule types should have endAllActivities return Promise&lt;boolean&gt;" time="0.001">
    </testcase>
    <testcase classname="LiveActivityModule types should have restartActivity accept StartActivityData and return Promise&lt;string | null&gt;" name="LiveActivityModule types should have restartActivity accept StartActivityData and return Promise&lt;string | null&gt;" time="0">
    </testcase>
    <testcase classname="LiveActivityModule types should have restartActivity return null for empty queue" name="LiveActivityModule types should have restartActivity return null for empty queue" time="0">
    </testcase>
    <testcase classname="LiveActivityModule types should have getAllActivityIds return Promise&lt;string[]&gt;" name="LiveActivityModule types should have getAllActivityIds return Promise&lt;string[]&gt;" time="0">
    </testcase>
    <testcase classname="LiveActivityModule types should have endActivitiesOlderThan accept maxAgeSeconds and return Promise&lt;number&gt;" name="LiveActivityModule types should have endActivitiesOlderThan accept maxAgeSeconds and return Promise&lt;number&gt;" time="0">
    </testcase>
    <testcase classname="LiveActivityModule types should have endAllActivitiesSync return boolean synchronously" name="LiveActivityModule types should have endAllActivitiesSync return boolean synchronously" time="0">
    </testcase>
    <testcase classname="LiveActivityModule types should have endAllActivitiesSync return false on timeout" name="LiveActivityModule types should have endAllActivitiesSync return false on timeout" time="0">
    </testcase>
  </testsuite>
  <testsuite name="authService" errors="0" failures="0" skipped="0" timestamp="2025-12-05T17:21:45" time="0.225" tests="13">
    <testcase classname="authService autoLogin should return success when auto-login is successful" name="authService autoLogin should return success when auto-login is successful" time="0.001">
    </testcase>
    <testcase classname="authService autoLogin should return failure when auto-login fails" name="authService autoLogin should return failure when auto-login fails" time="0.003">
    </testcase>
    <testcase classname="authService autoLogin should handle API errors" name="authService autoLogin should handle API errors" time="0">
    </testcase>
    <testcase classname="authService autoLogin should handle unknown errors" name="authService autoLogin should handle unknown errors" time="0">
    </testcase>
    <testcase classname="authService login should return success when login is successful" name="authService login should return success when login is successful" time="0.001">
    </testcase>
    <testcase classname="authService login should return failure when login fails" name="authService login should return failure when login fails" time="0">
    </testcase>
    <testcase classname="authService login should validate input parameters" name="authService login should validate input parameters" time="0">
    </testcase>
    <testcase classname="authService logout should return success when logout is successful" name="authService logout should return success when logout is successful" time="0.001">
    </testcase>
    <testcase classname="authService logout should handle API errors during logout" name="authService logout should handle API errors during logout" time="0">
    </testcase>
    <testcase classname="authService handleTapThatAppLogin should parse cookies string and save session data" name="authService handleTapThatAppLogin should parse cookies string and save session data" time="0">
    </testcase>
    <testcase classname="authService handleTapThatAppLogin should handle cookies object" name="authService handleTapThatAppLogin should handle cookies object" time="0.001">
    </testcase>
    <testcase classname="authService handleTapThatAppLogin should return failure when required cookies are missing" name="authService handleTapThatAppLogin should return failure when required cookies are missing" time="0">
    </testcase>
    <testcase classname="authService handleTapThatAppLogin should handle malformed cookie values gracefully" name="authService handleTapThatAppLogin should handle malformed cookie values gracefully" time="0.001">
    </testcase>
  </testsuite>
  <testsuite name="Database Lifecycle in RootLayout" errors="0" failures="0" skipped="0" timestamp="2025-12-05T17:21:45" time="0.214" tests="13">
    <testcase classname="Database Lifecycle in RootLayout AppState Handler Logic should call closeDatabaseConnection when app goes to background" name="Database Lifecycle in RootLayout AppState Handler Logic should call closeDatabaseConnection when app goes to background" time="0.001">
    </testcase>
    <testcase classname="Database Lifecycle in RootLayout AppState Handler Logic should call getDatabase when app comes to foreground" name="Database Lifecycle in RootLayout AppState Handler Logic should call getDatabase when app comes to foreground" time="0">
    </testcase>
    <testcase classname="Database Lifecycle in RootLayout AppState Handler Logic should not close database on inactive state" name="Database Lifecycle in RootLayout AppState Handler Logic should not close database on inactive state" time="0">
    </testcase>
    <testcase classname="Database Lifecycle in RootLayout Logging should log when app backgrounds" name="Database Lifecycle in RootLayout Logging should log when app backgrounds" time="0.001">
    </testcase>
    <testcase classname="Database Lifecycle in RootLayout Logging should log when app foregrounds" name="Database Lifecycle in RootLayout Logging should log when app foregrounds" time="0">
    </testcase>
    <testcase classname="Database Lifecycle in RootLayout Error Handling should handle close errors when backgrounding" name="Database Lifecycle in RootLayout Error Handling should handle close errors when backgrounding" time="0">
    </testcase>
    <testcase classname="Database Lifecycle in RootLayout Error Handling should handle reopen errors when foregrounding" name="Database Lifecycle in RootLayout Error Handling should handle reopen errors when foregrounding" time="0">
    </testcase>
    <testcase classname="Database Lifecycle in RootLayout Error Handling should not throw errors on background failure" name="Database Lifecycle in RootLayout Error Handling should not throw errors on background failure" time="0">
    </testcase>
    <testcase classname="Database Lifecycle in RootLayout Error Handling should not throw errors on foreground failure" name="Database Lifecycle in RootLayout Error Handling should not throw errors on foreground failure" time="0.001">
    </testcase>
    <testcase classname="Database Lifecycle in RootLayout State Transition Sequences should handle background followed by foreground" name="Database Lifecycle in RootLayout State Transition Sequences should handle background followed by foreground" time="0">
    </testcase>
    <testcase classname="Database Lifecycle in RootLayout State Transition Sequences should handle multiple background/foreground cycles" name="Database Lifecycle in RootLayout State Transition Sequences should handle multiple background/foreground cycles" time="0">
    </testcase>
    <testcase classname="Database Lifecycle in RootLayout State Transition Sequences should handle rapid state changes" name="Database Lifecycle in RootLayout State Transition Sequences should handle rapid state changes" time="0">
    </testcase>
    <testcase classname="Database Lifecycle in RootLayout State Transition Sequences should recover from errors and continue handling state changes" name="Database Lifecycle in RootLayout State Transition Sequences should recover from errors and continue handling state changes" time="0">
    </testcase>
  </testsuite>
  <testsuite name="ApiError" errors="0" failures="0" skipped="0" timestamp="2025-12-05T17:21:45" time="0.216" tests="3">
    <testcase classname="ApiError should create an ApiError with correct properties" name="ApiError should create an ApiError with correct properties" time="0.001">
    </testcase>
    <testcase classname="ApiError should mark 5xx errors as retryable" name="ApiError should mark 5xx errors as retryable" time="0">
    </testcase>
    <testcase classname="ApiError should mark 4xx errors as non-retryable (except 408 and 429)" name="ApiError should mark 4xx errors as non-retryable (except 408 and 429)" time="0">
    </testcase>
  </testsuite>
  <testsuite name="liveActivityDebounce" errors="0" failures="0" skipped="0" timestamp="2025-12-05T17:21:45" time="0.216" tests="9">
    <testcase classname="liveActivityDebounce createDebouncer should call the function after the delay" name="liveActivityDebounce createDebouncer should call the function after the delay" time="0.001">
    </testcase>
    <testcase classname="liveActivityDebounce createDebouncer should cancel previous call when called again within delay" name="liveActivityDebounce createDebouncer should cancel previous call when called again within delay" time="0.001">
    </testcase>
    <testcase classname="liveActivityDebounce createDebouncer should allow manual cancellation" name="liveActivityDebounce createDebouncer should allow manual cancellation" time="0.013">
    </testcase>
    <testcase classname="liveActivityDebounce createDebouncer should track pending state correctly" name="liveActivityDebounce createDebouncer should track pending state correctly" time="0.001">
    </testcase>
    <testcase classname="liveActivityDebounce createDebouncer should flush immediately when flush is called" name="liveActivityDebounce createDebouncer should flush immediately when flush is called" time="0">
    </testcase>
    <testcase classname="liveActivityDebounce createDebouncer should resolve all pending promises with final result" name="liveActivityDebounce createDebouncer should resolve all pending promises with final result" time="0.001">
    </testcase>
    <testcase classname="liveActivityDebounce createDebouncer should handle function errors correctly" name="liveActivityDebounce createDebouncer should handle function errors correctly" time="0">
    </testcase>
    <testcase classname="liveActivityDebounce createDebouncer should convert non-Error rejections to Error objects" name="liveActivityDebounce createDebouncer should convert non-Error rejections to Error objects" time="0.001">
    </testcase>
    <testcase classname="liveActivityDebounce createDebouncer should allow new calls after execution completes" name="liveActivityDebounce createDebouncer should allow new calls after execution completes" time="0.001">
    </testcase>
  </testsuite>
  <testsuite name="Type Guards" errors="0" failures="0" skipped="0" timestamp="2025-12-05T17:21:45" time="0.207" tests="4">
    <testcase classname="Type Guards isBeer should return true for valid Beer objects" name="Type Guards isBeer should return true for valid Beer objects" time="0">
    </testcase>
    <testcase classname="Type Guards isBeer should return false for invalid Beer objects" name="Type Guards isBeer should return false for invalid Beer objects" time="0">
    </testcase>
    <testcase classname="Type Guards isBeerfinder should return true for valid Beerfinder objects" name="Type Guards isBeerfinder should return true for valid Beerfinder objects" time="0">
    </testcase>
    <testcase classname="Type Guards isBeerfinder should return false for objects that are not Beerfinder" name="Type Guards isBeerfinder should return false for objects that are not Beerfinder" time="0">
    </testcase>
  </testsuite>
  <testsuite name="Beer Type Guards" errors="0" failures="0" skipped="0" timestamp="2025-12-05T17:21:45" time="0.212" tests="14">
    <testcase classname="Beer Type Guards isBeer should return true for valid Beer objects" name="Beer Type Guards isBeer should return true for valid Beer objects" time="0">
    </testcase>
    <testcase classname="Beer Type Guards isBeer should return false for invalid Beer objects" name="Beer Type Guards isBeer should return false for invalid Beer objects" time="0">
    </testcase>
    <testcase classname="Beer Type Guards isBeerfinder should return true for valid Beerfinder objects" name="Beer Type Guards isBeerfinder should return true for valid Beerfinder objects" time="0.001">
    </testcase>
    <testcase classname="Beer Type Guards isBeerfinder should return true for Beer objects with at least one Beerfinder property" name="Beer Type Guards isBeerfinder should return true for Beer objects with at least one Beerfinder property" time="0">
    </testcase>
    <testcase classname="Beer Type Guards isBeerfinder should return false for regular Beer objects without Beerfinder properties" name="Beer Type Guards isBeerfinder should return false for regular Beer objects without Beerfinder properties" time="0">
    </testcase>
    <testcase classname="Beer Type Guards isBeerfinder should return false for invalid objects" name="Beer Type Guards isBeerfinder should return false for invalid objects" time="0">
    </testcase>
    <testcase classname="Beer Type Guards isBeerDetails should return true for valid BeerDetails objects" name="Beer Type Guards isBeerDetails should return true for valid BeerDetails objects" time="0">
    </testcase>
    <testcase classname="Beer Type Guards isBeerDetails should return true for Beer objects with at least one BeerDetails property" name="Beer Type Guards isBeerDetails should return true for Beer objects with at least one BeerDetails property" time="0.001">
    </testcase>
    <testcase classname="Beer Type Guards isBeerDetails should return false for regular Beer objects without BeerDetails properties" name="Beer Type Guards isBeerDetails should return false for regular Beer objects without BeerDetails properties" time="0">
    </testcase>
    <testcase classname="Beer Type Guards isBeerDetails should return false for invalid objects" name="Beer Type Guards isBeerDetails should return false for invalid objects" time="0.001">
    </testcase>
    <testcase classname="Beer Type Guards isCheckInResponse should return true for valid CheckInResponse objects" name="Beer Type Guards isCheckInResponse should return true for valid CheckInResponse objects" time="0.001">
    </testcase>
    <testcase classname="Beer Type Guards isCheckInResponse should return false for objects without success property" name="Beer Type Guards isCheckInResponse should return false for objects without success property" time="0">
    </testcase>
    <testcase classname="Beer Type Guards isCheckInResponse should return false for objects with wrong type for success property" name="Beer Type Guards isCheckInResponse should return false for objects with wrong type for success property" time="0">
    </testcase>
    <testcase classname="Beer Type Guards isCheckInResponse should return false for invalid objects" name="Beer Type Guards isCheckInResponse should return false for invalid objects" time="0">
    </testcase>
  </testsuite>
</testsuites>