<?xml version="1.0" encoding="UTF-8"?>
<testsuites name="jest tests" tests="29" failures="0" errors="0" time="1.173">
  <testsuite name="Database Lifecycle Management" errors="0" failures="0" skipped="0" timestamp="2025-11-12T06:33:32" time="0.625" tests="29">
    <testcase classname="Database Lifecycle Management Database Opening should open database successfully" name="Database Lifecycle Management Database Opening should open database successfully" time="0.002">
    </testcase>
    <testcase classname="Database Lifecycle Management Database Opening should reuse existing database connection" name="Database Lifecycle Management Database Opening should reuse existing database connection" time="0">
    </testcase>
    <testcase classname="Database Lifecycle Management Database Opening should throw error if database open fails" name="Database Lifecycle Management Database Opening should throw error if database open fails" time="0.013">
    </testcase>
    <testcase classname="Database Lifecycle Management WAL Mode Enablement should enable WAL mode when opening database" name="Database Lifecycle Management WAL Mode Enablement should enable WAL mode when opening database" time="0">
    </testcase>
    <testcase classname="Database Lifecycle Management WAL Mode Enablement should set PRAGMA synchronous to NORMAL" name="Database Lifecycle Management WAL Mode Enablement should set PRAGMA synchronous to NORMAL" time="0.001">
    </testcase>
    <testcase classname="Database Lifecycle Management WAL Mode Enablement should verify WAL mode was enabled successfully" name="Database Lifecycle Management WAL Mode Enablement should verify WAL mode was enabled successfully" time="0">
    </testcase>
    <testcase classname="Database Lifecycle Management WAL Mode Enablement should warn if WAL mode enablement fails" name="Database Lifecycle Management WAL Mode Enablement should warn if WAL mode enablement fails" time="0.001">
    </testcase>
    <testcase classname="Database Lifecycle Management WAL Mode Enablement should handle missing journal_mode in response" name="Database Lifecycle Management WAL Mode Enablement should handle missing journal_mode in response" time="0">
    </testcase>
    <testcase classname="Database Lifecycle Management WAL Mode Enablement should not re-execute PRAGMA on connection reuse" name="Database Lifecycle Management WAL Mode Enablement should not re-execute PRAGMA on connection reuse" time="0.001">
    </testcase>
    <testcase classname="Database Lifecycle Management WAL Mode Enablement should handle PRAGMA execution errors gracefully" name="Database Lifecycle Management WAL Mode Enablement should handle PRAGMA execution errors gracefully" time="0">
    </testcase>
    <testcase classname="Database Lifecycle Management Database Closing should close database connection successfully" name="Database Lifecycle Management Database Closing should close database connection successfully" time="0">
    </testcase>
    <testcase classname="Database Lifecycle Management Database Closing should nullify database reference after close" name="Database Lifecycle Management Database Closing should nullify database reference after close" time="0">
    </testcase>
    <testcase classname="Database Lifecycle Management Database Closing should handle close when database is not open" name="Database Lifecycle Management Database Closing should handle close when database is not open" time="0.001">
    </testcase>
    <testcase classname="Database Lifecycle Management Database Closing should handle close errors gracefully" name="Database Lifecycle Management Database Closing should handle close errors gracefully" time="0">
    </testcase>
    <testcase classname="Database Lifecycle Management Database Closing should log close operation" name="Database Lifecycle Management Database Closing should log close operation" time="0">
    </testcase>
    <testcase classname="Database Lifecycle Management Database Closing should log successful close" name="Database Lifecycle Management Database Closing should log successful close" time="0">
    </testcase>
    <testcase classname="Database Lifecycle Management Database Closing should log errors during close" name="Database Lifecycle Management Database Closing should log errors during close" time="0">
    </testcase>
    <testcase classname="Database Lifecycle Management Connection Reuse After Close/Reopen Cycle should open new connection after close" name="Database Lifecycle Management Connection Reuse After Close/Reopen Cycle should open new connection after close" time="0.001">
    </testcase>
    <testcase classname="Database Lifecycle Management Connection Reuse After Close/Reopen Cycle should re-enable WAL mode after reopen" name="Database Lifecycle Management Connection Reuse After Close/Reopen Cycle should re-enable WAL mode after reopen" time="0">
    </testcase>
    <testcase classname="Database Lifecycle Management Connection Reuse After Close/Reopen Cycle should handle multiple close/open cycles" name="Database Lifecycle Management Connection Reuse After Close/Reopen Cycle should handle multiple close/open cycles" time="0.001">
    </testcase>
    <testcase classname="Database Lifecycle Management Forced Close Option should support force close without waiting" name="Database Lifecycle Management Forced Close Option should support force close without waiting" time="0">
    </testcase>
    <testcase classname="Database Lifecycle Management Forced Close Option should log warning when force closing" name="Database Lifecycle Management Forced Close Option should log warning when force closing" time="0">
    </testcase>
    <testcase classname="Database Lifecycle Management Database State Validation should verify database is closed after closeDatabaseConnection" name="Database Lifecycle Management Database State Validation should verify database is closed after closeDatabaseConnection" time="0.001">
    </testcase>
    <testcase classname="Database Lifecycle Management Database State Validation should handle rapid open/close sequences" name="Database Lifecycle Management Database State Validation should handle rapid open/close sequences" time="0">
    </testcase>
    <testcase classname="Database Lifecycle Management Error Recovery should recover from failed close by allowing reopen" name="Database Lifecycle Management Error Recovery should recover from failed close by allowing reopen" time="0">
    </testcase>
    <testcase classname="Database Lifecycle Management Error Recovery should handle WAL mode failure on reopen" name="Database Lifecycle Management Error Recovery should handle WAL mode failure on reopen" time="0.001">
    </testcase>
    <testcase classname="Database Lifecycle Management Database Lock Manager Integration (CI-HP6-1) should allow lock acquisition after database reopens following shutdown" name="Database Lifecycle Management Database Lock Manager Integration (CI-HP6-1) should allow lock acquisition after database reopens following shutdown" time="0.001">
    </testcase>
    <testcase classname="Database Lifecycle Management Database Lock Manager Integration (CI-HP6-1) should reset shutdown state when getDatabase is called after close" name="Database Lifecycle Management Database Lock Manager Integration (CI-HP6-1) should reset shutdown state when getDatabase is called after close" time="0">
    </testcase>
    <testcase classname="Database Lifecycle Management Database Lock Manager Integration (CI-HP6-1) should handle multiple background/foreground cycles without lock issues" name="Database Lifecycle Management Database Lock Manager Integration (CI-HP6-1) should handle multiple background/foreground cycles without lock issues" time="0.001">
    </testcase>
  </testsuite>
</testsuites>