<?xml version="1.0" encoding="UTF-8"?>
<testsuites name="jest tests" tests="171" failures="0" errors="0" time="10.568">
  <testsuite name="Beer API" errors="0" failures="0" skipped="0" timestamp="2025-11-08T15:39:12" time="8.18" tests="23">
    <testcase classname="Beer API fetchWithRetry should return data on successful fetch" name="Beer API fetchWithRetry should return data on successful fetch" time="0.003">
    </testcase>
    <testcase classname="Beer API fetchWithRetry should handle none:// protocol URLs by returning empty data" name="Beer API fetchWithRetry should handle none:// protocol URLs by returning empty data" time="0.001">
    </testcase>
    <testcase classname="Beer API fetchWithRetry should retry on fetch failure" name="Beer API fetchWithRetry should retry on fetch failure" time="0.002">
    </testcase>
    <testcase classname="Beer API fetchWithRetry should throw error after exhausting retries" name="Beer API fetchWithRetry should throw error after exhausting retries" time="0.02">
    </testcase>
    <testcase classname="Beer API fetchWithRetry should throw error on non-ok HTTP status" name="Beer API fetchWithRetry should throw error on non-ok HTTP status" time="0.006">
    </testcase>
    <testcase classname="Beer API fetchBeersFromAPI should return empty array when API URL is not configured" name="Beer API fetchBeersFromAPI should return empty array when API URL is not configured" time="0">
    </testcase>
    <testcase classname="Beer API fetchBeersFromAPI should fetch and return beers in standard brewInStock format" name="Beer API fetchBeersFromAPI should fetch and return beers in standard brewInStock format" time="0.001">
    </testcase>
    <testcase classname="Beer API fetchBeersFromAPI should find beers in nested object structure" name="Beer API fetchBeersFromAPI should find beers in nested object structure" time="0">
    </testcase>
    <testcase classname="Beer API fetchBeersFromAPI should throw error when no beer data found in response" name="Beer API fetchBeersFromAPI should throw error when no beer data found in response" time="0">
    </testcase>
    <testcase classname="Beer API fetchBeersFromAPI should propagate fetch errors" name="Beer API fetchBeersFromAPI should propagate fetch errors" time="2.505">
    </testcase>
    <testcase classname="Beer API fetchMyBeersFromAPI should return empty array in visitor mode" name="Beer API fetchMyBeersFromAPI should return empty array in visitor mode" time="0.001">
    </testcase>
    <testcase classname="Beer API fetchMyBeersFromAPI should return empty array when API URL is not configured" name="Beer API fetchMyBeersFromAPI should return empty array when API URL is not configured" time="0">
    </testcase>
    <testcase classname="Beer API fetchMyBeersFromAPI should return empty array for none:// protocol URLs" name="Beer API fetchMyBeersFromAPI should return empty array for none:// protocol URLs" time="0">
    </testcase>
    <testcase classname="Beer API fetchMyBeersFromAPI should fetch and return tasted beers" name="Beer API fetchMyBeersFromAPI should fetch and return tasted beers" time="0.001">
    </testcase>
    <testcase classname="Beer API fetchMyBeersFromAPI should handle empty tasted beers array as valid state" name="Beer API fetchMyBeersFromAPI should handle empty tasted beers array as valid state" time="0.002">
    </testcase>
    <testcase classname="Beer API fetchMyBeersFromAPI should filter out beers without IDs" name="Beer API fetchMyBeersFromAPI should filter out beers without IDs" time="0.001">
    </testcase>
    <testcase classname="Beer API fetchMyBeersFromAPI should throw error on invalid response format" name="Beer API fetchMyBeersFromAPI should throw error on invalid response format" time="0">
    </testcase>
    <testcase classname="Beer API fetchMyBeersFromAPI should propagate fetch errors" name="Beer API fetchMyBeersFromAPI should propagate fetch errors" time="2.508">
    </testcase>
    <testcase classname="Beer API fetchRewardsFromAPI should return empty array in visitor mode" name="Beer API fetchRewardsFromAPI should return empty array in visitor mode" time="0.001">
    </testcase>
    <testcase classname="Beer API fetchRewardsFromAPI should return empty array when API URL is not configured" name="Beer API fetchRewardsFromAPI should return empty array when API URL is not configured" time="0.001">
    </testcase>
    <testcase classname="Beer API fetchRewardsFromAPI should fetch and return rewards" name="Beer API fetchRewardsFromAPI should fetch and return rewards" time="0.001">
    </testcase>
    <testcase classname="Beer API fetchRewardsFromAPI should throw error on invalid response format" name="Beer API fetchRewardsFromAPI should throw error on invalid response format" time="0.001">
    </testcase>
    <testcase classname="Beer API fetchRewardsFromAPI should propagate fetch errors" name="Beer API fetchRewardsFromAPI should propagate fetch errors" time="2.506">
    </testcase>
  </testsuite>
  <testsuite name="RewardsRepository" errors="0" failures="0" skipped="0" timestamp="2025-11-08T15:39:20" time="0.812" tests="38">
    <testcase classname="RewardsRepository insertMany should insert multiple rewards in batches" name="RewardsRepository insertMany should insert multiple rewards in batches" time="0.001">
    </testcase>
    <testcase classname="RewardsRepository insertMany should handle empty array by returning early" name="RewardsRepository insertMany should handle empty array by returning early" time="0">
    </testcase>
    <testcase classname="RewardsRepository insertMany should handle null rewards array" name="RewardsRepository insertMany should handle null rewards array" time="0">
    </testcase>
    <testcase classname="RewardsRepository insertMany should process rewards in batches of 100" name="RewardsRepository insertMany should process rewards in batches of 100" time="0.001">
    </testcase>
    <testcase classname="RewardsRepository insertMany should handle rewards with empty optional fields" name="RewardsRepository insertMany should handle rewards with empty optional fields" time="0">
    </testcase>
    <testcase classname="RewardsRepository insertMany should use placeholders for each reward" name="RewardsRepository insertMany should use placeholders for each reward" time="0">
    </testcase>
    <testcase classname="RewardsRepository insertMany should throw error on database failure" name="RewardsRepository insertMany should throw error on database failure" time="0.013">
    </testcase>
    <testcase classname="RewardsRepository insertMany should log success message after populating" name="RewardsRepository insertMany should log success message after populating" time="0">
    </testcase>
    <testcase classname="RewardsRepository insertMany should handle missing reward_id by using empty string" name="RewardsRepository insertMany should handle missing reward_id by using empty string" time="0">
    </testcase>
    <testcase classname="RewardsRepository insertMany should clear table before inserting" name="RewardsRepository insertMany should clear table before inserting" time="0.001">
    </testcase>
    <testcase classname="RewardsRepository getAll should return all rewards ordered by reward_id" name="RewardsRepository getAll should return all rewards ordered by reward_id" time="0">
    </testcase>
    <testcase classname="RewardsRepository getAll should return empty array when no rewards exist" name="RewardsRepository getAll should return empty array when no rewards exist" time="0">
    </testcase>
    <testcase classname="RewardsRepository getAll should return empty array on database error" name="RewardsRepository getAll should return empty array on database error" time="0">
    </testcase>
    <testcase classname="RewardsRepository getAll should handle database returning null" name="RewardsRepository getAll should handle database returning null" time="0">
    </testcase>
    <testcase classname="RewardsRepository getById should return reward when found" name="RewardsRepository getById should return reward when found" time="0">
    </testcase>
    <testcase classname="RewardsRepository getById should return null when reward not found" name="RewardsRepository getById should return null when reward not found" time="0">
    </testcase>
    <testcase classname="RewardsRepository getById should handle empty reward_id string" name="RewardsRepository getById should handle empty reward_id string" time="0">
    </testcase>
    <testcase classname="RewardsRepository getById should throw error on database failure" name="RewardsRepository getById should throw error on database failure" time="0.001">
    </testcase>
    <testcase classname="RewardsRepository getByType should return rewards matching the type" name="RewardsRepository getByType should return rewards matching the type" time="0">
    </testcase>
    <testcase classname="RewardsRepository getByType should return empty array when no rewards match type" name="RewardsRepository getByType should return empty array when no rewards match type" time="0">
    </testcase>
    <testcase classname="RewardsRepository getByType should handle empty type string" name="RewardsRepository getByType should handle empty type string" time="0.001">
    </testcase>
    <testcase classname="RewardsRepository getByType should throw error on database failure" name="RewardsRepository getByType should throw error on database failure" time="0">
    </testcase>
    <testcase classname="RewardsRepository getRedeemed should return rewards that have been redeemed" name="RewardsRepository getRedeemed should return rewards that have been redeemed" time="0">
    </testcase>
    <testcase classname="RewardsRepository getRedeemed should return empty array when no redeemed rewards exist" name="RewardsRepository getRedeemed should return empty array when no redeemed rewards exist" time="0">
    </testcase>
    <testcase classname="RewardsRepository getRedeemed should throw error on database failure" name="RewardsRepository getRedeemed should throw error on database failure" time="0.001">
    </testcase>
    <testcase classname="RewardsRepository getUnredeemed should return rewards that have not been redeemed" name="RewardsRepository getUnredeemed should return rewards that have not been redeemed" time="0">
    </testcase>
    <testcase classname="RewardsRepository getUnredeemed should return empty array when all rewards are redeemed" name="RewardsRepository getUnredeemed should return empty array when all rewards are redeemed" time="0">
    </testcase>
    <testcase classname="RewardsRepository getUnredeemed should handle redeemed stored as &quot;0&quot; (alternative false)" name="RewardsRepository getUnredeemed should handle redeemed stored as &quot;0&quot; (alternative false)" time="0.001">
    </testcase>
    <testcase classname="RewardsRepository getUnredeemed should throw error on database failure" name="RewardsRepository getUnredeemed should throw error on database failure" time="0">
    </testcase>
    <testcase classname="RewardsRepository clear should clear all rewards from the table" name="RewardsRepository clear should clear all rewards from the table" time="0">
    </testcase>
    <testcase classname="RewardsRepository clear should log clearing message" name="RewardsRepository clear should log clearing message" time="0">
    </testcase>
    <testcase classname="RewardsRepository clear should throw error on database failure" name="RewardsRepository clear should throw error on database failure" time="0.001">
    </testcase>
    <testcase classname="RewardsRepository getCount should return count of rewards" name="RewardsRepository getCount should return count of rewards" time="0">
    </testcase>
    <testcase classname="RewardsRepository getCount should return 0 when no rewards exist" name="RewardsRepository getCount should return 0 when no rewards exist" time="0">
    </testcase>
    <testcase classname="RewardsRepository getCount should handle null count result" name="RewardsRepository getCount should handle null count result" time="0">
    </testcase>
    <testcase classname="RewardsRepository getCount should throw error on database failure" name="RewardsRepository getCount should throw error on database failure" time="0.003">
    </testcase>
    <testcase classname="RewardsRepository error handling should log error when populate fails" name="RewardsRepository error handling should log error when populate fails" time="0">
    </testcase>
    <testcase classname="RewardsRepository error handling should use transaction for atomic operations" name="RewardsRepository error handling should use transaction for atomic operations" time="0">
    </testcase>
  </testsuite>
  <testsuite name="DatabaseLockManager" errors="0" failures="0" skipped="0" timestamp="2025-11-08T15:39:21" time="0.152" tests="10">
    <testcase classname="DatabaseLockManager acquireLock should successfully acquire lock when available" name="DatabaseLockManager acquireLock should successfully acquire lock when available" time="0.001">
    </testcase>
    <testcase classname="DatabaseLockManager acquireLock should log lock acquisition" name="DatabaseLockManager acquireLock should log lock acquisition" time="0">
    </testcase>
    <testcase classname="DatabaseLockManager releaseLock should release the lock" name="DatabaseLockManager releaseLock should release the lock" time="0.001">
    </testcase>
    <testcase classname="DatabaseLockManager releaseLock should log lock release" name="DatabaseLockManager releaseLock should log lock release" time="0">
    </testcase>
    <testcase classname="DatabaseLockManager releaseLock should handle releasing lock when not held" name="DatabaseLockManager releaseLock should handle releasing lock when not held" time="0">
    </testcase>
    <testcase classname="DatabaseLockManager concurrent operations should handle rapid acquire/release cycles" name="DatabaseLockManager concurrent operations should handle rapid acquire/release cycles" time="0">
    </testcase>
    <testcase classname="DatabaseLockManager error scenarios should handle errors without leaving lock in bad state" name="DatabaseLockManager error scenarios should handle errors without leaving lock in bad state" time="0">
    </testcase>
    <testcase classname="DatabaseLockManager isLocked should return false when no lock is held" name="DatabaseLockManager isLocked should return false when no lock is held" time="0.001">
    </testcase>
    <testcase classname="DatabaseLockManager isLocked should return true when lock is held" name="DatabaseLockManager isLocked should return true when lock is held" time="0">
    </testcase>
    <testcase classname="DatabaseLockManager isLocked should return false after lock is released" name="DatabaseLockManager isLocked should return false after lock is released" time="0">
    </testcase>
  </testsuite>
  <testsuite name="Preference Functions" errors="0" failures="0" skipped="0" timestamp="2025-11-08T15:39:21" time="0.135" tests="21">
    <testcase classname="Preference Functions getPreference should return preference value when it exists" name="Preference Functions getPreference should return preference value when it exists" time="0.001">
    </testcase>
    <testcase classname="Preference Functions getPreference should return null when preference does not exist" name="Preference Functions getPreference should return null when preference does not exist" time="0">
    </testcase>
    <testcase classname="Preference Functions getPreference should return null on database error" name="Preference Functions getPreference should return null on database error" time="0">
    </testcase>
    <testcase classname="Preference Functions getPreference should handle empty string key" name="Preference Functions getPreference should handle empty string key" time="0">
    </testcase>
    <testcase classname="Preference Functions getPreference should handle special characters in key" name="Preference Functions getPreference should handle special characters in key" time="0.001">
    </testcase>
    <testcase classname="Preference Functions setPreference should insert new preference with description" name="Preference Functions setPreference should insert new preference with description" time="0">
    </testcase>
    <testcase classname="Preference Functions setPreference should update existing preference value and preserve description" name="Preference Functions setPreference should update existing preference value and preserve description" time="0">
    </testcase>
    <testcase classname="Preference Functions setPreference should set empty description when updating non-existent preference without description" name="Preference Functions setPreference should set empty description when updating non-existent preference without description" time="0">
    </testcase>
    <testcase classname="Preference Functions setPreference should handle empty string value" name="Preference Functions setPreference should handle empty string value" time="0.001">
    </testcase>
    <testcase classname="Preference Functions setPreference should handle special characters in value" name="Preference Functions setPreference should handle special characters in value" time="0">
    </testcase>
    <testcase classname="Preference Functions setPreference should throw error when database operation fails" name="Preference Functions setPreference should throw error when database operation fails" time="0.01">
    </testcase>
    <testcase classname="Preference Functions setPreference should handle description update when providing new description" name="Preference Functions setPreference should handle description update when providing new description" time="0.001">
    </testcase>
    <testcase classname="Preference Functions setPreference should handle undefined description parameter" name="Preference Functions setPreference should handle undefined description parameter" time="0">
    </testcase>
    <testcase classname="Preference Functions getAllPreferences should return all preferences ordered by key" name="Preference Functions getAllPreferences should return all preferences ordered by key" time="0">
    </testcase>
    <testcase classname="Preference Functions getAllPreferences should return empty array when no preferences exist" name="Preference Functions getAllPreferences should return empty array when no preferences exist" time="0.001">
    </testcase>
    <testcase classname="Preference Functions getAllPreferences should return empty array on database error" name="Preference Functions getAllPreferences should return empty array on database error" time="0">
    </testcase>
    <testcase classname="Preference Functions getAllPreferences should handle null return from database" name="Preference Functions getAllPreferences should handle null return from database" time="0">
    </testcase>
    <testcase classname="Preference Functions getAllPreferences should return preferences with empty descriptions" name="Preference Functions getAllPreferences should return preferences with empty descriptions" time="0">
    </testcase>
    <testcase classname="Preference Functions getAllPreferences should preserve preference ordering by key" name="Preference Functions getAllPreferences should preserve preference ordering by key" time="0.002">
    </testcase>
    <testcase classname="Preference Functions Integration scenarios should handle set and get preference workflow" name="Preference Functions Integration scenarios should handle set and get preference workflow" time="0.001">
    </testcase>
    <testcase classname="Preference Functions Integration scenarios should handle multiple preference updates" name="Preference Functions Integration scenarios should handle multiple preference updates" time="0">
    </testcase>
  </testsuite>
  <testsuite name="Database Schema" errors="0" failures="0" skipped="0" timestamp="2025-11-08T15:39:21" time="0.286" tests="17">
    <testcase classname="Database Schema setupDatabase should create all required tables" name="Database Schema setupDatabase should create all required tables" time="0.002">
    </testcase>
    <testcase classname="Database Schema setupDatabase should create allbeers table with correct columns" name="Database Schema setupDatabase should create allbeers table with correct columns" time="0">
    </testcase>
    <testcase classname="Database Schema setupDatabase should create tasted_brew_current_round table with correct columns" name="Database Schema setupDatabase should create tasted_brew_current_round table with correct columns" time="0">
    </testcase>
    <testcase classname="Database Schema setupDatabase should create rewards table with correct columns" name="Database Schema setupDatabase should create rewards table with correct columns" time="0.001">
    </testcase>
    <testcase classname="Database Schema setupDatabase should create preferences table with correct columns" name="Database Schema setupDatabase should create preferences table with correct columns" time="0">
    </testcase>
    <testcase classname="Database Schema setupDatabase should create untappd table with correct columns" name="Database Schema setupDatabase should create untappd table with correct columns" time="0.001">
    </testcase>
    <testcase classname="Database Schema setupDatabase should initialize default preferences if table is empty" name="Database Schema setupDatabase should initialize default preferences if table is empty" time="0">
    </testcase>
    <testcase classname="Database Schema setupDatabase should not reinitialize preferences if table already has data" name="Database Schema setupDatabase should not reinitialize preferences if table already has data" time="0">
    </testcase>
    <testcase classname="Database Schema setupDatabase should handle errors gracefully" name="Database Schema setupDatabase should handle errors gracefully" time="0.011">
    </testcase>
    <testcase classname="Database Schema setupDatabase should use a transaction for table creation" name="Database Schema setupDatabase should use a transaction for table creation" time="0">
    </testcase>
    <testcase classname="Database Schema setupDatabase should log setup completion" name="Database Schema setupDatabase should log setup completion" time="0">
    </testcase>
    <testcase classname="Database Schema initDatabase should call getDatabase from connection module" name="Database Schema initDatabase should call getDatabase from connection module" time="0">
    </testcase>
    <testcase classname="Database Schema initDatabase should return the same database instance" name="Database Schema initDatabase should return the same database instance" time="0.001">
    </testcase>
    <testcase classname="Database Schema Table Schema Verification should have 5 tables total" name="Database Schema Table Schema Verification should have 5 tables total" time="0">
    </testcase>
    <testcase classname="Database Schema Table Schema Verification should use TEXT type for all columns" name="Database Schema Table Schema Verification should use TEXT type for all columns" time="0">
    </testcase>
    <testcase classname="Database Schema Table Schema Verification should use PRIMARY KEY for id columns" name="Database Schema Table Schema Verification should use PRIMARY KEY for id columns" time="0.001">
    </testcase>
    <testcase classname="Database Schema Table Schema Verification should use IF NOT EXISTS for all tables" name="Database Schema Table Schema Verification should use IF NOT EXISTS for all tables" time="0">
    </testcase>
  </testsuite>
  <testsuite name="MyBeersRepository" errors="0" failures="0" skipped="0" timestamp="2025-11-08T15:39:21" time="0.221" tests="28">
    <testcase classname="MyBeersRepository insertMany should insert multiple tasted beers in batches" name="MyBeersRepository insertMany should insert multiple tasted beers in batches" time="0.001">
    </testcase>
    <testcase classname="MyBeersRepository insertMany should handle empty array by clearing the table" name="MyBeersRepository insertMany should handle empty array by clearing the table" time="0">
    </testcase>
    <testcase classname="MyBeersRepository insertMany should filter out beers without IDs" name="MyBeersRepository insertMany should filter out beers without IDs" time="0.001">
    </testcase>
    <testcase classname="MyBeersRepository insertMany should clear table when all beers are invalid" name="MyBeersRepository insertMany should clear table when all beers are invalid" time="0.002">
    </testcase>
    <testcase classname="MyBeersRepository insertMany should process beers in batches of 20" name="MyBeersRepository insertMany should process beers in batches of 20" time="0.001">
    </testcase>
    <testcase classname="MyBeersRepository insertMany should handle beers with optional fields missing" name="MyBeersRepository insertMany should handle beers with optional fields missing" time="0">
    </testcase>
    <testcase classname="MyBeersRepository insertMany should throw error on database failure during insert" name="MyBeersRepository insertMany should throw error on database failure during insert" time="0.012">
    </testcase>
    <testcase classname="MyBeersRepository insertMany should log progress during import" name="MyBeersRepository insertMany should log progress during import" time="0.001">
    </testcase>
    <testcase classname="MyBeersRepository insertMany should include all Beerfinder-specific fields in insert" name="MyBeersRepository insertMany should include all Beerfinder-specific fields in insert" time="0">
    </testcase>
    <testcase classname="MyBeersRepository getAll should return all tasted beers ordered by id" name="MyBeersRepository getAll should return all tasted beers ordered by id" time="0">
    </testcase>
    <testcase classname="MyBeersRepository getAll should return empty array when no tasted beers exist" name="MyBeersRepository getAll should return empty array when no tasted beers exist" time="0.001">
    </testcase>
    <testcase classname="MyBeersRepository getAll should throw error on database failure" name="MyBeersRepository getAll should throw error on database failure" time="0">
    </testcase>
    <testcase classname="MyBeersRepository getAll should log retrieval of tasted beers" name="MyBeersRepository getAll should log retrieval of tasted beers" time="0">
    </testcase>
    <testcase classname="MyBeersRepository getAll should log when no tasted beers found and check table structure" name="MyBeersRepository getAll should log when no tasted beers found and check table structure" time="0.001">
    </testcase>
    <testcase classname="MyBeersRepository getById should return tasted beer when found" name="MyBeersRepository getById should return tasted beer when found" time="0">
    </testcase>
    <testcase classname="MyBeersRepository getById should return null when beer not found" name="MyBeersRepository getById should return null when beer not found" time="0">
    </testcase>
    <testcase classname="MyBeersRepository getById should handle empty ID string" name="MyBeersRepository getById should handle empty ID string" time="0">
    </testcase>
    <testcase classname="MyBeersRepository getById should throw error on database failure" name="MyBeersRepository getById should throw error on database failure" time="0.001">
    </testcase>
    <testcase classname="MyBeersRepository clear should clear all tasted beers from the table" name="MyBeersRepository clear should clear all tasted beers from the table" time="0">
    </testcase>
    <testcase classname="MyBeersRepository clear should log the number of rows removed" name="MyBeersRepository clear should log the number of rows removed" time="0">
    </testcase>
    <testcase classname="MyBeersRepository clear should handle clearing empty table" name="MyBeersRepository clear should handle clearing empty table" time="0">
    </testcase>
    <testcase classname="MyBeersRepository clear should throw error on database failure" name="MyBeersRepository clear should throw error on database failure" time="0.001">
    </testcase>
    <testcase classname="MyBeersRepository getCount should return count of tasted beers" name="MyBeersRepository getCount should return count of tasted beers" time="0">
    </testcase>
    <testcase classname="MyBeersRepository getCount should return 0 when no beers exist" name="MyBeersRepository getCount should return 0 when no beers exist" time="0">
    </testcase>
    <testcase classname="MyBeersRepository getCount should handle null count result" name="MyBeersRepository getCount should handle null count result" time="0">
    </testcase>
    <testcase classname="MyBeersRepository getCount should throw error on database failure" name="MyBeersRepository getCount should throw error on database failure" time="0.001">
    </testcase>
    <testcase classname="MyBeersRepository error handling should handle individual beer insert errors gracefully" name="MyBeersRepository error handling should handle individual beer insert errors gracefully" time="0">
    </testcase>
    <testcase classname="MyBeersRepository error handling should throw error on transaction failure" name="MyBeersRepository error handling should throw error on transaction failure" time="0.001">
    </testcase>
  </testsuite>
  <testsuite name="BeerRepository" errors="0" failures="0" skipped="0" timestamp="2025-11-08T15:39:22" time="0.157" tests="34">
    <testcase classname="BeerRepository insertMany should insert multiple beers in batches" name="BeerRepository insertMany should insert multiple beers in batches" time="0.001">
    </testcase>
    <testcase classname="BeerRepository insertMany should skip beers without IDs" name="BeerRepository insertMany should skip beers without IDs" time="0.001">
    </testcase>
    <testcase classname="BeerRepository insertMany should process beers in batches of 50" name="BeerRepository insertMany should process beers in batches of 50" time="0">
    </testcase>
    <testcase classname="BeerRepository insertMany should handle empty beer array" name="BeerRepository insertMany should handle empty beer array" time="0">
    </testcase>
    <testcase classname="BeerRepository insertMany should handle beers with optional fields missing" name="BeerRepository insertMany should handle beers with optional fields missing" time="0.001">
    </testcase>
    <testcase classname="BeerRepository insertMany should throw error on database failure" name="BeerRepository insertMany should throw error on database failure" time="0.014">
    </testcase>
    <testcase classname="BeerRepository insertMany should log progress during import" name="BeerRepository insertMany should log progress during import" time="0.001">
    </testcase>
    <testcase classname="BeerRepository getAll should return all beers ordered by added_date DESC" name="BeerRepository getAll should return all beers ordered by added_date DESC" time="0">
    </testcase>
    <testcase classname="BeerRepository getAll should return empty array when no beers exist" name="BeerRepository getAll should return empty array when no beers exist" time="0">
    </testcase>
    <testcase classname="BeerRepository getAll should filter out beers with null or empty brew_name" name="BeerRepository getAll should filter out beers with null or empty brew_name" time="0">
    </testcase>
    <testcase classname="BeerRepository getAll should throw error on database failure" name="BeerRepository getAll should throw error on database failure" time="0">
    </testcase>
    <testcase classname="BeerRepository getById should return beer when found" name="BeerRepository getById should return beer when found" time="0">
    </testcase>
    <testcase classname="BeerRepository getById should return null when beer not found" name="BeerRepository getById should return null when beer not found" time="0.001">
    </testcase>
    <testcase classname="BeerRepository getById should handle empty ID string" name="BeerRepository getById should handle empty ID string" time="0">
    </testcase>
    <testcase classname="BeerRepository getById should throw error on database failure" name="BeerRepository getById should throw error on database failure" time="0">
    </testcase>
    <testcase classname="BeerRepository search should search beers by name, brewer, style, and description" name="BeerRepository search should search beers by name, brewer, style, and description" time="0.001">
    </testcase>
    <testcase classname="BeerRepository search should return all beers when query is empty" name="BeerRepository search should return all beers when query is empty" time="0">
    </testcase>
    <testcase classname="BeerRepository search should trim whitespace from query" name="BeerRepository search should trim whitespace from query" time="0">
    </testcase>
    <testcase classname="BeerRepository search should handle special characters in search query" name="BeerRepository search should handle special characters in search query" time="0">
    </testcase>
    <testcase classname="BeerRepository search should search across all text fields" name="BeerRepository search should search across all text fields" time="0.001">
    </testcase>
    <testcase classname="BeerRepository search should throw error on database failure" name="BeerRepository search should throw error on database failure" time="0">
    </testcase>
    <testcase classname="BeerRepository getByStyle should return beers matching the style" name="BeerRepository getByStyle should return beers matching the style" time="0">
    </testcase>
    <testcase classname="BeerRepository getByStyle should return empty array when no beers match style" name="BeerRepository getByStyle should return empty array when no beers match style" time="0">
    </testcase>
    <testcase classname="BeerRepository getByStyle should handle empty style string" name="BeerRepository getByStyle should handle empty style string" time="0">
    </testcase>
    <testcase classname="BeerRepository getByStyle should throw error on database failure" name="BeerRepository getByStyle should throw error on database failure" time="0">
    </testcase>
    <testcase classname="BeerRepository getByBrewer should return beers from the specified brewer" name="BeerRepository getByBrewer should return beers from the specified brewer" time="0">
    </testcase>
    <testcase classname="BeerRepository getByBrewer should return empty array when no beers match brewer" name="BeerRepository getByBrewer should return empty array when no beers match brewer" time="0">
    </testcase>
    <testcase classname="BeerRepository getByBrewer should handle empty brewer string" name="BeerRepository getByBrewer should handle empty brewer string" time="0">
    </testcase>
    <testcase classname="BeerRepository getByBrewer should throw error on database failure" name="BeerRepository getByBrewer should throw error on database failure" time="0">
    </testcase>
    <testcase classname="BeerRepository getUntasted should return beers not in tasted_brew_current_round table" name="BeerRepository getUntasted should return beers not in tasted_brew_current_round table" time="0">
    </testcase>
    <testcase classname="BeerRepository getUntasted should return empty array when all beers are tasted" name="BeerRepository getUntasted should return empty array when all beers are tasted" time="0.001">
    </testcase>
    <testcase classname="BeerRepository getUntasted should filter out beers with null or empty brew_name" name="BeerRepository getUntasted should filter out beers with null or empty brew_name" time="0">
    </testcase>
    <testcase classname="BeerRepository getUntasted should order results by added_date DESC" name="BeerRepository getUntasted should order results by added_date DESC" time="0">
    </testcase>
    <testcase classname="BeerRepository getUntasted should throw error on database failure" name="BeerRepository getUntasted should throw error on database failure" time="0">
    </testcase>
  </testsuite>
</testsuites>