{"/Users/pete/BeerSelector/expo-env.d.ts": {"path":"/Users/pete/BeerSelector/expo-env.d.ts","statementMap":{},"fnMap":{},"branchMap":{},"s":{},"f":{},"b":{}}
,"/Users/pete/BeerSelector/jest-junit.config.js": {"path":"/Users/pete/BeerSelector/jest-junit.config.js","statementMap":{"0":{"start":{"line":1,"column":0},"end":{"line":9,"column":2}}},"fnMap":{},"branchMap":{},"s":{"0":0},"f":{},"b":{}}
,"/Users/pete/BeerSelector/jest.config.js": {"path":"/Users/pete/BeerSelector/jest.config.js","statementMap":{"0":{"start":{"line":1,"column":0},"end":{"line":53,"column":2}}},"fnMap":{},"branchMap":{},"s":{"0":0},"f":{},"b":{}}
,"/Users/pete/BeerSelector/.expo/types/router.d.ts": {"path":"/Users/pete/BeerSelector/.expo/types/router.d.ts","statementMap":{},"fnMap":{},"branchMap":{},"s":{},"f":{},"b":{}}
,"/Users/pete/BeerSelector/app/+not-found.tsx": {"path":"/Users/pete/BeerSelector/app/+not-found.tsx","statementMap":{"0":{"start":{"line":8,"column":2},"end":{"line":18,"column":4}},"1":{"start":{"line":21,"column":15},"end":{"line":32,"column":2}}},"fnMap":{"0":{"name":"NotFoundScreen","decl":{"start":{"line":7,"column":24},"end":{"line":7,"column":38}},"loc":{"start":{"line":7,"column":41},"end":{"line":19,"column":1}},"line":7}},"branchMap":{},"s":{"0":0,"1":0},"f":{"0":0},"b":{}}
,"/Users/pete/BeerSelector/app/_layout.tsx": {"path":"/Users/pete/BeerSelector/app/_layout.tsx","statementMap":{"0":{"start":{"line":15,"column":20},"end":{"line":15,"column":25}},"1":{"start":{"line":18,"column":0},"end":{"line":41,"column":1}},"2":{"start":{"line":19,"column":31},"end":{"line":19,"column":44}},"3":{"start":{"line":20,"column":2},"end":{"line":33,"column":4}},"4":{"start":{"line":21,"column":4},"end":{"line":31,"column":5}},"5":{"start":{"line":30,"column":6},"end":{"line":30,"column":13}},"6":{"start":{"line":32,"column":4},"end":{"line":32,"column":34}},"7":{"start":{"line":34,"column":2},"end":{"line":40,"column":5}},"8":{"start":{"line":44,"column":0},"end":{"line":44,"column":36}},"9":{"start":{"line":47,"column":22},"end":{"line":47,"column":38}},"10":{"start":{"line":48,"column":19},"end":{"line":50,"column":4}},"11":{"start":{"line":51,"column":42},"end":{"line":51,"column":71}},"12":{"start":{"line":53,"column":2},"end":{"line":128,"column":15}},"13":{"start":{"line":55,"column":6},"end":{"line":124,"column":7}},"14":{"start":{"line":57,"column":28},"end":{"line":57,"column":33}},"15":{"start":{"line":60,"column":8},"end":{"line":115,"column":9}},"16":{"start":{"line":61,"column":10},"end":{"line":61,"column":31}},"17":{"start":{"line":63,"column":10},"end":{"line":111,"column":11}},"18":{"start":{"line":64,"column":12},"end":{"line":64,"column":66}},"19":{"start":{"line":65,"column":12},"end":{"line":65,"column":43}},"20":{"start":{"line":66,"column":12},"end":{"line":66,"column":33}},"21":{"start":{"line":67,"column":12},"end":{"line":67,"column":61}},"22":{"start":{"line":70,"column":35},"end":{"line":70,"column":75}},"23":{"start":{"line":71,"column":34},"end":{"line":71,"column":73}},"24":{"start":{"line":72,"column":34},"end":{"line":72,"column":69}},"25":{"start":{"line":75,"column":12},"end":{"line":89,"column":13}},"26":{"start":{"line":76,"column":14},"end":{"line":76,"column":92}},"27":{"start":{"line":78,"column":14},"end":{"line":80,"column":15}},"28":{"start":{"line":79,"column":16},"end":{"line":79,"column":112}},"29":{"start":{"line":83,"column":14},"end":{"line":83,"column":43}},"30":{"start":{"line":85,"column":14},"end":{"line":85,"column":42}},"31":{"start":{"line":88,"column":14},"end":{"line":88,"column":40}},"32":{"start":{"line":91,"column":12},"end":{"line":91,"column":85}},"33":{"start":{"line":93,"column":12},"end":{"line":110,"column":13}},"34":{"start":{"line":95,"column":14},"end":{"line":95,"column":70}},"35":{"start":{"line":95,"column":43},"end":{"line":95,"column":68}},"36":{"start":{"line":96,"column":14},"end":{"line":105,"column":15}},"37":{"start":{"line":97,"column":16},"end":{"line":97,"column":75}},"38":{"start":{"line":98,"column":16},"end":{"line":98,"column":47}},"39":{"start":{"line":99,"column":16},"end":{"line":99,"column":74}},"40":{"start":{"line":100,"column":16},"end":{"line":100,"column":42}},"41":{"start":{"line":102,"column":16},"end":{"line":102,"column":86}},"42":{"start":{"line":104,"column":16},"end":{"line":104,"column":42}},"43":{"start":{"line":107,"column":14},"end":{"line":107,"column":89}},"44":{"start":{"line":109,"column":14},"end":{"line":109,"column":40}},"45":{"start":{"line":113,"column":10},"end":{"line":113,"column":97}},"46":{"start":{"line":114,"column":10},"end":{"line":114,"column":36}},"47":{"start":{"line":117,"column":8},"end":{"line":119,"column":9}},"48":{"start":{"line":118,"column":10},"end":{"line":118,"column":41}},"49":{"start":{"line":121,"column":8},"end":{"line":121,"column":65}},"50":{"start":{"line":123,"column":8},"end":{"line":123,"column":34}},"51":{"start":{"line":127,"column":4},"end":{"line":127,"column":14}},"52":{"start":{"line":131,"column":2},"end":{"line":133,"column":3}},"53":{"start":{"line":132,"column":4},"end":{"line":132,"column":16}},"54":{"start":{"line":135,"column":2},"end":{"line":147,"column":4}}},"fnMap":{"0":{"name":"(anonymous_0)","decl":{"start":{"line":20,"column":18},"end":{"line":20,"column":19}},"loc":{"start":{"line":20,"column":31},"end":{"line":33,"column":3}},"line":20},"1":{"name":"RootLayout","decl":{"start":{"line":46,"column":24},"end":{"line":46,"column":34}},"loc":{"start":{"line":46,"column":37},"end":{"line":148,"column":1}},"line":46},"2":{"name":"(anonymous_2)","decl":{"start":{"line":53,"column":12},"end":{"line":53,"column":13}},"loc":{"start":{"line":53,"column":18},"end":{"line":128,"column":3}},"line":53},"3":{"name":"prepare","decl":{"start":{"line":54,"column":19},"end":{"line":54,"column":26}},"loc":{"start":{"line":54,"column":29},"end":{"line":125,"column":5}},"line":54},"4":{"name":"(anonymous_4)","decl":{"start":{"line":95,"column":32},"end":{"line":95,"column":33}},"loc":{"start":{"line":95,"column":43},"end":{"line":95,"column":68}},"line":95}},"branchMap":{"0":{"loc":{"start":{"line":18,"column":0},"end":{"line":41,"column":1}},"type":"if","locations":[{"start":{"line":18,"column":0},"end":{"line":41,"column":1}},{"start":{},"end":{}}],"line":18},"1":{"loc":{"start":{"line":21,"column":4},"end":{"line":31,"column":5}},"type":"if","locations":[{"start":{"line":21,"column":4},"end":{"line":31,"column":5}},{"start":{},"end":{}}],"line":21},"2":{"loc":{"start":{"line":22,"column":6},"end":{"line":28,"column":55}},"type":"binary-expr","locations":[{"start":{"line":22,"column":6},"end":{"line":22,"column":13}},{"start":{"line":23,"column":6},"end":{"line":23,"column":33}},{"start":{"line":24,"column":7},"end":{"line":24,"column":40}},{"start":{"line":25,"column":7},"end":{"line":25,"column":36}},{"start":{"line":26,"column":7},"end":{"line":26,"column":31}},{"start":{"line":27,"column":7},"end":{"line":27,"column":55}},{"start":{"line":28,"column":7},"end":{"line":28,"column":54}}],"line":22},"3":{"loc":{"start":{"line":60,"column":8},"end":{"line":115,"column":9}},"type":"if","locations":[{"start":{"line":60,"column":8},"end":{"line":115,"column":9}},{"start":{"line":112,"column":15},"end":{"line":115,"column":9}}],"line":60},"4":{"loc":{"start":{"line":75,"column":12},"end":{"line":89,"column":13}},"type":"if","locations":[{"start":{"line":75,"column":12},"end":{"line":89,"column":13}},{"start":{"line":86,"column":19},"end":{"line":89,"column":13}}],"line":75},"5":{"loc":{"start":{"line":75,"column":16},"end":{"line":75,"column":89}},"type":"binary-expr","locations":[{"start":{"line":75,"column":17},"end":{"line":75,"column":32}},{"start":{"line":75,"column":36},"end":{"line":75,"column":50}},{"start":{"line":75,"column":54},"end":{"line":75,"column":78}},{"start":{"line":75,"column":83},"end":{"line":75,"column":89}}],"line":75},"6":{"loc":{"start":{"line":78,"column":14},"end":{"line":80,"column":15}},"type":"if","locations":[{"start":{"line":78,"column":14},"end":{"line":80,"column":15}},{"start":{},"end":{}}],"line":78},"7":{"loc":{"start":{"line":93,"column":12},"end":{"line":110,"column":13}},"type":"if","locations":[{"start":{"line":93,"column":12},"end":{"line":110,"column":13}},{"start":{"line":106,"column":19},"end":{"line":110,"column":13}}],"line":93},"8":{"loc":{"start":{"line":117,"column":8},"end":{"line":119,"column":9}},"type":"if","locations":[{"start":{"line":117,"column":8},"end":{"line":119,"column":9}},{"start":{},"end":{}}],"line":117},"9":{"loc":{"start":{"line":131,"column":2},"end":{"line":133,"column":3}},"type":"if","locations":[{"start":{"line":131,"column":2},"end":{"line":133,"column":3}},{"start":{},"end":{}}],"line":131},"10":{"loc":{"start":{"line":131,"column":6},"end":{"line":131,"column":30}},"type":"binary-expr","locations":[{"start":{"line":131,"column":6},"end":{"line":131,"column":13}},{"start":{"line":131,"column":17},"end":{"line":131,"column":30}}],"line":131},"11":{"loc":{"start":{"line":137,"column":28},"end":{"line":137,"column":77}},"type":"cond-expr","locations":[{"start":{"line":137,"column":53},"end":{"line":137,"column":62}},{"start":{"line":137,"column":65},"end":{"line":137,"column":77}}],"line":137}},"s":{"0":0,"1":0,"2":0,"3":0,"4":0,"5":0,"6":0,"7":0,"8":0,"9":0,"10":0,"11":0,"12":0,"13":0,"14":0,"15":0,"16":0,"17":0,"18":0,"19":0,"20":0,"21":0,"22":0,"23":0,"24":0,"25":0,"26":0,"27":0,"28":0,"29":0,"30":0,"31":0,"32":0,"33":0,"34":0,"35":0,"36":0,"37":0,"38":0,"39":0,"40":0,"41":0,"42":0,"43":0,"44":0,"45":0,"46":0,"47":0,"48":0,"49":0,"50":0,"51":0,"52":0,"53":0,"54":0},"f":{"0":0,"1":0,"2":0,"3":0,"4":0},"b":{"0":[0,0],"1":[0,0],"2":[0,0,0,0,0,0,0],"3":[0,0],"4":[0,0],"5":[0,0,0,0],"6":[0,0],"7":[0,0],"8":[0,0],"9":[0,0],"10":[0,0],"11":[0,0]}}
,"/Users/pete/BeerSelector/app/settings.tsx": {"path":"/Users/pete/BeerSelector/app/settings.tsx","statementMap":{"0":{"start":{"line":28,"column":26},"end":{"line":28,"column":57}},"1":{"start":{"line":29,"column":20},"end":{"line":29,"column":86}},"2":{"start":{"line":30,"column":20},"end":{"line":30,"column":45}},"3":{"start":{"line":31,"column":20},"end":{"line":31,"column":45}},"4":{"start":{"line":32,"column":22},"end":{"line":32,"column":79}},"5":{"start":{"line":33,"column":22},"end":{"line":33,"column":49}},"6":{"start":{"line":36,"column":38},"end":{"line":36,"column":53}},"7":{"start":{"line":37,"column":40},"end":{"line":37,"column":66}},"8":{"start":{"line":38,"column":32},"end":{"line":38,"column":46}},"9":{"start":{"line":39,"column":42},"end":{"line":39,"column":57}},"10":{"start":{"line":40,"column":56},"end":{"line":40,"column":71}},"11":{"start":{"line":41,"column":60},"end":{"line":41,"column":74}},"12":{"start":{"line":42,"column":46},"end":{"line":42,"column":61}},"13":{"start":{"line":43,"column":60},"end":{"line":43,"column":75}},"14":{"start":{"line":44,"column":21},"end":{"line":44,"column":42}},"15":{"start":{"line":45,"column":28},"end":{"line":45,"column":49}},"16":{"start":{"line":46,"column":52},"end":{"line":46,"column":67}},"17":{"start":{"line":47,"column":42},"end":{"line":47,"column":57}},"18":{"start":{"line":48,"column":36},"end":{"line":48,"column":51}},"19":{"start":{"line":49,"column":60},"end":{"line":49,"column":75}},"20":{"start":{"line":52,"column":2},"end":{"line":63,"column":9}},"21":{"start":{"line":53,"column":4},"end":{"line":53,"column":22}},"22":{"start":{"line":54,"column":4},"end":{"line":54,"column":30}},"23":{"start":{"line":57,"column":4},"end":{"line":62,"column":5}},"24":{"start":{"line":58,"column":6},"end":{"line":58,"column":39}},"25":{"start":{"line":61,"column":6},"end":{"line":61,"column":26}},"26":{"start":{"line":66,"column":34},"end":{"line":74,"column":3}},"27":{"start":{"line":67,"column":4},"end":{"line":73,"column":5}},"28":{"start":{"line":68,"column":23},"end":{"line":68,"column":48}},"29":{"start":{"line":69,"column":6},"end":{"line":69,"column":41}},"30":{"start":{"line":71,"column":6},"end":{"line":71,"column":67}},"31":{"start":{"line":72,"column":6},"end":{"line":72,"column":38}},"32":{"start":{"line":77,"column":26},"end":{"line":97,"column":3}},"33":{"start":{"line":78,"column":4},"end":{"line":96,"column":5}},"34":{"start":{"line":79,"column":6},"end":{"line":79,"column":23}},"35":{"start":{"line":80,"column":20},"end":{"line":80,"column":45}},"36":{"start":{"line":81,"column":6},"end":{"line":81,"column":28}},"37":{"start":{"line":84,"column":29},"end":{"line":84,"column":82}},"38":{"start":{"line":84,"column":45},"end":{"line":84,"column":74}},"39":{"start":{"line":85,"column":28},"end":{"line":85,"column":80}},"40":{"start":{"line":85,"column":44},"end":{"line":85,"column":72}},"41":{"start":{"line":86,"column":28},"end":{"line":86,"column":87}},"42":{"start":{"line":86,"column":44},"end":{"line":86,"column":68}},"43":{"start":{"line":89,"column":6},"end":{"line":89,"column":64}},"44":{"start":{"line":90,"column":6},"end":{"line":90,"column":57}},"45":{"start":{"line":92,"column":6},"end":{"line":92,"column":58}},"46":{"start":{"line":93,"column":6},"end":{"line":93,"column":58}},"47":{"start":{"line":95,"column":6},"end":{"line":95,"column":24}},"48":{"start":{"line":100,"column":24},"end":{"line":119,"column":3}},"49":{"start":{"line":101,"column":4},"end":{"line":118,"column":5}},"50":{"start":{"line":102,"column":6},"end":{"line":102,"column":26}},"51":{"start":{"line":105,"column":28},"end":{"line":105,"column":57}},"52":{"start":{"line":108,"column":6},"end":{"line":111,"column":8}},"53":{"start":{"line":113,"column":6},"end":{"line":113,"column":52}},"54":{"start":{"line":114,"column":6},"end":{"line":114,"column":90}},"55":{"start":{"line":117,"column":6},"end":{"line":117,"column":27}},"56":{"start":{"line":122,"column":22},"end":{"line":131,"column":3}},"57":{"start":{"line":123,"column":4},"end":{"line":130,"column":5}},"58":{"start":{"line":124,"column":6},"end":{"line":124,"column":28}},"59":{"start":{"line":125,"column":6},"end":{"line":125,"column":30}},"60":{"start":{"line":127,"column":6},"end":{"line":127,"column":50}},"61":{"start":{"line":128,"column":6},"end":{"line":128,"column":65}},"62":{"start":{"line":129,"column":6},"end":{"line":129,"column":29}},"63":{"start":{"line":134,"column":29},"end":{"line":143,"column":3}},"64":{"start":{"line":135,"column":4},"end":{"line":142,"column":5}},"65":{"start":{"line":136,"column":6},"end":{"line":136,"column":35}},"66":{"start":{"line":137,"column":6},"end":{"line":137,"column":37}},"67":{"start":{"line":139,"column":6},"end":{"line":139,"column":58}},"68":{"start":{"line":140,"column":6},"end":{"line":140,"column":73}},"69":{"start":{"line":141,"column":6},"end":{"line":141,"column":36}},"70":{"start":{"line":146,"column":45},"end":{"line":224,"column":3}},"71":{"start":{"line":148,"column":4},"end":{"line":223,"column":5}},"72":{"start":{"line":150,"column":6},"end":{"line":222,"column":7}},"73":{"start":{"line":151,"column":8},"end":{"line":221,"column":11}},"74":{"start":{"line":227,"column":52},"end":{"line":312,"column":3}},"75":{"start":{"line":229,"column":4},"end":{"line":229,"column":64}},"76":{"start":{"line":232,"column":4},"end":{"line":311,"column":5}},"77":{"start":{"line":234,"column":6},"end":{"line":310,"column":7}},"78":{"start":{"line":235,"column":8},"end":{"line":235,"column":45}},"79":{"start":{"line":238,"column":11},"end":{"line":310,"column":7}},"80":{"start":{"line":244,"column":8},"end":{"line":244,"column":85}},"81":{"start":{"line":247,"column":8},"end":{"line":309,"column":9}},"82":{"start":{"line":248,"column":10},"end":{"line":308,"column":13}},"83":{"start":{"line":315,"column":31},"end":{"line":371,"column":3}},"84":{"start":{"line":316,"column":4},"end":{"line":370,"column":5}},"85":{"start":{"line":317,"column":19},"end":{"line":317,"column":53}},"86":{"start":{"line":319,"column":6},"end":{"line":366,"column":7}},"87":{"start":{"line":320,"column":55},"end":{"line":320,"column":59}},"88":{"start":{"line":322,"column":8},"end":{"line":365,"column":9}},"89":{"start":{"line":324,"column":10},"end":{"line":324,"column":84}},"90":{"start":{"line":325,"column":10},"end":{"line":325,"column":87}},"91":{"start":{"line":328,"column":10},"end":{"line":328,"column":103}},"92":{"start":{"line":329,"column":10},"end":{"line":329,"column":98}},"93":{"start":{"line":332,"column":10},"end":{"line":332,"column":109}},"94":{"start":{"line":335,"column":10},"end":{"line":335,"column":91}},"95":{"start":{"line":338,"column":10},"end":{"line":338,"column":26}},"96":{"start":{"line":341,"column":10},"end":{"line":341,"column":28}},"97":{"start":{"line":344,"column":10},"end":{"line":364,"column":12}},"98":{"start":{"line":352,"column":18},"end":{"line":352,"column":41}},"99":{"start":{"line":355,"column":18},"end":{"line":355,"column":43}},"100":{"start":{"line":358,"column":18},"end":{"line":360,"column":26}},"101":{"start":{"line":359,"column":20},"end":{"line":359,"column":46}},"102":{"start":{"line":368,"column":6},"end":{"line":368,"column":62}},"103":{"start":{"line":369,"column":6},"end":{"line":369,"column":29}},"104":{"start":{"line":374,"column":38},"end":{"line":462,"column":3}},"105":{"start":{"line":375,"column":4},"end":{"line":461,"column":5}},"106":{"start":{"line":376,"column":6},"end":{"line":376,"column":59}},"107":{"start":{"line":377,"column":19},"end":{"line":377,"column":53}},"108":{"start":{"line":378,"column":6},"end":{"line":378,"column":46}},"109":{"start":{"line":381,"column":6},"end":{"line":393,"column":7}},"110":{"start":{"line":382,"column":8},"end":{"line":389,"column":11}},"111":{"start":{"line":392,"column":8},"end":{"line":392,"column":102}},"112":{"start":{"line":396,"column":6},"end":{"line":419,"column":7}},"113":{"start":{"line":397,"column":28},"end":{"line":397,"column":32}},"114":{"start":{"line":398,"column":8},"end":{"line":398,"column":68}},"115":{"start":{"line":400,"column":8},"end":{"line":403,"column":9}},"116":{"start":{"line":401,"column":10},"end":{"line":401,"column":78}},"117":{"start":{"line":402,"column":10},"end":{"line":402,"column":17}},"118":{"start":{"line":409,"column":8},"end":{"line":412,"column":11}},"119":{"start":{"line":410,"column":10},"end":{"line":410,"column":48}},"120":{"start":{"line":411,"column":10},"end":{"line":411,"column":77}},"121":{"start":{"line":415,"column":8},"end":{"line":415,"column":118}},"122":{"start":{"line":418,"column":8},"end":{"line":418,"column":96}},"123":{"start":{"line":422,"column":6},"end":{"line":457,"column":7}},"124":{"start":{"line":423,"column":8},"end":{"line":423,"column":77}},"125":{"start":{"line":426,"column":8},"end":{"line":456,"column":9}},"126":{"start":{"line":432,"column":10},"end":{"line":432,"column":41}},"127":{"start":{"line":435,"column":10},"end":{"line":435,"column":94}},"128":{"start":{"line":438,"column":10},"end":{"line":453,"column":12}},"129":{"start":{"line":446,"column":18},"end":{"line":446,"column":48}},"130":{"start":{"line":449,"column":18},"end":{"line":449,"column":50}},"131":{"start":{"line":455,"column":10},"end":{"line":455,"column":91}},"132":{"start":{"line":459,"column":6},"end":{"line":459,"column":70}},"133":{"start":{"line":460,"column":6},"end":{"line":460,"column":36}},"134":{"start":{"line":465,"column":23},"end":{"line":469,"column":3}},"135":{"start":{"line":466,"column":4},"end":{"line":466,"column":29}},"136":{"start":{"line":467,"column":4},"end":{"line":467,"column":27}},"137":{"start":{"line":468,"column":4},"end":{"line":468,"column":71}},"138":{"start":{"line":472,"column":30},"end":{"line":476,"column":3}},"139":{"start":{"line":473,"column":4},"end":{"line":473,"column":36}},"140":{"start":{"line":474,"column":4},"end":{"line":474,"column":34}},"141":{"start":{"line":475,"column":4},"end":{"line":475,"column":87}},"142":{"start":{"line":479,"column":34},"end":{"line":487,"column":3}},"143":{"start":{"line":480,"column":4},"end":{"line":486,"column":5}},"144":{"start":{"line":481,"column":6},"end":{"line":481,"column":32}},"145":{"start":{"line":482,"column":6},"end":{"line":482,"column":67}},"146":{"start":{"line":484,"column":6},"end":{"line":484,"column":61}},"147":{"start":{"line":485,"column":6},"end":{"line":485,"column":61}},"148":{"start":{"line":490,"column":31},"end":{"line":500,"column":3}},"149":{"start":{"line":491,"column":4},"end":{"line":499,"column":6}},"150":{"start":{"line":502,"column":2},"end":{"line":749,"column":4}},"151":{"start":{"line":562,"column":31},"end":{"line":562,"column":61}},"152":{"start":{"line":564,"column":14},"end":{"line":564,"column":46}},"153":{"start":{"line":567,"column":14},"end":{"line":570,"column":21}},"154":{"start":{"line":582,"column":27},"end":{"line":582,"column":40}},"155":{"start":{"line":719,"column":37},"end":{"line":719,"column":62}},"156":{"start":{"line":752,"column":15},"end":{"line":953,"column":2}}},"fnMap":{"0":{"name":"SettingsScreen","decl":{"start":{"line":27,"column":24},"end":{"line":27,"column":38}},"loc":{"start":{"line":27,"column":41},"end":{"line":750,"column":1}},"line":27},"1":{"name":"(anonymous_1)","decl":{"start":{"line":52,"column":12},"end":{"line":52,"column":13}},"loc":{"start":{"line":52,"column":18},"end":{"line":63,"column":3}},"line":52},"2":{"name":"(anonymous_2)","decl":{"start":{"line":66,"column":34},"end":{"line":66,"column":35}},"loc":{"start":{"line":66,"column":46},"end":{"line":74,"column":3}},"line":66},"3":{"name":"(anonymous_3)","decl":{"start":{"line":77,"column":26},"end":{"line":77,"column":27}},"loc":{"start":{"line":77,"column":38},"end":{"line":97,"column":3}},"line":77},"4":{"name":"(anonymous_4)","decl":{"start":{"line":84,"column":40},"end":{"line":84,"column":41}},"loc":{"start":{"line":84,"column":45},"end":{"line":84,"column":74}},"line":84},"5":{"name":"(anonymous_5)","decl":{"start":{"line":85,"column":39},"end":{"line":85,"column":40}},"loc":{"start":{"line":85,"column":44},"end":{"line":85,"column":72}},"line":85},"6":{"name":"(anonymous_6)","decl":{"start":{"line":86,"column":39},"end":{"line":86,"column":40}},"loc":{"start":{"line":86,"column":44},"end":{"line":86,"column":68}},"line":86},"7":{"name":"(anonymous_7)","decl":{"start":{"line":100,"column":24},"end":{"line":100,"column":25}},"loc":{"start":{"line":100,"column":36},"end":{"line":119,"column":3}},"line":100},"8":{"name":"(anonymous_8)","decl":{"start":{"line":122,"column":22},"end":{"line":122,"column":23}},"loc":{"start":{"line":122,"column":34},"end":{"line":131,"column":3}},"line":122},"9":{"name":"(anonymous_9)","decl":{"start":{"line":134,"column":29},"end":{"line":134,"column":30}},"loc":{"start":{"line":134,"column":41},"end":{"line":143,"column":3}},"line":134},"10":{"name":"(anonymous_10)","decl":{"start":{"line":146,"column":45},"end":{"line":146,"column":46}},"loc":{"start":{"line":146,"column":78},"end":{"line":224,"column":3}},"line":146},"11":{"name":"(anonymous_11)","decl":{"start":{"line":227,"column":52},"end":{"line":227,"column":53}},"loc":{"start":{"line":227,"column":85},"end":{"line":312,"column":3}},"line":227},"12":{"name":"(anonymous_12)","decl":{"start":{"line":315,"column":31},"end":{"line":315,"column":32}},"loc":{"start":{"line":315,"column":63},"end":{"line":371,"column":3}},"line":315},"13":{"name":"(anonymous_13)","decl":{"start":{"line":350,"column":25},"end":{"line":350,"column":26}},"loc":{"start":{"line":350,"column":31},"end":{"line":361,"column":17}},"line":350},"14":{"name":"(anonymous_14)","decl":{"start":{"line":358,"column":29},"end":{"line":358,"column":30}},"loc":{"start":{"line":358,"column":35},"end":{"line":360,"column":19}},"line":358},"15":{"name":"(anonymous_15)","decl":{"start":{"line":374,"column":38},"end":{"line":374,"column":39}},"loc":{"start":{"line":374,"column":70},"end":{"line":462,"column":3}},"line":374},"16":{"name":"(anonymous_16)","decl":{"start":{"line":409,"column":40},"end":{"line":409,"column":41}},"loc":{"start":{"line":409,"column":59},"end":{"line":412,"column":9}},"line":409},"17":{"name":"(anonymous_17)","decl":{"start":{"line":444,"column":25},"end":{"line":444,"column":26}},"loc":{"start":{"line":444,"column":31},"end":{"line":450,"column":17}},"line":444},"18":{"name":"(anonymous_18)","decl":{"start":{"line":465,"column":23},"end":{"line":465,"column":24}},"loc":{"start":{"line":465,"column":29},"end":{"line":469,"column":3}},"line":465},"19":{"name":"(anonymous_19)","decl":{"start":{"line":472,"column":30},"end":{"line":472,"column":31}},"loc":{"start":{"line":472,"column":36},"end":{"line":476,"column":3}},"line":472},"20":{"name":"(anonymous_20)","decl":{"start":{"line":479,"column":34},"end":{"line":479,"column":35}},"loc":{"start":{"line":479,"column":46},"end":{"line":487,"column":3}},"line":479},"21":{"name":"(anonymous_21)","decl":{"start":{"line":490,"column":31},"end":{"line":490,"column":32}},"loc":{"start":{"line":490,"column":59},"end":{"line":500,"column":3}},"line":490},"22":{"name":"(anonymous_22)","decl":{"start":{"line":562,"column":25},"end":{"line":562,"column":26}},"loc":{"start":{"line":562,"column":31},"end":{"line":562,"column":61}},"line":562},"23":{"name":"(anonymous_23)","decl":{"start":{"line":563,"column":23},"end":{"line":563,"column":24}},"loc":{"start":{"line":563,"column":29},"end":{"line":565,"column":13}},"line":563},"24":{"name":"(anonymous_24)","decl":{"start":{"line":566,"column":27},"end":{"line":566,"column":28}},"loc":{"start":{"line":567,"column":14},"end":{"line":570,"column":21}},"line":567},"25":{"name":"(anonymous_25)","decl":{"start":{"line":582,"column":21},"end":{"line":582,"column":22}},"loc":{"start":{"line":582,"column":27},"end":{"line":582,"column":40}},"line":582},"26":{"name":"(anonymous_26)","decl":{"start":{"line":719,"column":31},"end":{"line":719,"column":32}},"loc":{"start":{"line":719,"column":37},"end":{"line":719,"column":62}},"line":719}},"branchMap":{"0":{"loc":{"start":{"line":33,"column":22},"end":{"line":33,"column":49}},"type":"binary-expr","locations":[{"start":{"line":33,"column":22},"end":{"line":33,"column":38}},{"start":{"line":33,"column":42},"end":{"line":33,"column":49}}],"line":33},"1":{"loc":{"start":{"line":89,"column":27},"end":{"line":89,"column":62}},"type":"binary-expr","locations":[{"start":{"line":89,"column":27},"end":{"line":89,"column":43}},{"start":{"line":89,"column":47},"end":{"line":89,"column":62}}],"line":89},"2":{"loc":{"start":{"line":90,"column":22},"end":{"line":90,"column":55}},"type":"binary-expr","locations":[{"start":{"line":90,"column":22},"end":{"line":90,"column":37}},{"start":{"line":90,"column":41},"end":{"line":90,"column":55}}],"line":90},"3":{"loc":{"start":{"line":148,"column":4},"end":{"line":223,"column":5}},"type":"if","locations":[{"start":{"line":148,"column":4},"end":{"line":223,"column":5}},{"start":{},"end":{}}],"line":148},"4":{"loc":{"start":{"line":150,"column":6},"end":{"line":222,"column":7}},"type":"if","locations":[{"start":{"line":150,"column":6},"end":{"line":222,"column":7}},{"start":{},"end":{}}],"line":150},"5":{"loc":{"start":{"line":232,"column":4},"end":{"line":311,"column":5}},"type":"if","locations":[{"start":{"line":232,"column":4},"end":{"line":311,"column":5}},{"start":{},"end":{}}],"line":232},"6":{"loc":{"start":{"line":234,"column":6},"end":{"line":310,"column":7}},"type":"if","locations":[{"start":{"line":234,"column":6},"end":{"line":310,"column":7}},{"start":{"line":238,"column":11},"end":{"line":310,"column":7}}],"line":234},"7":{"loc":{"start":{"line":238,"column":11},"end":{"line":310,"column":7}},"type":"if","locations":[{"start":{"line":238,"column":11},"end":{"line":310,"column":7}},{"start":{},"end":{}}],"line":238},"8":{"loc":{"start":{"line":238,"column":15},"end":{"line":242,"column":46}},"type":"binary-expr","locations":[{"start":{"line":238,"column":15},"end":{"line":238,"column":32}},{"start":{"line":239,"column":15},"end":{"line":239,"column":46}},{"start":{"line":240,"column":15},"end":{"line":240,"column":50}},{"start":{"line":241,"column":15},"end":{"line":241,"column":48}},{"start":{"line":242,"column":15},"end":{"line":242,"column":45}}],"line":238},"9":{"loc":{"start":{"line":247,"column":8},"end":{"line":309,"column":9}},"type":"if","locations":[{"start":{"line":247,"column":8},"end":{"line":309,"column":9}},{"start":{},"end":{}}],"line":247},"10":{"loc":{"start":{"line":319,"column":6},"end":{"line":366,"column":7}},"type":"if","locations":[{"start":{"line":319,"column":6},"end":{"line":366,"column":7}},{"start":{},"end":{}}],"line":319},"11":{"loc":{"start":{"line":322,"column":8},"end":{"line":365,"column":9}},"type":"if","locations":[{"start":{"line":322,"column":8},"end":{"line":365,"column":9}},{"start":{},"end":{}}],"line":322},"12":{"loc":{"start":{"line":322,"column":12},"end":{"line":322,"column":39}},"type":"binary-expr","locations":[{"start":{"line":322,"column":12},"end":{"line":322,"column":23}},{"start":{"line":322,"column":27},"end":{"line":322,"column":39}}],"line":322},"13":{"loc":{"start":{"line":381,"column":6},"end":{"line":393,"column":7}},"type":"if","locations":[{"start":{"line":381,"column":6},"end":{"line":393,"column":7}},{"start":{},"end":{}}],"line":381},"14":{"loc":{"start":{"line":396,"column":6},"end":{"line":419,"column":7}},"type":"if","locations":[{"start":{"line":396,"column":6},"end":{"line":419,"column":7}},{"start":{},"end":{}}],"line":396},"15":{"loc":{"start":{"line":400,"column":8},"end":{"line":403,"column":9}},"type":"if","locations":[{"start":{"line":400,"column":8},"end":{"line":403,"column":9}},{"start":{},"end":{}}],"line":400},"16":{"loc":{"start":{"line":422,"column":6},"end":{"line":457,"column":7}},"type":"if","locations":[{"start":{"line":422,"column":6},"end":{"line":457,"column":7}},{"start":{},"end":{}}],"line":422},"17":{"loc":{"start":{"line":423,"column":44},"end":{"line":423,"column":75}},"type":"binary-expr","locations":[{"start":{"line":423,"column":44},"end":{"line":423,"column":55}},{"start":{"line":423,"column":59},"end":{"line":423,"column":75}}],"line":423},"18":{"loc":{"start":{"line":426,"column":8},"end":{"line":456,"column":9}},"type":"if","locations":[{"start":{"line":426,"column":8},"end":{"line":456,"column":9}},{"start":{"line":454,"column":15},"end":{"line":456,"column":9}}],"line":426},"19":{"loc":{"start":{"line":426,"column":12},"end":{"line":429,"column":52}},"type":"binary-expr","locations":[{"start":{"line":426,"column":12},"end":{"line":426,"column":20}},{"start":{"line":426,"column":25},"end":{"line":426,"column":52}},{"start":{"line":427,"column":25},"end":{"line":427,"column":56}},{"start":{"line":428,"column":25},"end":{"line":428,"column":54}},{"start":{"line":429,"column":25},"end":{"line":429,"column":51}}],"line":426},"20":{"loc":{"start":{"line":504,"column":24},"end":{"line":504,"column":65}},"type":"cond-expr","locations":[{"start":{"line":504,"column":49},"end":{"line":504,"column":56}},{"start":{"line":504,"column":59},"end":{"line":504,"column":65}}],"line":504},"21":{"loc":{"start":{"line":579,"column":9},"end":{"line":586,"column":9}},"type":"binary-expr","locations":[{"start":{"line":579,"column":9},"end":{"line":579,"column":22}},{"start":{"line":579,"column":26},"end":{"line":579,"column":35}},{"start":{"line":580,"column":10},"end":{"line":585,"column":29}}],"line":579},"22":{"loc":{"start":{"line":596,"column":13},"end":{"line":622,"column":13}},"type":"binary-expr","locations":[{"start":{"line":596,"column":13},"end":{"line":596,"column":25}},{"start":{"line":597,"column":14},"end":{"line":621,"column":21}}],"line":596},"23":{"loc":{"start":{"line":608,"column":41},"end":{"line":608,"column":77}},"type":"cond-expr","locations":[{"start":{"line":608,"column":56},"end":{"line":608,"column":65}},{"start":{"line":608,"column":68},"end":{"line":608,"column":77}}],"line":608},"24":{"loc":{"start":{"line":614,"column":30},"end":{"line":614,"column":56}},"type":"binary-expr","locations":[{"start":{"line":614,"column":30},"end":{"line":614,"column":42}},{"start":{"line":614,"column":46},"end":{"line":614,"column":56}}],"line":614},"25":{"loc":{"start":{"line":617,"column":23},"end":{"line":617,"column":80}},"type":"cond-expr","locations":[{"start":{"line":617,"column":38},"end":{"line":617,"column":53}},{"start":{"line":617,"column":56},"end":{"line":617,"column":80}}],"line":617},"26":{"loc":{"start":{"line":633,"column":27},"end":{"line":633,"column":67}},"type":"binary-expr","locations":[{"start":{"line":633,"column":27},"end":{"line":633,"column":56}},{"start":{"line":633,"column":60},"end":{"line":633,"column":67}}],"line":633},"27":{"loc":{"start":{"line":633,"column":77},"end":{"line":633,"column":161}},"type":"binary-expr","locations":[{"start":{"line":633,"column":77},"end":{"line":633,"column":115}},{"start":{"line":633,"column":119},"end":{"line":633,"column":161}}],"line":633},"28":{"loc":{"start":{"line":639,"column":13},"end":{"line":729,"column":13}},"type":"binary-expr","locations":[{"start":{"line":639,"column":14},"end":{"line":639,"column":27}},{"start":{"line":639,"column":31},"end":{"line":639,"column":48}},{"start":{"line":640,"column":14},"end":{"line":728,"column":21}}],"line":639},"29":{"loc":{"start":{"line":645,"column":19},"end":{"line":661,"column":19}},"type":"binary-expr","locations":[{"start":{"line":645,"column":19},"end":{"line":645,"column":36}},{"start":{"line":646,"column":20},"end":{"line":660,"column":39}}],"line":645},"30":{"loc":{"start":{"line":650,"column":43},"end":{"line":650,"column":77}},"type":"cond-expr","locations":[{"start":{"line":650,"column":56},"end":{"line":650,"column":65}},{"start":{"line":650,"column":68},"end":{"line":650,"column":77}}],"line":650},"31":{"loc":{"start":{"line":658,"column":25},"end":{"line":658,"column":84}},"type":"cond-expr","locations":[{"start":{"line":658,"column":38},"end":{"line":658,"column":58}},{"start":{"line":658,"column":61},"end":{"line":658,"column":84}}],"line":658},"32":{"loc":{"start":{"line":664,"column":19},"end":{"line":682,"column":19}},"type":"binary-expr","locations":[{"start":{"line":664,"column":19},"end":{"line":664,"column":32}},{"start":{"line":665,"column":20},"end":{"line":681,"column":39}}],"line":664},"33":{"loc":{"start":{"line":670,"column":43},"end":{"line":670,"column":79}},"type":"cond-expr","locations":[{"start":{"line":670,"column":58},"end":{"line":670,"column":67}},{"start":{"line":670,"column":70},"end":{"line":670,"column":79}}],"line":670},"34":{"loc":{"start":{"line":672,"column":37},"end":{"line":672,"column":63}},"type":"cond-expr","locations":[{"start":{"line":672,"column":57},"end":{"line":672,"column":59}},{"start":{"line":672,"column":62},"end":{"line":672,"column":63}}],"line":672},"35":{"loc":{"start":{"line":676,"column":32},"end":{"line":676,"column":58}},"type":"binary-expr","locations":[{"start":{"line":676,"column":32},"end":{"line":676,"column":44}},{"start":{"line":676,"column":48},"end":{"line":676,"column":58}}],"line":676},"36":{"loc":{"start":{"line":679,"column":25},"end":{"line":679,"column":82}},"type":"cond-expr","locations":[{"start":{"line":679,"column":40},"end":{"line":679,"column":55}},{"start":{"line":679,"column":58},"end":{"line":679,"column":82}}],"line":679},"37":{"loc":{"start":{"line":690,"column":41},"end":{"line":690,"column":84}},"type":"cond-expr","locations":[{"start":{"line":690,"column":63},"end":{"line":690,"column":72}},{"start":{"line":690,"column":75},"end":{"line":690,"column":84}}],"line":690},"38":{"loc":{"start":{"line":696,"column":30},"end":{"line":696,"column":63}},"type":"binary-expr","locations":[{"start":{"line":696,"column":30},"end":{"line":696,"column":49}},{"start":{"line":696,"column":53},"end":{"line":696,"column":63}}],"line":696},"39":{"loc":{"start":{"line":699,"column":23},"end":{"line":703,"column":46}},"type":"cond-expr","locations":[{"start":{"line":700,"column":26},"end":{"line":700,"column":41}},{"start":{"line":701,"column":26},"end":{"line":703,"column":46}}],"line":699},"40":{"loc":{"start":{"line":701,"column":26},"end":{"line":703,"column":46}},"type":"cond-expr","locations":[{"start":{"line":702,"column":28},"end":{"line":702,"column":50}},{"start":{"line":703,"column":28},"end":{"line":703,"column":46}}],"line":701},"41":{"loc":{"start":{"line":708,"column":19},"end":{"line":726,"column":19}},"type":"binary-expr","locations":[{"start":{"line":708,"column":19},"end":{"line":708,"column":36}},{"start":{"line":708,"column":40},"end":{"line":708,"column":50}},{"start":{"line":709,"column":20},"end":{"line":725,"column":39}}],"line":708},"42":{"loc":{"start":{"line":720,"column":32},"end":{"line":720,"column":58}},"type":"binary-expr","locations":[{"start":{"line":720,"column":32},"end":{"line":720,"column":42}},{"start":{"line":720,"column":46},"end":{"line":720,"column":58}}],"line":720},"43":{"loc":{"start":{"line":732,"column":13},"end":{"line":744,"column":13}},"type":"binary-expr","locations":[{"start":{"line":732,"column":13},"end":{"line":732,"column":68}},{"start":{"line":733,"column":14},"end":{"line":743,"column":21}}],"line":732}},"s":{"0":0,"1":0,"2":0,"3":0,"4":0,"5":0,"6":0,"7":0,"8":0,"9":0,"10":0,"11":0,"12":0,"13":0,"14":0,"15":0,"16":0,"17":0,"18":0,"19":0,"20":0,"21":0,"22":0,"23":0,"24":0,"25":0,"26":0,"27":0,"28":0,"29":0,"30":0,"31":0,"32":0,"33":0,"34":0,"35":0,"36":0,"37":0,"38":0,"39":0,"40":0,"41":0,"42":0,"43":0,"44":0,"45":0,"46":0,"47":0,"48":0,"49":0,"50":0,"51":0,"52":0,"53":0,"54":0,"55":0,"56":0,"57":0,"58":0,"59":0,"60":0,"61":0,"62":0,"63":0,"64":0,"65":0,"66":0,"67":0,"68":0,"69":0,"70":0,"71":0,"72":0,"73":0,"74":0,"75":0,"76":0,"77":0,"78":0,"79":0,"80":0,"81":0,"82":0,"83":0,"84":0,"85":0,"86":0,"87":0,"88":0,"89":0,"90":0,"91":0,"92":0,"93":0,"94":0,"95":0,"96":0,"97":0,"98":0,"99":0,"100":0,"101":0,"102":0,"103":0,"104":0,"105":0,"106":0,"107":0,"108":0,"109":0,"110":0,"111":0,"112":0,"113":0,"114":0,"115":0,"116":0,"117":0,"118":0,"119":0,"120":0,"121":0,"122":0,"123":0,"124":0,"125":0,"126":0,"127":0,"128":0,"129":0,"130":0,"131":0,"132":0,"133":0,"134":0,"135":0,"136":0,"137":0,"138":0,"139":0,"140":0,"141":0,"142":0,"143":0,"144":0,"145":0,"146":0,"147":0,"148":0,"149":0,"150":0,"151":0,"152":0,"153":0,"154":0,"155":0,"156":0},"f":{"0":0,"1":0,"2":0,"3":0,"4":0,"5":0,"6":0,"7":0,"8":0,"9":0,"10":0,"11":0,"12":0,"13":0,"14":0,"15":0,"16":0,"17":0,"18":0,"19":0,"20":0,"21":0,"22":0,"23":0,"24":0,"25":0,"26":0},"b":{"0":[0,0],"1":[0,0],"2":[0,0],"3":[0,0],"4":[0,0],"5":[0,0],"6":[0,0],"7":[0,0],"8":[0,0,0,0,0],"9":[0,0],"10":[0,0],"11":[0,0],"12":[0,0],"13":[0,0],"14":[0,0],"15":[0,0],"16":[0,0],"17":[0,0],"18":[0,0],"19":[0,0,0,0,0],"20":[0,0],"21":[0,0,0],"22":[0,0],"23":[0,0],"24":[0,0],"25":[0,0],"26":[0,0],"27":[0,0],"28":[0,0,0],"29":[0,0],"30":[0,0],"31":[0,0],"32":[0,0],"33":[0,0],"34":[0,0],"35":[0,0],"36":[0,0],"37":[0,0],"38":[0,0],"39":[0,0],"40":[0,0],"41":[0,0,0],"42":[0,0],"43":[0,0]}}
,"/Users/pete/BeerSelector/app/(tabs)/_layout.tsx": {"path":"/Users/pete/BeerSelector/app/(tabs)/_layout.tsx","statementMap":{"0":{"start":{"line":12,"column":22},"end":{"line":12,"column":38}},"1":{"start":{"line":14,"column":2},"end":{"line":58,"column":4}},"2":{"start":{"line":33,"column":37},"end":{"line":33,"column":93}},"3":{"start":{"line":40,"column":37},"end":{"line":40,"column":91}},"4":{"start":{"line":47,"column":37},"end":{"line":47,"column":92}},"5":{"start":{"line":54,"column":37},"end":{"line":54,"column":104}}},"fnMap":{"0":{"name":"TabLayout","decl":{"start":{"line":11,"column":24},"end":{"line":11,"column":33}},"loc":{"start":{"line":11,"column":36},"end":{"line":59,"column":1}},"line":11},"1":{"name":"(anonymous_1)","decl":{"start":{"line":33,"column":22},"end":{"line":33,"column":23}},"loc":{"start":{"line":33,"column":37},"end":{"line":33,"column":93}},"line":33},"2":{"name":"(anonymous_2)","decl":{"start":{"line":40,"column":22},"end":{"line":40,"column":23}},"loc":{"start":{"line":40,"column":37},"end":{"line":40,"column":91}},"line":40},"3":{"name":"(anonymous_3)","decl":{"start":{"line":47,"column":22},"end":{"line":47,"column":23}},"loc":{"start":{"line":47,"column":37},"end":{"line":47,"column":92}},"line":47},"4":{"name":"(anonymous_4)","decl":{"start":{"line":54,"column":22},"end":{"line":54,"column":23}},"loc":{"start":{"line":54,"column":37},"end":{"line":54,"column":104}},"line":54}},"branchMap":{"0":{"loc":{"start":{"line":17,"column":38},"end":{"line":17,"column":60}},"type":"binary-expr","locations":[{"start":{"line":17,"column":38},"end":{"line":17,"column":49}},{"start":{"line":17,"column":53},"end":{"line":17,"column":60}}],"line":17}},"s":{"0":0,"1":0,"2":0,"3":0,"4":0,"5":0},"f":{"0":0,"1":0,"2":0,"3":0,"4":0},"b":{"0":[0,0]}}
,"/Users/pete/BeerSelector/app/(tabs)/beerlist.tsx": {"path":"/Users/pete/BeerSelector/app/(tabs)/beerlist.tsx","statementMap":{"0":{"start":{"line":7,"column":38},"end":{"line":7,"column":68}},"1":{"start":{"line":10,"column":2},"end":{"line":23,"column":9}},"2":{"start":{"line":11,"column":25},"end":{"line":20,"column":5}},"3":{"start":{"line":12,"column":27},"end":{"line":12,"column":55}},"4":{"start":{"line":13,"column":6},"end":{"line":13,"column":34}},"5":{"start":{"line":16,"column":6},"end":{"line":19,"column":7}},"6":{"start":{"line":17,"column":8},"end":{"line":17,"column":72}},"7":{"start":{"line":18,"column":8},"end":{"line":18,"column":36}},"8":{"start":{"line":22,"column":4},"end":{"line":22,"column":19}},"9":{"start":{"line":26,"column":2},"end":{"line":28,"column":3}},"10":{"start":{"line":27,"column":4},"end":{"line":27,"column":16}},"11":{"start":{"line":31,"column":2},"end":{"line":33,"column":3}},"12":{"start":{"line":32,"column":4},"end":{"line":32,"column":16}},"13":{"start":{"line":35,"column":2},"end":{"line":35,"column":28}}},"fnMap":{"0":{"name":"TabOneScreen","decl":{"start":{"line":6,"column":24},"end":{"line":6,"column":36}},"loc":{"start":{"line":6,"column":39},"end":{"line":36,"column":1}},"line":6},"1":{"name":"(anonymous_1)","decl":{"start":{"line":10,"column":12},"end":{"line":10,"column":13}},"loc":{"start":{"line":10,"column":18},"end":{"line":23,"column":3}},"line":10},"2":{"name":"(anonymous_2)","decl":{"start":{"line":11,"column":25},"end":{"line":11,"column":26}},"loc":{"start":{"line":11,"column":37},"end":{"line":20,"column":5}},"line":11}},"branchMap":{"0":{"loc":{"start":{"line":16,"column":6},"end":{"line":19,"column":7}},"type":"if","locations":[{"start":{"line":16,"column":6},"end":{"line":19,"column":7}},{"start":{},"end":{}}],"line":16},"1":{"loc":{"start":{"line":26,"column":2},"end":{"line":28,"column":3}},"type":"if","locations":[{"start":{"line":26,"column":2},"end":{"line":28,"column":3}},{"start":{},"end":{}}],"line":26},"2":{"loc":{"start":{"line":31,"column":2},"end":{"line":33,"column":3}},"type":"if","locations":[{"start":{"line":31,"column":2},"end":{"line":33,"column":3}},{"start":{},"end":{}}],"line":31}},"s":{"0":0,"1":0,"2":0,"3":0,"4":0,"5":0,"6":0,"7":0,"8":0,"9":0,"10":0,"11":0,"12":0,"13":0},"f":{"0":0,"1":0,"2":0},"b":{"0":[0,0],"1":[0,0],"2":[0,0]}}
,"/Users/pete/BeerSelector/app/(tabs)/index.tsx": {"path":"/Users/pete/BeerSelector/app/(tabs)/index.tsx","statementMap":{"0":{"start":{"line":21,"column":22},"end":{"line":21,"column":49}},"1":{"start":{"line":22,"column":26},"end":{"line":22,"column":57}},"2":{"start":{"line":24,"column":2},"end":{"line":33,"column":4}},"3":{"start":{"line":36,"column":15},"end":{"line":110,"column":2}},"4":{"start":{"line":113,"column":26},"end":{"line":113,"column":57}},"5":{"start":{"line":114,"column":22},"end":{"line":114,"column":47}},"6":{"start":{"line":115,"column":22},"end":{"line":115,"column":49}},"7":{"start":{"line":116,"column":38},"end":{"line":116,"column":68}},"8":{"start":{"line":119,"column":2},"end":{"line":126,"column":9}},"9":{"start":{"line":120,"column":25},"end":{"line":123,"column":5}},"10":{"start":{"line":121,"column":27},"end":{"line":121,"column":55}},"11":{"start":{"line":122,"column":6},"end":{"line":122,"column":34}},"12":{"start":{"line":125,"column":4},"end":{"line":125,"column":19}},"13":{"start":{"line":129,"column":26},"end":{"line":129,"column":72}},"14":{"start":{"line":132,"column":2},"end":{"line":134,"column":3}},"15":{"start":{"line":133,"column":4},"end":{"line":133,"column":16}},"16":{"start":{"line":137,"column":2},"end":{"line":154,"column":3}},"17":{"start":{"line":138,"column":4},"end":{"line":153,"column":6}},"18":{"start":{"line":147,"column":27},"end":{"line":147,"column":55}},"19":{"start":{"line":157,"column":2},"end":{"line":198,"column":4}},"20":{"start":{"line":163,"column":25},"end":{"line":163,"column":53}},"21":{"start":{"line":174,"column":25},"end":{"line":174,"column":60}},"22":{"start":{"line":180,"column":25},"end":{"line":180,"column":59}},"23":{"start":{"line":186,"column":25},"end":{"line":186,"column":63}},"24":{"start":{"line":192,"column":25},"end":{"line":192,"column":63}}},"fnMap":{"0":{"name":"BeerListScreen","decl":{"start":{"line":20,"column":16},"end":{"line":20,"column":30}},"loc":{"start":{"line":20,"column":33},"end":{"line":34,"column":1}},"line":20},"1":{"name":"HomeScreen","decl":{"start":{"line":112,"column":24},"end":{"line":112,"column":34}},"loc":{"start":{"line":112,"column":37},"end":{"line":199,"column":1}},"line":112},"2":{"name":"(anonymous_2)","decl":{"start":{"line":119,"column":12},"end":{"line":119,"column":13}},"loc":{"start":{"line":119,"column":18},"end":{"line":126,"column":3}},"line":119},"3":{"name":"(anonymous_3)","decl":{"start":{"line":120,"column":25},"end":{"line":120,"column":26}},"loc":{"start":{"line":120,"column":37},"end":{"line":123,"column":5}},"line":120},"4":{"name":"(anonymous_4)","decl":{"start":{"line":147,"column":21},"end":{"line":147,"column":22}},"loc":{"start":{"line":147,"column":27},"end":{"line":147,"column":55}},"line":147},"5":{"name":"(anonymous_5)","decl":{"start":{"line":163,"column":19},"end":{"line":163,"column":20}},"loc":{"start":{"line":163,"column":25},"end":{"line":163,"column":53}},"line":163},"6":{"name":"(anonymous_6)","decl":{"start":{"line":174,"column":19},"end":{"line":174,"column":20}},"loc":{"start":{"line":174,"column":25},"end":{"line":174,"column":60}},"line":174},"7":{"name":"(anonymous_7)","decl":{"start":{"line":180,"column":19},"end":{"line":180,"column":20}},"loc":{"start":{"line":180,"column":25},"end":{"line":180,"column":59}},"line":180},"8":{"name":"(anonymous_8)","decl":{"start":{"line":186,"column":19},"end":{"line":186,"column":20}},"loc":{"start":{"line":186,"column":25},"end":{"line":186,"column":63}},"line":186},"9":{"name":"(anonymous_9)","decl":{"start":{"line":192,"column":19},"end":{"line":192,"column":20}},"loc":{"start":{"line":192,"column":25},"end":{"line":192,"column":63}},"line":192}},"branchMap":{"0":{"loc":{"start":{"line":21,"column":22},"end":{"line":21,"column":49}},"type":"binary-expr","locations":[{"start":{"line":21,"column":22},"end":{"line":21,"column":38}},{"start":{"line":21,"column":42},"end":{"line":21,"column":49}}],"line":21},"1":{"loc":{"start":{"line":115,"column":22},"end":{"line":115,"column":49}},"type":"binary-expr","locations":[{"start":{"line":115,"column":22},"end":{"line":115,"column":38}},{"start":{"line":115,"column":42},"end":{"line":115,"column":49}}],"line":115},"2":{"loc":{"start":{"line":129,"column":26},"end":{"line":129,"column":72}},"type":"cond-expr","locations":[{"start":{"line":129,"column":51},"end":{"line":129,"column":60}},{"start":{"line":129,"column":63},"end":{"line":129,"column":72}}],"line":129},"3":{"loc":{"start":{"line":132,"column":2},"end":{"line":134,"column":3}},"type":"if","locations":[{"start":{"line":132,"column":2},"end":{"line":134,"column":3}},{"start":{},"end":{}}],"line":132},"4":{"loc":{"start":{"line":137,"column":2},"end":{"line":154,"column":3}},"type":"if","locations":[{"start":{"line":137,"column":2},"end":{"line":154,"column":3}},{"start":{},"end":{}}],"line":137}},"s":{"0":0,"1":0,"2":0,"3":0,"4":0,"5":0,"6":0,"7":0,"8":0,"9":0,"10":0,"11":0,"12":0,"13":0,"14":0,"15":0,"16":0,"17":0,"18":0,"19":0,"20":0,"21":0,"22":0,"23":0,"24":0},"f":{"0":0,"1":0,"2":0,"3":0,"4":0,"5":0,"6":0,"7":0,"8":0,"9":0},"b":{"0":[0,0],"1":[0,0],"2":[0,0],"3":[0,0],"4":[0,0]}}
,"/Users/pete/BeerSelector/app/(tabs)/mybeers.tsx": {"path":"/Users/pete/BeerSelector/app/(tabs)/mybeers.tsx","statementMap":{"0":{"start":{"line":13,"column":26},"end":{"line":13,"column":57}},"1":{"start":{"line":14,"column":38},"end":{"line":14,"column":68}},"2":{"start":{"line":17,"column":2},"end":{"line":30,"column":9}},"3":{"start":{"line":18,"column":25},"end":{"line":27,"column":5}},"4":{"start":{"line":19,"column":27},"end":{"line":19,"column":55}},"5":{"start":{"line":20,"column":6},"end":{"line":20,"column":34}},"6":{"start":{"line":23,"column":6},"end":{"line":26,"column":7}},"7":{"start":{"line":24,"column":8},"end":{"line":24,"column":72}},"8":{"start":{"line":25,"column":8},"end":{"line":25,"column":36}},"9":{"start":{"line":29,"column":4},"end":{"line":29,"column":19}},"10":{"start":{"line":33,"column":2},"end":{"line":35,"column":3}},"11":{"start":{"line":34,"column":4},"end":{"line":34,"column":16}},"12":{"start":{"line":38,"column":2},"end":{"line":40,"column":3}},"13":{"start":{"line":39,"column":4},"end":{"line":39,"column":16}},"14":{"start":{"line":42,"column":2},"end":{"line":49,"column":4}},"15":{"start":{"line":52,"column":15},"end":{"line":66,"column":2}}},"fnMap":{"0":{"name":"MyBeersScreen","decl":{"start":{"line":12,"column":24},"end":{"line":12,"column":37}},"loc":{"start":{"line":12,"column":40},"end":{"line":50,"column":1}},"line":12},"1":{"name":"(anonymous_1)","decl":{"start":{"line":17,"column":12},"end":{"line":17,"column":13}},"loc":{"start":{"line":17,"column":18},"end":{"line":30,"column":3}},"line":17},"2":{"name":"(anonymous_2)","decl":{"start":{"line":18,"column":25},"end":{"line":18,"column":26}},"loc":{"start":{"line":18,"column":37},"end":{"line":27,"column":5}},"line":18}},"branchMap":{"0":{"loc":{"start":{"line":23,"column":6},"end":{"line":26,"column":7}},"type":"if","locations":[{"start":{"line":23,"column":6},"end":{"line":26,"column":7}},{"start":{},"end":{}}],"line":23},"1":{"loc":{"start":{"line":33,"column":2},"end":{"line":35,"column":3}},"type":"if","locations":[{"start":{"line":33,"column":2},"end":{"line":35,"column":3}},{"start":{},"end":{}}],"line":33},"2":{"loc":{"start":{"line":38,"column":2},"end":{"line":40,"column":3}},"type":"if","locations":[{"start":{"line":38,"column":2},"end":{"line":40,"column":3}},{"start":{},"end":{}}],"line":38}},"s":{"0":0,"1":0,"2":0,"3":0,"4":0,"5":0,"6":0,"7":0,"8":0,"9":0,"10":0,"11":0,"12":0,"13":0,"14":0,"15":0},"f":{"0":0,"1":0,"2":0},"b":{"0":[0,0],"1":[0,0],"2":[0,0]}}
,"/Users/pete/BeerSelector/app/(tabs)/tastedbrews.tsx": {"path":"/Users/pete/BeerSelector/app/(tabs)/tastedbrews.tsx","statementMap":{"0":{"start":{"line":12,"column":38},"end":{"line":12,"column":68}},"1":{"start":{"line":15,"column":2},"end":{"line":28,"column":9}},"2":{"start":{"line":16,"column":25},"end":{"line":25,"column":5}},"3":{"start":{"line":17,"column":27},"end":{"line":17,"column":55}},"4":{"start":{"line":18,"column":6},"end":{"line":18,"column":34}},"5":{"start":{"line":21,"column":6},"end":{"line":24,"column":7}},"6":{"start":{"line":22,"column":8},"end":{"line":22,"column":72}},"7":{"start":{"line":23,"column":8},"end":{"line":23,"column":36}},"8":{"start":{"line":27,"column":4},"end":{"line":27,"column":19}},"9":{"start":{"line":31,"column":2},"end":{"line":33,"column":3}},"10":{"start":{"line":32,"column":4},"end":{"line":32,"column":16}},"11":{"start":{"line":36,"column":2},"end":{"line":38,"column":3}},"12":{"start":{"line":37,"column":4},"end":{"line":37,"column":16}},"13":{"start":{"line":40,"column":2},"end":{"line":47,"column":4}},"14":{"start":{"line":50,"column":15},"end":{"line":64,"column":2}}},"fnMap":{"0":{"name":"TastedBrewsScreen","decl":{"start":{"line":11,"column":24},"end":{"line":11,"column":41}},"loc":{"start":{"line":11,"column":44},"end":{"line":48,"column":1}},"line":11},"1":{"name":"(anonymous_1)","decl":{"start":{"line":15,"column":12},"end":{"line":15,"column":13}},"loc":{"start":{"line":15,"column":18},"end":{"line":28,"column":3}},"line":15},"2":{"name":"(anonymous_2)","decl":{"start":{"line":16,"column":25},"end":{"line":16,"column":26}},"loc":{"start":{"line":16,"column":37},"end":{"line":25,"column":5}},"line":16}},"branchMap":{"0":{"loc":{"start":{"line":21,"column":6},"end":{"line":24,"column":7}},"type":"if","locations":[{"start":{"line":21,"column":6},"end":{"line":24,"column":7}},{"start":{},"end":{}}],"line":21},"1":{"loc":{"start":{"line":31,"column":2},"end":{"line":33,"column":3}},"type":"if","locations":[{"start":{"line":31,"column":2},"end":{"line":33,"column":3}},{"start":{},"end":{}}],"line":31},"2":{"loc":{"start":{"line":36,"column":2},"end":{"line":38,"column":3}},"type":"if","locations":[{"start":{"line":36,"column":2},"end":{"line":38,"column":3}},{"start":{},"end":{}}],"line":36}},"s":{"0":0,"1":0,"2":0,"3":0,"4":0,"5":0,"6":0,"7":0,"8":0,"9":0,"10":0,"11":0,"12":0,"13":0,"14":0},"f":{"0":0,"1":0,"2":0},"b":{"0":[0,0],"1":[0,0],"2":[0,0]}}
,"/Users/pete/BeerSelector/app/screens/rewards.tsx": {"path":"/Users/pete/BeerSelector/app/screens/rewards.tsx","statementMap":{"0":{"start":{"line":13,"column":22},"end":{"line":13,"column":49}},"1":{"start":{"line":14,"column":26},"end":{"line":14,"column":57}},"2":{"start":{"line":15,"column":20},"end":{"line":15,"column":45}},"3":{"start":{"line":17,"column":2},"end":{"line":30,"column":4}},"4":{"start":{"line":22,"column":25},"end":{"line":22,"column":38}},"5":{"start":{"line":33,"column":15},"end":{"line":49,"column":2}}},"fnMap":{"0":{"name":"RewardsScreen","decl":{"start":{"line":12,"column":16},"end":{"line":12,"column":29}},"loc":{"start":{"line":12,"column":32},"end":{"line":31,"column":1}},"line":12},"1":{"name":"(anonymous_1)","decl":{"start":{"line":22,"column":19},"end":{"line":22,"column":20}},"loc":{"start":{"line":22,"column":25},"end":{"line":22,"column":38}},"line":22}},"branchMap":{"0":{"loc":{"start":{"line":13,"column":22},"end":{"line":13,"column":49}},"type":"binary-expr","locations":[{"start":{"line":13,"column":22},"end":{"line":13,"column":38}},{"start":{"line":13,"column":42},"end":{"line":13,"column":49}}],"line":13}},"s":{"0":0,"1":0,"2":0,"3":0,"4":0,"5":0},"f":{"0":0,"1":0},"b":{"0":[0,0]}}
,"/Users/pete/BeerSelector/components/AllBeers.tsx": {"path":"/Users/pete/BeerSelector/components/AllBeers.tsx","statementMap":{"0":{"start":{"line":29,"column":24},"end":{"line":451,"column":1}},"1":{"start":{"line":31,"column":22},"end":{"line":31,"column":38}},"2":{"start":{"line":32,"column":17},"end":{"line":32,"column":36}},"3":{"start":{"line":33,"column":23},"end":{"line":33,"column":46}},"4":{"start":{"line":34,"column":22},"end":{"line":34,"column":44}},"5":{"start":{"line":35,"column":34},"end":{"line":35,"column":54}},"6":{"start":{"line":36,"column":46},"end":{"line":36,"column":66}},"7":{"start":{"line":37,"column":32},"end":{"line":37,"column":46}},"8":{"start":{"line":38,"column":38},"end":{"line":38,"column":53}},"9":{"start":{"line":39,"column":28},"end":{"line":39,"column":57}},"10":{"start":{"line":40,"column":38},"end":{"line":40,"column":67}},"11":{"start":{"line":41,"column":40},"end":{"line":41,"column":55}},"12":{"start":{"line":42,"column":44},"end":{"line":42,"column":59}},"13":{"start":{"line":43,"column":36},"end":{"line":43,"column":51}},"14":{"start":{"line":44,"column":30},"end":{"line":44,"column":58}},"15":{"start":{"line":45,"column":38},"end":{"line":45,"column":50}},"16":{"start":{"line":46,"column":56},"end":{"line":46,"column":71}},"17":{"start":{"line":47,"column":50},"end":{"line":47,"column":62}},"18":{"start":{"line":50,"column":20},"end":{"line":50,"column":51}},"19":{"start":{"line":51,"column":22},"end":{"line":51,"column":79}},"20":{"start":{"line":52,"column":28},"end":{"line":52,"column":53}},"21":{"start":{"line":53,"column":30},"end":{"line":53,"column":96}},"22":{"start":{"line":54,"column":34},"end":{"line":54,"column":94}},"23":{"start":{"line":55,"column":20},"end":{"line":55,"column":45}},"24":{"start":{"line":58,"column":26},"end":{"line":58,"column":138}},"25":{"start":{"line":59,"column":24},"end":{"line":59,"column":146}},"26":{"start":{"line":61,"column":20},"end":{"line":77,"column":3}},"27":{"start":{"line":62,"column":4},"end":{"line":76,"column":5}},"28":{"start":{"line":63,"column":6},"end":{"line":63,"column":23}},"29":{"start":{"line":64,"column":19},"end":{"line":64,"column":38}},"30":{"start":{"line":66,"column":27},"end":{"line":66,"column":94}},"31":{"start":{"line":66,"column":47},"end":{"line":66,"column":93}},"32":{"start":{"line":67,"column":6},"end":{"line":67,"column":32}},"33":{"start":{"line":68,"column":6},"end":{"line":68,"column":38}},"34":{"start":{"line":69,"column":6},"end":{"line":69,"column":21}},"35":{"start":{"line":71,"column":6},"end":{"line":71,"column":50}},"36":{"start":{"line":72,"column":6},"end":{"line":72,"column":64}},"37":{"start":{"line":74,"column":6},"end":{"line":74,"column":24}},"38":{"start":{"line":75,"column":6},"end":{"line":75,"column":27}},"39":{"start":{"line":79,"column":2},"end":{"line":81,"column":9}},"40":{"start":{"line":80,"column":4},"end":{"line":80,"column":16}},"41":{"start":{"line":83,"column":24},"end":{"line":125,"column":14}},"42":{"start":{"line":84,"column":4},"end":{"line":124,"column":5}},"43":{"start":{"line":85,"column":6},"end":{"line":85,"column":26}},"44":{"start":{"line":87,"column":32},"end":{"line":87,"column":60}},"45":{"start":{"line":88,"column":6},"end":{"line":95,"column":7}},"46":{"start":{"line":89,"column":8},"end":{"line":92,"column":10}},"47":{"start":{"line":93,"column":8},"end":{"line":93,"column":29}},"48":{"start":{"line":94,"column":8},"end":{"line":94,"column":15}},"49":{"start":{"line":98,"column":6},"end":{"line":98,"column":34}},"50":{"start":{"line":99,"column":25},"end":{"line":99,"column":44}},"51":{"start":{"line":102,"column":6},"end":{"line":102,"column":30}},"52":{"start":{"line":105,"column":24},"end":{"line":105,"column":39}},"53":{"start":{"line":106,"column":6},"end":{"line":114,"column":7}},"54":{"start":{"line":107,"column":8},"end":{"line":107,"column":89}},"55":{"start":{"line":107,"column":35},"end":{"line":107,"column":87}},"56":{"start":{"line":109,"column":8},"end":{"line":113,"column":11}},"57":{"start":{"line":110,"column":24},"end":{"line":110,"column":57}},"58":{"start":{"line":111,"column":24},"end":{"line":111,"column":57}},"59":{"start":{"line":112,"column":10},"end":{"line":112,"column":31}},"60":{"start":{"line":117,"column":6},"end":{"line":117,"column":37}},"61":{"start":{"line":118,"column":6},"end":{"line":118,"column":21}},"62":{"start":{"line":120,"column":6},"end":{"line":120,"column":54}},"63":{"start":{"line":121,"column":6},"end":{"line":121,"column":83}},"64":{"start":{"line":123,"column":6},"end":{"line":123,"column":27}},"65":{"start":{"line":128,"column":2},"end":{"line":184,"column":76}},"66":{"start":{"line":129,"column":19},"end":{"line":129,"column":27}},"67":{"start":{"line":132,"column":4},"end":{"line":141,"column":5}},"68":{"start":{"line":133,"column":26},"end":{"line":133,"column":57}},"69":{"start":{"line":134,"column":6},"end":{"line":140,"column":8}},"70":{"start":{"line":135,"column":8},"end":{"line":139,"column":80}},"71":{"start":{"line":143,"column":4},"end":{"line":149,"column":5}},"72":{"start":{"line":144,"column":6},"end":{"line":148,"column":8}},"73":{"start":{"line":145,"column":8},"end":{"line":147,"column":60}},"74":{"start":{"line":151,"column":4},"end":{"line":160,"column":5}},"75":{"start":{"line":152,"column":6},"end":{"line":159,"column":8}},"76":{"start":{"line":153,"column":8},"end":{"line":158,"column":58}},"77":{"start":{"line":162,"column":4},"end":{"line":167,"column":5}},"78":{"start":{"line":163,"column":6},"end":{"line":166,"column":8}},"79":{"start":{"line":164,"column":8},"end":{"line":165,"column":53}},"80":{"start":{"line":170,"column":28},"end":{"line":170,"column":41}},"81":{"start":{"line":171,"column":4},"end":{"line":179,"column":5}},"82":{"start":{"line":172,"column":6},"end":{"line":172,"column":93}},"83":{"start":{"line":172,"column":39},"end":{"line":172,"column":91}},"84":{"start":{"line":174,"column":6},"end":{"line":178,"column":9}},"85":{"start":{"line":175,"column":22},"end":{"line":175,"column":55}},"86":{"start":{"line":176,"column":22},"end":{"line":176,"column":55}},"87":{"start":{"line":177,"column":8},"end":{"line":177,"column":29}},"88":{"start":{"line":181,"column":4},"end":{"line":181,"column":41}},"89":{"start":{"line":183,"column":4},"end":{"line":183,"column":24}},"90":{"start":{"line":186,"column":28},"end":{"line":188,"column":3}},"91":{"start":{"line":187,"column":4},"end":{"line":187,"column":33}},"92":{"start":{"line":190,"column":30},"end":{"line":196,"column":3}},"93":{"start":{"line":191,"column":4},"end":{"line":191,"column":37}},"94":{"start":{"line":193,"column":4},"end":{"line":195,"column":5}},"95":{"start":{"line":194,"column":6},"end":{"line":194,"column":26}},"96":{"start":{"line":198,"column":26},"end":{"line":204,"column":3}},"97":{"start":{"line":199,"column":4},"end":{"line":199,"column":29}},"98":{"start":{"line":201,"column":4},"end":{"line":203,"column":5}},"99":{"start":{"line":202,"column":6},"end":{"line":202,"column":30}},"100":{"start":{"line":206,"column":27},"end":{"line":208,"column":3}},"101":{"start":{"line":207,"column":4},"end":{"line":207,"column":51}},"102":{"start":{"line":211,"column":21},"end":{"line":226,"column":3}},"103":{"start":{"line":212,"column":4},"end":{"line":212,"column":42}},"104":{"start":{"line":212,"column":20},"end":{"line":212,"column":42}},"105":{"start":{"line":214,"column":4},"end":{"line":225,"column":5}},"106":{"start":{"line":216,"column":19},"end":{"line":216,"column":59}},"107":{"start":{"line":217,"column":6},"end":{"line":221,"column":9}},"108":{"start":{"line":223,"column":6},"end":{"line":223,"column":51}},"109":{"start":{"line":224,"column":6},"end":{"line":224,"column":28}},"110":{"start":{"line":228,"column":23},"end":{"line":230,"column":3}},"111":{"start":{"line":229,"column":4},"end":{"line":229,"column":49}},"112":{"start":{"line":232,"column":29},"end":{"line":234,"column":3}},"113":{"start":{"line":233,"column":4},"end":{"line":233,"column":24}},"114":{"start":{"line":236,"column":22},"end":{"line":238,"column":3}},"115":{"start":{"line":237,"column":4},"end":{"line":237,"column":22}},"116":{"start":{"line":240,"column":30},"end":{"line":243,"column":3}},"117":{"start":{"line":241,"column":4},"end":{"line":241,"column":34}},"118":{"start":{"line":242,"column":4},"end":{"line":242,"column":33}},"119":{"start":{"line":245,"column":25},"end":{"line":304,"column":3}},"120":{"start":{"line":246,"column":23},"end":{"line":246,"column":45}},"121":{"start":{"line":248,"column":4},"end":{"line":303,"column":6}},"122":{"start":{"line":251,"column":23},"end":{"line":251,"column":44}},"123":{"start":{"line":290,"column":31},"end":{"line":290,"column":66}},"124":{"start":{"line":306,"column":30},"end":{"line":406,"column":3}},"125":{"start":{"line":307,"column":4},"end":{"line":405,"column":6}},"126":{"start":{"line":408,"column":2},"end":{"line":450,"column":4}},"127":{"start":{"line":429,"column":38},"end":{"line":429,"column":58}},"128":{"start":{"line":430,"column":34},"end":{"line":430,"column":41}},"129":{"start":{"line":444,"column":27},"end":{"line":444,"column":56}},"130":{"start":{"line":453,"column":15},"end":{"line":591,"column":2}}},"fnMap":{"0":{"name":"(anonymous_0)","decl":{"start":{"line":29,"column":24},"end":{"line":29,"column":25}},"loc":{"start":{"line":29,"column":30},"end":{"line":451,"column":1}},"line":29},"1":{"name":"(anonymous_1)","decl":{"start":{"line":61,"column":20},"end":{"line":61,"column":21}},"loc":{"start":{"line":61,"column":32},"end":{"line":77,"column":3}},"line":61},"2":{"name":"(anonymous_2)","decl":{"start":{"line":66,"column":39},"end":{"line":66,"column":40}},"loc":{"start":{"line":66,"column":47},"end":{"line":66,"column":93}},"line":66},"3":{"name":"(anonymous_3)","decl":{"start":{"line":79,"column":12},"end":{"line":79,"column":13}},"loc":{"start":{"line":79,"column":18},"end":{"line":81,"column":3}},"line":79},"4":{"name":"(anonymous_4)","decl":{"start":{"line":83,"column":36},"end":{"line":83,"column":37}},"loc":{"start":{"line":83,"column":48},"end":{"line":125,"column":3}},"line":83},"5":{"name":"(anonymous_5)","decl":{"start":{"line":107,"column":25},"end":{"line":107,"column":26}},"loc":{"start":{"line":107,"column":35},"end":{"line":107,"column":87}},"line":107},"6":{"name":"(anonymous_6)","decl":{"start":{"line":109,"column":25},"end":{"line":109,"column":26}},"loc":{"start":{"line":109,"column":35},"end":{"line":113,"column":9}},"line":109},"7":{"name":"(anonymous_7)","decl":{"start":{"line":128,"column":12},"end":{"line":128,"column":13}},"loc":{"start":{"line":128,"column":18},"end":{"line":184,"column":3}},"line":128},"8":{"name":"(anonymous_8)","decl":{"start":{"line":134,"column":33},"end":{"line":134,"column":34}},"loc":{"start":{"line":135,"column":8},"end":{"line":139,"column":80}},"line":135},"9":{"name":"(anonymous_9)","decl":{"start":{"line":144,"column":33},"end":{"line":144,"column":34}},"loc":{"start":{"line":145,"column":8},"end":{"line":147,"column":60}},"line":145},"10":{"name":"(anonymous_10)","decl":{"start":{"line":152,"column":33},"end":{"line":152,"column":34}},"loc":{"start":{"line":153,"column":8},"end":{"line":158,"column":58}},"line":153},"11":{"name":"(anonymous_11)","decl":{"start":{"line":163,"column":33},"end":{"line":163,"column":34}},"loc":{"start":{"line":164,"column":8},"end":{"line":165,"column":53}},"line":164},"12":{"name":"(anonymous_12)","decl":{"start":{"line":172,"column":29},"end":{"line":172,"column":30}},"loc":{"start":{"line":172,"column":39},"end":{"line":172,"column":91}},"line":172},"13":{"name":"(anonymous_13)","decl":{"start":{"line":174,"column":29},"end":{"line":174,"column":30}},"loc":{"start":{"line":174,"column":39},"end":{"line":178,"column":7}},"line":174},"14":{"name":"(anonymous_14)","decl":{"start":{"line":186,"column":28},"end":{"line":186,"column":29}},"loc":{"start":{"line":186,"column":34},"end":{"line":188,"column":3}},"line":186},"15":{"name":"(anonymous_15)","decl":{"start":{"line":190,"column":30},"end":{"line":190,"column":31}},"loc":{"start":{"line":190,"column":36},"end":{"line":196,"column":3}},"line":190},"16":{"name":"(anonymous_16)","decl":{"start":{"line":198,"column":26},"end":{"line":198,"column":27}},"loc":{"start":{"line":198,"column":32},"end":{"line":204,"column":3}},"line":198},"17":{"name":"(anonymous_17)","decl":{"start":{"line":206,"column":27},"end":{"line":206,"column":28}},"loc":{"start":{"line":206,"column":33},"end":{"line":208,"column":3}},"line":206},"18":{"name":"(anonymous_18)","decl":{"start":{"line":211,"column":21},"end":{"line":211,"column":22}},"loc":{"start":{"line":211,"column":52},"end":{"line":226,"column":3}},"line":211},"19":{"name":"(anonymous_19)","decl":{"start":{"line":228,"column":23},"end":{"line":228,"column":24}},"loc":{"start":{"line":228,"column":39},"end":{"line":230,"column":3}},"line":228},"20":{"name":"(anonymous_20)","decl":{"start":{"line":232,"column":29},"end":{"line":232,"column":30}},"loc":{"start":{"line":232,"column":47},"end":{"line":234,"column":3}},"line":232},"21":{"name":"(anonymous_21)","decl":{"start":{"line":236,"column":22},"end":{"line":236,"column":23}},"loc":{"start":{"line":236,"column":28},"end":{"line":238,"column":3}},"line":236},"22":{"name":"(anonymous_22)","decl":{"start":{"line":240,"column":30},"end":{"line":240,"column":31}},"loc":{"start":{"line":240,"column":52},"end":{"line":243,"column":3}},"line":240},"23":{"name":"(anonymous_23)","decl":{"start":{"line":245,"column":25},"end":{"line":245,"column":26}},"loc":{"start":{"line":245,"column":41},"end":{"line":304,"column":3}},"line":245},"24":{"name":"(anonymous_24)","decl":{"start":{"line":251,"column":17},"end":{"line":251,"column":18}},"loc":{"start":{"line":251,"column":23},"end":{"line":251,"column":44}},"line":251},"25":{"name":"(anonymous_25)","decl":{"start":{"line":290,"column":25},"end":{"line":290,"column":26}},"loc":{"start":{"line":290,"column":31},"end":{"line":290,"column":66}},"line":290},"26":{"name":"(anonymous_26)","decl":{"start":{"line":306,"column":30},"end":{"line":306,"column":31}},"loc":{"start":{"line":306,"column":36},"end":{"line":406,"column":3}},"line":306},"27":{"name":"(anonymous_27)","decl":{"start":{"line":429,"column":24},"end":{"line":429,"column":25}},"loc":{"start":{"line":429,"column":38},"end":{"line":429,"column":58}},"line":429},"28":{"name":"(anonymous_28)","decl":{"start":{"line":430,"column":26},"end":{"line":430,"column":27}},"loc":{"start":{"line":430,"column":34},"end":{"line":430,"column":41}},"line":430},"29":{"name":"(anonymous_29)","decl":{"start":{"line":444,"column":21},"end":{"line":444,"column":22}},"loc":{"start":{"line":444,"column":27},"end":{"line":444,"column":56}},"line":444}},"branchMap":{"0":{"loc":{"start":{"line":58,"column":26},"end":{"line":58,"column":138}},"type":"cond-expr","locations":[{"start":{"line":58,"column":119},"end":{"line":58,"column":128}},{"start":{"line":58,"column":131},"end":{"line":58,"column":138}}],"line":58},"1":{"loc":{"start":{"line":58,"column":26},"end":{"line":58,"column":116}},"type":"binary-expr","locations":[{"start":{"line":58,"column":26},"end":{"line":58,"column":48}},{"start":{"line":58,"column":53},"end":{"line":58,"column":64}},{"start":{"line":58,"column":68},"end":{"line":58,"column":81}},{"start":{"line":58,"column":85},"end":{"line":58,"column":94}},{"start":{"line":58,"column":98},"end":{"line":58,"column":115}}],"line":58},"2":{"loc":{"start":{"line":59,"column":24},"end":{"line":59,"column":146}},"type":"cond-expr","locations":[{"start":{"line":59,"column":117},"end":{"line":59,"column":126}},{"start":{"line":59,"column":129},"end":{"line":59,"column":146}}],"line":59},"3":{"loc":{"start":{"line":59,"column":24},"end":{"line":59,"column":114}},"type":"binary-expr","locations":[{"start":{"line":59,"column":24},"end":{"line":59,"column":46}},{"start":{"line":59,"column":51},"end":{"line":59,"column":62}},{"start":{"line":59,"column":66},"end":{"line":59,"column":79}},{"start":{"line":59,"column":83},"end":{"line":59,"column":92}},{"start":{"line":59,"column":96},"end":{"line":59,"column":113}}],"line":59},"4":{"loc":{"start":{"line":66,"column":47},"end":{"line":66,"column":93}},"type":"binary-expr","locations":[{"start":{"line":66,"column":47},"end":{"line":66,"column":61}},{"start":{"line":66,"column":65},"end":{"line":66,"column":93}}],"line":66},"5":{"loc":{"start":{"line":88,"column":6},"end":{"line":95,"column":7}},"type":"if","locations":[{"start":{"line":88,"column":6},"end":{"line":95,"column":7}},{"start":{},"end":{}}],"line":88},"6":{"loc":{"start":{"line":106,"column":6},"end":{"line":114,"column":7}},"type":"if","locations":[{"start":{"line":106,"column":6},"end":{"line":114,"column":7}},{"start":{"line":108,"column":13},"end":{"line":114,"column":7}}],"line":106},"7":{"loc":{"start":{"line":107,"column":36},"end":{"line":107,"column":53}},"type":"binary-expr","locations":[{"start":{"line":107,"column":36},"end":{"line":107,"column":47}},{"start":{"line":107,"column":51},"end":{"line":107,"column":53}}],"line":107},"8":{"loc":{"start":{"line":107,"column":69},"end":{"line":107,"column":86}},"type":"binary-expr","locations":[{"start":{"line":107,"column":69},"end":{"line":107,"column":80}},{"start":{"line":107,"column":84},"end":{"line":107,"column":86}}],"line":107},"9":{"loc":{"start":{"line":110,"column":33},"end":{"line":110,"column":52}},"type":"binary-expr","locations":[{"start":{"line":110,"column":33},"end":{"line":110,"column":45}},{"start":{"line":110,"column":49},"end":{"line":110,"column":52}}],"line":110},"10":{"loc":{"start":{"line":111,"column":33},"end":{"line":111,"column":52}},"type":"binary-expr","locations":[{"start":{"line":111,"column":33},"end":{"line":111,"column":45}},{"start":{"line":111,"column":49},"end":{"line":111,"column":52}}],"line":111},"11":{"loc":{"start":{"line":132,"column":4},"end":{"line":141,"column":5}},"type":"if","locations":[{"start":{"line":132,"column":4},"end":{"line":141,"column":5}},{"start":{},"end":{}}],"line":132},"12":{"loc":{"start":{"line":135,"column":8},"end":{"line":139,"column":80}},"type":"binary-expr","locations":[{"start":{"line":135,"column":9},"end":{"line":135,"column":23}},{"start":{"line":135,"column":27},"end":{"line":135,"column":77}},{"start":{"line":136,"column":9},"end":{"line":136,"column":20}},{"start":{"line":136,"column":24},"end":{"line":136,"column":71}},{"start":{"line":137,"column":9},"end":{"line":137,"column":24}},{"start":{"line":137,"column":28},"end":{"line":137,"column":79}},{"start":{"line":138,"column":9},"end":{"line":138,"column":30}},{"start":{"line":138,"column":34},"end":{"line":138,"column":91}},{"start":{"line":139,"column":9},"end":{"line":139,"column":24}},{"start":{"line":139,"column":28},"end":{"line":139,"column":79}}],"line":135},"13":{"loc":{"start":{"line":143,"column":4},"end":{"line":149,"column":5}},"type":"if","locations":[{"start":{"line":143,"column":4},"end":{"line":149,"column":5}},{"start":{},"end":{}}],"line":143},"14":{"loc":{"start":{"line":145,"column":8},"end":{"line":147,"column":60}},"type":"binary-expr","locations":[{"start":{"line":145,"column":8},"end":{"line":145,"column":27}},{"start":{"line":146,"column":9},"end":{"line":146,"column":62}},{"start":{"line":147,"column":8},"end":{"line":147,"column":59}}],"line":145},"15":{"loc":{"start":{"line":151,"column":4},"end":{"line":160,"column":5}},"type":"if","locations":[{"start":{"line":151,"column":4},"end":{"line":160,"column":5}},{"start":{},"end":{}}],"line":151},"16":{"loc":{"start":{"line":153,"column":8},"end":{"line":158,"column":58}},"type":"binary-expr","locations":[{"start":{"line":153,"column":8},"end":{"line":153,"column":23}},{"start":{"line":154,"column":9},"end":{"line":154,"column":57}},{"start":{"line":155,"column":9},"end":{"line":155,"column":56}},{"start":{"line":156,"column":9},"end":{"line":156,"column":61}},{"start":{"line":157,"column":9},"end":{"line":157,"column":55}},{"start":{"line":158,"column":9},"end":{"line":158,"column":57}}],"line":153},"17":{"loc":{"start":{"line":162,"column":4},"end":{"line":167,"column":5}},"type":"if","locations":[{"start":{"line":162,"column":4},"end":{"line":167,"column":5}},{"start":{},"end":{}}],"line":162},"18":{"loc":{"start":{"line":164,"column":8},"end":{"line":165,"column":53}},"type":"binary-expr","locations":[{"start":{"line":164,"column":8},"end":{"line":164,"column":23}},{"start":{"line":165,"column":8},"end":{"line":165,"column":53}}],"line":164},"19":{"loc":{"start":{"line":171,"column":4},"end":{"line":179,"column":5}},"type":"if","locations":[{"start":{"line":171,"column":4},"end":{"line":179,"column":5}},{"start":{"line":173,"column":11},"end":{"line":179,"column":5}}],"line":171},"20":{"loc":{"start":{"line":172,"column":40},"end":{"line":172,"column":57}},"type":"binary-expr","locations":[{"start":{"line":172,"column":40},"end":{"line":172,"column":51}},{"start":{"line":172,"column":55},"end":{"line":172,"column":57}}],"line":172},"21":{"loc":{"start":{"line":172,"column":73},"end":{"line":172,"column":90}},"type":"binary-expr","locations":[{"start":{"line":172,"column":73},"end":{"line":172,"column":84}},{"start":{"line":172,"column":88},"end":{"line":172,"column":90}}],"line":172},"22":{"loc":{"start":{"line":175,"column":31},"end":{"line":175,"column":50}},"type":"binary-expr","locations":[{"start":{"line":175,"column":31},"end":{"line":175,"column":43}},{"start":{"line":175,"column":47},"end":{"line":175,"column":50}}],"line":175},"23":{"loc":{"start":{"line":176,"column":31},"end":{"line":176,"column":50}},"type":"binary-expr","locations":[{"start":{"line":176,"column":31},"end":{"line":176,"column":43}},{"start":{"line":176,"column":47},"end":{"line":176,"column":50}}],"line":176},"24":{"loc":{"start":{"line":193,"column":4},"end":{"line":195,"column":5}},"type":"if","locations":[{"start":{"line":193,"column":4},"end":{"line":195,"column":5}},{"start":{},"end":{}}],"line":193},"25":{"loc":{"start":{"line":201,"column":4},"end":{"line":203,"column":5}},"type":"if","locations":[{"start":{"line":201,"column":4},"end":{"line":203,"column":5}},{"start":{},"end":{}}],"line":201},"26":{"loc":{"start":{"line":207,"column":14},"end":{"line":207,"column":49}},"type":"cond-expr","locations":[{"start":{"line":207,"column":34},"end":{"line":207,"column":40}},{"start":{"line":207,"column":43},"end":{"line":207,"column":49}}],"line":207},"27":{"loc":{"start":{"line":212,"column":4},"end":{"line":212,"column":42}},"type":"if","locations":[{"start":{"line":212,"column":4},"end":{"line":212,"column":42}},{"start":{},"end":{}}],"line":212},"28":{"loc":{"start":{"line":229,"column":18},"end":{"line":229,"column":47}},"type":"cond-expr","locations":[{"start":{"line":229,"column":38},"end":{"line":229,"column":42}},{"start":{"line":229,"column":45},"end":{"line":229,"column":47}}],"line":229},"29":{"loc":{"start":{"line":260,"column":10},"end":{"line":260,"column":43}},"type":"binary-expr","locations":[{"start":{"line":260,"column":10},"end":{"line":260,"column":20}},{"start":{"line":260,"column":24},"end":{"line":260,"column":43}}],"line":260},"30":{"loc":{"start":{"line":263,"column":13},"end":{"line":263,"column":45}},"type":"binary-expr","locations":[{"start":{"line":263,"column":13},"end":{"line":263,"column":27}},{"start":{"line":263,"column":31},"end":{"line":263,"column":45}}],"line":263},"31":{"loc":{"start":{"line":266,"column":27},"end":{"line":266,"column":72}},"type":"cond-expr","locations":[{"start":{"line":266,"column":45},"end":{"line":266,"column":67}},{"start":{"line":266,"column":70},"end":{"line":266,"column":72}}],"line":266},"32":{"loc":{"start":{"line":269,"column":31},"end":{"line":269,"column":84}},"type":"cond-expr","locations":[{"start":{"line":269,"column":53},"end":{"line":269,"column":79}},{"start":{"line":269,"column":82},"end":{"line":269,"column":84}}],"line":269},"33":{"loc":{"start":{"line":275,"column":11},"end":{"line":300,"column":11}},"type":"binary-expr","locations":[{"start":{"line":275,"column":11},"end":{"line":275,"column":21}},{"start":{"line":275,"column":25},"end":{"line":275,"column":46}},{"start":{"line":276,"column":12},"end":{"line":299,"column":19}}],"line":275},"34":{"loc":{"start":{"line":286,"column":35},"end":{"line":286,"column":89}},"type":"cond-expr","locations":[{"start":{"line":286,"column":60},"end":{"line":286,"column":69}},{"start":{"line":286,"column":72},"end":{"line":286,"column":89}}],"line":286},"35":{"loc":{"start":{"line":294,"column":25},"end":{"line":294,"column":69}},"type":"cond-expr","locations":[{"start":{"line":294,"column":50},"end":{"line":294,"column":59}},{"start":{"line":294,"column":62},"end":{"line":294,"column":69}}],"line":294},"36":{"loc":{"start":{"line":317,"column":37},"end":{"line":317,"column":83}},"type":"cond-expr","locations":[{"start":{"line":317,"column":67},"end":{"line":317,"column":73}},{"start":{"line":317,"column":76},"end":{"line":317,"column":83}}],"line":317},"37":{"loc":{"start":{"line":326,"column":33},"end":{"line":326,"column":82}},"type":"cond-expr","locations":[{"start":{"line":326,"column":47},"end":{"line":326,"column":60}},{"start":{"line":326,"column":63},"end":{"line":326,"column":82}}],"line":326},"38":{"loc":{"start":{"line":336,"column":25},"end":{"line":336,"column":80}},"type":"cond-expr","locations":[{"start":{"line":336,"column":39},"end":{"li
[...]
lumn":23}},{"start":{"line":945,"column":27},"end":{"line":945,"column":41}}],"line":945},"100":{"loc":{"start":{"line":975,"column":11},"end":{"line":975,"column":46}},"type":"binary-expr","locations":[{"start":{"line":975,"column":11},"end":{"line":975,"column":27}},{"start":{"line":975,"column":31},"end":{"line":975,"column":46}}],"line":975},"101":{"loc":{"start":{"line":988,"column":4},"end":{"line":991,"column":5}},"type":"if","locations":[{"start":{"line":988,"column":4},"end":{"line":991,"column":5}},{"start":{},"end":{}}],"line":988},"102":{"loc":{"start":{"line":996,"column":4},"end":{"line":998,"column":5}},"type":"if","locations":[{"start":{"line":996,"column":4},"end":{"line":998,"column":5}},{"start":{},"end":{}}],"line":996},"103":{"loc":{"start":{"line":996,"column":8},"end":{"line":996,"column":84}},"type":"binary-expr","locations":[{"start":{"line":996,"column":8},"end":{"line":996,"column":12}},{"start":{"line":996,"column":16},"end":{"line":996,"column":35}},{"start":{"line":996,"column":39},"end":{"line":996,"column":55}},{"start":{"line":996,"column":59},"end":{"line":996,"column":66}},{"start":{"line":996,"column":70},"end":{"line":996,"column":84}}],"line":996},"104":{"loc":{"start":{"line":1009,"column":2},"end":{"line":1012,"column":3}},"type":"if","locations":[{"start":{"line":1009,"column":2},"end":{"line":1012,"column":3}},{"start":{},"end":{}}],"line":1009},"105":{"loc":{"start":{"line":1009,"column":6},"end":{"line":1009,"column":38}},"type":"binary-expr","locations":[{"start":{"line":1009,"column":6},"end":{"line":1009,"column":14}},{"start":{"line":1009,"column":18},"end":{"line":1009,"column":38}}],"line":1009},"106":{"loc":{"start":{"line":1018,"column":4},"end":{"line":1021,"column":5}},"type":"if","locations":[{"start":{"line":1018,"column":4},"end":{"line":1021,"column":5}},{"start":{},"end":{}}],"line":1018},"107":{"loc":{"start":{"line":1040,"column":14},"end":{"line":1040,"column":36}},"type":"binary-expr","locations":[{"start":{"line":1040,"column":14},"end":{"line":1040,"column":30}},{"start":{"line":1040,"column":34},"end":{"line":1040,"column":36}}],"line":1040},"108":{"loc":{"start":{"line":1041,"column":14},"end":{"line":1041,"column":36}},"type":"binary-expr","locations":[{"start":{"line":1041,"column":14},"end":{"line":1041,"column":29}},{"start":{"line":1041,"column":33},"end":{"line":1041,"column":36}}],"line":1041},"109":{"loc":{"start":{"line":1042,"column":14},"end":{"line":1042,"column":38}},"type":"binary-expr","locations":[{"start":{"line":1042,"column":14},"end":{"line":1042,"column":32}},{"start":{"line":1042,"column":36},"end":{"line":1042,"column":38}}],"line":1042},"110":{"loc":{"start":{"line":1072,"column":4},"end":{"line":1075,"column":5}},"type":"if","locations":[{"start":{"line":1072,"column":4},"end":{"line":1075,"column":5}},{"start":{},"end":{}}],"line":1072}},"s":{"0":1,"1":1,"2":1,"3":1,"4":1,"5":1,"6":1,"7":1,"8":1,"9":1,"10":29,"11":28,"12":1,"13":1,"14":1,"15":0,"16":0,"17":1,"18":4,"19":0,"20":0,"21":0,"22":0,"23":0,"24":0,"25":0,"26":0,"27":0,"28":0,"29":0,"30":4,"31":4,"32":4,"33":4,"34":4,"35":3,"36":3,"37":3,"38":3,"39":3,"40":3,"41":3,"42":3,"43":1,"44":1,"45":4,"46":1,"47":3,"48":3,"49":3,"50":2,"51":2,"52":2,"53":6,"54":2,"55":0,"56":0,"57":1,"58":3,"59":3,"60":3,"61":2,"62":1,"63":1,"64":1,"65":3,"66":3,"67":3,"68":1,"69":2,"70":2,"71":1,"72":1,"73":1,"74":0,"75":0,"76":0,"77":0,"78":0,"79":0,"80":1,"81":3,"82":3,"83":3,"84":2,"85":1,"86":1,"87":1,"88":3,"89":3,"90":3,"91":1,"92":2,"93":2,"94":1,"95":1,"96":1,"97":0,"98":0,"99":0,"100":0,"101":0,"102":0,"103":1,"104":0,"105":0,"106":0,"107":0,"108":0,"109":0,"110":0,"111":0,"112":1,"113":0,"114":0,"115":0,"116":0,"117":0,"118":0,"119":0,"120":0,"121":0,"122":0,"123":0,"124":1,"125":0,"126":0,"127":0,"128":0,"129":0,"130":0,"131":0,"132":0,"133":0,"134":0,"135":0,"136":1,"137":0,"138":0,"139":0,"140":0,"141":0,"142":0,"143":0,"144":0,"145":0,"146":0,"147":0,"148":0,"149":0,"150":0,"151":0,"152":0,"153":0,"154":0,"155":1,"156":0,"157":0,"158":0,"159":0,"160":0,"161":1,"162":0,"163":0,"164":0,"165":0,"166":0,"167":0,"168":0,"169":0,"170":0,"171":0,"172":0,"173":0,"174":0,"175":0,"176":0,"177":0,"178":0,"179":0,"180":0,"181":0,"182":0,"183":0,"184":0,"185":0,"186":1,"187":0,"188":0,"189":0,"190":0,"191":0,"192":0,"193":0,"194":0,"195":0,"196":0,"197":0,"198":0,"199":0,"200":0,"201":0,"202":0,"203":0,"204":0,"205":0,"206":0,"207":0,"208":0,"209":0,"210":0,"211":0,"212":0,"213":1,"214":0,"215":0,"216":0,"217":0,"218":0,"219":0,"220":0,"221":0,"222":0,"223":0,"224":0,"225":1,"226":0,"227":0,"228":0,"229":0,"230":0,"231":0,"232":0,"233":0,"234":0,"235":0,"236":0,"237":0,"238":0,"239":0,"240":0,"241":0,"242":0,"243":0,"244":0,"245":0,"246":0,"247":1,"248":0,"249":0,"250":0,"251":0,"252":0,"253":0,"254":0,"255":0,"256":0,"257":0,"258":0,"259":0,"260":0,"261":0,"262":1,"263":0,"264":0,"265":0,"266":0,"267":0,"268":0,"269":0,"270":0,"271":0,"272":0,"273":0,"274":0,"275":0,"276":0,"277":0,"278":0,"279":0,"280":0,"281":0,"282":0,"283":0,"284":1,"285":0,"286":0,"287":0,"288":0,"289":0,"290":1,"291":0,"292":0,"293":0,"294":0,"295":0,"296":0,"297":0,"298":0,"299":0,"300":0,"301":0,"302":0,"303":0,"304":0,"305":0,"306":0,"307":0,"308":0,"309":0,"310":0,"311":1,"312":3,"313":3,"314":3,"315":1,"316":1,"317":1,"318":3,"319":3,"320":3,"321":1,"322":1,"323":1,"324":3,"325":1,"326":2,"327":2,"328":2,"329":2,"330":1,"331":1,"332":1,"333":0,"334":0,"335":0,"336":0,"337":0,"338":1,"339":0,"340":0,"341":0,"342":0,"343":0,"344":1,"345":2,"346":2,"347":2,"348":1,"349":1,"350":1,"351":1,"352":2,"353":2,"354":2,"355":1,"356":1,"357":1,"358":0,"359":0,"360":0,"361":0,"362":0,"363":0,"364":0,"365":1,"366":0,"367":0,"368":0,"369":0,"370":0,"371":0,"372":0,"373":0,"374":0,"375":0,"376":0,"377":0,"378":0,"379":0,"380":0,"381":0,"382":0,"383":0,"384":1,"385":0,"386":0,"387":0,"388":0,"389":0,"390":0,"391":1,"392":0,"393":0,"394":0,"395":0,"396":0,"397":0,"398":0,"399":0,"400":0,"401":0,"402":0,"403":1,"404":0,"405":0,"406":0,"407":0,"408":0,"409":0,"410":0,"411":0,"412":0,"413":0,"414":0,"415":0,"416":0,"417":0,"418":0,"419":0,"420":0,"421":0,"422":0,"423":0,"424":0,"425":0,"426":0,"427":0,"428":0,"429":0,"430":0,"431":1,"432":0,"433":0,"434":0,"435":0,"436":0,"437":0,"438":0,"439":0,"440":0,"441":0,"442":1,"443":0,"444":0,"445":0,"446":0,"447":0},"f":{"0":29,"1":4,"2":0,"3":3,"4":3,"5":2,"6":3,"7":3,"8":0,"9":3,"10":3,"11":0,"12":0,"13":0,"14":0,"15":0,"16":0,"17":0,"18":0,"19":0,"20":0,"21":0,"22":0,"23":0,"24":0,"25":0,"26":0,"27":0,"28":0,"29":0,"30":0,"31":0,"32":0,"33":0,"34":0,"35":0,"36":0,"37":3,"38":3,"39":3,"40":0,"41":0,"42":2,"43":2,"44":0,"45":0,"46":0,"47":0,"48":0,"49":0,"50":0,"51":0,"52":0,"53":0,"54":0},"b":{"0":[28,1],"1":[0,4],"2":[0,0],"3":[0,0],"4":[0,0],"5":[2,1],"6":[3,2],"7":[1,1],"8":[1,2],"9":[2,2],"10":[0,0],"11":[1,1],"12":[1,2],"13":[2,2],"14":[0,0],"15":[0,0],"16":[0,0],"17":[0,0,0],"18":[0,0,0],"19":[0],"20":[0],"21":[0,0],"22":[0,0],"23":[0,0],"24":[0,0],"25":[0,0,0,0,0],"26":[0,0],"27":[0,0],"28":[0,0],"29":[0,0],"30":[0,0],"31":[0,0],"32":[0,0],"33":[0,0],"34":[0,0],"35":[0,0],"36":[0,0],"37":[0,0],"38":[0,0],"39":[0,0],"40":[0,0],"41":[0,0],"42":[0,0],"43":[0,0],"44":[0,0],"45":[0,0],"46":[0,0],"47":[0,0],"48":[0,0],"49":[0,0],"50":[0,0,0,0,0],"51":[0,0],"52":[0,0],"53":[0,0],"54":[0,0],"55":[0,0],"56":[0,0],"57":[0,0],"58":[0,0],"59":[0,0],"60":[0,0],"61":[0,0],"62":[0,0],"63":[0,0],"64":[0,0],"65":[0,0],"66":[0,0],"67":[0,0],"68":[0,0],"69":[0,0],"70":[0,0],"71":[0,0],"72":[0,0],"73":[0,0],"74":[0,0],"75":[0,0],"76":[0,0],"77":[0,0],"78":[0,0],"79":[0,0],"80":[0,0],"81":[0,0],"82":[0,0],"83":[0,0],"84":[0,0],"85":[0,0],"86":[0,0],"87":[0,0],"88":[0,0],"89":[0,0],"90":[0,0],"91":[0,0],"92":[0,0],"93":[0,0],"94":[0,0],"95":[0,0],"96":[1,2],"97":[0,0],"98":[0,0],"99":[0,0],"100":[0,0],"101":[0,0],"102":[0,0],"103":[0,0,0,0,0],"104":[0,0],"105":[0,0],"106":[0,0],"107":[0,0],"108":[0,0],"109":[0,0],"110":[0,0]},"_coverageSchema":"1a1c01bbd47fc00a2c39e90264f33305004495a9","hash":"2a4230003c22c28738bbe2f2f5952780be6f0bdd"}
,"/Users/pete/BeerSelector/src/database/types.ts": {"path":"/Users/pete/BeerSelector/src/database/types.ts","statementMap":{},"fnMap":{},"branchMap":{},"s":{},"f":{},"b":{}}
,"/Users/pete/BeerSelector/src/types/api.ts": {"path":"/Users/pete/BeerSelector/src/types/api.ts","statementMap":{"0":{"start":{"line":50,"column":4},"end":{"line":50,"column":19}},"1":{"start":{"line":51,"column":4},"end":{"line":51,"column":27}},"2":{"start":{"line":52,"column":4},"end":{"line":52,"column":33}},"3":{"start":{"line":53,"column":4},"end":{"line":53,"column":41}},"4":{"start":{"line":54,"column":4},"end":{"line":54,"column":31}},"5":{"start":{"line":57,"column":4},"end":{"line":61,"column":6}},"6":{"start":{"line":83,"column":2},"end":{"line":83,"column":25}},"7":{"start":{"line":83,"column":12},"end":{"line":83,"column":25}},"8":{"start":{"line":84,"column":2},"end":{"line":87,"column":38}},"9":{"start":{"line":96,"column":2},"end":{"line":96,"column":25}},"10":{"start":{"line":96,"column":12},"end":{"line":96,"column":25}},"11":{"start":{"line":97,"column":2},"end":{"line":99,"column":18}},"12":{"start":{"line":108,"column":2},"end":{"line":108,"column":25}},"13":{"start":{"line":108,"column":12},"end":{"line":108,"column":25}},"14":{"start":{"line":109,"column":2},"end":{"line":109,"column":42}}},"fnMap":{"0":{"name":"(anonymous_0)","decl":{"start":{"line":49,"column":2},"end":{"line":49,"column":3}},"loc":{"start":{"line":49,"column":90},"end":{"line":62,"column":3}},"line":49},"1":{"name":"isSessionData","decl":{"start":{"line":82,"column":16},"end":{"line":82,"column":29}},"loc":{"start":{"line":82,"column":60},"end":{"line":88,"column":1}},"line":82},"2":{"name":"isApiResponse","decl":{"start":{"line":95,"column":16},"end":{"line":95,"column":29}},"loc":{"start":{"line":95,"column":66},"end":{"line":100,"column":1}},"line":95},"3":{"name":"isLoginResult","decl":{"start":{"line":107,"column":16},"end":{"line":107,"column":29}},"loc":{"start":{"line":107,"column":60},"end":{"line":110,"column":1}},"line":107}},"branchMap":{"0":{"loc":{"start":{"line":49,"column":31},"end":{"line":49,"column":45}},"type":"default-arg","locations":[{"start":{"line":49,"column":44},"end":{"line":49,"column":45}}],"line":49},"1":{"loc":{"start":{"line":49,"column":47},"end":{"line":49,"column":69}},"type":"default-arg","locations":[{"start":{"line":49,"column":64},"end":{"line":49,"column":69}}],"line":49},"2":{"loc":{"start":{"line":49,"column":71},"end":{"line":49,"column":88}},"type":"default-arg","locations":[{"start":{"line":49,"column":83},"end":{"line":49,"column":88}}],"line":49},"3":{"loc":{"start":{"line":57,"column":21},"end":{"line":61,"column":5}},"type":"binary-expr","locations":[{"start":{"line":57,"column":21},"end":{"line":57,"column":35}},{"start":{"line":57,"column":39},"end":{"line":57,"column":48}},{"start":{"line":58,"column":6},"end":{"line":58,"column":23}},{"start":{"line":59,"column":6},"end":{"line":59,"column":24}},{"start":{"line":60,"column":6},"end":{"line":60,"column":24}}],"line":57},"4":{"loc":{"start":{"line":83,"column":2},"end":{"line":83,"column":25}},"type":"if","locations":[{"start":{"line":83,"column":2},"end":{"line":83,"column":25}},{"start":{},"end":{}}],"line":83},"5":{"loc":{"start":{"line":84,"column":9},"end":{"line":87,"column":37}},"type":"binary-expr","locations":[{"start":{"line":84,"column":9},"end":{"line":84,"column":41}},{"start":{"line":85,"column":4},"end":{"line":85,"column":35}},{"start":{"line":86,"column":4},"end":{"line":86,"column":37}},{"start":{"line":87,"column":4},"end":{"line":87,"column":37}}],"line":84},"6":{"loc":{"start":{"line":96,"column":2},"end":{"line":96,"column":25}},"type":"if","locations":[{"start":{"line":96,"column":2},"end":{"line":96,"column":25}},{"start":{},"end":{}}],"line":96},"7":{"loc":{"start":{"line":97,"column":9},"end":{"line":99,"column":17}},"type":"binary-expr","locations":[{"start":{"line":97,"column":9},"end":{"line":97,"column":41}},{"start":{"line":98,"column":4},"end":{"line":98,"column":38}},{"start":{"line":99,"column":4},"end":{"line":99,"column":17}}],"line":97},"8":{"loc":{"start":{"line":108,"column":2},"end":{"line":108,"column":25}},"type":"if","locations":[{"start":{"line":108,"column":2},"end":{"line":108,"column":25}},{"start":{},"end":{}}],"line":108}},"s":{"0":0,"1":0,"2":0,"3":0,"4":0,"5":0,"6":0,"7":0,"8":0,"9":0,"10":0,"11":0,"12":0,"13":0,"14":0},"f":{"0":0,"1":0,"2":0,"3":0},"b":{"0":[0],"1":[0],"2":[0],"3":[0,0,0,0,0],"4":[0,0],"5":[0,0,0,0],"6":[0,0],"7":[0,0,0],"8":[0,0]}}
,"/Users/pete/BeerSelector/src/types/beer.ts": {"path":"/Users/pete/BeerSelector/src/types/beer.ts","statementMap":{"0":{"start":{"line":70,"column":2},"end":{"line":70,"column":25}},"1":{"start":{"line":70,"column":12},"end":{"line":70,"column":25}},"2":{"start":{"line":71,"column":2},"end":{"line":72,"column":38}},"3":{"start":{"line":81,"column":2},"end":{"line":81,"column":25}},"4":{"start":{"line":81,"column":12},"end":{"line":81,"column":25}},"5":{"start":{"line":82,"column":2},"end":{"line":87,"column":4}},"6":{"start":{"line":96,"column":2},"end":{"line":96,"column":25}},"7":{"start":{"line":96,"column":12},"end":{"line":96,"column":25}},"8":{"start":{"line":97,"column":2},"end":{"line":105,"column":4}},"9":{"start":{"line":114,"column":2},"end":{"line":114,"column":25}},"10":{"start":{"line":114,"column":12},"end":{"line":114,"column":25}},"11":{"start":{"line":115,"column":2},"end":{"line":115,"column":42}}},"fnMap":{"0":{"name":"isBeer","decl":{"start":{"line":69,"column":16},"end":{"line":69,"column":22}},"loc":{"start":{"line":69,"column":46},"end":{"line":73,"column":1}},"line":69},"1":{"name":"isBeerfinder","decl":{"start":{"line":80,"column":16},"end":{"line":80,"column":28}},"loc":{"start":{"line":80,"column":58},"end":{"line":88,"column":1}},"line":80},"2":{"name":"isBeerDetails","decl":{"start":{"line":95,"column":16},"end":{"line":95,"column":29}},"loc":{"start":{"line":95,"column":60},"end":{"line":106,"column":1}},"line":95},"3":{"name":"isCheckInResponse","decl":{"start":{"line":113,"column":16},"end":{"line":113,"column":33}},"loc":{"start":{"line":113,"column":68},"end":{"line":116,"column":1}},"line":113}},"branchMap":{"0":{"loc":{"start":{"line":70,"column":2},"end":{"line":70,"column":25}},"type":"if","locations":[{"start":{"line":70,"column":2},"end":{"line":70,"column":25}},{"start":{},"end":{}}],"line":70},"1":{"loc":{"start":{"line":71,"column":9},"end":{"line":72,"column":37}},"type":"binary-expr","locations":[{"start":{"line":71,"column":9},"end":{"line":71,"column":35}},{"start":{"line":72,"column":4},"end":{"line":72,"column":37}}],"line":71},"2":{"loc":{"start":{"line":81,"column":2},"end":{"line":81,"column":25}},"type":"if","locations":[{"start":{"line":81,"column":2},"end":{"line":81,"column":25}},{"start":{},"end":{}}],"line":81},"3":{"loc":{"start":{"line":82,"column":9},"end":{"line":87,"column":3}},"type":"binary-expr","locations":[{"start":{"line":82,"column":9},"end":{"line":82,"column":20}},{"start":{"line":83,"column":4},"end":{"line":83,"column":29}},{"start":{"line":84,"column":4},"end":{"line":84,"column":33}},{"start":{"line":85,"column":4},"end":{"line":85,"column":36}},{"start":{"line":86,"column":4},"end":{"line":86,"column":31}}],"line":82},"4":{"loc":{"start":{"line":96,"column":2},"end":{"line":96,"column":25}},"type":"if","locations":[{"start":{"line":96,"column":2},"end":{"line":96,"column":25}},{"start":{},"end":{}}],"line":96},"5":{"loc":{"start":{"line":97,"column":9},"end":{"line":105,"column":3}},"type":"binary-expr","locations":[{"start":{"line":97,"column":9},"end":{"line":97,"column":20}},{"start":{"line":98,"column":4},"end":{"line":98,"column":25}},{"start":{"line":99,"column":4},"end":{"line":99,"column":25}},{"start":{"line":100,"column":4},"end":{"line":100,"column":34}},{"start":{"line":101,"column":4},"end":{"line":101,"column":30}},{"start":{"line":102,"column":4},"end":{"line":102,"column":36}},{"start":{"line":103,"column":4},"end":{"line":103,"column":36}},{"start":{"line":104,"column":4},"end":{"line":104,"column":43}}],"line":97},"6":{"loc":{"start":{"line":114,"column":2},"end":{"line":114,"column":25}},"type":"if","locations":[{"start":{"line":114,"column":2},"end":{"line":114,"column":25}},{"start":{},"end":{}}],"line":114}},"s":{"0":23,"1":2,"2":21,"3":9,"4":2,"5":7,"6":12,"7":2,"8":10,"9":7,"10":2,"11":5},"f":{"0":23,"1":9,"2":12,"3":7},"b":{"0":[2,21],"1":[21,17],"2":[2,7],"3":[7,6,5,3,2],"4":[2,10],"5":[10,9,7,6,5,4,3,2],"6":[2,5]},"_coverageSchema":"1a1c01bbd47fc00a2c39e90264f33305004495a9","hash":"1a0b19a3d550e08a465ff9a42f3ef346c7ddeb66"}
,"/Users/pete/BeerSelector/src/types/database.ts": {"path":"/Users/pete/BeerSelector/src/types/database.ts","statementMap":{"0":{"start":{"line":47,"column":2},"end":{"line":47,"column":25}},"1":{"start":{"line":47,"column":12},"end":{"line":47,"column":25}},"2":{"start":{"line":48,"column":2},"end":{"line":50,"column":40}},"3":{"start":{"line":59,"column":2},"end":{"line":59,"column":25}},"4":{"start":{"line":59,"column":12},"end":{"line":59,"column":25}},"5":{"start":{"line":60,"column":2},"end":{"line":62,"column":40}},"6":{"start":{"line":71,"column":2},"end":{"line":71,"column":25}},"7":{"start":{"line":71,"column":12},"end":{"line":71,"column":25}},"8":{"start":{"line":72,"column":2},"end":{"line":74,"column":40}}},"fnMap":{"0":{"name":"isPreference","decl":{"start":{"line":46,"column":16},"end":{"line":46,"column":28}},"loc":{"start":{"line":46,"column":58},"end":{"line":51,"column":1}},"line":46},"1":{"name":"isReward","decl":{"start":{"line":58,"column":16},"end":{"line":58,"column":24}},"loc":{"start":{"line":58,"column":50},"end":{"line":63,"column":1}},"line":58},"2":{"name":"isUntappdCookie","decl":{"start":{"line":70,"column":16},"end":{"line":70,"column":31}},"loc":{"start":{"line":70,"column":64},"end":{"line":75,"column":1}},"line":70}},"branchMap":{"0":{"loc":{"start":{"line":47,"column":2},"end":{"line":47,"column":25}},"type":"if","locations":[{"start":{"line":47,"column":2},"end":{"line":47,"column":25}},{"start":{},"end":{}}],"line":47},"1":{"loc":{"start":{"line":48,"column":9},"end":{"line":50,"column":39}},"type":"binary-expr","locations":[{"start":{"line":48,"column":9},"end":{"line":48,"column":36}},{"start":{"line":49,"column":4},"end":{"line":49,"column":33}},{"start":{"line":50,"column":4},"end":{"line":50,"column":39}}],"line":48},"2":{"loc":{"start":{"line":59,"column":2},"end":{"line":59,"column":25}},"type":"if","locations":[{"start":{"line":59,"column":2},"end":{"line":59,"column":25}},{"start":{},"end":{}}],"line":59},"3":{"loc":{"start":{"line":60,"column":9},"end":{"line":62,"column":39}},"type":"binary-expr","locations":[{"start":{"line":60,"column":9},"end":{"line":60,"column":42}},{"start":{"line":61,"column":4},"end":{"line":61,"column":36}},{"start":{"line":62,"column":4},"end":{"line":62,"column":39}}],"line":60},"4":{"loc":{"start":{"line":71,"column":2},"end":{"line":71,"column":25}},"type":"if","locations":[{"start":{"line":71,"column":2},"end":{"line":71,"column":25}},{"start":{},"end":{}}],"line":71},"5":{"loc":{"start":{"line":72,"column":9},"end":{"line":74,"column":39}},"type":"binary-expr","locations":[{"start":{"line":72,"column":9},"end":{"line":72,"column":36}},{"start":{"line":73,"column":4},"end":{"line":73,"column":33}},{"start":{"line":74,"column":4},"end":{"line":74,"column":39}}],"line":72}},"s":{"0":7,"1":2,"2":5,"3":7,"4":2,"5":5,"6":7,"7":2,"8":5},"f":{"0":7,"1":7,"2":7},"b":{"0":[2,5],"1":[5,3,2],"2":[2,5],"3":[5,3,2],"4":[2,5],"5":[5,3,2]},"_coverageSchema":"1a1c01bbd47fc00a2c39e90264f33305004495a9","hash":"4bce0e9f1596ca23658ab88969ecbbff6d8476cf"}
,"/Users/pete/BeerSelector/src/types/index.ts": {"path":"/Users/pete/BeerSelector/src/types/index.ts","statementMap":{},"fnMap":{},"branchMap":{},"s":{},"f":{},"b":{}}
}
