{"/Users/pete/BeerSelector/src/services/dataUpdateService.ts": {"path":"/Users/pete/BeerSelector/src/services/dataUpdateService.ts","statementMap":{"0":{"start":{"line":9,"column":2},"end":{"line":58,"column":3}},"1":{"start":{"line":11,"column":19},"end":{"line":11,"column":59}},"2":{"start":{"line":12,"column":4},"end":{"line":15,"column":5}},"3":{"start":{"line":13,"column":6},"end":{"line":13,"column":49}},"4":{"start":{"line":14,"column":6},"end":{"line":14,"column":19}},"5":{"start":{"line":18,"column":4},"end":{"line":18,"column":46}},"6":{"start":{"line":19,"column":21},"end":{"line":19,"column":40}},"7":{"start":{"line":22,"column":4},"end":{"line":25,"column":5}},"8":{"start":{"line":23,"column":6},"end":{"line":23,"column":97}},"9":{"start":{"line":24,"column":6},"end":{"line":24,"column":19}},"10":{"start":{"line":28,"column":17},"end":{"line":28,"column":38}},"11":{"start":{"line":31,"column":4},"end":{"line":31,"column":66}},"12":{"start":{"line":32,"column":4},"end":{"line":34,"column":5}},"13":{"start":{"line":33,"column":6},"end":{"line":33,"column":82}},"14":{"start":{"line":37,"column":27},"end":{"line":37,"column":29}},"15":{"start":{"line":38,"column":4},"end":{"line":44,"column":5}},"16":{"start":{"line":39,"column":6},"end":{"line":39,"column":37}},"17":{"start":{"line":40,"column":6},"end":{"line":40,"column":69}},"18":{"start":{"line":42,"column":6},"end":{"line":42,"column":74}},"19":{"start":{"line":43,"column":6},"end":{"line":43,"column":19}},"20":{"start":{"line":47,"column":4},"end":{"line":47,"column":39}},"21":{"start":{"line":50,"column":4},"end":{"line":50,"column":75}},"22":{"start":{"line":51,"column":4},"end":{"line":51,"column":74}},"23":{"start":{"line":53,"column":4},"end":{"line":53,"column":72}},"24":{"start":{"line":54,"column":4},"end":{"line":54,"column":16}},"25":{"start":{"line":56,"column":4},"end":{"line":56,"column":59}},"26":{"start":{"line":57,"column":4},"end":{"line":57,"column":17}},"27":{"start":{"line":66,"column":2},"end":{"line":124,"column":3}},"28":{"start":{"line":68,"column":19},"end":{"line":68,"column":58}},"29":{"start":{"line":69,"column":4},"end":{"line":72,"column":5}},"30":{"start":{"line":70,"column":6},"end":{"line":70,"column":48}},"31":{"start":{"line":71,"column":6},"end":{"line":71,"column":19}},"32":{"start":{"line":75,"column":4},"end":{"line":75,"column":45}},"33":{"start":{"line":76,"column":21},"end":{"line":76,"column":40}},"34":{"start":{"line":79,"column":4},"end":{"line":82,"column":5}},"35":{"start":{"line":80,"column":6},"end":{"line":80,"column":96}},"36":{"start":{"line":81,"column":6},"end":{"line":81,"column":19}},"37":{"start":{"line":85,"column":17},"end":{"line":85,"column":38}},"38":{"start":{"line":88,"column":4},"end":{"line":88,"column":56}},"39":{"start":{"line":89,"column":4},"end":{"line":91,"column":5}},"40":{"start":{"line":90,"column":6},"end":{"line":90,"column":72}},"41":{"start":{"line":94,"column":32},"end":{"line":94,"column":34}},"42":{"start":{"line":95,"column":4},"end":{"line":101,"column":5}},"43":{"start":{"line":96,"column":6},"end":{"line":96,"column":50}},"44":{"start":{"line":97,"column":6},"end":{"line":97,"column":82}},"45":{"start":{"line":99,"column":6},"end":{"line":99,"column":87}},"46":{"start":{"line":100,"column":6},"end":{"line":100,"column":19}},"47":{"start":{"line":104,"column":23},"end":{"line":104,"column":62}},"48":{"start":{"line":104,"column":46},"end":{"line":104,"column":61}},"49":{"start":{"line":105,"column":4},"end":{"line":105,"column":104}},"50":{"start":{"line":107,"column":4},"end":{"line":110,"column":5}},"51":{"start":{"line":108,"column":6},"end":{"line":108,"column":79}},"52":{"start":{"line":109,"column":6},"end":{"line":109,"column":19}},"53":{"start":{"line":113,"column":4},"end":{"line":113,"column":43}},"54":{"start":{"line":116,"column":4},"end":{"line":116,"column":74}},"55":{"start":{"line":117,"column":4},"end":{"line":117,"column":73}},"56":{"start":{"line":119,"column":4},"end":{"line":119,"column":79}},"57":{"start":{"line":120,"column":4},"end":{"line":120,"column":16}},"58":{"start":{"line":122,"column":4},"end":{"line":122,"column":58}},"59":{"start":{"line":123,"column":4},"end":{"line":123,"column":17}},"60":{"start":{"line":134,"column":2},"end":{"line":148,"column":3}},"61":{"start":{"line":135,"column":22},"end":{"line":135,"column":55}},"62":{"start":{"line":136,"column":4},"end":{"line":138,"column":5}},"63":{"start":{"line":137,"column":6},"end":{"line":137,"column":18}},"64":{"start":{"line":140,"column":26},"end":{"line":140,"column":45}},"65":{"start":{"line":141,"column":16},"end":{"line":141,"column":26}},"66":{"start":{"line":142,"column":32},"end":{"line":142,"column":92}},"67":{"start":{"line":144,"column":4},"end":{"line":144,"column":48}},"68":{"start":{"line":146,"column":4},"end":{"line":146,"column":90}},"69":{"start":{"line":147,"column":4},"end":{"line":147,"column":16}},"70":{"start":{"line":160,"column":26},"end":{"line":160,"column":56}},"71":{"start":{"line":161,"column":25},"end":{"line":161,"column":54}},"72":{"start":{"line":163,"column":2},"end":{"line":163,"column":45}},"73":{"start":{"line":171,"column":2},"end":{"line":197,"column":3}},"74":{"start":{"line":172,"column":34},"end":{"line":172,"column":99}},"75":{"start":{"line":173,"column":33},"end":{"line":173,"column":97}},"76":{"start":{"line":175,"column":18},"end":{"line":175,"column":23}},"77":{"start":{"line":177,"column":4},"end":{"line":183,"column":5}},"78":{"start":{"line":178,"column":6},"end":{"line":178,"column":101}},"79":{"start":{"line":179,"column":30},"end":{"line":179,"column":60}},"80":{"start":{"line":180,"column":6},"end":{"line":180,"column":43}},"81":{"start":{"line":182,"column":6},"end":{"line":182,"column":97}},"82":{"start":{"line":185,"column":4},"end":{"line":191,"column":5}},"83":{"start":{"line":186,"column":6},"end":{"line":186,"column":100}},"84":{"start":{"line":187,"column":29},"end":{"line":187,"column":58}},"85":{"start":{"line":188,"column":6},"end":{"line":188,"column":42}},"86":{"start":{"line":190,"column":6},"end":{"line":190,"column":96}},"87":{"start":{"line":193,"column":4},"end":{"line":193,"column":19}},"88":{"start":{"line":195,"column":4},"end":{"line":195,"column":68}},"89":{"start":{"line":196,"column":4},"end":{"line":196,"column":17}}},"fnMap":{"0":{"name":"fetchAndUpdateAllBeers","decl":{"start":{"line":8,"column":22},"end":{"line":8,"column":44}},"loc":{"start":{"line":8,"column":65},"end":{"line":59,"column":1}},"line":8},"1":{"name":"fetchAndUpdateMyBeers","decl":{"start":{"line":65,"column":22},"end":{"line":65,"column":43}},"loc":{"start":{"line":65,"column":64},"end":{"line":125,"column":1}},"line":65},"2":{"name":"(anonymous_2)","decl":{"start":{"line":104,"column":38},"end":{"line":104,"column":39}},"loc":{"start":{"line":104,"column":46},"end":{"line":104,"column":61}},"line":104},"3":{"name":"shouldRefreshData","decl":{"start":{"line":133,"column":22},"end":{"line":133,"column":39}},"loc":{"start":{"line":133,"column":108},"end":{"line":149,"column":1}},"line":133},"4":{"name":"manualRefreshAllData","decl":{"start":{"line":155,"column":22},"end":{"line":155,"column":42}},"loc":{"start":{"line":158,"column":3},"end":{"line":164,"column":1}},"line":158},"5":{"name":"checkAndRefreshOnAppOpen","decl":{"start":{"line":170,"column":22},"end":{"line":170,"column":46}},"loc":{"start":{"line":170,"column":96},"end":{"line":198,"column":1}},"line":170}},"branchMap":{"0":{"loc":{"start":{"line":12,"column":4},"end":{"line":15,"column":5}},"type":"if","locations":[{"start":{"line":12,"column":4},"end":{"line":15,"column":5}},{"start":{},"end":{}}],"line":12},"1":{"loc":{"start":{"line":22,"column":4},"end":{"line":25,"column":5}},"type":"if","locations":[{"start":{"line":22,"column":4},"end":{"line":25,"column":5}},{"start":{},"end":{}}],"line":22},"2":{"loc":{"start":{"line":32,"column":4},"end":{"line":34,"column":5}},"type":"if","locations":[{"start":{"line":32,"column":4},"end":{"line":34,"column":5}},{"start":{},"end":{}}],"line":32},"3":{"loc":{"start":{"line":38,"column":4},"end":{"line":44,"column":5}},"type":"if","locations":[{"start":{"line":38,"column":4},"end":{"line":44,"column":5}},{"start":{"line":41,"column":11},"end":{"line":44,"column":5}}],"line":38},"4":{"loc":{"start":{"line":38,"column":8},"end":{"line":38,"column":89}},"type":"binary-expr","locations":[{"start":{"line":38,"column":8},"end":{"line":38,"column":12}},{"start":{"line":38,"column":16},"end":{"line":38,"column":35}},{"start":{"line":38,"column":39},"end":{"line":38,"column":55}},{"start":{"line":38,"column":59},"end":{"line":38,"column":66}},{"start":{"line":38,"column":70},"end":{"line":38,"column":89}}],"line":38},"5":{"loc":{"start":{"line":69,"column":4},"end":{"line":72,"column":5}},"type":"if","locations":[{"start":{"line":69,"column":4},"end":{"line":72,"column":5}},{"start":{},"end":{}}],"line":69},"6":{"loc":{"start":{"line":79,"column":4},"end":{"line":82,"column":5}},"type":"if","locations":[{"start":{"line":79,"column":4},"end":{"line":82,"column":5}},{"start":{},"end":{}}],"line":79},"7":{"loc":{"start":{"line":89,"column":4},"end":{"line":91,"column":5}},"type":"if","locations":[{"start":{"line":89,"column":4},"end":{"line":91,"column":5}},{"start":{},"end":{}}],"line":89},"8":{"loc":{"start":{"line":95,"column":4},"end":{"line":101,"column":5}},"type":"if","locations":[{"start":{"line":95,"column":4},"end":{"line":101,"column":5}},{"start":{"line":98,"column":11},"end":{"line":101,"column":5}}],"line":95},"9":{"loc":{"start":{"line":95,"column":8},"end":{"line":95,"column":103}},"type":"binary-expr","locations":[{"start":{"line":95,"column":8},"end":{"line":95,"column":12}},{"start":{"line":95,"column":16},"end":{"line":95,"column":35}},{"start":{"line":95,"column":39},"end":{"line":95,"column":55}},{"start":{"line":95,"column":59},"end":{"line":95,"column":66}},{"start":{"line":95,"column":70},"end":{"line":95,"column":103}}],"line":95},"10":{"loc":{"start":{"line":104,"column":46},"end":{"line":104,"column":61}},"type":"binary-expr","locations":[{"start":{"line":104,"column":46},"end":{"line":104,"column":50}},{"start":{"line":104,"column":54},"end":{"line":104,"column":61}}],"line":104},"11":{"loc":{"start":{"line":107,"column":4},"end":{"line":110,"column":5}},"type":"if","locations":[{"start":{"line":107,"column":4},"end":{"line":110,"column":5}},{"start":{},"end":{}}],"line":107},"12":{"loc":{"start":{"line":133,"column":62},"end":{"line":133,"column":88}},"type":"default-arg","locations":[{"start":{"line":133,"column":86},"end":{"line":133,"column":88}}],"line":133},"13":{"loc":{"start":{"line":136,"column":4},"end":{"line":138,"column":5}},"type":"if","locations":[{"start":{"line":136,"column":4},"end":{"line":138,"column":5}},{"start":{},"end":{}}],"line":136},"14":{"loc":{"start":{"line":170,"column":47},"end":{"line":170,"column":76}},"type":"default-arg","locations":[{"start":{"line":170,"column":74},"end":{"line":170,"column":76}}],"line":170},"15":{"loc":{"start":{"line":177,"column":4},"end":{"line":183,"column":5}},"type":"if","locations":[{"start":{"line":177,"column":4},"end":{"line":183,"column":5}},{"start":{"line":181,"column":11},"end":{"line":183,"column":5}}],"line":177},"16":{"loc":{"start":{"line":180,"column":16},"end":{"line":180,"column":42}},"type":"binary-expr","locations":[{"start":{"line":180,"column":16},"end":{"line":180,"column":23}},{"start":{"line":180,"column":27},"end":{"line":180,"column":42}}],"line":180},"17":{"loc":{"start":{"line":185,"column":4},"end":{"line":191,"column":5}},"type":"if","locations":[{"start":{"line":185,"column":4},"end":{"line":191,"column":5}},{"start":{"line":189,"column":11},"end":{"line":191,"column":5}}],"line":185},"18":{"loc":{"start":{"line":188,"column":16},"end":{"line":188,"column":41}},"type":"binary-expr","locations":[{"start":{"line":188,"column":16},"end":{"line":188,"column":23}},{"start":{"line":188,"column":27},"end":{"line":188,"column":41}}],"line":188}},"s":{"0":6,"1":6,"2":6,"3":1,"4":1,"5":5,"6":5,"7":4,"8":1,"9":1,"10":3,"11":3,"12":3,"13":2,"14":3,"15":3,"16":1,"17":1,"18":2,"19":2,"20":1,"21":1,"22":1,"23":1,"24":1,"25":1,"26":1,"27":7,"28":7,"29":7,"30":1,"31":1,"32":6,"33":6,"34":5,"35":1,"36":1,"37":4,"38":4,"39":4,"40":3,"41":4,"42":4,"43":2,"44":2,"45":2,"46":2,"47":2,"48":4,"49":2,"50":2,"51":1,"52":1,"53":1,"54":1,"55":1,"56":1,"57":1,"58":1,"59":1,"60":0,"61":0,"62":0,"63":0,"64":0,"65":0,"66":0,"67":0,"68":0,"69":0,"70":0,"71":0,"72":0,"73":0,"74":0,"75":0,"76":0,"77":0,"78":0,"79":0,"80":0,"81":0,"82":0,"83":0,"84":0,"85":0,"86":0,"87":0,"88":0,"89":0},"f":{"0":6,"1":7,"2":4,"3":0,"4":0,"5":0},"b":{"0":[1,5],"1":[1,3],"2":[2,1],"3":[1,2],"4":[3,3,2,2,2],"5":[1,6],"6":[1,4],"7":[3,1],"8":[2,2],"9":[4,4,3,3,3],"10":[4,4],"11":[1,1],"12":[0],"13":[0,0],"14":[0],"15":[0,0],"16":[0,0],"17":[0,0],"18":[0,0]},"_coverageSchema":"1a1c01bbd47fc00a2c39e90264f33305004495a9","hash":"9849fae3ec7803d51113628f9fb9f9f3298f616c"}
}
