TN:
SF:src/services/dataUpdateService.ts
FN:8,fetchAndUpdateAllBeers
FN:65,fetchAndUpdateMyBeers
FN:104,(anonymous_2)
FN:133,shouldRefreshData
FN:155,manualRefreshAllData
FN:170,checkAndRefreshOnAppOpen
FNF:6
FNH:3
FNDA:6,fetchAndUpdateAllBeers
FNDA:7,fetchAndUpdateMyBeers
FNDA:4,(anonymous_2)
FNDA:0,shouldRefreshData
FNDA:0,manualRefreshAllData
FNDA:0,checkAndRefreshOnAppOpen
DA:9,6
DA:11,6
DA:12,6
DA:13,1
DA:14,1
DA:18,5
DA:19,5
DA:22,4
DA:23,1
DA:24,1
DA:28,3
DA:31,3
DA:32,3
DA:33,2
DA:37,3
DA:38,3
DA:39,1
DA:40,1
DA:42,2
DA:43,2
DA:47,1
DA:50,1
DA:51,1
DA:53,1
DA:54,1
DA:56,1
DA:57,1
DA:66,7
DA:68,7
DA:69,7
DA:70,1
DA:71,1
DA:75,6
DA:76,6
DA:79,5
DA:80,1
DA:81,1
DA:85,4
DA:88,4
DA:89,4
DA:90,3
DA:94,4
DA:95,4
DA:96,2
DA:97,2
DA:99,2
DA:100,2
DA:104,4
DA:105,2
DA:107,2
DA:108,1
DA:109,1
DA:113,1
DA:116,1
DA:117,1
DA:119,1
DA:120,1
DA:122,1
DA:123,1
DA:134,0
DA:135,0
DA:136,0
DA:137,0
DA:140,0
DA:141,0
DA:142,0
DA:144,0
DA:146,0
DA:147,0
DA:160,0
DA:161,0
DA:163,0
DA:171,0
DA:172,0
DA:173,0
DA:175,0
DA:177,0
DA:178,0
DA:179,0
DA:180,0
DA:182,0
DA:185,0
DA:186,0
DA:187,0
DA:188,0
DA:190,0
DA:193,0
DA:195,0
DA:196,0
LF:89
LH:59
BRDA:12,0,0,1
BRDA:12,0,1,5
BRDA:22,1,0,1
BRDA:22,1,1,3
BRDA:32,2,0,2
BRDA:32,2,1,1
BRDA:38,3,0,1
BRDA:38,3,1,2
BRDA:38,4,0,3
BRDA:38,4,1,3
BRDA:38,4,2,2
BRDA:38,4,3,2
BRDA:38,4,4,2
BRDA:69,5,0,1
BRDA:69,5,1,6
BRDA:79,6,0,1
BRDA:79,6,1,4
BRDA:89,7,0,3
BRDA:89,7,1,1
BRDA:95,8,0,2
BRDA:95,8,1,2
BRDA:95,9,0,4
BRDA:95,9,1,4
BRDA:95,9,2,3
BRDA:95,9,3,3
BRDA:95,9,4,3
BRDA:104,10,0,4
BRDA:104,10,1,4
BRDA:107,11,0,1
BRDA:107,11,1,1
BRDA:133,12,0,0
BRDA:136,13,0,0
BRDA:136,13,1,0
BRDA:170,14,0,0
BRDA:177,15,0,0
BRDA:177,15,1,0
BRDA:180,16,0,0
BRDA:180,16,1,0
BRDA:185,17,0,0
BRDA:185,17,1,0
BRDA:188,18,0,0
BRDA:188,18,1,0
BRF:42
BRH:30
end_of_record
