TN:
SF:expo-env.d.ts
FNF:0
FNH:0
LF:0
LH:0
BRF:0
BRH:0
end_of_record
TN:
SF:jest-junit.config.js
FNF:0
FNH:0
DA:1,0
LF:1
LH:0
BRF:0
BRH:0
end_of_record
TN:
SF:jest.config.js
FNF:0
FNH:0
DA:1,0
LF:1
LH:0
BRF:0
BRH:0
end_of_record
TN:
SF:.expo/types/router.d.ts
FNF:0
FNH:0
LF:0
LH:0
BRF:0
BRH:0
end_of_record
TN:
SF:app/+not-found.tsx
FN:7,NotFoundScreen
FNF:1
FNH:0
FNDA:0,NotFoundScreen
DA:8,0
DA:21,0
LF:2
LH:0
BRF:0
BRH:0
end_of_record
TN:
SF:app/_layout.tsx
FN:20,(anonymous_0)
FN:46,RootLayout
FN:53,(anonymous_2)
FN:54,prepare
FN:95,(anonymous_4)
FNF:5
FNH:0
FNDA:0,(anonymous_0)
FNDA:0,RootLayout
FNDA:0,(anonymous_2)
FNDA:0,prepare
FNDA:0,(anonymous_4)
DA:15,0
DA:18,0
DA:19,0
DA:20,0
DA:21,0
DA:30,0
DA:32,0
DA:34,0
DA:44,0
DA:47,0
DA:48,0
DA:51,0
DA:53,0
DA:55,0
DA:57,0
DA:60,0
DA:61,0
DA:63,0
DA:64,0
DA:65,0
DA:66,0
DA:67,0
DA:70,0
DA:71,0
DA:72,0
DA:75,0
DA:76,0
DA:78,0
DA:79,0
DA:83,0
DA:85,0
DA:88,0
DA:91,0
DA:93,0
DA:95,0
DA:96,0
DA:97,0
DA:98,0
DA:99,0
DA:100,0
DA:102,0
DA:104,0
DA:107,0
DA:109,0
DA:113,0
DA:114,0
DA:117,0
DA:118,0
DA:121,0
DA:123,0
DA:127,0
DA:131,0
DA:132,0
DA:135,0
LF:54
LH:0
BRDA:18,0,0,0
BRDA:18,0,1,0
BRDA:21,1,0,0
BRDA:21,1,1,0
BRDA:22,2,0,0
BRDA:22,2,1,0
BRDA:22,2,2,0
BRDA:22,2,3,0
BRDA:22,2,4,0
BRDA:22,2,5,0
BRDA:22,2,6,0
BRDA:60,3,0,0
BRDA:60,3,1,0
BRDA:75,4,0,0
BRDA:75,4,1,0
BRDA:75,5,0,0
BRDA:75,5,1,0
BRDA:75,5,2,0
BRDA:75,5,3,0
BRDA:78,6,0,0
BRDA:78,6,1,0
BRDA:93,7,0,0
BRDA:93,7,1,0
BRDA:117,8,0,0
BRDA:117,8,1,0
BRDA:131,9,0,0
BRDA:131,9,1,0
BRDA:131,10,0,0
BRDA:131,10,1,0
BRDA:137,11,0,0
BRDA:137,11,1,0
BRF:31
BRH:0
end_of_record
TN:
SF:app/settings.tsx
FN:27,SettingsScreen
FN:52,(anonymous_1)
FN:66,(anonymous_2)
FN:77,(anonymous_3)
FN:84,(anonymous_4)
FN:85,(anonymous_5)
FN:86,(anonymous_6)
FN:100,(anonymous_7)
FN:122,(anonymous_8)
FN:134,(anonymous_9)
FN:146,(anonymous_10)
FN:227,(anonymous_11)
FN:315,(anonymous_12)
FN:350,(anonymous_13)
FN:358,(anonymous_14)
FN:374,(anonymous_15)
FN:409,(anonymous_16)
FN:444,(anonymous_17)
FN:465,(anonymous_18)
FN:472,(anonymous_19)
FN:479,(anonymous_20)
FN:490,(anonymous_21)
FN:562,(anonymous_22)
FN:563,(anonymous_23)
FN:566,(anonymous_24)
FN:582,(anonymous_25)
FN:719,(anonymous_26)
FNF:27
FNH:0
FNDA:0,SettingsScreen
FNDA:0,(anonymous_1)
FNDA:0,(anonymous_2)
FNDA:0,(anonymous_3)
FNDA:0,(anonymous_4)
FNDA:0,(anonymous_5)
FNDA:0,(anonymous_6)
FNDA:0,(anonymous_7)
FNDA:0,(anonymous_8)
FNDA:0,(anonymous_9)
FNDA:0,(anonymous_10)
FNDA:0,(anonymous_11)
FNDA:0,(anonymous_12)
FNDA:0,(anonymous_13)
FNDA:0,(anonymous_14)
FNDA:0,(anonymous_15)
FNDA:0,(anonymous_16)
FNDA:0,(anonymous_17)
FNDA:0,(anonymous_18)
FNDA:0,(anonymous_19)
FNDA:0,(anonymous_20)
FNDA:0,(anonymous_21)
FNDA:0,(anonymous_22)
FNDA:0,(anonymous_23)
FNDA:0,(anonymous_24)
FNDA:0,(anonymous_25)
FNDA:0,(anonymous_26)
DA:28,0
DA:29,0
DA:30,0
DA:31,0
DA:32,0
DA:33,0
DA:36,0
DA:37,0
DA:38,0
DA:39,0
DA:40,0
DA:41,0
DA:42,0
DA:43,0
DA:44,0
DA:45,0
DA:46,0
DA:47,0
DA:48,0
DA:49,0
DA:52,0
DA:53,0
DA:54,0
DA:57,0
DA:58,0
DA:61,0
DA:66,0
DA:67,0
DA:68,0
DA:69,0
DA:71,0
DA:72,0
DA:77,0
DA:78,0
DA:79,0
DA:80,0
DA:81,0
DA:84,0
DA:85,0
DA:86,0
DA:89,0
DA:90,0
DA:92,0
DA:93,0
DA:95,0
DA:100,0
DA:101,0
DA:102,0
DA:105,0
DA:108,0
DA:113,0
DA:114,0
DA:117,0
DA:122,0
DA:123,0
DA:124,0
DA:125,0
DA:127,0
DA:128,0
DA:129,0
DA:134,0
DA:135,0
DA:136,0
DA:137,0
DA:139,0
DA:140,0
DA:141,0
DA:146,0
DA:148,0
DA:150,0
DA:151,0
DA:227,0
DA:229,0
DA:232,0
DA:234,0
DA:235,0
DA:238,0
DA:244,0
DA:247,0
DA:248,0
DA:315,0
DA:316,0
DA:317,0
DA:319,0
DA:320,0
DA:322,0
DA:324,0
DA:325,0
DA:328,0
DA:329,0
DA:332,0
DA:335,0
DA:338,0
DA:341,0
DA:344,0
DA:352,0
DA:355,0
DA:358,0
DA:359,0
DA:368,0
DA:369,0
DA:374,0
DA:375,0
DA:376,0
DA:377,0
DA:378,0
DA:381,0
DA:382,0
DA:392,0
DA:396,0
DA:397,0
DA:398,0
DA:400,0
DA:401,0
DA:402,0
DA:409,0
DA:410,0
DA:411,0
DA:415,0
DA:418,0
DA:422,0
DA:423,0
DA:426,0
DA:432,0
DA:435,0
DA:438,0
DA:446,0
DA:449,0
DA:455,0
DA:459,0
DA:460,0
DA:465,0
DA:466,0
DA:467,0
DA:468,0
DA:472,0
DA:473,0
DA:474,0
DA:475,0
DA:479,0
DA:480,0
DA:481,0
DA:482,0
DA:484,0
DA:485,0
DA:490,0
DA:491,0
DA:502,0
DA:562,0
DA:564,0
DA:567,0
DA:582,0
DA:719,0
DA:752,0
LF:154
LH:0
BRDA:33,0,0,0
BRDA:33,0,1,0
BRDA:89,1,0,0
BRDA:89,1,1,0
BRDA:90,2,0,0
BRDA:90,2,1,0
BRDA:148,3,0,0
BRDA:148,3,1,0
BRDA:150,4,0,0
BRDA:150,4,1,0
BRDA:232,5,0,0
BRDA:232,5,1,0
BRDA:234,6,0,0
BRDA:234,6,1,0
BRDA:238,7,0,0
BRDA:238,7,1,0
BRDA:238,8,0,0
BRDA:238,8,1,0
BRDA:238,8,2,0
BRDA:238,8,3,0
BRDA:238,8,4,0
BRDA:247,9,0,0
BRDA:247,9,1,0
BRDA:319,10,0,0
BRDA:319,10,1,0
BRDA:322,11,0,0
BRDA:322,11,1,0
BRDA:322,12,0,0
BRDA:322,12,1,0
BRDA:381,13,0,0
BRDA:381,13,1,0
BRDA:396,14,0,0
BRDA:396,14,1,0
BRDA:400,15,0,0
BRDA:400,15,1,0
BRDA:422,16,0,0
BRDA:422,16,1,0
BRDA:423,17,0,0
BRDA:423,17,1,0
BRDA:426,18,0,0
BRDA:426,18,1,0
BRDA:426,19,0,0
BRDA:426,19,1,0
BRDA:426,19,2,0
BRDA:426,19,3,0
BRDA:426,19,4,0
BRDA:504,20,0,0
BRDA:504,20,1,0
BRDA:579,21,0,0
BRDA:579,21,1,0
BRDA:579,21,2,0
BRDA:596,22,0,0
BRDA:596,22,1,0
BRDA:608,23,0,0
BRDA:608,23,1,0
BRDA:614,24,0,0
BRDA:614,24,1,0
BRDA:617,25,0,0
BRDA:617,25,1,0
BRDA:633,26,0,0
BRDA:633,26,1,0
BRDA:633,27,0,0
BRDA:633,27,1,0
BRDA:639,28,0,0
BRDA:639,28,1,0
BRDA:639,28,2,0
BRDA:645,29,0,0
BRDA:645,29,1,0
BRDA:650,30,0,0
BRDA:650,30,1,0
BRDA:658,31,0,0
BRDA:658,31,1,0
BRDA:664,32,0,0
BRDA:664,32,1,0
BRDA:670,33,0,0
BRDA:670,33,1,0
BRDA:672,34,0,0
BRDA:672,34,1,0
BRDA:676,35,0,0
BRDA:676,35,1,0
BRDA:679,36,0,0
BRDA:679,36,1,0
BRDA:690,37,0,0
BRDA:690,37,1,0
BRDA:696,38,0,0
BRDA:696,38,1,0
BRDA:699,39,0,0
BRDA:699,39,1,0
BRDA:701,40,0,0
BRDA:701,40,1,0
BRDA:708,41,0,0
BRDA:708,41,1,0
BRDA:708,41,2,0
BRDA:720,42,0,0
BRDA:720,42,1,0
BRDA:732,43,0,0
BRDA:732,43,1,0
BRF:97
BRH:0
end_of_record
TN:
SF:app/(tabs)/_layout.tsx
FN:11,TabLayout
FN:33,(anonymous_1)
FN:40,(anonymous_2)
FN:47,(anonymous_3)
FN:54,(anonymous_4)
FNF:5
FNH:0
FNDA:0,TabLayout
FNDA:0,(anonymous_1)
FNDA:0,(anonymous_2)
FNDA:0,(anonymous_3)
FNDA:0,(anonymous_4)
DA:12,0
DA:14,0
DA:33,0
DA:40,0
DA:47,0
DA:54,0
LF:6
LH:0
BRDA:17,0,0,0
BRDA:17,0,1,0
BRF:2
BRH:0
end_of_record
TN:
SF:app/(tabs)/beerlist.tsx
FN:6,TabOneScreen
FN:10,(anonymous_1)
FN:11,(anonymous_2)
FNF:3
FNH:0
FNDA:0,TabOneScreen
FNDA:0,(anonymous_1)
FNDA:0,(anonymous_2)
DA:7,0
DA:10,0
DA:11,0
DA:12,0
DA:13,0
DA:16,0
DA:17,0
DA:18,0
DA:22,0
DA:26,0
DA:27,0
DA:31,0
DA:32,0
DA:35,0
LF:14
LH:0
BRDA:16,0,0,0
BRDA:16,0,1,0
BRDA:26,1,0,0
BRDA:26,1,1,0
BRDA:31,2,0,0
BRDA:31,2,1,0
BRF:6
BRH:0
end_of_record
TN:
SF:app/(tabs)/index.tsx
FN:20,BeerListScreen
FN:112,HomeScreen
FN:119,(anonymous_2)
FN:120,(anonymous_3)
FN:147,(anonymous_4)
FN:163,(anonymous_5)
FN:174,(anonymous_6)
FN:180,(anonymous_7)
FN:186,(anonymous_8)
FN:192,(anonymous_9)
FNF:10
FNH:0
FNDA:0,BeerListScreen
FNDA:0,HomeScreen
FNDA:0,(anonymous_2)
FNDA:0,(anonymous_3)
FNDA:0,(anonymous_4)
FNDA:0,(anonymous_5)
FNDA:0,(anonymous_6)
FNDA:0,(anonymous_7)
FNDA:0,(anonymous_8)
FNDA:0,(anonymous_9)
DA:21,0
DA:22,0
DA:24,0
DA:36,0
DA:113,0
DA:114,0
DA:115,0
DA:116,0
DA:119,0
DA:120,0
DA:121,0
DA:122,0
DA:125,0
DA:129,0
DA:132,0
DA:133,0
DA:137,0
DA:138,0
DA:147,0
DA:157,0
DA:163,0
DA:174,0
DA:180,0
DA:186,0
DA:192,0
LF:25
LH:0
BRDA:21,0,0,0
BRDA:21,0,1,0
BRDA:115,1,0,0
BRDA:115,1,1,0
BRDA:129,2,0,0
BRDA:129,2,1,0
BRDA:132,3,0,0
BRDA:132,3,1,0
BRDA:137,4,0,0
BRDA:137,4,1,0
BRF:10
BRH:0
end_of_record
TN:
SF:app/(tabs)/mybeers.tsx
FN:12,MyBeersScreen
FN:17,(anonymous_1)
FN:18,(anonymous_2)
FNF:3
FNH:0
FNDA:0,MyBeersScreen
FNDA:0,(anonymous_1)
FNDA:0,(anonymous_2)
DA:13,0
DA:14,0
DA:17,0
DA:18,0
DA:19,0
DA:20,0
DA:23,0
DA:24,0
DA:25,0
DA:29,0
DA:33,0
DA:34,0
DA:38,0
DA:39,0
DA:42,0
DA:52,0
LF:16
LH:0
BRDA:23,0,0,0
BRDA:23,0,1,0
BRDA:33,1,0,0
BRDA:33,1,1,0
BRDA:38,2,0,0
BRDA:38,2,1,0
BRF:6
BRH:0
end_of_record
TN:
SF:app/(tabs)/tastedbrews.tsx
FN:11,TastedBrewsScreen
FN:15,(anonymous_1)
FN:16,(anonymous_2)
FNF:3
FNH:0
FNDA:0,TastedBrewsScreen
FNDA:0,(anonymous_1)
FNDA:0,(anonymous_2)
DA:12,0
DA:15,0
DA:16,0
DA:17,0
DA:18,0
DA:21,0
DA:22,0
DA:23,0
DA:27,0
DA:31,0
DA:32,0
DA:36,0
DA:37,0
DA:40,0
DA:50,0
LF:15
LH:0
BRDA:21,0,0,0
BRDA:21,0,1,0
BRDA:31,1,0,0
BRDA:31,1,1,0
BRDA:36,2,0,0
BRDA:36,2,1,0
BRF:6
BRH:0
end_of_record
TN:
SF:app/screens/rewards.tsx
FN:12,RewardsScreen
FN:22,(anonymous_1)
FNF:2
FNH:0
FNDA:0,RewardsScreen
FNDA:0,(anonymous_1)
DA:13,0
DA:14,0
DA:15,0
DA:17,0
DA:22,0
DA:33,0
LF:6
LH:0
BRDA:13,0,0,0
BRDA:13,0,1,0
BRF:2
BRH:0
end_of_record
TN:
SF:components/AllBeers.tsx
FN:29,(anonymous_0)
FN:61,(anonymous_1)
FN:66,(anonymous_2)
FN:79,(anonymous_3)
FN:83,(anonymous_4)
FN:107,(anonymous_5)
FN:109,(anonymous_6)
FN:128,(anonymous_7)
FN:134,(anonymous_8)
FN:144,(anonymous_9)
FN:152,(anonymous_10)
FN:163,(anonymous_11)
FN:172,(anonymous_12)
FN:174,(anonymous_13)
FN:186,(anonymous_14)
FN:190,(anonymous_15)
FN:198,(anonymous_16)
FN:206,(anonymous_17)
FN:211,(anonymous_18)
FN:228,(anonymous_19)
FN:232,(anonymous_20)
FN:236,(anonymous_21)
FN:240,(anonymous_22)
FN:245,(anonymous_23)
FN:251,(anonymous_24)
FN:290,(anonymous_25)
FN:306,(anonymous_26)
FN:429,(anonymous_27)
FN:430,(anonymous_28)
FN:444,(anonymous_29)
FNF:30
FNH:0
FNDA:0,(anonymous_0)
FNDA:0,(anonymous_1)
FNDA:0,(anonymous_2)
FNDA:0,(anonymous_3)
FNDA:0,(anonymous_4)
FNDA:0,(anonymous_5)
FNDA:0,(anonymous_6)
FNDA:0,(anonymous_7)
FNDA:0,(anonymous_8)
FNDA:0,(anonymous_9)
FNDA:0,(anonymous_10)
FNDA:0,(anonymous_11)
FNDA:0,(anonymous_12)
FNDA:0,(anonymous_13)
FNDA:0,(anonymous_14)
FNDA:0,(anonymous_15)
FNDA:0,(anonymous_16)
FNDA:0,(anonymous_17)
FNDA:0,(anonymous_18)
FNDA:0,(anonymous_19)
FNDA:0,(anonymous_20)
FNDA:0,(anonymous_21)
FNDA:0,(anonymous_22)
FNDA:0,(anonymous_23)
FNDA:0,(anonymous_24)
FNDA:0,(anonymous_25)
FNDA:0,(anonymous_26)
FNDA:0,(anonymous_27)
FNDA:0,(anonymous_28)
FNDA:0,(anonymous_29)
DA:29,0
DA:31,0
DA:32,0
DA:33,0
DA:34,0
DA:35,0
DA:36,0
DA:37,0
DA:38,0
DA:39,0
DA:40,0
DA:41,0
DA:42,0
DA:43,0
DA:44,0
DA:45,0
DA:46,0
DA:47,0
DA:50,0
DA:51,0
DA:52,0
DA:53,0
DA:54,0
DA:55,0
DA:58,0
DA:59,0
DA:61,0
DA:62,0
DA:63,0
DA:64,0
DA:66,0
DA:67,0
DA:68,0
DA:69,0
DA:71,0
DA:72,0
DA:74,0
DA:75,0
DA:79,0
DA:80,0
DA:83,0
DA:84,0
DA:85,0
DA:87,0
DA:88,0
DA:89,0
DA:93,0
DA:94,0
DA:98,0
DA:99,0
DA:102,0
DA:105,0
DA:106,0
DA:107,0
DA:109,0
DA:110,0
DA:111,0
DA:112,0
DA:117,0
DA:118,0
DA:120,0
DA:121,0
DA:123,0
DA:128,0
DA:129,0
DA:132,0
DA:133,0
DA:134,0
DA:135,0
DA:143,0
DA:144,0
DA:145,0
DA:151,0
DA:152,0
DA:153,0
DA:162,0
DA:163,0
DA:164,0
DA:170,0
DA:171,0
DA:172,0
DA:174,0
DA:175,0
DA:176,0
DA:177,0
DA:181,0
DA:183,0
DA:186,0
DA:187,0
DA:190,0
DA:191,0
DA:193,0
DA:194,0
DA:198,0
DA:199,0
DA:201,0
DA:202,0
DA:206,0
DA:207,0
DA:211,0
DA:212,0
DA:214,0
DA:216,0
DA:217,0
DA:223,0
DA:224,0
DA:228,0
DA:229,0
DA:232,0
DA:233,0
DA:236,0
DA:237,0
DA:240,0
DA:241,0
DA:242,0
DA:245,0
DA:246,0
DA:248,0
DA:251,0
DA:290,0
DA:306,0
DA:307,0
DA:408,0
DA:429,0
DA:430,0
DA:444,0
DA:453,0
LF:127
LH:0
BRDA:58,0,0,0
BRDA:58,0,1,0
BRDA:58,1,0,0
BRDA:58,1,1,0
BRDA:58,1,2,0
BRDA:58,1,3,0
BRDA:58,1,4,0
BRDA:59,2,0,0
BRDA:59,2,1,0
BRDA:59,3,0,0
BRDA:59,3,1,0
BRDA:59,3,2,0
BRDA:59,3,3,0
BRDA:59,3,4,0
BRDA:66,4,0,0
BRDA:66,4,1,0
BRDA:88,5,0,0
BRDA:88,5,1,0
BRDA:106,6,0,0
BRDA:106,6,1,0
BRDA:107,7,0,0
BRDA:107,7,1,0
BRDA:107,8,0,0
BRDA:107,8,1,0
BRDA:110,9,0,0
BRDA:110,9,1,0
BRDA:111,10,0,0
BRDA:111,10,1,0
BRDA:132,11,0,0
BRDA:132,11,1,0
BRDA:135,12,0,0
BRDA:135,12,1,0
BRDA:135,12,2,0
BRDA:135,12,3,0
BRDA:135,12,4,0
BRDA:135,12,5,0
BRDA:135,12,6,0
BRDA:135,12,7,0
BRDA:135,12,8,0
BRDA:135,12,9,0
BRDA:143,13,0,0
BRDA:143,13,1,0
BRDA:145,14,0,0
BRDA:145,14,1,0
BRDA:145,14,2,0
BRDA:151,15,0,0
BRDA:151,15,1,0
BRDA:153,16,0,0
BRDA:153,16,1,0
BRDA:153,16,2,0
BRDA:153,16,3,0
BRDA:153,16,4,0
BRDA:153,16,5,0
BRDA:162,17,0,0
BRDA:162,17,1,0
BRDA:164,18,0,0
BRDA:164,18,1,0
BRDA:171,19,0,0
BRDA:171,19,1,0
BRDA:172,20,0,0
BRDA:172,20,1,0
BRDA:172,21,0,0
BRDA:172,21,1,0
BRDA:175,22,0,0
BRDA:175,22,1,0
BRDA:176,23,0,0
BRDA:176,23,1,0
BRDA:193,24,0,0
BRDA:193,24,1,0
BRDA:201,25,0,0
BRDA:201,25,1,0
BRDA:207,26,0,0
BRDA:207,26,1,0
BRDA:212,27,0,0
BRDA:212,27,1,0
BRDA:229,28,0,0
BRDA:229,28,1,0
BRDA:260,29,0,0
BRDA:260,29,1,0
BRDA:263,30,0,0
BRDA:263,30,1,0
BRDA:266,31,0,0
BRDA:266,31,1,0
BRDA:269,32,0,0
BRDA:269,32,1,0
BRDA:275,33,0,0
BRDA:275,33,1,0
BRDA:275,33,2,0
BRDA:286,34,0,0
BRDA:286,34,1,0
BRDA:294,35,0,0
BRDA:294,35,1,0
BRDA:317,36,0,0
BRDA:317,36,1,0
BRDA:326,37,0,0
BRDA:326,37,1,0
BRDA:336,38,0,0
BRDA:336,38,1,0
BRDA:348,39,0,0
BRDA:348,39,1,0
BRDA:358,40,0,0
BRDA:358,40,1,0
BRDA:370,41,0,0
BRDA:370,41,1,0
BRDA:380,42,0,0
BRDA:380,42,1,0
BRDA:394,43,0,0
BRDA:394,43,1,0
BRDA:397,44,0,0
BRDA:397,44,1,0
BRDA:410,45,0,0
BRDA:410,45,1,0
BRDA:412,46,0,0
BRDA:412,46,1,0
BRF:114
BRH:0
end_of_record
TN:
SF:components/Beerfinder.tsx
FN:38,(anonymous_0)
FN:75,(anonymous_1)
FN:89,(anonymous_2)
FN:102,(anonymous_3)
FN:106,(anonymous_4)
FN:125,(anonymous_5)
FN:133,(anonymous_6)
FN:135,(anonymous_7)
FN:153,(anonymous_8)
FN:159,(anonymous_9)
FN:169,(anonymous_10)
FN:177,(anonymous_11)
FN:186,(anonymous_12)
FN:195,(anonymous_13)
FN:197,(anonymous_14)
FN:209,(anonymous_15)
FN:213,(anonymous_16)
FN:221,(anonymous_17)
FN:229,(anonymous_18)
FN:234,(anonymous_19)
FN:251,(anonymous_20)
FN:255,(anonymous_21)
FN:259,(anonymous_22)
FN:264,(anonymous_23)
FN:301,(anonymous_24)
FN:401,(anonymous_25)
FN:414,(anonymous_26)
FN:477,(anonymous_27)
FN:524,(anonymous_28)
FN:601,(anonymous_29)
FN:606,(anonymous_30)
FN:612,(anonymous_31)
FN:651,(anonymous_32)
FN:671,(anonymous_33)
FN:688,(anonymous_34)
FN:715,(anonymous_35)
FN:824,(anonymous_36)
FN:830,(anonymous_37)
FN:843,(anonymous_38)
FN:844,(anonymous_39)
FN:859,(anonymous_40)
FN:883,(anonymous_41)
FN:916,(anonymous_42)
FN:917,(anonymous_43)
FN:932,(anonymous_44)
FNF:45
FNH:0
FNDA:0,(anonymous_0)
FNDA:0,(anonymous_1)
FNDA:0,(anonymous_2)
FNDA:0,(anonymous_3)
FNDA:0,(anonymous_4)
FNDA:0,(anonymous_5)
FNDA:0,(anonymous_6)
FNDA:0,(anonymous_7)
FNDA:0,(anonymous_8)
FNDA:0,(anonymous_9)
FNDA:0,(anonymous_10)
FNDA:0,(anonymous_11)
FNDA:0,(anonymous_12)
FNDA:0,(anonymous_13)
FNDA:0,(anonymous_14)
FNDA:0,(anonymous_15)
FNDA:0,(anonymous_16)
FNDA:0,(anonymous_17)
FNDA:0,(anonymous_18)
FNDA:0,(anonymous_19)
FNDA:0,(anonymous_20)
FNDA:0,(anonymous_21)
FNDA:0,(anonymous_22)
FNDA:0,(anonymous_23)
FNDA:0,(anonymous_24)
FNDA:0,(anonymous_25)
FNDA:0,(anonymous_26)
FNDA:0,(anonymous_27)
FNDA:0,(anonymous_28)
FNDA:0,(anonymous_29)
FNDA:0,(anonymous_30)
FNDA:0,(anonymous_31)
FNDA:0,(anonymous_32)
FNDA:0,(anonymous_33)
FNDA:0,(anonymous_34)
FNDA:0,(anonymous_35)
FNDA:0,(anonymous_36)
FNDA:0,(anonymous_37)
FNDA:0,(anonymous_38)
FNDA:0,(anonymous_39)
FNDA:0,(anonymous_40)
FNDA:0,(anonymous_41)
FNDA:0,(anonymous_42)
FNDA:0,(anonymous_43)
FNDA:0,(anonymous_44)
DA:38,0
DA:40,0
DA:41,0
DA:42,0
DA:43,0
DA:44,0
DA:45,0
DA:46,0
DA:47,0
DA:48,0
DA:49,0
DA:50,0
DA:51,0
DA:52,0
DA:53,0
DA:54,0
DA:55,0
DA:56,0
DA:57,0
DA:58,0
DA:59,0
DA:60,0
DA:61,0
DA:64,0
DA:65,0
DA:66,0
DA:67,0
DA:68,0
DA:69,0
DA:72,0
DA:73,0
DA:75,0
DA:76,0
DA:77,0
DA:80,0
DA:81,0
DA:83,0
DA:87,0
DA:89,0
DA:90,0
DA:91,0
DA:92,0
DA:94,0
DA:95,0
DA:97,0
DA:98,0
DA:102,0
DA:103,0
DA:106,0
DA:107,0
DA:108,0
DA:110,0
DA:111,0
DA:112,0
DA:116,0
DA:117,0
DA:121,0
DA:123,0
DA:125,0
DA:128,0
DA:131,0
DA:132,0
DA:133,0
DA:135,0
DA:136,0
DA:137,0
DA:138,0
DA:143,0
DA:145,0
DA:146,0
DA:148,0
DA:153,0
DA:154,0
DA:157,0
DA:158,0
DA:159,0
DA:160,0
DA:168,0
DA:169,0
DA:170,0
DA:176,0
DA:177,0
DA:178,0
DA:185,0
DA:186,0
DA:187,0
DA:193,0
DA:194,0
DA:195,0
DA:197,0
DA:198,0
DA:199,0
DA:200,0
DA:204,0
DA:206,0
DA:209,0
DA:210,0
DA:213,0
DA:214,0
DA:216,0
DA:217,0
DA:221,0
DA:222,0
DA:224,0
DA:225,0
DA:229,0
DA:230,0
DA:234,0
DA:235,0
DA:237,0
DA:239,0
DA:240,0
DA:246,0
DA:247,0
DA:251,0
DA:252,0
DA:255,0
DA:256,0
DA:259,0
DA:260,0
DA:264,0
DA:265,0
DA:267,0
DA:270,0
DA:272,0
DA:275,0
DA:277,0
DA:282,0
DA:283,0
DA:284,0
DA:286,0
DA:287,0
DA:288,0
DA:290,0
DA:293,0
DA:296,0
DA:301,0
DA:302,0
DA:303,0
DA:306,0
DA:309,0
DA:310,0
DA:311,0
DA:312,0
DA:313,0
DA:317,0
DA:319,0
DA:324,0
DA:333,0
DA:339,0
DA:340,0
DA:344,0
DA:347,0
DA:350,0
DA:351,0
DA:353,0
DA:354,0
DA:367,0
DA:368,0
DA:372,0
DA:373,0
DA:374,0
DA:378,0
DA:381,0
DA:382,0
DA:383,0
DA:390,0
DA:391,0
DA:393,0
DA:394,0
DA:396,0
DA:401,0
DA:402,0
DA:404,0
DA:415,0
DA:418,0
DA:421,0
DA:422,0
DA:423,0
DA:424,0
DA:425,0
DA:429,0
DA:431,0
DA:434,0
DA:441,0
DA:443,0
DA:449,0
DA:450,0
DA:454,0
DA:457,0
DA:459,0
DA:460,0
DA:462,0
DA:470,0
DA:471,0
DA:472,0
DA:477,0
DA:478,0
DA:480,0
DA:481,0
DA:484,0
DA:487,0
DA:488,0
DA:489,0
DA:490,0
DA:492,0
DA:493,0
DA:497,0
DA:499,0
DA:502,0
DA:503,0
DA:504,0
DA:507,0
DA:508,0
DA:511,0
DA:513,0
DA:514,0
DA:519,0
DA:521,0
DA:523,0
DA:524,0
DA:526,0
DA:529,0
DA:530,0
DA:533,0
DA:536,0
DA:539,0
DA:540,0
DA:541,0
DA:543,0
DA:544,0
DA:550,0
DA:551,0
DA:554,0
DA:555,0
DA:556,0
DA:559,0
DA:560,0
DA:562,0
DA:570,0
DA:572,0
DA:581,0
DA:582,0
DA:583,0
DA:584,0
DA:593,0
DA:595,0
DA:598,0
DA:601,0
DA:602,0
DA:603,0
DA:606,0
DA:607,0
DA:609,0
DA:612,0
DA:651,0
DA:671,0
DA:688,0
DA:689,0
DA:715,0
DA:824,0
DA:825,0
DA:830,0
DA:843,0
DA:845,0
DA:859,0
DA:883,0
DA:895,0
DA:916,0
DA:917,0
DA:932,0
DA:941,0
LF:272
LH:0
BRDA:72,0,0,0
BRDA:72,0,1,0
BRDA:72,1,0,0
BRDA:72,1,1,0
BRDA:72,1,2,0
BRDA:72,1,3,0
BRDA:72,1,4,0
BRDA:73,2,0,0
BRDA:73,2,1,0
BRDA:73,3,0,0
BRDA:73,3,1,0
BRDA:73,3,2,0
BRDA:73,3,3,0
BRDA:73,3,4,0
BRDA:89,4,0,0
BRDA:89,4,1,0
BRDA:111,5,0,0
BRDA:111,5,1,0
BRDA:125,6,0,0
BRDA:125,6,1,0
BRDA:132,7,0,0
BRDA:132,7,1,0
BRDA:133,8,0,0
BRDA:133,8,1,0
BRDA:133,9,0,0
BRDA:133,9,1,0
BRDA:136,10,0,0
BRDA:136,10,1,0
BRDA:137,11,0,0
BRDA:137,11,1,0
BRDA:157,12,0,0
BRDA:157,12,1,0
BRDA:160,13,0,0
BRDA:160,13,1,0
BRDA:160,13,2,0
BRDA:160,13,3,0
BRDA:160,13,4,0
BRDA:160,13,5,0
BRDA:160,13,6,0
BRDA:160,13,7,0
BRDA:160,13,8,0
BRDA:160,13,9,0
BRDA:168,14,0,0
BRDA:168,14,1,0
BRDA:170,15,0,0
BRDA:170,15,1,0
BRDA:170,15,2,0
BRDA:176,16,0,0
BRDA:176,16,1,0
BRDA:178,17,0,0
BRDA:178,17,1,0
BRDA:178,17,2,0
BRDA:178,17,3,0
BRDA:185,18,0,0
BRDA:185,18,1,0
BRDA:187,19,0,0
BRDA:187,19,1,0
BRDA:194,20,0,0
BRDA:194,20,1,0
BRDA:195,21,0,0
BRDA:195,21,1,0
BRDA:195,22,0,0
BRDA:195,22,1,0
BRDA:198,23,0,0
BRDA:198,23,1,0
BRDA:199,24,0,0
BRDA:199,24,1,0
BRDA:216,25,0,0
BRDA:216,25,1,0
BRDA:224,26,0,0
BRDA:224,26,1,0
BRDA:230,27,0,0
BRDA:230,27,1,0
BRDA:235,28,0,0
BRDA:235,28,1,0
BRDA:252,29,0,0
BRDA:252,29,1,0
BRDA:282,30,0,0
BRDA:282,30,1,0
BRDA:282,31,0,0
BRDA:282,31,1,0
BRDA:284,32,0,0
BRDA:284,32,1,0
BRDA:284,33,0,0
BRDA:284,33,1,0
BRDA:309,34,0,0
BRDA:309,34,1,0
BRDA:309,35,0,0
BRDA:309,35,1,0
BRDA:309,35,2,0
BRDA:309,35,3,0
BRDA:309,35,4,0
BRDA:329,36,0,0
BRDA:329,36,1,0
BRDA:329,37,0,0
BRDA:329,37,1,0
BRDA:329,38,0,0
BRDA:329,38,1,0
BRDA:329,39,0,0
BRDA:329,39,1,0
BRDA:329,40,0,0
BRDA:329,40,1,0
BRDA:339,41,0,0
BRDA:339,41,1,0
BRDA:367,42,0,0
BRDA:367,42,1,0
BRDA:373,43,0,0
BRDA:373,43,1,0
BRDA:381,44,0,0
BRDA:381,44,1,0
BRDA:381,45,0,0
BRDA:381,45,1,0
BRDA:421,46,0,0
BRDA:421,46,1,0
BRDA:421,47,0,0
BRDA:421,47,1,0
BRDA:421,47,2,0
BRDA:421,47,3,0
BRDA:421,47,4,0
BRDA:438,48,0,0
BRDA:438,48,1,0
BRDA:438,49,0,0
BRDA:438,49,1,0
BRDA:438,50,0,0
BRDA:438,50,1,0
BRDA:438,51,0,0
BRDA:438,51,1,0
BRDA:438,52,0,0
BRDA:438,52,1,0
BRDA:449,53,0,0
BRDA:449,53,1,0
BRDA:497,54,0,0
BRDA:497,54,1,0
BRDA:508,55,0,0
BRDA:508,55,1,0
BRDA:519,56,0,0
BRDA:519,56,1,0
BRDA:523,57,0,0
BRDA:523,57,1,0
BRDA:530,58,0,0
BRDA:530,58,1,0
BRDA:541,59,0,0
BRDA:541,59,1,0
BRDA:550,60,0,0
BRDA:550,60,1,0
BRDA:550,61,0,0
BRDA:550,61,1,0
BRDA:556,62,0,0
BRDA:556,62,1,0
BRDA:560,63,0,0
BRDA:560,63,1,0
BRDA:570,64,0,0
BRDA:570,64,1,0
BRDA:582,65,0,0
BRDA:582,65,1,0
BRDA:621,66,0,0
BRDA:621,66,1,0
BRDA:624,67,0,0
BRDA:624,67,1,0
BRDA:627,68,0,0
BRDA:627,68,1,0
BRDA:630,69,0,0
BRDA:630,69,1,0
BRDA:636,70,0,0
BRDA:636,70,1,0
BRDA:636,70,2,0
BRDA:648,71,0,0
BRDA:648,71,1,0
BRDA:655,72,0,0
BRDA:655,72,1,0
BRDA:656,73,0,0
BRDA:656,73,1,0
BRDA:659,74,0,0
BRDA:659,74,1,0
BRDA:668,75,0,0
BRDA:668,75,1,0
BRDA:675,76,0,0
BRDA:675,76,1,0
BRDA:694,77,0,0
BRDA:694,77,1,0
BRDA:700,78,0,0
BRDA:700,78,1,0
BRDA:701,79,0,0
BRDA:701,79,1,0
BRDA:704,80,0,0
BRDA:704,80,1,0
BRDA:713,81,0,0
BRDA:713,81,1,0
BRDA:718,82,0,0
BRDA:718,82,1,0
BRDA:733,83,0,0
BRDA:733,83,1,0
BRDA:741,84,0,0
BRDA:741,84,1,0
BRDA:751,85,0,0
BRDA:751,85,1,0
BRDA:763,86,0,0
BRDA:763,86,1,0
BRDA:773,87,0,0
BRDA:773,87,1,0
BRDA:785,88,0,0
BRDA:785,88,1,0
BRDA:795,89,0,0
BRDA:795,89,1,0
BRDA:809,90,0,0
BRDA:809,90,1,0
BRDA:812,91,0,0
BRDA:812,91,1,0
BRDA:836,92,0,0
BRDA:836,92,1,0
BRDA:856,93,0,0
BRDA:856,93,1,0
BRDA:857,94,0,0
BRDA:857,94,1,0
BRDA:862,95,0,0
BRDA:862,95,1,0
BRDA:863,96,0,0
BRDA:863,96,1,0
BRDA:866,97,0,0
BRDA:866,97,1,0
BRDA:881,98,0,0
BRDA:881,98,1,0
BRDA:897,99,0,0
BRDA:897,99,1,0
BRDA:899,100,0,0
BRDA:899,100,1,0
BRF:226
BRH:0
end_of_record
TN:
SF:components/Collapsible.tsx
FN:10,Collapsible
FN:18,(anonymous_1)
FN:18,(anonymous_2)
FNF:3
FNH:0
FNDA:0,Collapsible
FNDA:0,(anonymous_1)
FNDA:0,(anonymous_2)
DA:11,0
DA:12,0
DA:14,0
DA:18,0
DA:35,0
LF:5
LH:0
BRDA:12,0,0,0
BRDA:12,0,1,0
BRDA:24,1,0,0
BRDA:24,1,1,0
BRDA:25,2,0,0
BRDA:25,2,1,0
BRDA:30,3,0,0
BRDA:30,3,1,0
BRF:8
BRH:0
end_of_record
TN:
SF:components/ExternalLink.tsx
FN:8,ExternalLink
FN:14,(anonymous_1)
FNF:2
FNH:0
FNDA:0,ExternalLink
FNDA:0,(anonymous_1)
DA:9,0
DA:15,0
DA:17,0
DA:19,0
LF:4
LH:0
BRDA:15,0,0,0
BRDA:15,0,1,0
BRF:2
BRH:0
end_of_record
TN:
SF:components/HapticTab.tsx
FN:5,HapticTab
FN:9,(anonymous_1)
FNF:2
FNH:0
FNDA:0,HapticTab
FNDA:0,(anonymous_1)
DA:6,0
DA:10,0
DA:12,0
DA:14,0
LF:4
LH:0
BRDA:10,0,0,0
BRDA:10,0,1,0
BRF:2
BRH:0
end_of_record
TN:
SF:components/HelloWave.tsx
FN:13,HelloWave
FN:16,(anonymous_1)
FN:23,(anonymous_2)
FNF:3
FNH:0
FNDA:0,HelloWave
FNDA:0,(anonymous_1)
FNDA:0,(anonymous_2)
DA:14,0
DA:16,0
DA:17,0
DA:23,0
DA:27,0
DA:34,0
LF:6
LH:0
BRF:0
BRH:0
end_of_record
TN:
SF:components/LoadingIndicator.tsx
FN:9,(anonymous_0)
FNF:1
FNH:0
FNDA:0,(anonymous_0)
DA:9,0
DA:10,0
DA:18,0
LF:3
LH:0
BRDA:9,0,0,0
BRF:1
BRH:0
end_of_record
TN:
SF:components/ParallaxScrollView.tsx
FN:22,ParallaxScrollView
FN:31,(anonymous_1)
FNF:2
FNH:0
FNDA:0,ParallaxScrollView
FNDA:0,(anonymous_1)
DA:15,0
DA:27,0
DA:28,0
DA:29,0
DA:30,0
DA:31,0
DA:32,0
DA:48,0
DA:69,0
LF:9
LH:0
BRDA:27,0,0,0
BRDA:27,0,1,0
BRF:2
BRH:0
end_of_record
TN:
SF:components/Rewards.tsx
FN:17,(anonymous_0)
FN:30,(anonymous_1)
FN:45,(anonymous_2)
FN:49,(anonymous_3)
FN:62,(anonymous_4)
FN:64,(anonymous_5)
FN:151,(anonymous_6)
FN:155,(anonymous_7)
FN:179,(anonymous_8)
FN:217,(anonymous_9)
FNF:10
FNH:0
FNDA:0,(anonymous_0)
FNDA:0,(anonymous_1)
FNDA:0,(anonymous_2)
FNDA:0,(anonymous_3)
FNDA:0,(anonymous_4)
FNDA:0,(anonymous_5)
FNDA:0,(anonymous_6)
FNDA:0,(anonymous_7)
FNDA:0,(anonymous_8)
FNDA:0,(anonymous_9)
DA:17,0
DA:18,0
DA:19,0
DA:20,0
DA:21,0
DA:22,0
DA:24,0
DA:25,0
DA:26,0
DA:27,0
DA:28,0
DA:30,0
DA:31,0
DA:32,0
DA:33,0
DA:34,0
DA:35,0
DA:37,0
DA:38,0
DA:40,0
DA:41,0
DA:45,0
DA:46,0
DA:49,0
DA:50,0
DA:51,0
DA:52,0
DA:53,0
DA:55,0
DA:56,0
DA:58,0
DA:62,0
DA:63,0
DA:64,0
DA:67,0
DA:69,0
DA:70,0
DA:71,0
DA:75,0
DA:78,0
DA:84,0
DA:86,0
DA:89,0
DA:106,0
DA:111,0
DA:117,0
DA:118,0
DA:121,0
DA:123,0
DA:124,0
DA:125,0
DA:126,0
DA:127,0
DA:130,0
DA:132,0
DA:133,0
DA:134,0
DA:137,0
DA:138,0
DA:142,0
DA:144,0
DA:145,0
DA:148,0
DA:149,0
DA:151,0
DA:155,0
DA:156,0
DA:157,0
DA:159,0
DA:179,0
DA:196,0
DA:197,0
DA:204,0
DA:205,0
DA:212,0
DA:217,0
DA:240,0
LF:77
LH:0
BRDA:69,0,0,0
BRDA:69,0,1,0
BRDA:78,1,0,0
BRDA:78,1,1,0
BRDA:80,2,0,0
BRDA:80,2,1,0
BRDA:103,3,0,0
BRDA:103,3,1,0
BRDA:103,4,0,0
BRDA:103,4,1,0
BRDA:103,5,0,0
BRDA:103,5,1,0
BRDA:103,6,0,0
BRDA:103,6,1,0
BRDA:103,7,0,0
BRDA:103,7,1,0
BRDA:121,8,0,0
BRDA:121,8,1,0
BRDA:123,9,0,0
BRDA:123,9,1,0
BRDA:123,10,0,0
BRDA:123,10,1,0
BRDA:157,11,0,0
BRDA:157,11,1,0
BRDA:166,12,0,0
BRDA:166,12,1,0
BRDA:172,13,0,0
BRDA:172,13,1,0
BRDA:173,14,0,0
BRDA:173,14,1,0
BRDA:176,15,0,0
BRDA:176,15,1,0
BRDA:182,16,0,0
BRDA:182,16,1,0
BRDA:196,17,0,0
BRDA:196,17,1,0
BRDA:196,18,0,0
BRDA:196,18,1,0
BRDA:204,19,0,0
BRDA:204,19,1,0
BRF:40
BRH:0
end_of_record
TN:
SF:components/SearchBar.tsx
FN:13,(anonymous_0)
FNF:1
FNH:0
FNDA:0,(anonymous_0)
DA:13,0
DA:19,0
DA:20,0
DA:21,0
DA:22,0
DA:24,0
DA:46,0
LF:7
LH:0
BRDA:17,0,0,0
BRDA:37,1,0,0
BRDA:37,1,1,0
BRF:3
BRH:0
end_of_record
TN:
SF:components/TastedBrewList.tsx
FN:28,(anonymous_0)
FN:55,(anonymous_1)
FN:69,(anonymous_2)
FN:82,(anonymous_3)
FN:86,(anonymous_4)
FN:110,(anonymous_5)
FN:113,(anonymous_6)
FN:151,(anonymous_7)
FN:157,(anonymous_8)
FN:169,(anonymous_9)
FN:172,(anonymous_10)
FN:203,(anonymous_11)
FN:208,(anonymous_12)
FN:233,(anonymous_13)
FN:237,(anonymous_14)
FN:241,(anonymous_15)
FN:245,(anonymous_16)
FN:251,(anonymous_17)
FN:290,(anonymous_18)
FN:352,(anonymous_19)
FN:353,(anonymous_20)
FNF:21
FNH:0
FNDA:0,(anonymous_0)
FNDA:0,(anonymous_1)
FNDA:0,(anonymous_2)
FNDA:0,(anonymous_3)
FNDA:0,(anonymous_4)
FNDA:0,(anonymous_5)
FNDA:0,(anonymous_6)
FNDA:0,(anonymous_7)
FNDA:0,(anonymous_8)
FNDA:0,(anonymous_9)
FNDA:0,(anonymous_10)
FNDA:0,(anonymous_11)
FNDA:0,(anonymous_12)
FNDA:0,(anonymous_13)
FNDA:0,(anonymous_14)
FNDA:0,(anonymous_15)
FNDA:0,(anonymous_16)
FNDA:0,(anonymous_17)
FNDA:0,(anonymous_18)
FNDA:0,(anonymous_19)
FNDA:0,(anonymous_20)
DA:28,0
DA:30,0
DA:31,0
DA:32,0
DA:33,0
DA:34,0
DA:35,0
DA:36,0
DA:37,0
DA:38,0
DA:39,0
DA:40,0
DA:41,0
DA:44,0
DA:45,0
DA:46,0
DA:47,0
DA:48,0
DA:49,0
DA:52,0
DA:53,0
DA:55,0
DA:56,0
DA:57,0
DA:60,0
DA:61,0
DA:63,0
DA:67,0
DA:69,0
DA:70,0
DA:71,0
DA:72,0
DA:74,0
DA:75,0
DA:77,0
DA:78,0
DA:82,0
DA:83,0
DA:86,0
DA:87,0
DA:88,0
DA:90,0
DA:91,0
DA:92,0
DA:96,0
DA:97,0
DA:101,0
DA:102,0
DA:105,0
DA:108,0
DA:109,0
DA:110,0
DA:113,0
DA:115,0
DA:116,0
DA:118,0
DA:120,0
DA:126,0
DA:132,0
DA:136,0
DA:141,0
DA:143,0
DA:144,0
DA:146,0
DA:151,0
DA:152,0
DA:155,0
DA:156,0
DA:157,0
DA:158,0
DA:167,0
DA:168,0
DA:169,0
DA:172,0
DA:173,0
DA:174,0
DA:176,0
DA:178,0
DA:184,0
DA:190,0
DA:194,0
DA:198,0
DA:200,0
DA:203,0
DA:204,0
DA:208,0
DA:209,0
DA:211,0
DA:213,0
DA:214,0
DA:215,0
DA:216,0
DA:217,0
DA:219,0
DA:220,0
DA:226,0
DA:228,0
DA:229,0
DA:233,0
DA:234,0
DA:237,0
DA:238,0
DA:241,0
DA:242,0
DA:245,0
DA:246,0
DA:248,0
DA:251,0
DA:290,0
DA:291,0
DA:325,0
DA:352,0
DA:353,0
DA:369,0
LF:114
LH:0
BRDA:52,0,0,0
BRDA:52,0,1,0
BRDA:52,1,0,0
BRDA:52,1,1,0
BRDA:53,2,0,0
BRDA:53,2,1,0
BRDA:53,3,0,0
BRDA:53,3,1,0
BRDA:69,4,0,0
BRDA:69,4,1,0
BRDA:91,5,0,0
BRDA:91,5,1,0
BRDA:109,6,0,0
BRDA:109,6,1,0
BRDA:110,7,0,0
BRDA:110,7,1,0
BRDA:110,8,0,0
BRDA:110,8,1,0
BRDA:115,9,0,0
BRDA:115,9,1,0
BRDA:116,10,0,0
BRDA:116,10,1,0
BRDA:118,11,0,0
BRDA:118,11,1,0
BRDA:118,12,0,0
BRDA:118,12,1,0
BRDA:155,13,0,0
BRDA:155,13,1,0
BRDA:158,14,0,0
BRDA:158,14,1,0
BRDA:158,14,2,0
BRDA:158,14,3,0
BRDA:158,14,4,0
BRDA:158,14,5,0
BRDA:158,14,6,0
BRDA:158,14,7,0
BRDA:158,14,8,0
BRDA:158,14,9,0
BRDA:168,15,0,0
BRDA:168,15,1,0
BRDA:169,16,0,0
BRDA:169,16,1,0
BRDA:169,17,0,0
BRDA:169,17,1,0
BRDA:173,18,0,0
BRDA:173,18,1,0
BRDA:174,19,0,0
BRDA:174,19,1,0
BRDA:176,20,0,0
BRDA:176,20,1,0
BRDA:176,21,0,0
BRDA:176,21,1,0
BRDA:204,22,0,0
BRDA:204,22,1,0
BRDA:209,23,0,0
BRDA:209,23,1,0
BRDA:214,24,0,0
BRDA:214,24,1,0
BRDA:234,25,0,0
BRDA:234,25,1,0
BRDA:260,26,0,0
BRDA:260,26,1,0
BRDA:263,27,0,0
BRDA:263,27,1,0
BRDA:266,28,0,0
BRDA:266,28,1,0
BRDA:269,29,0,0
BRDA:269,29,1,0
BRDA:275,30,0,0
BRDA:275,30,1,0
BRDA:275,30,2,0
BRDA:301,31,0,0
BRDA:301,31,1,0
BRDA:311,32,0,0
BRDA:311,32,1,0
BRDA:314,33,0,0
BRDA:314,33,1,0
BRDA:327,34,0,0
BRDA:327,34,1,0
BRDA:329,35,0,0
BRDA:329,35,1,0
BRDA:340,36,0,0
BRDA:340,36,1,0
BRDA:343,37,0,0
BRDA:343,37,1,0
BRF:85
BRH:0
end_of_record
TN:
SF:components/ThemedText.tsx
FN:11,ThemedText
FNF:1
FNH:0
FNDA:0,ThemedText
DA:18,0
DA:20,0
DA:36,0
LF:3
LH:0
BRDA:15,0,0,0
BRDA:24,1,0,0
BRDA:24,1,1,0
BRDA:25,2,0,0
BRDA:25,2,1,0
BRDA:26,3,0,0
BRDA:26,3,1,0
BRDA:27,4,0,0
BRDA:27,4,1,0
BRDA:28,5,0,0
BRDA:28,5,1,0
BRF:11
BRH:0
end_of_record
TN:
SF:components/ThemedView.tsx
FN:10,ThemedView
FNF:1
FNH:0
FNDA:0,ThemedView
DA:11,0
DA:13,0
LF:2
LH:0
BRF:0
BRH:0
end_of_record
TN:
SF:components/UntappdWebView.tsx
FN:14,(anonymous_0)
FN:21,(anonymous_1)
FNF:2
FNH:0
FNDA:0,(anonymous_0)
FNDA:0,(anonymous_1)
DA:14,0
DA:15,0
DA:16,0
DA:17,0
DA:18,0
DA:21,0
DA:23,0
DA:26,0
DA:27,0
DA:29,0
DA:63,0
LF:11
LH:0
BRDA:38,0,0,0
BRDA:38,0,1,0
BRDA:42,1,0,0
BRDA:42,1,1,0
BRF:4
BRH:0
end_of_record
TN:
SF:components/__tests__/ThemedText-test.tsx
FN:6,(anonymous_0)
FNF:1
FNH:0
FNDA:0,(anonymous_0)
DA:6,0
DA:7,0
DA:9,0
LF:3
LH:0
BRF:0
BRH:0
end_of_record
TN:
SF:components/ui/IconSymbol.ios.tsx
FN:4,IconSymbol
FNF:1
FNH:0
FNDA:0,IconSymbol
DA:17,0
LF:1
LH:0
BRDA:6,0,0,0
BRDA:9,1,0,0
BRF:2
BRH:0
end_of_record
TN:
SF:components/ui/IconSymbol.tsx
FN:30,IconSymbol
FNF:1
FNH:0
FNDA:0,IconSymbol
DA:9,0
DA:42,0
LF:2
LH:0
BRDA:32,0,0,0
BRF:1
BRH:0
end_of_record
TN:
SF:components/ui/TabBarBackground.ios.tsx
FN:6,BlurTabBarBackground
FN:18,useBottomTabOverflow
FNF:2
FNH:0
FNDA:0,BlurTabBarBackground
FNDA:0,useBottomTabOverflow
DA:7,0
DA:19,0
DA:20,0
DA:21,0
LF:4
LH:0
BRF:0
BRH:0
end_of_record
TN:
SF:components/ui/TabBarBackground.tsx
FN:4,useBottomTabOverflow
FNF:1
FNH:0
FNDA:0,useBottomTabOverflow
DA:5,0
LF:1
LH:0
BRF:0
BRH:0
end_of_record
TN:
SF:constants/Colors.ts
FNF:0
FNH:0
DA:6,0
DA:7,0
DA:9,0
LF:3
LH:0
BRF:0
BRH:0
end_of_record
TN:
SF:hooks/useColorScheme.ts
FNF:0
FNH:0
LF:0
LH:0
BRF:0
BRH:0
end_of_record
TN:
SF:hooks/useColorScheme.web.ts
FN:7,useColorScheme
FN:10,(anonymous_1)
FNF:2
FNH:0
FNDA:0,useColorScheme
FNDA:0,(anonymous_1)
DA:8,0
DA:10,0
DA:11,0
DA:14,0
DA:16,0
DA:17,0
DA:20,0
LF:7
LH:0
BRDA:16,0,0,0
BRDA:16,0,1,0
BRF:2
BRH:0
end_of_record
TN:
SF:hooks/useThemeColor.ts
FN:9,useThemeColor
FNF:1
FNH:0
FNDA:0,useThemeColor
DA:13,0
DA:14,0
DA:16,0
DA:17,0
DA:19,0
LF:5
LH:0
BRDA:13,0,0,0
BRDA:13,0,1,0
BRDA:16,1,0,0
BRDA:16,1,1,0
BRF:4
BRH:0
end_of_record
TN:
SF:src/api/apiClient.ts
FN:25,(anonymous_0)
FN:35,(anonymous_1)
FN:56,(anonymous_2)
FN:63,(anonymous_3)
FN:70,(anonymous_4)
FN:92,(anonymous_5)
FN:101,(anonymous_6)
FN:142,(anonymous_7)
FN:150,(anonymous_8)
FN:193,(anonymous_9)
FN:209,(anonymous_10)
FN:217,(anonymous_11)
FN:268,(anonymous_12)
FN:282,(anonymous_13)
FN:289,(anonymous_14)
FNF:15
FNH:9
FNDA:8,(anonymous_0)
FNDA:8,(anonymous_1)
FNDA:0,(anonymous_2)
FNDA:5,(anonymous_3)
FNDA:5,(anonymous_4)
FNDA:0,(anonymous_5)
FNDA:5,(anonymous_6)
FNDA:5,(anonymous_7)
FNDA:0,(anonymous_8)
FNDA:0,(anonymous_9)
FNDA:0,(anonymous_10)
FNDA:5,(anonymous_11)
FNDA:1,(anonymous_12)
FNDA:4,(anonymous_13)
FNDA:0,(anonymous_14)
DA:8,2
DA:9,2
DA:10,2
DA:12,0
DA:21,8
DA:22,8
DA:23,8
DA:26,8
DA:27,8
DA:28,8
DA:29,8
DA:32,8
DA:36,8
DA:38,8
DA:39,8
DA:40,8
DA:48,0
DA:51,0
DA:52,0
DA:57,0
DA:58,0
DA:60,0
DA:65,5
DA:66,0
DA:70,5
DA:71,5
DA:72,5
DA:73,5
DA:74,0
DA:76,5
DA:77,5
DA:79,0
DA:81,0
DA:82,0
DA:89,0
DA:92,5
DA:93,0
DA:98,5
DA:102,5
DA:105,5
DA:110,5
DA:118,5
DA:119,5
DA:120,5
DA:121,5
DA:122,5
DA:124,5
DA:144,5
DA:145,0
DA:149,5
DA:150,5
DA:152,5
DA:153,5
DA:158,5
DA:160,4
DA:161,1
DA:169,3
DA:172,2
DA:175,2
DA:176,0
DA:180,2
DA:184,2
DA:185,0
DA:189,2
DA:191,1
DA:192,0
DA:193,0
DA:194,0
DA:196,1
DA:200,1
DA:207,1
DA:208,0
DA:209,0
DA:210,0
DA:213,1
DA:218,5
DA:219,5
DA:221,5
DA:223,5
DA:231,5
DA:232,5
DA:233,3
DA:235,3
DA:242,2
DA:243,2
DA:252,0
DA:259,0
DA:269,1
DA:270,1
DA:271,2
DA:272,2
DA:276,1
DA:283,4
DA:290,0
DA:292,0
DA:294,0
DA:295,0
DA:299,0
DA:302,0
DA:305,0
DA:306,0
LF:101
LH:68
BRDA:25,0,0,0
BRDA:26,1,0,8
BRDA:26,1,1,0
BRDA:27,2,0,8
BRDA:27,2,1,0
BRDA:28,3,0,8
BRDA:28,3,1,0
BRDA:29,4,0,8
BRDA:29,4,1,0
BRDA:38,5,0,8
BRDA:38,5,1,0
BRDA:38,6,0,8
BRDA:38,6,1,8
BRDA:57,7,0,0
BRDA:57,7,1,0
BRDA:65,8,0,0
BRDA:65,8,1,5
BRDA:73,9,0,0
BRDA:73,9,1,5
BRDA:81,10,0,0
BRDA:81,10,1,0
BRDA:83,11,0,0
BRDA:83,11,1,0
BRDA:105,12,0,0
BRDA:105,12,1,5
BRDA:107,13,0,5
BRDA:107,13,1,0
BRDA:111,14,0,5
BRDA:111,14,1,0
BRDA:112,15,0,5
BRDA:112,15,1,0
BRDA:113,16,0,5
BRDA:113,16,1,0
BRDA:114,17,0,5
BRDA:114,17,1,0
BRDA:118,18,0,0
BRDA:118,18,1,5
BRDA:119,19,0,0
BRDA:119,19,1,5
BRDA:120,20,0,0
BRDA:120,20,1,5
BRDA:121,21,0,0
BRDA:121,21,1,5
BRDA:122,22,0,0
BRDA:122,22,1,5
BRDA:142,23,0,5
BRDA:144,24,0,0
BRDA:144,24,1,5
BRDA:144,25,0,5
BRDA:144,25,1,5
BRDA:160,26,0,1
BRDA:160,26,1,3
BRDA:175,27,0,0
BRDA:175,27,1,2
BRDA:180,28,0,2
BRDA:180,28,1,0
BRDA:180,28,2,0
BRDA:184,29,0,0
BRDA:184,29,1,2
BRDA:189,30,0,1
BRDA:189,30,1,1
BRDA:191,31,0,0
BRDA:191,31,1,1
BRDA:191,32,0,1
BRDA:191,32,1,1
BRDA:201,33,0,1
BRDA:201,33,1,0
BRDA:207,34,0,0
BRDA:207,34,1,1
BRDA:207,35,0,1
BRDA:207,35,1,1
BRDA:217,36,0,0
BRDA:221,37,0,0
BRDA:221,37,1,5
BRDA:242,38,0,2
BRDA:242,38,1,0
BRDA:253,39,0,0
BRDA:253,39,1,0
BRDA:271,40,0,2
BRDA:271,40,1,0
BRDA:271,41,0,2
BRDA:271,41,1,2
BRDA:292,42,0,0
BRDA:292,42,1,0
BRDA:292,43,0,0
BRDA:292,43,1,0
BRF:86
BRH:43
end_of_record
TN:
SF:src/api/apiClientInstance.ts
FN:5,getApiClient
FNF:1
FNH:0
FNDA:0,getApiClient
DA:3,0
DA:6,0
DA:7,0
DA:9,0
LF:4
LH:0
BRDA:6,0,0,0
BRDA:6,0,1,0
BRF:2
BRH:0
end_of_record
TN:
SF:src/api/authService.ts
FN:12,autoLogin
FN:60,(anonymous_1)
FN:168,logout
FN:203,(anonymous_3)
FN:214,(anonymous_4)
FN:240,login
FNF:6
FNH:6
FNDA:4,autoLogin
FNDA:6,(anonymous_1)
FNDA:2,logout
FNDA:2,(anonymous_3)
FNDA:8,(anonymous_4)
FNDA:4,login
DA:13,4
DA:14,4
DA:15,4
DA:17,2
DA:19,1
DA:21,1
DA:29,1
DA:36,2
DA:38,2
DA:39,1
DA:46,1
DA:60,2
DA:64,6
DA:66,6
DA:71,6
DA:78,6
DA:79,6
DA:80,3
DA:83,1
DA:84,1
DA:87,6
DA:88,6
DA:89,0
DA:92,0
DA:93,0
DA:96,6
DA:97,6
DA:98,0
DA:101,0
DA:102,0
DA:105,6
DA:106,6
DA:107,0
DA:110,0
DA:111,0
DA:114,6
DA:115,6
DA:116,0
DA:119,0
DA:120,0
DA:123,6
DA:124,0
DA:128,6
DA:129,3
DA:137,3
DA:139,3
DA:146,0
DA:148,0
DA:149,0
DA:156,0
DA:169,2
DA:170,2
DA:171,2
DA:172,1
DA:174,1
DA:180,1
DA:182,1
DA:183,1
DA:190,0
DA:203,2
DA:204,2
DA:206,2
DA:207,2
DA:208,0
DA:212,2
DA:214,2
DA:215,8
DA:216,8
DA:218,8
DA:219,8
DA:220,8
DA:221,8
DA:222,8
DA:223,8
DA:228,0
DA:231,2
DA:241,4
DA:243,4
DA:244,2
DA:251,2
DA:252,2
DA:257,2
DA:259,1
DA:261,1
DA:269,1
DA:276,0
DA:278,0
DA:279,0
DA:286,0
LF:89
LH:65
BRDA:17,0,0,1
BRDA:17,0,1,1
BRDA:17,1,0,2
BRDA:17,1,1,1
BRDA:17,1,2,1
BRDA:31,2,0,1
BRDA:31,2,1,0
BRDA:32,3,0,1
BRDA:32,3,1,0
BRDA:38,4,0,1
BRDA:38,4,1,1
BRDA:48,5,0,1
BRDA:48,5,1,0
BRDA:66,6,0,2
BRDA:66,6,1,4
BRDA:72,7,0,6
BRDA:72,7,1,1
BRDA:73,8,0,6
BRDA:73,8,1,1
BRDA:73,8,2,1
BRDA:74,9,0,6
BRDA:74,9,1,1
BRDA:79,10,0,3
BRDA:79,10,1,3
BRDA:83,11,0,1
BRDA:83,11,1,0
BRDA:88,12,0,0
BRDA:88,12,1,6
BRDA:92,13,0,0
BRDA:92,13,1,0
BRDA:97,14,0,0
BRDA:97,14,1,6
BRDA:101,15,0,0
BRDA:101,15,1,0
BRDA:106,16,0,0
BRDA:106,16,1,6
BRDA:110,17,0,0
BRDA:110,17,1,0
BRDA:115,18,0,0
BRDA:115,18,1,6
BRDA:119,19,0,0
BRDA:119,19,1,0
BRDA:123,20,0,0
BRDA:123,20,1,6
BRDA:128,21,0,3
BRDA:128,21,1,3
BRDA:128,22,0,6
BRDA:128,22,1,5
BRDA:128,22,2,4
BRDA:148,23,0,0
BRDA:148,23,1,0
BRDA:158,24,0,0
BRDA:158,24,1,0
BRDA:182,25,0,1
BRDA:182,25,1,0
BRDA:192,26,0,0
BRDA:192,26,1,0
BRDA:207,27,0,0
BRDA:207,27,1,2
BRDA:216,28,0,0
BRDA:216,28,1,8
BRDA:219,29,0,8
BRDA:219,29,1,0
BRDA:222,30,0,8
BRDA:222,30,1,0
BRDA:243,31,0,2
BRDA:243,31,1,2
BRDA:243,32,0,4
BRDA:243,32,1,3
BRDA:257,33,0,1
BRDA:257,33,1,1
BRDA:257,34,0,2
BRDA:257,34,1,1
BRDA:257,34,2,1
BRDA:271,35,0,1
BRDA:271,35,1,0
BRDA:272,36,0,1
BRDA:272,36,1,0
BRDA:278,37,0,0
BRDA:278,37,1,0
BRDA:288,38,0,0
BRDA:288,38,1,0
BRF:82
BRH:48
end_of_record
TN:
SF:src/api/beerService.ts
FN:17,(anonymous_0)
FN:99,getBeerDetails
FN:140,searchBeers
FN:180,getAllBeers
FN:210,getMyBeers
FNF:5
FNH:3
FNDA:2,(anonymous_0)
FNDA:2,getBeerDetails
FNDA:2,searchBeers
FNDA:0,getAllBeers
FNDA:0,getMyBeers
DA:10,1
DA:17,1
DA:18,2
DA:20,2
DA:23,2
DA:24,1
DA:25,1
DA:27,1
DA:28,0
DA:32,1
DA:33,1
DA:37,2
DA:40,2
DA:48,2
DA:51,0
DA:52,0
DA:53,0
DA:60,0
DA:61,0
DA:69,0
DA:75,2
DA:78,2
DA:79,0
DA:86,2
DA:100,2
DA:102,2
DA:103,1
DA:112,1
DA:114,1
DA:117,1
DA:118,0
DA:126,1
DA:141,2
DA:143,2
DA:144,1
DA:153,1
DA:155,1
DA:158,1
DA:159,0
DA:167,1
DA:181,0
DA:183,0
DA:185,0
DA:188,0
DA:189,0
DA:197,0
DA:211,0
DA:213,0
DA:215,0
DA:218,0
DA:219,0
DA:227,0
LF:52
LH:30
BRDA:23,0,0,1
BRDA:23,0,1,1
BRDA:23,1,0,2
BRDA:23,1,1,1
BRDA:23,1,2,1
BRDA:23,1,3,1
BRDA:23,1,4,1
BRDA:27,2,0,0
BRDA:27,2,1,1
BRDA:51,3,0,0
BRDA:51,3,1,0
BRDA:51,4,0,0
BRDA:51,4,1,0
BRDA:51,4,2,0
BRDA:60,5,0,0
BRDA:60,5,1,0
BRDA:71,6,0,0
BRDA:71,6,1,0
BRDA:78,7,0,0
BRDA:78,7,1,2
BRDA:88,8,0,2
BRDA:88,8,1,0
BRDA:102,9,0,1
BRDA:102,9,1,1
BRDA:117,10,0,0
BRDA:117,10,1,1
BRDA:129,11,0,1
BRDA:129,11,1,0
BRDA:143,12,0,1
BRDA:143,12,1,1
BRDA:143,13,0,2
BRDA:143,13,1,1
BRDA:158,14,0,0
BRDA:158,14,1,1
BRDA:170,15,0,1
BRDA:170,15,1,0
BRDA:188,16,0,0
BRDA:188,16,1,0
BRDA:200,17,0,0
BRDA:200,17,1,0
BRDA:218,18,0,0
BRDA:218,18,1,0
BRDA:230,19,0,0
BRDA:230,19,1,0
BRF:44
BRH:20
end_of_record
TN:
SF:src/api/mockSession.ts
FN:8,(anonymous_0)
FNF:1
FNH:0
FNDA:0,(anonymous_0)
DA:8,0
DA:10,0
DA:23,0
DA:24,0
LF:4
LH:0
BRF:0
BRH:0
end_of_record
TN:
SF:src/api/sessionManager.ts
FN:11,(anonymous_0)
FN:25,(anonymous_1)
FN:50,(anonymous_2)
FN:64,(anonymous_3)
FN:79,(anonymous_4)
FN:126,(anonymous_5)
FNF:6
FNH:6
FNDA:2,(anonymous_0)
FNDA:7,(anonymous_1)
FNDA:2,(anonymous_2)
FNDA:3,(anonymous_3)
FNDA:3,(anonymous_4)
FNDA:3,(anonymous_5)
DA:5,2
DA:11,2
DA:12,2
DA:13,2
DA:14,1
DA:16,1
DA:17,1
DA:25,2
DA:26,7
DA:27,7
DA:28,5
DA:29,2
DA:32,3
DA:35,3
DA:36,2
DA:38,1
DA:39,1
DA:42,2
DA:43,2
DA:50,2
DA:51,2
DA:52,2
DA:53,1
DA:55,1
DA:56,1
DA:64,2
DA:65,3
DA:66,3
DA:67,3
DA:69,0
DA:70,0
DA:79,2
DA:80,3
DA:82,3
DA:83,3
DA:84,1
DA:87,2
DA:88,2
DA:90,2
DA:91,2
DA:92,2
DA:93,1
DA:94,1
DA:95,1
DA:96,1
DA:102,2
DA:103,2
DA:104,2
DA:105,2
DA:106,1
DA:107,1
DA:108,1
DA:109,1
DA:114,0
DA:117,2
DA:126,2
DA:130,3
DA:132,3
DA:134,3
DA:135,3
DA:139,3
DA:142,3
DA:143,2
DA:144,2
DA:146,1
DA:147,1
DA:151,3
DA:153,3
DA:154,1
DA:155,1
DA:157,0
DA:158,0
DA:162,3
DA:163,1
DA:164,1
DA:166,0
DA:167,0
DA:171,3
DA:172,1
DA:173,1
DA:175,0
DA:176,0
DA:180,3
DA:181,2
DA:182,2
DA:184,1
DA:185,1
DA:189,3
DA:191,0
DA:194,3
LF:90
LH:80
BRDA:28,0,0,2
BRDA:28,0,1,3
BRDA:35,1,0,2
BRDA:35,1,1,1
BRDA:83,2,0,1
BRDA:83,2,1,2
BRDA:90,3,0,2
BRDA:90,3,1,0
BRDA:92,4,0,1
BRDA:92,4,1,1
BRDA:95,5,0,1
BRDA:95,5,1,0
BRDA:95,6,0,1
BRDA:95,6,1,1
BRDA:105,7,0,1
BRDA:105,7,1,1
BRDA:108,8,0,1
BRDA:108,8,1,0
BRDA:108,9,0,1
BRDA:108,9,1,1
BRDA:134,10,0,3
BRDA:134,10,1,0
BRDA:139,11,0,1
BRDA:139,11,1,2
BRDA:142,12,0,2
BRDA:142,12,1,1
BRDA:151,13,0,1
BRDA:151,13,1,2
BRDA:153,14,0,1
BRDA:153,14,1,2
BRDA:162,15,0,1
BRDA:162,15,1,2
BRDA:171,16,0,1
BRDA:171,16,1,2
BRDA:180,17,0,2
BRDA:180,17,1,1
BRDA:189,18,0,1
BRDA:189,18,1,2
BRF:38
BRH:34
end_of_record
TN:
SF:src/api/sessionService.ts
FN:5,refreshSession
FN:23,getValidSession
FNF:2
FNH:2
FNDA:5,refreshSession
FNDA:4,getValidSession
DA:6,5
DA:7,5
DA:8,5
DA:9,4
DA:11,4
DA:12,2
DA:13,2
DA:14,2
DA:16,2
DA:18,1
DA:19,1
DA:24,4
DA:25,4
DA:26,3
DA:28,3
DA:29,2
DA:30,2
DA:33,1
DA:35,1
DA:36,1
LF:20
LH:20
BRDA:11,0,0,2
BRDA:11,0,1,2
BRDA:28,1,0,2
BRDA:28,1,1,1
BRF:4
BRH:4
end_of_record
TN:
SF:src/api/sessionValidator.ts
FN:9,validateSession
FN:23,(anonymous_1)
FN:38,getCurrentSession
FNF:3
FNH:3
FNDA:8,validateSession
FNDA:16,(anonymous_1)
FNDA:5,getCurrentSession
DA:10,8
DA:11,2
DA:12,2
DA:16,6
DA:17,2
DA:18,2
DA:22,4
DA:23,16
DA:25,4
DA:26,2
DA:27,2
DA:31,2
DA:39,5
DA:40,5
DA:41,3
DA:43,2
DA:46,2
DA:47,1
DA:55,1
LF:19
LH:19
BRDA:10,0,0,2
BRDA:10,0,1,6
BRDA:16,1,0,2
BRDA:16,1,1,4
BRDA:25,2,0,2
BRDA:25,2,1,2
BRDA:46,3,0,1
BRDA:46,3,1,1
BRDA:48,4,0,1
BRDA:48,4,1,0
BRF:10
BRH:9
end_of_record
TN:
SF:src/database/db.ts
FN:33,(anonymous_0)
FN:46,(anonymous_1)
FN:53,(anonymous_2)
FN:74,(anonymous_3)
FN:151,(anonymous_4)
FN:177,(anonymous_5)
FN:196,(anonymous_6)
FN:212,(anonymous_7)
FN:241,(anonymous_8)
FN:257,(anonymous_9)
FN:273,(anonymous_10)
FN:301,(anonymous_11)
FN:316,(anonymous_12)
FN:320,(anonymous_13)
FN:323,(anonymous_14)
FN:327,(anonymous_15)
FN:339,(anonymous_16)
FN:354,(anonymous_17)
FN:360,(anonymous_18)
FN:386,(anonymous_19)
FN:392,(anonymous_20)
FN:410,(anonymous_21)
FN:418,(anonymous_22)
FN:428,(anonymous_23)
FN:453,(anonymous_24)
FN:494,(anonymous_25)
FN:513,(anonymous_26)
FN:526,(anonymous_27)
FN:550,(anonymous_28)
FN:575,(anonymous_29)
FN:584,(anonymous_30)
FN:639,(anonymous_31)
FN:667,(anonymous_32)
FN:672,(anonymous_33)
FN:728,(anonymous_34)
FN:741,(anonymous_35)
FN:748,(anonymous_36)
FN:801,(anonymous_37)
FN:815,(anonymous_38)
FN:830,(anonymous_39)
FN:856,(anonymous_40)
FN:871,(anonymous_41)
FN:886,(anonymous_42)
FN:901,(anonymous_43)
FN:919,(anonymous_44)
FN:930,(anonymous_45)
FN:954,(anonymous_46)
FN:970,(anonymous_47)
FN:983,(anonymous_48)
FN:1008,(anonymous_49)
FN:1025,(anonymous_50)
FN:1035,(anonymous_51)
FN:1038,(anonymous_52)
FN:1068,(anonymous_53)
FN:1091,(anonymous_54)
FNF:55
FNH:0
FNDA:0,(anonymous_0)
FNDA:0,(anonymous_1)
FNDA:0,(anonymous_2)
FNDA:0,(anonymous_3)
FNDA:0,(anonymous_4)
FNDA:0,(anonymous_5)
FNDA:0,(anonymous_6)
FNDA:0,(anonymous_7)
FNDA:0,(anonymous_8)
FNDA:0,(anonymous_9)
FNDA:0,(anonymous_10)
FNDA:0,(anonymous_11)
FNDA:0,(anonymous_12)
FNDA:0,(anonymous_13)
FNDA:0,(anonymous_14)
FNDA:0,(anonymous_15)
FNDA:0,(anonymous_16)
FNDA:0,(anonymous_17)
FNDA:0,(anonymous_18)
FNDA:0,(anonymous_19)
FNDA:0,(anonymous_20)
FNDA:0,(anonymous_21)
FNDA:0,(anonymous_22)
FNDA:0,(anonymous_23)
FNDA:0,(anonymous_24)
FNDA:0,(anonymous_25)
FNDA:0,(anonymous_26)
FNDA:0,(anonymous_27)
FNDA:0,(anonymous_28)
FNDA:0,(anonymous_29)
FNDA:0,(anonymous_30)
FNDA:0,(anonymous_31)
FNDA:0,(anonymous_32)
FNDA:0,(anonymous_33)
FNDA:0,(anonymous_34)
FNDA:0,(anonymous_35)
FNDA:0,(anonymous_36)
FNDA:0,(anonymous_37)
FNDA:0,(anonymous_38)
FNDA:0,(anonymous_39)
FNDA:0,(anonymous_40)
FNDA:0,(anonymous_41)
FNDA:0,(anonymous_42)
FNDA:0,(anonymous_43)
FNDA:0,(anonymous_44)
FNDA:0,(anonymous_45)
FNDA:0,(anonymous_46)
FNDA:0,(anonymous_47)
FNDA:0,(anonymous_48)
FNDA:0,(anonymous_49)
FNDA:0,(anonymous_50)
FNDA:0,(anonymous_51)
FNDA:0,(anonymous_52)
FNDA:0,(anonymous_53)
FNDA:0,(anonymous_54)
DA:8,0
DA:11,0
DA:14,0
DA:17,0
DA:20,0
DA:23,0
DA:26,0
DA:27,0
DA:30,0
DA:33,0
DA:34,0
DA:36,0
DA:37,0
DA:38,0
DA:40,0
DA:41,0
DA:46,0
DA:48,0
DA:49,0
DA:51,0
DA:52,0
DA:53,0
DA:54,0
DA:57,0
DA:58,0
DA:59,0
DA:62,0
DA:63,0
DA:67,0
DA:69,0
DA:70,0
DA:72,0
DA:74,0
DA:75,0
DA:91,0
DA:109,0
DA:118,0
DA:127,0
DA:137,0
DA:139,0
DA:140,0
DA:142,0
DA:143,0
DA:146,0
DA:151,0
DA:152,0
DA:154,0
DA:157,0
DA:158,0
DA:177,0
DA:179,0
DA:180,0
DA:187,0
DA:190,0
DA:191,0
DA:196,0
DA:197,0
DA:199,0
DA:200,0
DA:205,0
DA:207,0
DA:208,0
DA:212,0
DA:213,0
DA:215,0
DA:217,0
DA:218,0
DA:224,0
DA:229,0
DA:235,0
DA:236,0
DA:241,0
DA:242,0
DA:244,0
DA:245,0
DA:249,0
DA:251,0
DA:252,0
DA:257,0
DA:258,0
DA:260,0
DA:261,0
DA:266,0
DA:268,0
DA:269,0
DA:273,0
DA:274,0
DA:276,0
DA:278,0
DA:279,0
DA:285,0
DA:290,0
DA:296,0
DA:297,0
DA:301,0
DA:302,0
DA:304,0
DA:305,0
DA:309,0
DA:311,0
DA:312,0
DA:316,0
DA:317,0
DA:320,0
DA:323,0
DA:327,0
DA:328,0
DA:335,0
DA:339,0
DA:340,0
DA:341,0
DA:343,0
DA:344,0
DA:347,0
DA:349,0
DA:350,0
DA:353,0
DA:354,0
DA:355,0
DA:360,0
DA:361,0
DA:363,0
DA:365,0
DA:366,0
DA:367,0
DA:370,0
DA:374,0
DA:375,0
DA:378,0
DA:380,0
DA:381,0
DA:386,0
DA:387,0
DA:388,0
DA:390,0
DA:391,0
DA:392,0
DA:393,0
DA:396,0
DA:397,0
DA:398,0
DA:402,0
DA:403,0
DA:406,0
DA:407,0
DA:410,0
DA:411,0
DA:412,0
DA:415,0
DA:418,0
DA:419,0
DA:420,0
DA:421,0
DA:423,0
DA:424,0
DA:428,0
DA:429,0
DA:430,0
DA:433,0
DA:435,0
DA:437,0
DA:439,0
DA:440,0
DA:441,0
DA:444,0
DA:447,0
DA:449,0
DA:450,0
DA:453,0
DA:454,0
DA:455,0
DA:457,0
DA:479,0
DA:480,0
DA:484,0
DA:486,0
DA:487,0
DA:489,0
DA:494,0
DA:495,0
DA:497,0
DA:499,0
DA:502,0
DA:503,0
DA:504,0
DA:505,0
DA:509,0
DA:510,0
DA:513,0
DA:514,0
DA:515,0
DA:516,0
DA:518,0
DA:520,0
DA:526,0
DA:527,0
DA:528,0
DA:530,0
DA:535,0
DA:536,0
DA:537,0
DA:539,0
DA:542,0
DA:544,0
DA:545,0
DA:550,0
DA:551,0
DA:553,0
DA:555,0
DA:556,0
DA:557,0
DA:560,0
DA:563,0
DA:564,0
DA:567,0
DA:569,0
DA:570,0
DA:575,0
DA:576,0
DA:577,0
DA:580,0
DA:582,0
DA:584,0
DA:586,0
DA:588,0
DA:591,0
DA:592,0
DA:593,0
DA:596,0
DA:597,0
DA:599,0
DA:623,0
DA:624,0
DA:629,0
DA:631,0
DA:632,0
DA:634,0
DA:639,0
DA:641,0
DA:642,0
DA:643,0
DA:646,0
DA:647,0
DA:648,0
DA:651,0
DA:652,0
DA:655,0
DA:657,0
DA:658,0
DA:659,0
DA:661,0
DA:662,0
DA:667,0
DA:668,0
DA:670,0
DA:672,0
DA:673,0
DA:675,0
DA:678,0
DA:679,0
DA:682,0
DA:683,0
DA:684,0
DA:687,0
DA:688,0
DA:690,0
DA:711,0
DA:712,0
DA:717,0
DA:720,0
DA:722,0
DA:723,0
DA:728,0
DA:729,0
DA:730,0
DA:733,0
DA:734,0
DA:736,0
DA:741,0
DA:742,0
DA:743,0
DA:745,0
DA:748,0
DA:750,0
DA:752,0
DA:755,0
DA:756,0
DA:757,0
DA:759,0
DA:760,0
DA:762,0
DA:786,0
DA:787,0
DA:792,0
DA:793,0
DA:795,0
DA:796,0
DA:801,0
DA:802,0
DA:804,0
DA:805,0
DA:809,0
DA:810,0
DA:815,0
DA:816,0
DA:818,0
DA:819,0
DA:824,0
DA:825,0
DA:830,0
DA:831,0
DA:832,0
DA:835,0
DA:836,0
DA:838,0
DA:839,0
DA:850,0
DA:851,0
DA:856,0
DA:857,0
DA:859,0
DA:860,0
DA:865,0
DA:866,0
DA:871,0
DA:872,0
DA:874,0
DA:875,0
DA:880,0
DA:881,0
DA:886,0
DA:887,0
DA:889,0
DA:890,0
DA:893,0
DA:895,0
DA:896,0
DA:901,0
DA:902,0
DA:904,0
DA:905,0
DA:913,0
DA:914,0
DA:919,0
DA:920,0
DA:921,0
DA:922,0
DA:923,0
DA:924,0
DA:925,0
DA:926,0
DA:930,0
DA:931,0
DA:934,0
DA:935,0
DA:936,0
DA:937,0
DA:940,0
DA:942,0
DA:943,0
DA:945,0
DA:946,0
DA:947,0
DA:951,0
DA:955,0
DA:956,0
DA:960,0
DA:962,0
DA:964,0
DA:965,0
DA:970,0
DA:971,0
DA:972,0
DA:973,0
DA:975,0
DA:977,0
DA:978,0
DA:983,0
DA:984,0
DA:986,0
DA:988,0
DA:989,0
DA:990,0
DA:993,0
DA:996,0
DA:997,0
DA:1000,0
DA:1002,0
DA:1003,0
DA:1008,0
DA:1009,0
DA:1010,0
DA:1011,0
DA:1014,0
DA:1015,0
DA:1016,0
DA:1018,0
DA:1019,0
DA:1020,0
DA:1023,0
DA:1025,0
DA:1027,0
DA:1028,0
DA:1031,0
DA:1032,0
DA:1033,0
DA:1035,0
DA:1036,0
DA:1038,0
DA:1039,0
DA:1046,0
DA:1057,0
DA:1059,0
DA:1062,0
DA:1063,0
DA:1068,0
DA:1069,0
DA:1071,0
DA:1072,0
DA:1073,0
DA:1074,0
DA:1078,0
DA:1081,0
DA:1083,0
DA:1085,0
DA:1086,0
DA:1091,0
DA:1092,0
DA:1093,0
DA:1094,0
DA:1098,0
DA:1099,0
LF:432
LH:0
BRDA:34,0,0,0
BRDA:34,0,1,0
BRDA:48,1,0,0
BRDA:48,1,1,0
BRDA:52,2,0,0
BRDA:52,2,1,0
BRDA:57,3,0,0
BRDA:57,3,1,0
BRDA:62,4,0,0
BRDA:62,4,1,0
BRDA:157,5,0,0
BRDA:157,5,1,0
BRDA:157,6,0,0
BRDA:157,6,1,0
BRDA:205,7,0,0
BRDA:205,7,1,0
BRDA:217,8,0,0
BRDA:217,8,1,0
BRDA:231,9,0,0
BRDA:231,9,1,0
BRDA:249,10,0,0
BRDA:249,10,1,0
BRDA:266,11,0,0
BRDA:266,11,1,0
BRDA:278,12,0,0
BRDA:278,12,1,0
BRDA:292,13,0,0
BRDA:292,13,1,0
BRDA:309,14,0,0
BRDA:309,14,1,0
BRDA:320,15,0,0
BRDA:320,15,1,0
BRDA:323,16,0,0
BRDA:323,16,1,0
BRDA:328,17,0,0
BRDA:328,17,1,0
BRDA:328,17,2,0
BRDA:335,18,0,0
BRDA:335,18,1,0
BRDA:335,18,2,0
BRDA:339,19,0,0
BRDA:339,20,0,0
BRDA:343,21,0,0
BRDA:343,21,1,0
BRDA:349,22,0,0
BRDA:349,22,1,0
BRDA:365,23,0,0
BRDA:365,23,1,0
BRDA:374,24,0,0
BRDA:374,24,1,0
BRDA:374,25,0,0
BRDA:374,25,1,0
BRDA:374,25,2,0
BRDA:374,25,3,0
BRDA:374,25,4,0
BRDA:387,26,0,0
BRDA:387,26,1,0
BRDA:391,27,0,0
BRDA:391,27,1,0
BRDA:396,28,0,0
BRDA:396,28,1,0
BRDA:406,29,0,0
BRDA:406,29,1,0
BRDA:419,30,0,0
BRDA:419,30,1,0
BRDA:429,31,0,0
BRDA:429,31,1,0
BRDA:439,32,0,0
BRDA:439,32,1,0
BRDA:439,33,0,0
BRDA:439,33,1,0
BRDA:455,34,0,0
BRDA:455,34,1,0
BRDA:464,35,0,0
BRDA:464,35,1,0
BRDA:465,36,0,0
BRDA:465,36,1,0
BRDA:466,37,0,0
BRDA:466,37,1,0
BRDA:467,38,0,0
BRDA:467,38,1,0
BRDA:468,39,0,0
BRDA:468,39,1,0
BRDA:469,40,0,0
BRDA:469,40,1,0
BRDA:470,41,0,0
BRDA:470,41,1,0
BRDA:471,42,0,0
BRDA:471,42,1,0
BRDA:472,43,0,0
BRDA:472,43,1,0
BRDA:479,44,0,0
BRDA:479,44,1,0
BRDA:479,45,0,0
BRDA:479,45,1,0
BRDA:503,46,0,0
BRDA:503,46,1,0
BRDA:509,47,0,0
BRDA:509,47,1,0
BRDA:555,48,0,0
BRDA:555,48,1,0
BRDA:563,49,0,0
BRDA:563,49,1,0
BRDA:563,50,0,0
BRDA:563,50,1,0
BRDA:563,50,2,0
BRDA:563,50,3,0
BRDA:563,50,4,0
BRDA:576,51,0,0
BRDA:576,51,1,0
BRDA:597,52,0,0
BRDA:597,52,1,0
BRDA:607,53,0,0
BRDA:607,53,1,0
BRDA:608,54,0,0
BRDA:608,54,1,0
BRDA:609,55,0,0
BRDA:609,55,1,0
BRDA:610,56,0,0
BRDA:610,56,1,0
BRDA:611,57,0,0
BRDA:611,57,1,0
BRDA:612,58,0,0
BRDA:612,58,1,0
BRDA:613,59,0,0
BRDA:613,59,1,0
BRDA:614,60,0,0
BRDA:614,60,1,0
BRDA:615,61,0,0
BRDA:615,61,1,0
BRDA:616,62,0,0
BRDA:616,62,1,0
BRDA:617,63,0,0
BRDA:617,63,1,0
BRDA:623,64,0,0
BRDA:623,64,1,0
BRDA:623,65,0,0
BRDA:623,65,1,0
BRDA:641,66,0,0
BRDA:641,66,1,0
BRDA:646,67,0,0
BRDA:646,67,1,0
BRDA:651,68,0,0
BRDA:651,68,1,0
BRDA:688,69,0,0
BRDA:688,69,1,0
BRDA:697,70,0,0
BRDA:697,70,1,0
BRDA:698,71,0,0
BRDA:698,71,1,0
BRDA:699,72,0,0
BRDA:699,72,1,0
BRDA:700,73,0,0
BRDA:700,73,1,0
BRDA:701,74,0,0
BRDA:701,74,1,0
BRDA:702,75,0,0
BRDA:702,75,1,0
BRDA:703,76,0,0
BRDA:703,76,1,0
BRDA:704,77,0,0
BRDA:704,77,1,0
BRDA:705,78,0,0
BRDA:705,78,1,0
BRDA:711,79,0,0
BRDA:711,79,1,0
BRDA:711,80,0,0
BRDA:711,80,1,0
BRDA:729,81,0,0
BRDA:729,81,1,0
BRDA:760,82,0,0
BRDA:760,82,1,0
BRDA:770,83,0,0
BRDA:770,83,1,0
BRDA:771,84,0,0
BRDA:771,84,1,0
BRDA:772,85,0,0
BRDA:772,85,1,0
BRDA:773,86,0,0
BRDA:773,86,1,0
BRDA:774,87,0,0
BRDA:774,87,1,0
BRDA:775,88,0,0
BRDA:775,88,1,0
BRDA:776,89,0,0
BRDA:776,89,1,0
BRDA:777,90,0,0
BRDA:777,90,1,0
BRDA:778,91,0,0
BRDA:778,91,1,0
BRDA:779,92,0,0
BRDA:779,92,1,0
BRDA:780,93,0,0
BRDA:780,93,1,0
BRDA:786,94,0,0
BRDA:786,94,1,0
BRDA:786,95,0,0
BRDA:786,95,1,0
BRDA:831,96,0,0
BRDA:831,96,1,0
BRDA:935,97,0,0
BRDA:935,97,1,0
BRDA:945,98,0,0
BRDA:945,98,1,0
BRDA:945,99,0,0
BRDA:945,99,1,0
BRDA:975,100,0,0
BRDA:975,100,1,0
BRDA:988,101,0,0
BRDA:988,101,1,0
BRDA:996,102,0,0
BRDA:996,102,1,0
BRDA:996,103,0,0
BRDA:996,103,1,0
BRDA:996,103,2,0
BRDA:996,103,3,0
BRDA:996,103,4,0
BRDA:1009,104,0,0
BRDA:1009,104,1,0
BRDA:1009,105,0,0
BRDA:1009,105,1,0
BRDA:1018,106,0,0
BRDA:1018,106,1,0
BRDA:1040,107,0,0
BRDA:1040,107,1,0
BRDA:1041,108,0,0
BRDA:1041,108,1,0
BRDA:1042,109,0,0
BRDA:1042,109,1,0
BRDA:1072,110,0,0
BRDA:1072,110,1,0
BRF:231
BRH:0
end_of_record
TN:
SF:src/database/types.ts
FNF:0
FNH:0
LF:0
LH:0
BRF:0
BRH:0
end_of_record
TN:
SF:src/types/api.ts
FN:49,(anonymous_0)
FN:82,isSessionData
FN:95,isApiResponse
FN:107,isLoginResult
FNF:4
FNH:2
FNDA:16,(anonymous_0)
FNDA:9,isSessionData
FNDA:0,isApiResponse
FNDA:0,isLoginResult
DA:50,16
DA:51,16
DA:52,16
DA:53,16
DA:54,16
DA:57,16
DA:83,9
DA:84,9
DA:96,0
DA:97,0
DA:108,0
DA:109,0
LF:12
LH:8
BRDA:49,0,0,0
BRDA:49,1,0,0
BRDA:49,2,0,0
BRDA:57,3,0,16
BRDA:57,3,1,12
BRDA:57,3,2,12
BRDA:57,3,3,10
BRDA:57,3,4,8
BRDA:83,4,0,0
BRDA:83,4,1,9
BRDA:84,5,0,9
BRDA:84,5,1,7
BRDA:84,5,2,7
BRDA:84,5,3,6
BRDA:96,6,0,0
BRDA:96,6,1,0
BRDA:97,7,0,0
BRDA:97,7,1,0
BRDA:97,7,2,0
BRDA:108,8,0,0
BRDA:108,8,1,0
BRF:21
BRH:10
end_of_record
TN:
SF:src/types/beer.ts
FN:69,isBeer
FN:80,isBeerfinder
FN:95,isBeerDetails
FN:113,isCheckInResponse
FNF:4
FNH:0
FNDA:0,isBeer
FNDA:0,isBeerfinder
FNDA:0,isBeerDetails
FNDA:0,isCheckInResponse
DA:70,0
DA:71,0
DA:81,0
DA:82,0
DA:96,0
DA:97,0
DA:114,0
DA:115,0
LF:8
LH:0
BRDA:70,0,0,0
BRDA:70,0,1,0
BRDA:71,1,0,0
BRDA:71,1,1,0
BRDA:81,2,0,0
BRDA:81,2,1,0
BRDA:82,3,0,0
BRDA:82,3,1,0
BRDA:82,3,2,0
BRDA:82,3,3,0
BRDA:82,3,4,0
BRDA:96,4,0,0
BRDA:96,4,1,0
BRDA:97,5,0,0
BRDA:97,5,1,0
BRDA:97,5,2,0
BRDA:97,5,3,0
BRDA:97,5,4,0
BRDA:97,5,5,0
BRDA:97,5,6,0
BRDA:97,5,7,0
BRDA:114,6,0,0
BRDA:114,6,1,0
BRF:23
BRH:0
end_of_record
TN:
SF:src/types/database.ts
FN:46,isPreference
FN:58,isReward
FN:70,isUntappdCookie
FNF:3
FNH:0
FNDA:0,isPreference
FNDA:0,isReward
FNDA:0,isUntappdCookie
DA:47,0
DA:48,0
DA:59,0
DA:60,0
DA:71,0
DA:72,0
LF:6
LH:0
BRDA:47,0,0,0
BRDA:47,0,1,0
BRDA:48,1,0,0
BRDA:48,1,1,0
BRDA:48,1,2,0
BRDA:59,2,0,0
BRDA:59,2,1,0
BRDA:60,3,0,0
BRDA:60,3,1,0
BRDA:60,3,2,0
BRDA:71,4,0,0
BRDA:71,4,1,0
BRDA:72,5,0,0
BRDA:72,5,1,0
BRDA:72,5,2,0
BRF:15
BRH:0
end_of_record
TN:
SF:src/types/index.ts
FNF:0
FNH:0
LF:0
LH:0
BRF:0
BRH:0
end_of_record
